{"obj": {"type": "AssignString", "path": ["sys", "name"], "value": "Untitled"}, "version": 1, "at": 1721937665.3834624}
{"obj": {"type": "AssignString", "path": ["sys", "description"], "value": ""}, "version": 2, "at": 1721937665.3844635}
{"obj": {"type": "AssignString", "path": ["monitoring", "4b404135", "hostname"], "value": "DESKTOP-SO4DDQB"}, "version": 3, "at": 1721937665.3844635}
{"obj": {"type": "AssignString", "path": ["sys", "hostname"], "value": "DESKTOP-SO4DDQB"}, "version": 4, "at": 1721937665.3844635}
{"obj": {"type": "AssignString", "path": ["monitoring", "4b404135", "pid"], "value": "3244"}, "version": 5, "at": 1721937665.3844635}
{"obj": {"type": "AssignString", "path": ["monitoring", "4b404135", "tid"], "value": "23268"}, "version": 6, "at": 1721937665.3844635}
{"obj": {"type": "AssignBool", "path": ["sys", "failed"], "value": false}, "version": 7, "at": 1721937665.3844635}
{"obj": {"type": "LogFloats", "path": ["Loss (Train)"], "values": [{"value": 0.743237316608429, "step": null, "ts": 1721937665.7874637}]}, "version": 8, "at": 1721937665.7874637}
{"obj": {"type": "LogFloats", "path": ["Gradient norm"], "values": [{"value": 0.6585088049746256, "step": null, "ts": 1721937665.7884643}]}, "version": 9, "at": 1721937665.7884643}
{"obj": {"type": "LogFloats", "path": ["Loss (Train)"], "values": [{"value": 0.39605993032455444, "step": null, "ts": 1721937665.906461}]}, "version": 10, "at": 1721937665.906461}
{"obj": {"type": "LogFloats", "path": ["Gradient norm"], "values": [{"value": 1.2854559090438773, "step": null, "ts": 1721937665.9074607}]}, "version": 11, "at": 1721937665.9074607}
{"obj": {"type": "LogFloats", "path": ["Loss (Train)"], "values": [{"value": 0.10767126828432083, "step": null, "ts": 1721937666.0094616}]}, "version": 12, "at": 1721937666.0094616}
{"obj": {"type": "LogFloats", "path": ["Gradient norm"], "values": [{"value": 0.43621300105226274, "step": null, "ts": 1721937666.0094616}]}, "version": 13, "at": 1721937666.0094616}
{"obj": {"type": "LogFloats", "path": ["Loss (Train)"], "values": [{"value": 0.035132911056280136, "step": null, "ts": 1721937666.1104624}]}, "version": 14, "at": 1721937666.1104624}
{"obj": {"type": "LogFloats", "path": ["Gradient norm"], "values": [{"value": 0.07051992045823226, "step": null, "ts": 1721937666.1104624}]}, "version": 15, "at": 1721937666.1104624}
{"obj": {"type": "LogFloats", "path": ["Loss (Train)"], "values": [{"value": 0.04930416867136955, "step": null, "ts": 1721937666.2454612}]}, "version": 16, "at": 1721937666.2464612}
{"obj": {"type": "LogFloats", "path": ["Gradient norm"], "values": [{"value": 0.0876159242448097, "step": null, "ts": 1721937666.2464612}]}, "version": 17, "at": 1721937666.2464612}
{"obj": {"type": "LogFloats", "path": ["Loss (Train)"], "values": [{"value": 0.0627066045999527, "step": null, "ts": 1721937666.348462}]}, "version": 18, "at": 1721937666.348462}
{"obj": {"type": "LogFloats", "path": ["Gradient norm"], "values": [{"value": 0.10558483571522939, "step": null, "ts": 1721937666.348462}]}, "version": 19, "at": 1721937666.348462}
{"obj": {"type": "LogFloats", "path": ["Loss (Train)"], "values": [{"value": 0.06296791881322861, "step": null, "ts": 1721937666.4534626}]}, "version": 20, "at": 1721937666.4534626}
{"obj": {"type": "LogFloats", "path": ["Gradient norm"], "values": [{"value": 0.10928880559191058, "step": null, "ts": 1721937666.4534626}]}, "version": 21, "at": 1721937666.4534626}
{"obj": {"type": "LogFloats", "path": ["Loss (Train)"], "values": [{"value": 0.056899189949035645, "step": null, "ts": 1721937666.5574615}]}, "version": 22, "at": 1721937666.5574615}
{"obj": {"type": "LogFloats", "path": ["Gradient norm"], "values": [{"value": 0.0983539482160356, "step": null, "ts": 1721937666.5574615}]}, "version": 23, "at": 1721937666.5574615}
{"obj": {"type": "LogFloats", "path": ["Loss (Train)"], "values": [{"value": 0.04209247604012489, "step": null, "ts": 1721937666.6594627}]}, "version": 24, "at": 1721937666.6594627}
{"obj": {"type": "LogFloats", "path": ["Gradient norm"], "values": [{"value": 0.07444627808603049, "step": null, "ts": 1721937666.6594627}]}, "version": 25, "at": 1721937666.6594627}
{"obj": {"type": "LogFloats", "path": ["Loss (Train)"], "values": [{"value": 0.042230330407619476, "step": null, "ts": 1721937666.763468}]}, "version": 26, "at": 1721937666.763468}
{"obj": {"type": "LogFloats", "path": ["Gradient norm"], "values": [{"value": 0.1386858250577153, "step": null, "ts": 1721937666.763468}]}, "version": 27, "at": 1721937666.763468}
{"obj": {"type": "LogFloats", "path": ["Loss (Train)"], "values": [{"value": 0.043179020285606384, "step": null, "ts": 1721937666.864467}]}, "version": 28, "at": 1721937666.864467}
{"obj": {"type": "LogFloats", "path": ["Gradient norm"], "values": [{"value": 0.12793416686214903, "step": null, "ts": 1721937666.864467}]}, "version": 29, "at": 1721937666.864467}
{"obj": {"type": "LogFloats", "path": ["Loss (Train)"], "values": [{"value": 0.0335184708237648, "step": null, "ts": 1721937666.9684691}]}, "version": 30, "at": 1721937666.9684691}
{"obj": {"type": "LogFloats", "path": ["Gradient norm"], "values": [{"value": 0.03703474375988251, "step": null, "ts": 1721937666.9684691}]}, "version": 31, "at": 1721937666.9684691}
{"obj": {"type": "LogFloats", "path": ["Loss (Train)"], "values": [{"value": 0.03661834076046944, "step": null, "ts": 1721937667.0704675}]}, "version": 32, "at": 1721937667.0704675}
{"obj": {"type": "LogFloats", "path": ["Gradient norm"], "values": [{"value": 0.04951233221432349, "step": null, "ts": 1721937667.0714676}]}, "version": 33, "at": 1721937667.0714676}
{"obj": {"type": "LogFloats", "path": ["Loss (Train)"], "values": [{"value": 0.037430115044116974, "step": null, "ts": 1721937667.1724691}]}, "version": 34, "at": 1721937667.1724691}
{"obj": {"type": "LogFloats", "path": ["Gradient norm"], "values": [{"value": 0.05584643896048934, "step": null, "ts": 1721937667.1724691}]}, "version": 35, "at": 1721937667.1724691}
{"obj": {"type": "LogFloats", "path": ["Loss (Train)"], "values": [{"value": 0.037843961268663406, "step": null, "ts": 1721937667.3199356}]}, "version": 36, "at": 1721937667.3199356}
{"obj": {"type": "LogFloats", "path": ["Gradient norm"], "values": [{"value": 0.05159339482362468, "step": null, "ts": 1721937667.3199356}]}, "version": 37, "at": 1721937667.3199356}
{"obj": {"type": "LogFloats", "path": ["Loss (Train)"], "values": [{"value": 0.035425420850515366, "step": null, "ts": 1721937667.4479358}]}, "version": 38, "at": 1721937667.4479358}
{"obj": {"type": "LogFloats", "path": ["Gradient norm"], "values": [{"value": 0.044489397170677555, "step": null, "ts": 1721937667.4479358}]}, "version": 39, "at": 1721937667.4479358}
{"obj": {"type": "LogFloats", "path": ["Loss (Train)"], "values": [{"value": 0.03329044580459595, "step": null, "ts": 1721937667.5869355}]}, "version": 40, "at": 1721937667.5879338}
{"obj": {"type": "LogFloats", "path": ["Gradient norm"], "values": [{"value": 0.034071189029565824, "step": null, "ts": 1721937667.5879338}]}, "version": 41, "at": 1721937667.5879338}
{"obj": {"type": "LogFloats", "path": ["Loss (Train)"], "values": [{"value": 0.03397044539451599, "step": null, "ts": 1721937667.7179341}]}, "version": 42, "at": 1721937667.7179341}
{"obj": {"type": "LogFloats", "path": ["Gradient norm"], "values": [{"value": 0.040908615503165775, "step": null, "ts": 1721937667.7179341}]}, "version": 43, "at": 1721937667.7179341}
{"obj": {"type": "LogFloats", "path": ["Loss (Train)"], "values": [{"value": 0.0362774096429348, "step": null, "ts": 1721937667.8359346}]}, "version": 44, "at": 1721937667.8369362}
{"obj": {"type": "LogFloats", "path": ["Gradient norm"], "values": [{"value": 0.05937308439899599, "step": null, "ts": 1721937667.8369362}]}, "version": 45, "at": 1721937667.8369362}
{"obj": {"type": "LogFloats", "path": ["Loss (Train)"], "values": [{"value": 0.03385161608457565, "step": null, "ts": 1721937668.0049355}]}, "version": 46, "at": 1721937668.0049355}
{"obj": {"type": "LogFloats", "path": ["Gradient norm"], "values": [{"value": 0.04308771698050304, "step": null, "ts": 1721937668.0059345}]}, "version": 47, "at": 1721937668.0059345}
{"obj": {"type": "LogFloats", "path": ["Loss (Train)"], "values": [{"value": 0.032782167196273804, "step": null, "ts": 1721937668.1279354}]}, "version": 48, "at": 1721937668.1279354}
{"obj": {"type": "LogFloats", "path": ["Gradient norm"], "values": [{"value": 0.028004068648938937, "step": null, "ts": 1721937668.1279354}]}, "version": 49, "at": 1721937668.1279354}
{"obj": {"type": "LogFloats", "path": ["Loss (Train)"], "values": [{"value": 0.033276282250881195, "step": null, "ts": 1721937668.2439353}]}, "version": 50, "at": 1721937668.2439353}
{"obj": {"type": "LogFloats", "path": ["Gradient norm"], "values": [{"value": 0.029007643922228325, "step": null, "ts": 1721937668.2439353}]}, "version": 51, "at": 1721937668.2439353}
{"obj": {"type": "LogFloats", "path": ["Loss (Train)"], "values": [{"value": 0.032938357442617416, "step": null, "ts": 1721937668.3589363}]}, "version": 52, "at": 1721937668.3589363}
{"obj": {"type": "LogFloats", "path": ["Gradient norm"], "values": [{"value": 0.03149528845183393, "step": null, "ts": 1721937668.3589363}]}, "version": 53, "at": 1721937668.3589363}
{"obj": {"type": "LogFloats", "path": ["Loss (Train)"], "values": [{"value": 0.03403431177139282, "step": null, "ts": 1721937668.4779353}]}, "version": 54, "at": 1721937668.4779353}
{"obj": {"type": "LogFloats", "path": ["Gradient norm"], "values": [{"value": 0.03450242399025902, "step": null, "ts": 1721937668.4779353}]}, "version": 55, "at": 1721937668.4779353}
{"obj": {"type": "LogFloats", "path": ["Loss (Train)"], "values": [{"value": 0.033563386648893356, "step": null, "ts": 1721937668.6289363}]}, "version": 56, "at": 1721937668.6289363}
{"obj": {"type": "LogFloats", "path": ["Gradient norm"], "values": [{"value": 0.03524765902643433, "step": null, "ts": 1721937668.6299362}]}, "version": 57, "at": 1721937668.6299362}
{"obj": {"type": "LogFloats", "path": ["Loss (Train)"], "values": [{"value": 0.032325197011232376, "step": null, "ts": 1721937668.7469351}]}, "version": 58, "at": 1721937668.7469351}
{"obj": {"type": "LogFloats", "path": ["Gradient norm"], "values": [{"value": 0.02514121391140045, "step": null, "ts": 1721937668.7469351}]}, "version": 59, "at": 1721937668.7469351}
{"obj": {"type": "LogFloats", "path": ["Loss (Train)"], "values": [{"value": 0.03230028972029686, "step": null, "ts": 1721937668.8609362}]}, "version": 60, "at": 1721937668.8609362}
{"obj": {"type": "LogFloats", "path": ["Gradient norm"], "values": [{"value": 0.025135586317179683, "step": null, "ts": 1721937668.8609362}]}, "version": 61, "at": 1721937668.8609362}
{"obj": {"type": "LogFloats", "path": ["Loss (Train)"], "values": [{"value": 0.03254619985818863, "step": null, "ts": 1721937668.97745}]}, "version": 62, "at": 1721937668.97745}
{"obj": {"type": "LogFloats", "path": ["Gradient norm"], "values": [{"value": 0.02835118911307802, "step": null, "ts": 1721937668.97745}]}, "version": 63, "at": 1721937668.97745}
{"obj": {"type": "LogFloats", "path": ["Loss (Train)"], "values": [{"value": 0.033293962478637695, "step": null, "ts": 1721937669.1126034}]}, "version": 64, "at": 1721937669.1126034}
{"obj": {"type": "LogFloats", "path": ["Gradient norm"], "values": [{"value": 0.03112437511239746, "step": null, "ts": 1721937669.1126034}]}, "version": 65, "at": 1721937669.1126034}
{"obj": {"type": "LogFloats", "path": ["Loss (Train)"], "values": [{"value": 0.032357219606637955, "step": null, "ts": 1721937669.236202}]}, "version": 66, "at": 1721937669.236202}
{"obj": {"type": "LogFloats", "path": ["Gradient norm"], "values": [{"value": 0.027738334551284525, "step": null, "ts": 1721937669.236202}]}, "version": 67, "at": 1721937669.236202}
{"obj": {"type": "LogFloats", "path": ["Loss (Train)"], "values": [{"value": 0.03203790262341499, "step": null, "ts": 1721937669.352202}]}, "version": 68, "at": 1721937669.352202}
{"obj": {"type": "LogFloats", "path": ["Gradient norm"], "values": [{"value": 0.024839178208607624, "step": null, "ts": 1721937669.352202}]}, "version": 69, "at": 1721937669.352202}
{"obj": {"type": "LogFloats", "path": ["Loss (Train)"], "values": [{"value": 0.03249530866742134, "step": null, "ts": 1721937669.465202}]}, "version": 70, "at": 1721937669.465202}
{"obj": {"type": "LogFloats", "path": ["Gradient norm"], "values": [{"value": 0.02480879949923153, "step": null, "ts": 1721937669.465202}]}, "version": 71, "at": 1721937669.465202}
{"obj": {"type": "LogFloats", "path": ["Loss (Train)"], "values": [{"value": 0.032474029809236526, "step": null, "ts": 1721937669.579201}]}, "version": 72, "at": 1721937669.579201}
{"obj": {"type": "LogFloats", "path": ["Gradient norm"], "values": [{"value": 0.02759518252149672, "step": null, "ts": 1721937669.579201}]}, "version": 73, "at": 1721937669.579201}
{"obj": {"type": "LogFloats", "path": ["Loss (Train)"], "values": [{"value": 0.03267979621887207, "step": null, "ts": 1721937669.6882024}]}, "version": 74, "at": 1721937669.6882024}
{"obj": {"type": "LogFloats", "path": ["Gradient norm"], "values": [{"value": 0.026567615089824692, "step": null, "ts": 1721937669.6882024}]}, "version": 75, "at": 1721937669.6882024}
{"obj": {"type": "LogFloats", "path": ["Loss (Train)"], "values": [{"value": 0.0322287492454052, "step": null, "ts": 1721937669.7978358}]}, "version": 76, "at": 1721937669.7978358}
{"obj": {"type": "LogFloats", "path": ["Gradient norm"], "values": [{"value": 0.025763534622963945, "step": null, "ts": 1721937669.7978358}]}, "version": 77, "at": 1721937669.7978358}
{"obj": {"type": "LogFloats", "path": ["Loss (Train)"], "values": [{"value": 0.03233218193054199, "step": null, "ts": 1721937669.9148378}]}, "version": 78, "at": 1721937669.9148378}
{"obj": {"type": "LogFloats", "path": ["Gradient norm"], "values": [{"value": 0.024595087386682434, "step": null, "ts": 1721937669.9148378}]}, "version": 79, "at": 1721937669.9148378}
{"obj": {"type": "LogFloats", "path": ["Loss (Train)"], "values": [{"value": 0.03209875896573067, "step": null, "ts": 1721937670.035836}]}, "version": 80, "at": 1721937670.035836}
{"obj": {"type": "LogFloats", "path": ["Gradient norm"], "values": [{"value": 0.02308866635124006, "step": null, "ts": 1721937670.035836}]}, "version": 81, "at": 1721937670.035836}
{"obj": {"type": "LogFloats", "path": ["Loss (Train)"], "values": [{"value": 0.0324137806892395, "step": null, "ts": 1721937670.1758363}]}, "version": 82, "at": 1721937670.1758363}
{"obj": {"type": "LogFloats", "path": ["Gradient norm"], "values": [{"value": 0.02331298636464865, "step": null, "ts": 1721937670.1758363}]}, "version": 83, "at": 1721937670.1758363}
{"obj": {"type": "LogFloats", "path": ["Loss (Train)"], "values": [{"value": 0.0324120968580246, "step": null, "ts": 1721937670.305835}]}, "version": 84, "at": 1721937670.305835}
{"obj": {"type": "LogFloats", "path": ["Gradient norm"], "values": [{"value": 0.02462765596367108, "step": null, "ts": 1721937670.305835}]}, "version": 85, "at": 1721937670.305835}
{"obj": {"type": "LogFloats", "path": ["Loss (Train)"], "values": [{"value": 0.032105233520269394, "step": null, "ts": 1721937670.4158359}]}, "version": 86, "at": 1721937670.4158359}
{"obj": {"type": "LogFloats", "path": ["Gradient norm"], "values": [{"value": 0.023829256501873435, "step": null, "ts": 1721937670.4158359}]}, "version": 87, "at": 1721937670.4158359}
{"obj": {"type": "LogFloats", "path": ["Loss (Train)"], "values": [{"value": 0.03186478838324547, "step": null, "ts": 1721937670.528836}]}, "version": 88, "at": 1721937670.528836}
{"obj": {"type": "LogFloats", "path": ["Gradient norm"], "values": [{"value": 0.021439267182666602, "step": null, "ts": 1721937670.528836}]}, "version": 89, "at": 1721937670.528836}
{"obj": {"type": "LogFloats", "path": ["Loss (Train)"], "values": [{"value": 0.03233005106449127, "step": null, "ts": 1721937670.6438372}]}, "version": 90, "at": 1721937670.6438372}
{"obj": {"type": "LogFloats", "path": ["Gradient norm"], "values": [{"value": 0.02232716580370466, "step": null, "ts": 1721937670.6438372}]}, "version": 91, "at": 1721937670.6438372}
{"obj": {"type": "LogFloats", "path": ["Loss (Train)"], "values": [{"value": 0.03224017098546028, "step": null, "ts": 1721937670.7818367}]}, "version": 92, "at": 1721937670.7818367}
{"obj": {"type": "LogFloats", "path": ["Gradient norm"], "values": [{"value": 0.02210066592035777, "step": null, "ts": 1721937670.7828362}]}, "version": 93, "at": 1721937670.7828362}
{"obj": {"type": "LogFloats", "path": ["Loss (Train)"], "values": [{"value": 0.03211231529712677, "step": null, "ts": 1721937670.9048371}]}, "version": 94, "at": 1721937670.9048371}
{"obj": {"type": "LogFloats", "path": ["Gradient norm"], "values": [{"value": 0.02322984125159589, "step": null, "ts": 1721937670.9048371}]}, "version": 95, "at": 1721937670.9048371}
{"obj": {"type": "LogFloats", "path": ["Loss (Train)"], "values": [{"value": 0.032184816896915436, "step": null, "ts": 1721937671.015836}]}, "version": 96, "at": 1721937671.015836}
{"obj": {"type": "LogFloats", "path": ["Gradient norm"], "values": [{"value": 0.023234992517643938, "step": null, "ts": 1721937671.015836}]}, "version": 97, "at": 1721937671.0168374}
{"obj": {"type": "LogFloats", "path": ["Loss (Train)"], "values": [{"value": 0.0319075845181942, "step": null, "ts": 1721937671.128836}]}, "version": 98, "at": 1721937671.128836}
{"obj": {"type": "LogFloats", "path": ["Gradient norm"], "values": [{"value": 0.022343883851711904, "step": null, "ts": 1721937671.128836}]}, "version": 99, "at": 1721937671.128836}
{"obj": {"type": "LogFloats", "path": ["Loss (Train)"], "values": [{"value": 0.03220270201563835, "step": null, "ts": 1721937671.2390404}]}, "version": 100, "at": 1721937671.2390404}
{"obj": {"type": "LogFloats", "path": ["Gradient norm"], "values": [{"value": 0.02362456358991795, "step": null, "ts": 1721937671.2390404}]}, "version": 101, "at": 1721937671.2390404}
{"obj": {"type": "LogFloats", "path": ["Loss (Train)"], "values": [{"value": 0.03198705613613129, "step": null, "ts": 1721937671.355041}]}, "version": 102, "at": 1721937671.355041}
{"obj": {"type": "LogFloats", "path": ["Gradient norm"], "values": [{"value": 0.020883468656992338, "step": null, "ts": 1721937671.355041}]}, "version": 103, "at": 1721937671.355041}
{"obj": {"type": "LogFloats", "path": ["Loss (Train)"], "values": [{"value": 0.03216269239783287, "step": null, "ts": 1721937671.4680402}]}, "version": 104, "at": 1721937671.4680402}
{"obj": {"type": "LogFloats", "path": ["Gradient norm"], "values": [{"value": 0.023512722822947328, "step": null, "ts": 1721937671.4680402}]}, "version": 105, "at": 1721937671.4690402}
{"obj": {"type": "LogFloats", "path": ["Loss (Train)"], "values": [{"value": 0.03223253786563873, "step": null, "ts": 1721937671.5850406}]}, "version": 106, "at": 1721937671.5850406}
{"obj": {"type": "LogFloats", "path": ["Gradient norm"], "values": [{"value": 0.022115568239348075, "step": null, "ts": 1721937671.5850406}]}, "version": 107, "at": 1721937671.5850406}
{"obj": {"type": "LogFloats", "path": ["Loss (Train)"], "values": [{"value": 0.0321292020380497, "step": null, "ts": 1721937671.7280402}]}, "version": 108, "at": 1721937671.7280402}
{"obj": {"type": "LogFloats", "path": ["Gradient norm"], "values": [{"value": 0.020820109113774753, "step": null, "ts": 1721937671.7280402}]}, "version": 109, "at": 1721937671.7280402}
{"obj": {"type": "LogFloats", "path": ["Loss (Train)"], "values": [{"value": 0.03200414404273033, "step": null, "ts": 1721937671.84504}]}, "version": 110, "at": 1721937671.84504}
{"obj": {"type": "LogFloats", "path": ["Gradient norm"], "values": [{"value": 0.021205035815674157, "step": null, "ts": 1721937671.84504}]}, "version": 111, "at": 1721937671.84504}
{"obj": {"type": "LogFloats", "path": ["Loss (Train)"], "values": [{"value": 0.032329343259334564, "step": null, "ts": 1721937671.9870405}]}, "version": 112, "at": 1721937671.9870405}
{"obj": {"type": "LogFloats", "path": ["Gradient norm"], "values": [{"value": 0.02165838160972013, "step": null, "ts": 1721937671.9870405}]}, "version": 113, "at": 1721937671.9870405}
{"obj": {"type": "LogFloats", "path": ["Loss (Train)"], "values": [{"value": 0.03198933228850365, "step": null, "ts": 1721937672.1020403}]}, "version": 114, "at": 1721937672.1020403}
{"obj": {"type": "LogFloats", "path": ["Gradient norm"], "values": [{"value": 0.02246424605228464, "step": null, "ts": 1721937672.1020403}]}, "version": 115, "at": 1721937672.1020403}
{"obj": {"type": "LogFloats", "path": ["Loss (Train)"], "values": [{"value": 0.032362207770347595, "step": null, "ts": 1721937672.2150393}]}, "version": 116, "at": 1721937672.2150393}
{"obj": {"type": "LogFloats", "path": ["Gradient norm"], "values": [{"value": 0.022154773727253878, "step": null, "ts": 1721937672.2150393}]}, "version": 117, "at": 1721937672.2150393}
{"obj": {"type": "LogFloats", "path": ["Loss (Train)"], "values": [{"value": 0.03176473081111908, "step": null, "ts": 1721937672.3290398}]}, "version": 118, "at": 1721937672.3290398}
{"obj": {"type": "LogFloats", "path": ["Gradient norm"], "values": [{"value": 0.021992427195132672, "step": null, "ts": 1721937672.3290398}]}, "version": 119, "at": 1721937672.3290398}
{"obj": {"type": "LogFloats", "path": ["Loss (Train)"], "values": [{"value": 0.03201388567686081, "step": null, "ts": 1721937672.4680402}]}, "version": 120, "at": 1721937672.4680402}
{"obj": {"type": "LogFloats", "path": ["Gradient norm"], "values": [{"value": 0.020855913947487384, "step": null, "ts": 1721937672.4680402}]}, "version": 121, "at": 1721937672.4680402}
{"obj": {"type": "LogFloats", "path": ["Loss (Train)"], "values": [{"value": 0.03216422349214554, "step": null, "ts": 1721937672.59704}]}, "version": 122, "at": 1721937672.59704}
{"obj": {"type": "LogFloats", "path": ["Gradient norm"], "values": [{"value": 0.02205038070721252, "step": null, "ts": 1721937672.59704}]}, "version": 123, "at": 1721937672.59704}
{"obj": {"type": "LogFloats", "path": ["Loss (Train)"], "values": [{"value": 0.031858161091804504, "step": null, "ts": 1721937672.7070405}]}, "version": 124, "at": 1721937672.7070405}
{"obj": {"type": "LogFloats", "path": ["Gradient norm"], "values": [{"value": 0.022562986998251693, "step": null, "ts": 1721937672.7070405}]}, "version": 125, "at": 1721937672.7070405}
{"obj": {"type": "LogFloats", "path": ["Loss (Train)"], "values": [{"value": 0.03220430389046669, "step": null, "ts": 1721937672.8210402}]}, "version": 126, "at": 1721937672.8210402}
{"obj": {"type": "LogFloats", "path": ["Gradient norm"], "values": [{"value": 0.022445690110550597, "step": null, "ts": 1721937672.8210402}]}, "version": 127, "at": 1721937672.8210402}
{"obj": {"type": "LogFloats", "path": ["Loss (Train)"], "values": [{"value": 0.03189850598573685, "step": null, "ts": 1721937672.9310396}]}, "version": 128, "at": 1721937672.9310396}
{"obj": {"type": "LogFloats", "path": ["Gradient norm"], "values": [{"value": 0.021265668997649978, "step": null, "ts": 1721937672.9310396}]}, "version": 129, "at": 1721937672.9310396}
{"obj": {"type": "LogFloats", "path": ["Loss (Train)"], "values": [{"value": 0.032258156687021255, "step": null, "ts": 1721937673.0450408}]}, "version": 130, "at": 1721937673.0450408}
{"obj": {"type": "LogFloats", "path": ["Gradient norm"], "values": [{"value": 0.021507464094236043, "step": null, "ts": 1721937673.0450408}]}, "version": 131, "at": 1721937673.0450408}
{"obj": {"type": "LogFloats", "path": ["Loss (Train)"], "values": [{"value": 0.03224112093448639, "step": null, "ts": 1721937673.1590412}]}, "version": 132, "at": 1721937673.1590412}
{"obj": {"type": "LogFloats", "path": ["Gradient norm"], "values": [{"value": 0.019332042674396362, "step": null, "ts": 1721937673.16004}]}, "version": 133, "at": 1721937673.16004}
{"obj": {"type": "LogFloats", "path": ["Loss (Train)"], "values": [{"value": 0.031836267560720444, "step": null, "ts": 1721937673.32004}]}, "version": 134, "at": 1721937673.32004}
{"obj": {"type": "LogFloats", "path": ["Gradient norm"], "values": [{"value": 0.02021187796357266, "step": null, "ts": 1721937673.32004}]}, "version": 135, "at": 1721937673.32004}
{"obj": {"type": "LogFloats", "path": ["Loss (Train)"], "values": [{"value": 0.03138130530714989, "step": null, "ts": 1721937673.4330404}]}, "version": 136, "at": 1721937673.4330404}
{"obj": {"type": "LogFloats", "path": ["Gradient norm"], "values": [{"value": 0.020108144366753265, "step": null, "ts": 1721937673.4330404}]}, "version": 137, "at": 1721937673.4330404}
{"obj": {"type": "LogFloats", "path": ["Loss (Train)"], "values": [{"value": 0.032083723694086075, "step": null, "ts": 1721937673.5490403}]}, "version": 138, "at": 1721937673.5490403}
{"obj": {"type": "LogFloats", "path": ["Gradient norm"], "values": [{"value": 0.02102383480210124, "step": null, "ts": 1721937673.5490403}]}, "version": 139, "at": 1721937673.5490403}
{"obj": {"type": "LogFloats", "path": ["Loss (Train)"], "values": [{"value": 0.031958308070898056, "step": null, "ts": 1721937673.6650405}]}, "version": 140, "at": 1721937673.6650405}
{"obj": {"type": "LogFloats", "path": ["Gradient norm"], "values": [{"value": 0.021307848567712777, "step": null, "ts": 1721937673.6650405}]}, "version": 141, "at": 1721937673.6650405}
{"obj": {"type": "LogFloats", "path": ["Loss (Train)"], "values": [{"value": 0.03213091194629669, "step": null, "ts": 1721937673.7980404}]}, "version": 142, "at": 1721937673.7980404}
{"obj": {"type": "LogFloats", "path": ["Gradient norm"], "values": [{"value": 0.02120132364194796, "step": null, "ts": 1721937673.7980404}]}, "version": 143, "at": 1721937673.7980404}
{"obj": {"type": "LogFloats", "path": ["Loss (Train)"], "values": [{"value": 0.03200826421380043, "step": null, "ts": 1721937673.9440398}]}, "version": 144, "at": 1721937673.9440398}
{"obj": {"type": "LogFloats", "path": ["Gradient norm"], "values": [{"value": 0.020766371507843398, "step": null, "ts": 1721937673.9440398}]}, "version": 145, "at": 1721937673.9440398}
{"obj": {"type": "LogFloats", "path": ["Loss (Train)"], "values": [{"value": 0.03191858530044556, "step": null, "ts": 1721937674.07904}]}, "version": 146, "at": 1721937674.07904}
{"obj": {"type": "LogFloats", "path": ["Gradient norm"], "values": [{"value": 0.020918372078038226, "step": null, "ts": 1721937674.07904}]}, "version": 147, "at": 1721937674.07904}
{"obj": {"type": "LogFloats", "path": ["Loss (Train)"], "values": [{"value": 0.031883373856544495, "step": null, "ts": 1721937674.1930404}]}, "version": 148, "at": 1721937674.1930404}
{"obj": {"type": "LogFloats", "path": ["Gradient norm"], "values": [{"value": 0.020372275826804308, "step": null, "ts": 1721937674.1940405}]}, "version": 149, "at": 1721937674.1940405}
{"obj": {"type": "LogFloats", "path": ["Loss (Train)"], "values": [{"value": 0.03216797113418579, "step": null, "ts": 1721937674.3070412}]}, "version": 150, "at": 1721937674.3070412}
{"obj": {"type": "LogFloats", "path": ["Gradient norm"], "values": [{"value": 0.021690291158589146, "step": null, "ts": 1721937674.3070412}]}, "version": 151, "at": 1721937674.3070412}
{"obj": {"type": "LogFloats", "path": ["Loss (Train)"], "values": [{"value": 0.03192397207021713, "step": null, "ts": 1721937674.4260406}]}, "version": 152, "at": 1721937674.4260406}
{"obj": {"type": "LogFloats", "path": ["Gradient norm"], "values": [{"value": 0.021787891583964398, "step": null, "ts": 1721937674.4260406}]}, "version": 153, "at": 1721937674.4260406}
{"obj": {"type": "LogFloats", "path": ["Loss (Train)"], "values": [{"value": 0.031880103051662445, "step": null, "ts": 1721937674.5770407}]}, "version": 154, "at": 1721937674.5770407}
{"obj": {"type": "LogFloats", "path": ["Gradient norm"], "values": [{"value": 0.020763359314371305, "step": null, "ts": 1721937674.5770407}]}, "version": 155, "at": 1721937674.5770407}
{"obj": {"type": "LogFloats", "path": ["Loss (Train)"], "values": [{"value": 0.031876880675554276, "step": null, "ts": 1721937674.6880405}]}, "version": 156, "at": 1721937674.6880405}
{"obj": {"type": "LogFloats", "path": ["Gradient norm"], "values": [{"value": 0.021628515621244248, "step": null, "ts": 1721937674.6880405}]}, "version": 157, "at": 1721937674.6880405}
{"obj": {"type": "LogFloats", "path": ["Loss (Train)"], "values": [{"value": 0.032097626477479935, "step": null, "ts": 1721937674.79704}]}, "version": 158, "at": 1721937674.79704}
{"obj": {"type": "LogFloats", "path": ["Gradient norm"], "values": [{"value": 0.01871849787900197, "step": null, "ts": 1721937674.79704}]}, "version": 159, "at": 1721937674.7980404}
{"obj": {"type": "LogFloats", "path": ["Loss (Train)"], "values": [{"value": 0.032135091722011566, "step": null, "ts": 1721937674.9440393}]}, "version": 160, "at": 1721937674.9450393}
{"obj": {"type": "LogFloats", "path": ["Gradient norm"], "values": [{"value": 0.021303477512847547, "step": null, "ts": 1721937674.9450393}]}, "version": 161, "at": 1721937674.9450393}
{"obj": {"type": "LogFloats", "path": ["Loss (Train)"], "values": [{"value": 0.03198640048503876, "step": null, "ts": 1721937675.0610402}]}, "version": 162, "at": 1721937675.0610402}
{"obj": {"type": "LogFloats", "path": ["Gradient norm"], "values": [{"value": 0.020210250351090853, "step": null, "ts": 1721937675.0610402}]}, "version": 163, "at": 1721937675.0610402}
{"obj": {"type": "LogFloats", "path": ["Loss (Train)"], "values": [{"value": 0.03197634965181351, "step": null, "ts": 1721937675.2020397}]}, "version": 164, "at": 1721937675.2020397}
{"obj": {"type": "LogFloats", "path": ["Gradient norm"], "values": [{"value": 0.01928970499686392, "step": null, "ts": 1721937675.2020397}]}, "version": 165, "at": 1721937675.2020397}
{"obj": {"type": "LogFloats", "path": ["Loss (Train)"], "values": [{"value": 0.03208589926362038, "step": null, "ts": 1721937675.3180404}]}, "version": 166, "at": 1721937675.3180404}
{"obj": {"type": "LogFloats", "path": ["Gradient norm"], "values": [{"value": 0.01994704523556422, "step": null, "ts": 1721937675.3180404}]}, "version": 167, "at": 1721937675.3180404}
{"obj": {"type": "LogFloats", "path": ["Loss (Train)"], "values": [{"value": 0.03174792602658272, "step": null, "ts": 1721937675.4450407}]}, "version": 168, "at": 1721937675.4450407}
{"obj": {"type": "LogFloats", "path": ["Gradient norm"], "values": [{"value": 0.02007990939630549, "step": null, "ts": 1721937675.4450407}]}, "version": 169, "at": 1721937675.4450407}
{"obj": {"type": "LogFloats", "path": ["Loss (Train)"], "values": [{"value": 0.03206368908286095, "step": null, "ts": 1721937675.5560403}]}, "version": 170, "at": 1721937675.5560403}
{"obj": {"type": "LogFloats", "path": ["Gradient norm"], "values": [{"value": 0.02010798452146025, "step": null, "ts": 1721937675.5560403}]}, "version": 171, "at": 1721937675.5560403}
{"obj": {"type": "LogFloats", "path": ["Loss (Train)"], "values": [{"value": 0.03179575502872467, "step": null, "ts": 1721937675.6640406}]}, "version": 172, "at": 1721937675.6640406}
{"obj": {"type": "LogFloats", "path": ["Gradient norm"], "values": [{"value": 0.02050685169804854, "step": null, "ts": 1721937675.6650407}]}, "version": 173, "at": 1721937675.6650407}
{"obj": {"type": "LogFloats", "path": ["Loss (Train)"], "values": [{"value": 0.032100822776556015, "step": null, "ts": 1721937675.7780402}]}, "version": 174, "at": 1721937675.7780402}
{"obj": {"type": "LogFloats", "path": ["Gradient norm"], "values": [{"value": 0.019698093895741405, "step": null, "ts": 1721937675.7780402}]}, "version": 175, "at": 1721937675.7780402}
{"obj": {"type": "LogFloats", "path": ["Loss (Train)"], "values": [{"value": 0.03217209130525589, "step": null, "ts": 1721937675.88404}]}, "version": 176, "at": 1721937675.88404}
{"obj": {"type": "LogFloats", "path": ["Gradient norm"], "values": [{"value": 0.020723453860649218, "step": null, "ts": 1721937675.88404}]}, "version": 177, "at": 1721937675.88404}
{"obj": {"type": "LogFloats", "path": ["Loss (Train)"], "values": [{"value": 0.03176191821694374, "step": null, "ts": 1721937675.993042}]}, "version": 178, "at": 1721937675.993042}
{"obj": {"type": "LogFloats", "path": ["Gradient norm"], "values": [{"value": 0.018927627171644656, "step": null, "ts": 1721937675.993042}]}, "version": 179, "at": 1721937675.993042}
{"obj": {"type": "LogFloats", "path": ["Loss (Train)"], "values": [{"value": 0.0319841206073761, "step": null, "ts": 1721937676.10504}]}, "version": 180, "at": 1721937676.10504}
{"obj": {"type": "LogFloats", "path": ["Gradient norm"], "values": [{"value": 0.01989531532141326, "step": null, "ts": 1721937676.10504}]}, "version": 181, "at": 1721937676.10504}
{"obj": {"type": "LogFloats", "path": ["Loss (Train)"], "values": [{"value": 0.03265397623181343, "step": null, "ts": 1721937676.22004}]}, "version": 182, "at": 1721937676.22004}
{"obj": {"type": "LogFloats", "path": ["Gradient norm"], "values": [{"value": 0.020678346987772753, "step": null, "ts": 1721937676.22004}]}, "version": 183, "at": 1721937676.22004}
{"obj": {"type": "LogFloats", "path": ["Loss (Train)"], "values": [{"value": 0.03225024417042732, "step": null, "ts": 1721937676.3260405}]}, "version": 184, "at": 1721937676.32704}
{"obj": {"type": "LogFloats", "path": ["Gradient norm"], "values": [{"value": 0.019980875854338314, "step": null, "ts": 1721937676.32704}]}, "version": 185, "at": 1721937676.32704}
{"obj": {"type": "LogFloats", "path": ["Loss (Train)"], "values": [{"value": 0.032073359936475754, "step": null, "ts": 1721937676.43504}]}, "version": 186, "at": 1721937676.43504}
{"obj": {"type": "LogFloats", "path": ["Gradient norm"], "values": [{"value": 0.021977235885234737, "step": null, "ts": 1721937676.43504}]}, "version": 187, "at": 1721937676.43504}
{"obj": {"type": "LogFloats", "path": ["Loss (Train)"], "values": [{"value": 0.0317080020904541, "step": null, "ts": 1721937676.5410397}]}, "version": 188, "at": 1721937676.5410397}
{"obj": {"type": "LogFloats", "path": ["Gradient norm"], "values": [{"value": 0.01951635117282142, "step": null, "ts": 1721937676.5410397}]}, "version": 189, "at": 1721937676.5410397}
{"obj": {"type": "LogFloats", "path": ["Loss (Train)"], "values": [{"value": 0.03230836242437363, "step": null, "ts": 1721937676.6490407}]}, "version": 190, "at": 1721937676.6490407}
{"obj": {"type": "LogFloats", "path": ["Gradient norm"], "values": [{"value": 0.01927236934267815, "step": null, "ts": 1721937676.6490407}]}, "version": 191, "at": 1721937676.6490407}
{"obj": {"type": "LogFloats", "path": ["Loss (Train)"], "values": [{"value": 0.032063402235507965, "step": null, "ts": 1721937676.755041}]}, "version": 192, "at": 1721937676.755041}
{"obj": {"type": "LogFloats", "path": ["Gradient norm"], "values": [{"value": 0.020127846523030554, "step": null, "ts": 1721937676.755041}]}, "version": 193, "at": 1721937676.755041}
{"obj": {"type": "LogFloats", "path": ["Loss (Train)"], "values": [{"value": 0.03199923783540726, "step": null, "ts": 1721937676.86804}]}, "version": 194, "at": 1721937676.86804}
{"obj": {"type": "LogFloats", "path": ["Gradient norm"], "values": [{"value": 0.018473613753765713, "step": null, "ts": 1721937676.86804}]}, "version": 195, "at": 1721937676.86804}
{"obj": {"type": "LogFloats", "path": ["Loss (Train)"], "values": [{"value": 0.03179321810603142, "step": null, "ts": 1721937676.985041}]}, "version": 196, "at": 1721937676.985041}
{"obj": {"type": "LogFloats", "path": ["Gradient norm"], "values": [{"value": 0.018360913718240564, "step": null, "ts": 1721937676.985041}]}, "version": 197, "at": 1721937676.985041}
{"obj": {"type": "LogFloats", "path": ["Loss (Train)"], "values": [{"value": 0.03169098496437073, "step": null, "ts": 1721937677.0960402}]}, "version": 198, "at": 1721937677.0960402}
{"obj": {"type": "LogFloats", "path": ["Gradient norm"], "values": [{"value": 0.019453147460372848, "step": null, "ts": 1721937677.0960402}]}, "version": 199, "at": 1721937677.0960402}
{"obj": {"type": "LogFloats", "path": ["Loss (Train)"], "values": [{"value": 0.032160528004169464, "step": null, "ts": 1721937677.2050405}]}, "version": 200, "at": 1721937677.2050405}
{"obj": {"type": "LogFloats", "path": ["Gradient norm"], "values": [{"value": 0.0193437492567678, "step": null, "ts": 1721937677.2050405}]}, "version": 201, "at": 1721937677.2050405}
{"obj": {"type": "LogFloats", "path": ["Loss (Train)"], "values": [{"value": 0.03194738179445267, "step": null, "ts": 1721937677.32804}]}, "version": 202, "at": 1721937677.32804}
{"obj": {"type": "LogFloats", "path": ["Gradient norm"], "values": [{"value": 0.018258140248918944, "step": null, "ts": 1721937677.3290398}]}, "version": 203, "at": 1721937677.3290398}
{"obj": {"type": "LogFloats", "path": ["Loss (Train)"], "values": [{"value": 0.03196997195482254, "step": null, "ts": 1721937677.438041}]}, "version": 204, "at": 1721937677.438041}
{"obj": {"type": "LogFloats", "path": ["Gradient norm"], "values": [{"value": 0.018611424847259344, "step": null, "ts": 1721937677.43904}]}, "version": 205, "at": 1721937677.43904}
{"obj": {"type": "LogFloats", "path": ["Loss (Train)"], "values": [{"value": 0.03202162683010101, "step": null, "ts": 1721937677.548927}]}, "version": 206, "at": 1721937677.548927}
{"obj": {"type": "LogFloats", "path": ["Gradient norm"], "values": [{"value": 0.019687079112595474, "step": null, "ts": 1721937677.548927}]}, "version": 207, "at": 1721937677.548927}
{"obj": {"type": "LogFloats", "path": ["Loss (Train)"], "values": [{"value": 0.0320730097591877, "step": null, "ts": 1721937677.6529274}]}, "version": 208, "at": 1721937677.653927}
{"obj": {"type": "LogFloats", "path": ["Gradient norm"], "values": [{"value": 0.01941088736392042, "step": null, "ts": 1721937677.653927}]}, "version": 209, "at": 1721937677.653927}
{"obj": {"type": "LogFloats", "path": ["Loss (Train)"], "values": [{"value": 0.032263778150081635, "step": null, "ts": 1721937677.769927}]}, "version": 210, "at": 1721937677.769927}
{"obj": {"type": "LogFloats", "path": ["Gradient norm"], "values": [{"value": 0.020527005387655988, "step": null, "ts": 1721937677.769927}]}, "version": 211, "at": 1721937677.769927}
{"obj": {"type": "LogFloats", "path": ["Loss (Train)"], "values": [{"value": 0.03180324658751488, "step": null, "ts": 1721937677.8849277}]}, "version": 212, "at": 1721937677.8849277}
{"obj": {"type": "LogFloats", "path": ["Gradient norm"], "values": [{"value": 0.01740122779619908, "step": null, "ts": 1721937677.8849277}]}, "version": 213, "at": 1721937677.8849277}
{"obj": {"type": "LogFloats", "path": ["Loss (Train)"], "values": [{"value": 0.03197668865323067, "step": null, "ts": 1721937677.9969268}]}, "version": 214, "at": 1721937677.9969268}
{"obj": {"type": "LogFloats", "path": ["Gradient norm"], "values": [{"value": 0.018847883307180343, "step": null, "ts": 1721937677.9969268}]}, "version": 215, "at": 1721937677.9969268}
{"obj": {"type": "LogFloats", "path": ["Loss (Train)"], "values": [{"value": 0.032333388924598694, "step": null, "ts": 1721937678.1139286}]}, "version": 216, "at": 1721937678.1139286}
{"obj": {"type": "LogFloats", "path": ["Gradient norm"], "values": [{"value": 0.01978421760046996, "step": null, "ts": 1721937678.1139286}]}, "version": 217, "at": 1721937678.1139286}
{"obj": {"type": "LogFloats", "path": ["Loss (Train)"], "values": [{"value": 0.03206579014658928, "step": null, "ts": 1721937678.2269282}]}, "version": 218, "at": 1721937678.2269282}
{"obj": {"type": "LogFloats", "path": ["Gradient norm"], "values": [{"value": 0.018850133776002222, "step": null, "ts": 1721937678.2269282}]}, "version": 219, "at": 1721937678.2269282}
{"obj": {"type": "LogFloats", "path": ["Loss (Train)"], "values": [{"value": 0.03183981403708458, "step": null, "ts": 1721937678.3339293}]}, "version": 220, "at": 1721937678.3349276}
{"obj": {"type": "LogFloats", "path": ["Gradient norm"], "values": [{"value": 0.01871135213231162, "step": null, "ts": 1721937678.3349276}]}, "version": 221, "at": 1721937678.3349276}
{"obj": {"type": "LogFloats", "path": ["Loss (Train)"], "values": [{"value": 0.031891316175460815, "step": null, "ts": 1721937678.4459274}]}, "version": 222, "at": 1721937678.4459274}
{"obj": {"type": "LogFloats", "path": ["Gradient norm"], "values": [{"value": 0.020768579271133587, "step": null, "ts": 1721937678.4459274}]}, "version": 223, "at": 1721937678.4459274}
{"obj": {"type": "LogFloats", "path": ["Loss (Train)"], "values": [{"value": 0.032056134194135666, "step": null, "ts": 1721937678.551927}]}, "version": 224, "at": 1721937678.551927}
{"obj": {"type": "LogFloats", "path": ["Gradient norm"], "values": [{"value": 0.018007547254886448, "step": null, "ts": 1721937678.551927}]}, "version": 225, "at": 1721937678.551927}
{"obj": {"type": "LogFloats", "path": ["Loss (Train)"], "values": [{"value": 0.0319317951798439, "step": null, "ts": 1721937678.6739278}]}, "version": 226, "at": 1721937678.6739278}
{"obj": {"type": "LogFloats", "path": ["Gradient norm"], "values": [{"value": 0.018102574487262723, "step": null, "ts": 1721937678.6739278}]}, "version": 227, "at": 1721937678.6739278}
{"obj": {"type": "LogFloats", "path": ["Loss (Train)"], "values": [{"value": 0.03192036226391792, "step": null, "ts": 1721937678.780927}]}, "version": 228, "at": 1721937678.780927}
{"obj": {"type": "LogFloats", "path": ["Gradient norm"], "values": [{"value": 0.01916087638566036, "step": null, "ts": 1721937678.780927}]}, "version": 229, "at": 1721937678.780927}
{"obj": {"type": "LogFloats", "path": ["Loss (Train)"], "values": [{"value": 0.03163430467247963, "step": null, "ts": 1721937678.8879278}]}, "version": 230, "at": 1721937678.8879278}
{"obj": {"type": "LogFloats", "path": ["Gradient norm"], "values": [{"value": 0.016980184477215526, "step": null, "ts": 1721937678.8879278}]}, "version": 231, "at": 1721937678.8879278}
{"obj": {"type": "LogFloats", "path": ["Loss (Train)"], "values": [{"value": 0.032190099358558655, "step": null, "ts": 1721937678.997995}]}, "version": 232, "at": 1721937678.997995}
{"obj": {"type": "LogFloats", "path": ["Gradient norm"], "values": [{"value": 0.017808922306580485, "step": null, "ts": 1721937678.997995}]}, "version": 233, "at": 1721937678.997995}
{"obj": {"type": "LogFloats", "path": ["Loss (Train)"], "values": [{"value": 0.032058972865343094, "step": null, "ts": 1721937679.1029854}]}, "version": 234, "at": 1721937679.1029854}
{"obj": {"type": "LogFloats", "path": ["Gradient norm"], "values": [{"value": 0.020323016179118972, "step": null, "ts": 1721937679.1029854}]}, "version": 235, "at": 1721937679.1029854}
{"obj": {"type": "LogFloats", "path": ["Loss (Train)"], "values": [{"value": 0.031710706651210785, "step": null, "ts": 1721937679.2119887}]}, "version": 236, "at": 1721937679.2119887}
{"obj": {"type": "LogFloats", "path": ["Gradient norm"], "values": [{"value": 0.01755529706568965, "step": null, "ts": 1721937679.2119887}]}, "version": 237, "at": 1721937679.2119887}
{"obj": {"type": "LogFloats", "path": ["Loss (Train)"], "values": [{"value": 0.03202761709690094, "step": null, "ts": 1721937679.3185954}]}, "version": 238, "at": 1721937679.3185954}
{"obj": {"type": "LogFloats", "path": ["Gradient norm"], "values": [{"value": 0.01763300489031291, "step": null, "ts": 1721937679.3195953}]}, "version": 239, "at": 1721937679.3195953}
{"obj": {"type": "LogFloats", "path": ["Loss (Train)"], "values": [{"value": 0.032520592212677, "step": null, "ts": 1721937679.4266036}]}, "version": 240, "at": 1721937679.4266036}
{"obj": {"type": "LogFloats", "path": ["Gradient norm"], "values": [{"value": 0.01861755190235787, "step": null, "ts": 1721937679.4276016}]}, "version": 241, "at": 1721937679.4276016}
{"obj": {"type": "LogFloats", "path": ["Loss (Train)"], "values": [{"value": 0.031912099570035934, "step": null, "ts": 1721937679.5366}]}, "version": 242, "at": 1721937679.5366}
{"obj": {"type": "LogFloats", "path": ["Gradient norm"], "values": [{"value": 0.01933442407341617, "step": null, "ts": 1721937679.5366}]}, "version": 243, "at": 1721937679.5366}
{"obj": {"type": "LogFloats", "path": ["Loss (Train)"], "values": [{"value": 0.03207957372069359, "step": null, "ts": 1721937679.6439998}]}, "version": 244, "at": 1721937679.6439998}
{"obj": {"type": "LogFloats", "path": ["Gradient norm"], "values": [{"value": 0.018672892378899696, "step": null, "ts": 1721937679.6439998}]}, "version": 245, "at": 1721937679.6439998}
{"obj": {"type": "LogFloats", "path": ["Loss (Train)"], "values": [{"value": 0.03213272616267204, "step": null, "ts": 1721937679.7524455}]}, "version": 246, "at": 1721937679.7524455}
{"obj": {"type": "LogFloats", "path": ["Gradient norm"], "values": [{"value": 0.018805326099522686, "step": null, "ts": 1721937679.7524455}]}, "version": 247, "at": 1721937679.7524455}
{"obj": {"type": "LogFloats", "path": ["Loss (Train)"], "values": [{"value": 0.03218714892864227, "step": null, "ts": 1721937679.8764465}]}, "version": 248, "at": 1721937679.8764465}
{"obj": {"type": "LogFloats", "path": ["Gradient norm"], "values": [{"value": 0.018837046073866295, "step": null, "ts": 1721937679.8764465}]}, "version": 249, "at": 1721937679.8764465}
{"obj": {"type": "LogFloats", "path": ["Loss (Train)"], "values": [{"value": 0.03214549645781517, "step": null, "ts": 1721937680.021446}]}, "version": 250, "at": 1721937680.021446}
{"obj": {"type": "LogFloats", "path": ["Gradient norm"], "values": [{"value": 0.018569577710510245, "step": null, "ts": 1721937680.021446}]}, "version": 251, "at": 1721937680.021446}
{"obj": {"type": "LogFloats", "path": ["Loss (Train)"], "values": [{"value": 0.03201506286859512, "step": null, "ts": 1721937680.1304462}]}, "version": 252, "at": 1721937680.1304462}
{"obj": {"type": "LogFloats", "path": ["Gradient norm"], "values": [{"value": 0.018113991676568547, "step": null, "ts": 1721937680.1304462}]}, "version": 253, "at": 1721937680.1304462}
{"obj": {"type": "LogFloats", "path": ["Loss (Train)"], "values": [{"value": 0.0322052538394928, "step": null, "ts": 1721937680.238463}]}, "version": 254, "at": 1721937680.238463}
{"obj": {"type": "LogFloats", "path": ["Gradient norm"], "values": [{"value": 0.018761412065713006, "step": null, "ts": 1721937680.238463}]}, "version": 255, "at": 1721937680.238463}
{"obj": {"type": "LogFloats", "path": ["Loss (Train)"], "values": [{"value": 0.031878512352705, "step": null, "ts": 1721937680.345462}]}, "version": 256, "at": 1721937680.345462}
{"obj": {"type": "LogFloats", "path": ["Gradient norm"], "values": [{"value": 0.017039321407653768, "step": null, "ts": 1721937680.3464618}]}, "version": 257, "at": 1721937680.3464618}
{"obj": {"type": "LogFloats", "path": ["Loss (Train)"], "values": [{"value": 0.0320950523018837, "step": null, "ts": 1721937680.454462}]}, "version": 258, "at": 1721937680.454462}
{"obj": {"type": "LogFloats", "path": ["Gradient norm"], "values": [{"value": 0.019022480976700964, "step": null, "ts": 1721937680.454462}]}, "version": 259, "at": 1721937680.454462}
{"obj": {"type": "LogFloats", "path": ["Loss (Train)"], "values": [{"value": 0.03171374276280403, "step": null, "ts": 1721937680.5614614}]}, "version": 260, "at": 1721937680.5614614}
{"obj": {"type": "LogFloats", "path": ["Gradient norm"], "values": [{"value": 0.017537052514587446, "step": null, "ts": 1721937680.5614614}]}, "version": 261, "at": 1721937680.5614614}
{"obj": {"type": "LogFloats", "path": ["Loss (Train)"], "values": [{"value": 0.03202684968709946, "step": null, "ts": 1721937680.6675148}]}, "version": 262, "at": 1721937680.6675148}
{"obj": {"type": "LogFloats", "path": ["Gradient norm"], "values": [{"value": 0.018364370105468143, "step": null, "ts": 1721937680.6685143}]}, "version": 263, "at": 1721937680.6685143}
{"obj": {"type": "LogFloats", "path": ["Loss (Train)"], "values": [{"value": 0.031977057456970215, "step": null, "ts": 1721937680.7765133}]}, "version": 264, "at": 1721937680.7765133}
{"obj": {"type": "LogFloats", "path": ["Gradient norm"], "values": [{"value": 0.01761700805075518, "step": null, "ts": 1721937680.7765133}]}, "version": 265, "at": 1721937680.7765133}
{"obj": {"type": "LogFloats", "path": ["Loss (Train)"], "values": [{"value": 0.03205990418791771, "step": null, "ts": 1721937680.883443}]}, "version": 266, "at": 1721937680.883443}
{"obj": {"type": "LogFloats", "path": ["Gradient norm"], "values": [{"value": 0.017126484814805783, "step": null, "ts": 1721937680.8844433}]}, "version": 267, "at": 1721937680.8844433}
{"obj": {"type": "LogFloats", "path": ["Loss (Train)"], "values": [{"value": 0.03208184614777565, "step": null, "ts": 1721937680.9894426}]}, "version": 268, "at": 1721937680.9894426}
{"obj": {"type": "LogFloats", "path": ["Gradient norm"], "values": [{"value": 0.018370573876343364, "step": null, "ts": 1721937680.9894426}]}, "version": 269, "at": 1721937680.9894426}
{"obj": {"type": "LogFloats", "path": ["Loss (Train)"], "values": [{"value": 0.032083068042993546, "step": null, "ts": 1721937681.098442}]}, "version": 270, "at": 1721937681.098442}
{"obj": {"type": "LogFloats", "path": ["Gradient norm"], "values": [{"value": 0.018251202544201373, "step": null, "ts": 1721937681.098442}]}, "version": 271, "at": 1721937681.098442}
{"obj": {"type": "LogFloats", "path": ["Loss (Train)"], "values": [{"value": 0.03214941546320915, "step": null, "ts": 1721937681.213422}]}, "version": 272, "at": 1721937681.213422}
{"obj": {"type": "LogFloats", "path": ["Gradient norm"], "values": [{"value": 0.018607797582770595, "step": null, "ts": 1721937681.213422}]}, "version": 273, "at": 1721937681.213422}
{"obj": {"type": "LogFloats", "path": ["Loss (Train)"], "values": [{"value": 0.03232705220580101, "step": null, "ts": 1721937681.3194687}]}, "version": 274, "at": 1721937681.3194687}
{"obj": {"type": "LogFloats", "path": ["Gradient norm"], "values": [{"value": 0.01929960836068397, "step": null, "ts": 1721937681.3194687}]}, "version": 275, "at": 1721937681.3194687}
{"obj": {"type": "LogFloats", "path": ["Loss (Train)"], "values": [{"value": 0.03213733434677124, "step": null, "ts": 1721937681.4294276}]}, "version": 276, "at": 1721937681.4294276}
{"obj": {"type": "LogFloats", "path": ["Gradient norm"], "values": [{"value": 0.017803113449764724, "step": null, "ts": 1721937681.4294276}]}, "version": 277, "at": 1721937681.4294276}
{"obj": {"type": "LogFloats", "path": ["Loss (Train)"], "values": [{"value": 0.03198321908712387, "step": null, "ts": 1721937681.5354266}]}, "version": 278, "at": 1721937681.5354266}
{"obj": {"type": "LogFloats", "path": ["Gradient norm"], "values": [{"value": 0.01826484468165509, "step": null, "ts": 1721937681.5354266}]}, "version": 279, "at": 1721937681.5354266}
{"obj": {"type": "LogFloats", "path": ["Loss (Train)"], "values": [{"value": 0.0319996140897274, "step": null, "ts": 1721937681.6434479}]}, "version": 280, "at": 1721937681.6434479}
{"obj": {"type": "LogFloats", "path": ["Gradient norm"], "values": [{"value": 0.017708268361049273, "step": null, "ts": 1721937681.6434479}]}, "version": 281, "at": 1721937681.6434479}
{"obj": {"type": "LogFloats", "path": ["Loss (Train)"], "values": [{"value": 0.03196454420685768, "step": null, "ts": 1721937681.757448}]}, "version": 282, "at": 1721937681.757448}
{"obj": {"type": "LogFloats", "path": ["Gradient norm"], "values": [{"value": 0.016698792635082022, "step": null, "ts": 1721937681.757448}]}, "version": 283, "at": 1721937681.757448}
{"obj": {"type": "LogFloats", "path": ["Loss (Train)"], "values": [{"value": 0.031983207911252975, "step": null, "ts": 1721937681.8684585}]}, "version": 284, "at": 1721937681.8684585}
{"obj": {"type": "LogFloats", "path": ["Gradient norm"], "values": [{"value": 0.017313707072425594, "step": null, "ts": 1721937681.8694582}]}, "version": 285, "at": 1721937681.8694582}
{"obj": {"type": "LogFloats", "path": ["Loss (Train)"], "values": [{"value": 0.031846314668655396, "step": null, "ts": 1721937681.9774618}]}, "version": 286, "at": 1721937681.9774618}
{"obj": {"type": "LogFloats", "path": ["Gradient norm"], "values": [{"value": 0.01755577517091932, "step": null, "ts": 1721937681.9774618}]}, "version": 287, "at": 1721937681.9774618}
{"obj": {"type": "LogFloats", "path": ["Loss (Train)"], "values": [{"value": 0.03197744861245155, "step": null, "ts": 1721937682.1194608}]}, "version": 288, "at": 1721937682.1194608}
{"obj": {"type": "LogFloats", "path": ["Gradient norm"], "values": [{"value": 0.017672214284323338, "step": null, "ts": 1721937682.1194608}]}, "version": 289, "at": 1721937682.1194608}
{"obj": {"type": "LogFloats", "path": ["Loss (Train)"], "values": [{"value": 0.031857069581747055, "step": null, "ts": 1721937682.2274585}]}, "version": 290, "at": 1721937682.2274585}
{"obj": {"type": "LogFloats", "path": ["Gradient norm"], "values": [{"value": 0.017420816708065046, "step": null, "ts": 1721937682.2274585}]}, "version": 291, "at": 1721937682.2274585}
{"obj": {"type": "LogFloats", "path": ["Loss (Train)"], "values": [{"value": 0.03200926631689072, "step": null, "ts": 1721937682.3375056}]}, "version": 292, "at": 1721937682.3375056}
{"obj": {"type": "LogFloats", "path": ["Gradient norm"], "values": [{"value": 0.01945475919739161, "step": null, "ts": 1721937682.3375056}]}, "version": 293, "at": 1721937682.3375056}
{"obj": {"type": "LogFloats", "path": ["Loss (Train)"], "values": [{"value": 0.031831592321395874, "step": null, "ts": 1721937682.4815083}]}, "version": 294, "at": 1721937682.4815083}
{"obj": {"type": "LogFloats", "path": ["Gradient norm"], "values": [{"value": 0.017248808007270983, "step": null, "ts": 1721937682.4825065}]}, "version": 295, "at": 1721937682.4825065}
{"obj": {"type": "LogFloats", "path": ["Loss (Train)"], "values": [{"value": 0.03173656761646271, "step": null, "ts": 1721937682.6065784}]}, "version": 296, "at": 1721937682.6065784}
{"obj": {"type": "LogFloats", "path": ["Gradient norm"], "values": [{"value": 0.01590134039784405, "step": null, "ts": 1721937682.6065784}]}, "version": 297, "at": 1721937682.6065784}
{"obj": {"type": "LogFloats", "path": ["Loss (Train)"], "values": [{"value": 0.03192932903766632, "step": null, "ts": 1721937682.7135768}]}, "version": 298, "at": 1721937682.7135768}
{"obj": {"type": "LogFloats", "path": ["Gradient norm"], "values": [{"value": 0.017443750507723867, "step": null, "ts": 1721937682.7135768}]}, "version": 299, "at": 1721937682.7135768}
{"obj": {"type": "LogFloats", "path": ["Loss (Train)"], "values": [{"value": 0.03169819712638855, "step": null, "ts": 1721937682.8175795}]}, "version": 300, "at": 1721937682.8175795}
{"obj": {"type": "LogFloats", "path": ["Gradient norm"], "values": [{"value": 0.017730967125335687, "step": null, "ts": 1721937682.8175795}]}, "version": 301, "at": 1721937682.8175795}
{"obj": {"type": "LogFloats", "path": ["Loss (Train)"], "values": [{"value": 0.03213291987776756, "step": null, "ts": 1721937682.9215775}]}, "version": 302, "at": 1721937682.9215775}
{"obj": {"type": "LogFloats", "path": ["Gradient norm"], "values": [{"value": 0.019137423489121494, "step": null, "ts": 1721937682.9215775}]}, "version": 303, "at": 1721937682.9215775}
{"obj": {"type": "LogFloats", "path": ["Loss (Train)"], "values": [{"value": 0.032168786972761154, "step": null, "ts": 1721937683.0225792}]}, "version": 304, "at": 1721937683.0225792}
{"obj": {"type": "LogFloats", "path": ["Gradient norm"], "values": [{"value": 0.018446979352044823, "step": null, "ts": 1721937683.0225792}]}, "version": 305, "at": 1721937683.0225792}
{"obj": {"type": "LogFloats", "path": ["Loss (Train)"], "values": [{"value": 0.0318668894469738, "step": null, "ts": 1721937683.1245792}]}, "version": 306, "at": 1721937683.1245792}
{"obj": {"type": "LogFloats", "path": ["Gradient norm"], "values": [{"value": 0.018068282415677366, "step": null, "ts": 1721937683.1245792}]}, "version": 307, "at": 1721937683.1245792}
{"obj": {"type": "LogFloats", "path": ["Loss (Train)"], "values": [{"value": 0.03194824233651161, "step": null, "ts": 1721937683.2275767}]}, "version": 308, "at": 1721937683.2275767}
{"obj": {"type": "LogFloats", "path": ["Gradient norm"], "values": [{"value": 0.019602642263130788, "step": null, "ts": 1721937683.22858}]}, "version": 309, "at": 1721937683.22858}
{"obj": {"type": "LogFloats", "path": ["Loss (Train)"], "values": [{"value": 0.031729619950056076, "step": null, "ts": 1721937683.3415785}]}, "version": 310, "at": 1721937683.3415785}
{"obj": {"type": "LogFloats", "path": ["Gradient norm"], "values": [{"value": 0.01778139359232977, "step": null, "ts": 1721937683.3415785}]}, "version": 311, "at": 1721937683.3415785}
{"obj": {"type": "LogFloats", "path": ["Loss (Train)"], "values": [{"value": 0.03194542974233627, "step": null, "ts": 1721937683.4475794}]}, "version": 312, "at": 1721937683.4475794}
{"obj": {"type": "LogFloats", "path": ["Gradient norm"], "values": [{"value": 0.018205534714969114, "step": null, "ts": 1721937683.4475794}]}, "version": 313, "at": 1721937683.4475794}
{"obj": {"type": "LogFloats", "path": ["Loss (Train)"], "values": [{"value": 0.0324660949409008, "step": null, "ts": 1721937683.547576}]}, "version": 314, "at": 1721937683.547576}
{"obj": {"type": "LogFloats", "path": ["Gradient norm"], "values": [{"value": 0.01932595783542986, "step": null, "ts": 1721937683.547576}]}, "version": 315, "at": 1721937683.547576}
{"obj": {"type": "LogFloats", "path": ["Loss (Train)"], "values": [{"value": 0.03198091313242912, "step": null, "ts": 1721937683.6465776}]}, "version": 316, "at": 1721937683.6465776}
{"obj": {"type": "LogFloats", "path": ["Gradient norm"], "values": [{"value": 0.016900546737182033, "step": null, "ts": 1721937683.6465776}]}, "version": 317, "at": 1721937683.6465776}
{"obj": {"type": "LogFloats", "path": ["Loss (Train)"], "values": [{"value": 0.03234608843922615, "step": null, "ts": 1721937683.7455766}]}, "version": 318, "at": 1721937683.7455766}
{"obj": {"type": "LogFloats", "path": ["Gradient norm"], "values": [{"value": 0.018559031710089154, "step": null, "ts": 1721937683.7455766}]}, "version": 319, "at": 1721937683.7455766}
{"obj": {"type": "LogFloats", "path": ["Loss (Train)"], "values": [{"value": 0.031987838447093964, "step": null, "ts": 1721937683.8465762}]}, "version": 320, "at": 1721937683.8465762}
{"obj": {"type": "LogFloats", "path": ["Gradient norm"], "values": [{"value": 0.017185089574473678, "step": null, "ts": 1721937683.8475761}]}, "version": 321, "at": 1721937683.8475761}
{"obj": {"type": "LogFloats", "path": ["Loss (Train)"], "values": [{"value": 0.03189852461218834, "step": null, "ts": 1721937683.948583}]}, "version": 322, "at": 1721937683.948583}
{"obj": {"type": "LogFloats", "path": ["Gradient norm"], "values": [{"value": 0.017964340821770692, "step": null, "ts": 1721937683.948583}]}, "version": 323, "at": 1721937683.948583}
