{"obj": {"type": "AssignString", "path": ["sys", "name"], "value": "Untitled"}, "version": 1, "at": 1721985078.345751}
{"obj": {"type": "AssignString", "path": ["sys", "description"], "value": ""}, "version": 2, "at": 1721985078.345751}
{"obj": {"type": "AssignString", "path": ["monitoring", "26d47e2d", "hostname"], "value": "DESKTOP-SO4DDQB"}, "version": 3, "at": 1721985078.3467531}
{"obj": {"type": "AssignString", "path": ["sys", "hostname"], "value": "DESKTOP-SO4DDQB"}, "version": 4, "at": 1721985078.3467531}
{"obj": {"type": "AssignString", "path": ["monitoring", "26d47e2d", "pid"], "value": "23072"}, "version": 5, "at": 1721985078.3467531}
{"obj": {"type": "AssignString", "path": ["monitoring", "26d47e2d", "tid"], "value": "5800"}, "version": 6, "at": 1721985078.3467531}
{"obj": {"type": "AssignBool", "path": ["sys", "failed"], "value": false}, "version": 7, "at": 1721985078.3467531}
{"obj": {"type": "LogFloats", "path": ["Loss (Train)"], "values": [{"value": 5.298335075378418, "step": null, "ts": 1721985078.6888769}]}, "version": 8, "at": 1721985078.6888769}
{"obj": {"type": "LogFloats", "path": ["Gradient norm"], "values": [{"value": 0.04348891420241168, "step": null, "ts": 1721985078.6888769}]}, "version": 9, "at": 1721985078.6888769}
{"obj": {"type": "LogFloats", "path": ["Loss (Train)"], "values": [{"value": 5.299680709838867, "step": null, "ts": 1721985078.7784724}]}, "version": 10, "at": 1721985078.7784724}
{"obj": {"type": "LogFloats", "path": ["Gradient norm"], "values": [{"value": 0.07446767556867498, "step": null, "ts": 1721985078.7784724}]}, "version": 11, "at": 1721985078.7784724}
{"obj": {"type": "LogFloats", "path": ["Loss (Train)"], "values": [{"value": 5.295064926147461, "step": null, "ts": 1721985078.857735}]}, "version": 12, "at": 1721985078.857735}
{"obj": {"type": "LogFloats", "path": ["Gradient norm"], "values": [{"value": 0.09875459498214231, "step": null, "ts": 1721985078.857735}]}, "version": 13, "at": 1721985078.857735}
{"obj": {"type": "LogFloats", "path": ["Loss (Train)"], "values": [{"value": 5.299002647399902, "step": null, "ts": 1721985078.938735}]}, "version": 14, "at": 1721985078.938735}
{"obj": {"type": "LogFloats", "path": ["Gradient norm"], "values": [{"value": 0.0019206169787128234, "step": null, "ts": 1721985078.938735}]}, "version": 15, "at": 1721985078.938735}
{"obj": {"type": "LogFloats", "path": ["Loss (Train)"], "values": [{"value": 5.306849479675293, "step": null, "ts": 1721985079.0167377}]}, "version": 16, "at": 1721985079.0167377}
{"obj": {"type": "LogFloats", "path": ["Gradient norm"], "values": [{"value": 0.0007025586004492944, "step": null, "ts": 1721985079.0167377}]}, "version": 17, "at": 1721985079.0167377}
{"obj": {"type": "LogFloats", "path": ["Loss (Train)"], "values": [{"value": 5.306860446929932, "step": null, "ts": 1721985079.0957363}]}, "version": 18, "at": 1721985079.0957363}
{"obj": {"type": "LogFloats", "path": ["Gradient norm"], "values": [{"value": 0.00035032969632886493, "step": null, "ts": 1721985079.0967362}]}, "version": 19, "at": 1721985079.0967362}
{"obj": {"type": "LogFloats", "path": ["Loss (Train)"], "values": [{"value": 5.291248798370361, "step": null, "ts": 1721985079.1727352}]}, "version": 20, "at": 1721985079.1727352}
{"obj": {"type": "LogFloats", "path": ["Gradient norm"], "values": [{"value": 5.2511992131615015e-05, "step": null, "ts": 1721985079.1727352}]}, "version": 21, "at": 1721985079.1727352}
{"obj": {"type": "LogFloats", "path": ["Loss (Train)"], "values": [{"value": 5.2990570068359375, "step": null, "ts": 1721985079.252735}]}, "version": 22, "at": 1721985079.252735}
{"obj": {"type": "LogFloats", "path": ["Gradient norm"], "values": [{"value": 9.166539430936874e-05, "step": null, "ts": 1721985079.252735}]}, "version": 23, "at": 1721985079.252735}
{"obj": {"type": "LogFloats", "path": ["Loss (Train)"], "values": [{"value": 5.275631904602051, "step": null, "ts": 1721985079.331736}]}, "version": 24, "at": 1721985079.331736}
{"obj": {"type": "LogFloats", "path": ["Gradient norm"], "values": [{"value": 0.00030332744618346874, "step": null, "ts": 1721985079.331736}]}, "version": 25, "at": 1721985079.331736}
{"obj": {"type": "LogFloats", "path": ["Loss (Train)"], "values": [{"value": 5.306865692138672, "step": null, "ts": 1721985079.412735}]}, "version": 26, "at": 1721985079.412735}
{"obj": {"type": "LogFloats", "path": ["Gradient norm"], "values": [{"value": 0.00019059841140755645, "step": null, "ts": 1721985079.412735}]}, "version": 27, "at": 1721985079.412735}
{"obj": {"type": "LogFloats", "path": ["Loss (Train)"], "values": [{"value": 5.306865692138672, "step": null, "ts": 1721985079.4887354}]}, "version": 28, "at": 1721985079.4887354}
{"obj": {"type": "LogFloats", "path": ["Gradient norm"], "values": [{"value": 0.00019798066649723205, "step": null, "ts": 1721985079.4887354}]}, "version": 29, "at": 1721985079.4887354}
{"obj": {"type": "LogFloats", "path": ["Loss (Train)"], "values": [{"value": 5.306865692138672, "step": null, "ts": 1721985079.5687356}]}, "version": 30, "at": 1721985079.5687356}
{"obj": {"type": "LogFloats", "path": ["Gradient norm"], "values": [{"value": 0.00018369131388682778, "step": null, "ts": 1721985079.5687356}]}, "version": 31, "at": 1721985079.5687356}
{"obj": {"type": "LogFloats", "path": ["Loss (Train)"], "values": [{"value": 5.2990570068359375, "step": null, "ts": 1721985079.6447349}]}, "version": 32, "at": 1721985079.6447349}
{"obj": {"type": "LogFloats", "path": ["Gradient norm"], "values": [{"value": 7.099847805779096e-05, "step": null, "ts": 1721985079.6447349}]}, "version": 33, "at": 1721985079.6447349}
{"obj": {"type": "LogFloats", "path": ["Loss (Train)"], "values": [{"value": 5.30686616897583, "step": null, "ts": 1721985079.724735}]}, "version": 34, "at": 1721985079.724735}
{"obj": {"type": "LogFloats", "path": ["Gradient norm"], "values": [{"value": 0.00018280986081878082, "step": null, "ts": 1721985079.724735}]}, "version": 35, "at": 1721985079.724735}
{"obj": {"type": "LogFloats", "path": ["Loss (Train)"], "values": [{"value": 5.30686616897583, "step": null, "ts": 1721985079.8017352}]}, "version": 36, "at": 1721985079.8017352}
{"obj": {"type": "LogFloats", "path": ["Gradient norm"], "values": [{"value": 0.00018054840979649854, "step": null, "ts": 1721985079.8017352}]}, "version": 37, "at": 1721985079.8017352}
{"obj": {"type": "LogFloats", "path": ["Loss (Train)"], "values": [{"value": 5.299056529998779, "step": null, "ts": 1721985079.8807364}]}, "version": 38, "at": 1721985079.8807364}
{"obj": {"type": "LogFloats", "path": ["Gradient norm"], "values": [{"value": 8.12072732127089e-05, "step": null, "ts": 1721985079.8807364}]}, "version": 39, "at": 1721985079.8807364}
{"obj": {"type": "LogFloats", "path": ["Loss (Train)"], "values": [{"value": 5.2990570068359375, "step": null, "ts": 1721985079.956742}]}, "version": 40, "at": 1721985079.956742}
{"obj": {"type": "LogFloats", "path": ["Gradient norm"], "values": [{"value": 8.304989676360616e-05, "step": null, "ts": 1721985079.9577425}]}, "version": 41, "at": 1721985079.9577425}
{"obj": {"type": "LogFloats", "path": ["Loss (Train)"], "values": [{"value": 5.2990570068359375, "step": null, "ts": 1721985080.0377424}]}, "version": 42, "at": 1721985080.0377424}
{"obj": {"type": "LogFloats", "path": ["Gradient norm"], "values": [{"value": 8.988264574166876e-05, "step": null, "ts": 1721985080.0377424}]}, "version": 43, "at": 1721985080.0377424}
{"obj": {"type": "LogFloats", "path": ["Loss (Train)"], "values": [{"value": 5.306865215301514, "step": null, "ts": 1721985080.1137495}]}, "version": 44, "at": 1721985080.1137495}
{"obj": {"type": "LogFloats", "path": ["Gradient norm"], "values": [{"value": 0.00020845371861682308, "step": null, "ts": 1721985080.1137495}]}, "version": 45, "at": 1721985080.1137495}
{"obj": {"type": "LogFloats", "path": ["Loss (Train)"], "values": [{"value": 5.2990570068359375, "step": null, "ts": 1721985080.1907566}]}, "version": 46, "at": 1721985080.1907566}
{"obj": {"type": "LogFloats", "path": ["Gradient norm"], "values": [{"value": 8.037481322007984e-05, "step": null, "ts": 1721985080.1907566}]}, "version": 47, "at": 1721985080.1907566}
{"obj": {"type": "LogFloats", "path": ["Loss (Train)"], "values": [{"value": 5.3068647384643555, "step": null, "ts": 1721985080.2697618}]}, "version": 48, "at": 1721985080.2697618}
{"obj": {"type": "LogFloats", "path": ["Gradient norm"], "values": [{"value": 0.0002299048925008194, "step": null, "ts": 1721985080.2697618}]}, "version": 49, "at": 1721985080.2697618}
{"obj": {"type": "LogFloats", "path": ["Loss (Train)"], "values": [{"value": 5.2990570068359375, "step": null, "ts": 1721985080.346762}]}, "version": 50, "at": 1721985080.346762}
{"obj": {"type": "LogFloats", "path": ["Gradient norm"], "values": [{"value": 9.295283135826577e-05, "step": null, "ts": 1721985080.3477623}]}, "version": 51, "at": 1721985080.3477623}
{"obj": {"type": "LogFloats", "path": ["Loss (Train)"], "values": [{"value": 5.306864261627197, "step": null, "ts": 1721985080.427761}]}, "version": 52, "at": 1721985080.427761}
{"obj": {"type": "LogFloats", "path": ["Gradient norm"], "values": [{"value": 0.00024530309236850764, "step": null, "ts": 1721985080.427761}]}, "version": 53, "at": 1721985080.427761}
{"obj": {"type": "LogFloats", "path": ["Loss (Train)"], "values": [{"value": 5.306863784790039, "step": null, "ts": 1721985080.5057626}]}, "version": 54, "at": 1721985080.5057626}
{"obj": {"type": "LogFloats", "path": ["Gradient norm"], "values": [{"value": 0.00025716446856895143, "step": null, "ts": 1721985080.5057626}]}, "version": 55, "at": 1721985080.5057626}
{"obj": {"type": "LogFloats", "path": ["Loss (Train)"], "values": [{"value": 5.306862831115723, "step": null, "ts": 1721985080.5847728}]}, "version": 56, "at": 1721985080.5847728}
{"obj": {"type": "LogFloats", "path": ["Gradient norm"], "values": [{"value": 0.00027824286983043874, "step": null, "ts": 1721985080.5847728}]}, "version": 57, "at": 1721985080.5847728}
{"obj": {"type": "LogFloats", "path": ["Loss (Train)"], "values": [{"value": 5.306861877441406, "step": null, "ts": 1721985080.661776}]}, "version": 58, "at": 1721985080.661776}
{"obj": {"type": "LogFloats", "path": ["Gradient norm"], "values": [{"value": 0.0003120551286263528, "step": null, "ts": 1721985080.661776}]}, "version": 59, "at": 1721985080.661776}
{"obj": {"type": "LogFloats", "path": ["Loss (Train)"], "values": [{"value": 5.306861877441406, "step": null, "ts": 1721985080.7408204}]}, "version": 60, "at": 1721985080.7408204}
{"obj": {"type": "LogFloats", "path": ["Gradient norm"], "values": [{"value": 0.0003233096713652892, "step": null, "ts": 1721985080.7408204}]}, "version": 61, "at": 1721985080.7408204}
{"obj": {"type": "LogFloats", "path": ["Loss (Train)"], "values": [{"value": 5.306859970092773, "step": null, "ts": 1721985080.81882}]}, "version": 62, "at": 1721985080.81882}
{"obj": {"type": "LogFloats", "path": ["Gradient norm"], "values": [{"value": 0.0003809779825330228, "step": null, "ts": 1721985080.81882}]}, "version": 63, "at": 1721985080.81882}
{"obj": {"type": "LogFloats", "path": ["Loss (Train)"], "values": [{"value": 5.306858062744141, "step": null, "ts": 1721985080.8968217}]}, "version": 64, "at": 1721985080.8968217}
{"obj": {"type": "LogFloats", "path": ["Gradient norm"], "values": [{"value": 0.00043808191705800586, "step": null, "ts": 1721985080.8968217}]}, "version": 65, "at": 1721985080.8968217}
{"obj": {"type": "LogFloats", "path": ["Loss (Train)"], "values": [{"value": 5.306856155395508, "step": null, "ts": 1721985080.9748275}]}, "version": 66, "at": 1721985080.9748275}
{"obj": {"type": "LogFloats", "path": ["Gradient norm"], "values": [{"value": 0.0005064988518417933, "step": null, "ts": 1721985080.9748275}]}, "version": 67, "at": 1721985080.9748275}
{"obj": {"type": "LogFloats", "path": ["Loss (Train)"], "values": [{"value": 5.299051761627197, "step": null, "ts": 1721985081.0538192}]}, "version": 68, "at": 1721985081.0538192}
{"obj": {"type": "LogFloats", "path": ["Gradient norm"], "values": [{"value": 0.0002565320992280947, "step": null, "ts": 1721985081.0538192}]}, "version": 69, "at": 1721985081.0538192}
{"obj": {"type": "LogFloats", "path": ["Loss (Train)"], "values": [{"value": 5.283452987670898, "step": null, "ts": 1721985081.131819}]}, "version": 70, "at": 1721985081.131819}
{"obj": {"type": "LogFloats", "path": ["Gradient norm"], "values": [{"value": 0.0005992727369111995, "step": null, "ts": 1721985081.131819}]}, "version": 71, "at": 1721985081.131819}
{"obj": {"type": "LogFloats", "path": ["Loss (Train)"], "values": [{"value": 5.299047470092773, "step": null, "ts": 1721985081.2108195}]}, "version": 72, "at": 1721985081.2108195}
{"obj": {"type": "LogFloats", "path": ["Gradient norm"], "values": [{"value": 0.0004149161267140468, "step": null, "ts": 1721985081.2108195}]}, "version": 73, "at": 1721985081.2108195}
{"obj": {"type": "LogFloats", "path": ["Loss (Train)"], "values": [{"value": 5.291256904602051, "step": null, "ts": 1721985081.2898192}]}, "version": 74, "at": 1721985081.2898192}
{"obj": {"type": "LogFloats", "path": ["Gradient norm"], "values": [{"value": 0.0004042717415355288, "step": null, "ts": 1721985081.2898192}]}, "version": 75, "at": 1721985081.2898192}
{"obj": {"type": "LogFloats", "path": ["Loss (Train)"], "values": [{"value": 5.306833744049072, "step": null, "ts": 1721985081.3698187}]}, "version": 76, "at": 1721985081.3698187}
{"obj": {"type": "LogFloats", "path": ["Gradient norm"], "values": [{"value": 0.0013349475099848354, "step": null, "ts": 1721985081.3698187}]}, "version": 77, "at": 1721985081.3698187}
{"obj": {"type": "LogFloats", "path": ["Loss (Train)"], "values": [{"value": 5.299034118652344, "step": null, "ts": 1721985081.4498303}]}, "version": 78, "at": 1721985081.4498303}
{"obj": {"type": "LogFloats", "path": ["Gradient norm"], "values": [{"value": 0.0009497230276435533, "step": null, "ts": 1721985081.450832}]}, "version": 79, "at": 1721985081.450832}
{"obj": {"type": "LogFloats", "path": ["Loss (Train)"], "values": [{"value": 5.299023151397705, "step": null, "ts": 1721985081.5278294}]}, "version": 80, "at": 1721985081.5278294}
{"obj": {"type": "LogFloats", "path": ["Gradient norm"], "values": [{"value": 0.0013891576940154966, "step": null, "ts": 1721985081.5278294}]}, "version": 81, "at": 1721985081.5278294}
{"obj": {"type": "LogFloats", "path": ["Loss (Train)"], "values": [{"value": 5.306696891784668, "step": null, "ts": 1721985081.607829}]}, "version": 82, "at": 1721985081.607829}
{"obj": {"type": "LogFloats", "path": ["Gradient norm"], "values": [{"value": 0.007326933255335992, "step": null, "ts": 1721985081.607829}]}, "version": 83, "at": 1721985081.607829}
{"obj": {"type": "LogFloats", "path": ["Loss (Train)"], "values": [{"value": 5.305140495300293, "step": null, "ts": 1721985081.6858423}]}, "version": 84, "at": 1721985081.6858423}
{"obj": {"type": "LogFloats", "path": ["Gradient norm"], "values": [{"value": 0.07872087251886586, "step": null, "ts": 1721985081.6868365}]}, "version": 85, "at": 1721985081.6868365}
{"obj": {"type": "LogFloats", "path": ["Loss (Train)"], "values": [{"value": 5.29908561706543, "step": null, "ts": 1721985081.7638469}]}, "version": 86, "at": 1721985081.7638469}
{"obj": {"type": "LogFloats", "path": ["Gradient norm"], "values": [{"value": 0.022744183186127222, "step": null, "ts": 1721985081.7638469}]}, "version": 87, "at": 1721985081.7638469}
{"obj": {"type": "LogFloats", "path": ["Loss (Train)"], "values": [{"value": 5.297950744628906, "step": null, "ts": 1721985081.8438458}]}, "version": 88, "at": 1721985081.8438458}
{"obj": {"type": "LogFloats", "path": ["Gradient norm"], "values": [{"value": 0.016084359392299186, "step": null, "ts": 1721985081.8438458}]}, "version": 89, "at": 1721985081.8438458}
{"obj": {"type": "LogFloats", "path": ["Loss (Train)"], "values": [{"value": 5.2978715896606445, "step": null, "ts": 1721985081.9238553}]}, "version": 90, "at": 1721985081.9238553}
{"obj": {"type": "LogFloats", "path": ["Gradient norm"], "values": [{"value": 0.015258225530655907, "step": null, "ts": 1721985081.9238553}]}, "version": 91, "at": 1721985081.9238553}
{"obj": {"type": "LogFloats", "path": ["Loss (Train)"], "values": [{"value": 5.29979133605957, "step": null, "ts": 1721985082.005867}]}, "version": 92, "at": 1721985082.005867}
{"obj": {"type": "LogFloats", "path": ["Gradient norm"], "values": [{"value": 0.03250087087983894, "step": null, "ts": 1721985082.005867}]}, "version": 93, "at": 1721985082.005867}
{"obj": {"type": "LogFloats", "path": ["Loss (Train)"], "values": [{"value": 5.2978410720825195, "step": null, "ts": 1721985082.0858727}]}, "version": 94, "at": 1721985082.0868726}
{"obj": {"type": "LogFloats", "path": ["Gradient norm"], "values": [{"value": 0.0199949767301968, "step": null, "ts": 1721985082.0868726}]}, "version": 95, "at": 1721985082.0868726}
{"obj": {"type": "LogFloats", "path": ["Loss (Train)"], "values": [{"value": 5.298644065856934, "step": null, "ts": 1721985082.1668782}]}, "version": 96, "at": 1721985082.1668782}
{"obj": {"type": "LogFloats", "path": ["Gradient norm"], "values": [{"value": 0.025742851560909916, "step": null, "ts": 1721985082.1668782}]}, "version": 97, "at": 1721985082.1668782}
{"obj": {"type": "LogFloats", "path": ["Loss (Train)"], "values": [{"value": 5.298137664794922, "step": null, "ts": 1721985082.2468858}]}, "version": 98, "at": 1721985082.2468858}
{"obj": {"type": "LogFloats", "path": ["Gradient norm"], "values": [{"value": 0.021743070261578998, "step": null, "ts": 1721985082.2468858}]}, "version": 99, "at": 1721985082.2468858}
{"obj": {"type": "LogFloats", "path": ["Loss (Train)"], "values": [{"value": 5.298417091369629, "step": null, "ts": 1721985082.3268862}]}, "version": 100, "at": 1721985082.3268862}
{"obj": {"type": "LogFloats", "path": ["Gradient norm"], "values": [{"value": 0.017892361367642218, "step": null, "ts": 1721985082.3268862}]}, "version": 101, "at": 1721985082.3268862}
{"obj": {"type": "LogFloats", "path": ["Loss (Train)"], "values": [{"value": 5.298498630523682, "step": null, "ts": 1721985082.403897}]}, "version": 102, "at": 1721985082.403897}
{"obj": {"type": "LogFloats", "path": ["Gradient norm"], "values": [{"value": 0.02225583423837621, "step": null, "ts": 1721985082.403897}]}, "version": 103, "at": 1721985082.403897}
{"obj": {"type": "LogFloats", "path": ["Loss (Train)"], "values": [{"value": 5.2985992431640625, "step": null, "ts": 1721985082.4829032}]}, "version": 104, "at": 1721985082.4829032}
{"obj": {"type": "LogFloats", "path": ["Gradient norm"], "values": [{"value": 0.015580575798915591, "step": null, "ts": 1721985082.4829032}]}, "version": 105, "at": 1721985082.4829032}
{"obj": {"type": "LogFloats", "path": ["Loss (Train)"], "values": [{"value": 5.299169540405273, "step": null, "ts": 1721985082.5609088}]}, "version": 106, "at": 1721985082.5609088}
{"obj": {"type": "LogFloats", "path": ["Gradient norm"], "values": [{"value": 0.018328173729518223, "step": null, "ts": 1721985082.5609088}]}, "version": 107, "at": 1721985082.5609088}
{"obj": {"type": "LogFloats", "path": ["Loss (Train)"], "values": [{"value": 5.2991180419921875, "step": null, "ts": 1721985082.6409085}]}, "version": 108, "at": 1721985082.6409085}
{"obj": {"type": "LogFloats", "path": ["Gradient norm"], "values": [{"value": 0.021878637344055728, "step": null, "ts": 1721985082.6409085}]}, "version": 109, "at": 1721985082.6409085}
{"obj": {"type": "LogFloats", "path": ["Loss (Train)"], "values": [{"value": 5.298617839813232, "step": null, "ts": 1721985082.7189074}]}, "version": 110, "at": 1721985082.7189074}
{"obj": {"type": "LogFloats", "path": ["Gradient norm"], "values": [{"value": 0.019789516825246076, "step": null, "ts": 1721985082.7189074}]}, "version": 111, "at": 1721985082.7189074}
{"obj": {"type": "LogFloats", "path": ["Loss (Train)"], "values": [{"value": 5.298114776611328, "step": null, "ts": 1721985082.79691}]}, "version": 112, "at": 1721985082.79691}
{"obj": {"type": "LogFloats", "path": ["Gradient norm"], "values": [{"value": 0.026404400235656107, "step": null, "ts": 1721985082.79691}]}, "version": 113, "at": 1721985082.79691}
{"obj": {"type": "LogFloats", "path": ["Loss (Train)"], "values": [{"value": 5.299261569976807, "step": null, "ts": 1721985082.8759086}]}, "version": 114, "at": 1721985082.8759086}
{"obj": {"type": "LogFloats", "path": ["Gradient norm"], "values": [{"value": 0.018685558406095936, "step": null, "ts": 1721985082.8759086}]}, "version": 115, "at": 1721985082.8759086}
{"obj": {"type": "LogFloats", "path": ["Loss (Train)"], "values": [{"value": 5.297647476196289, "step": null, "ts": 1721985082.953845}]}, "version": 116, "at": 1721985082.953845}
{"obj": {"type": "LogFloats", "path": ["Gradient norm"], "values": [{"value": 0.03057693004390877, "step": null, "ts": 1721985082.953845}]}, "version": 117, "at": 1721985082.9548461}
{"obj": {"type": "LogFloats", "path": ["Loss (Train)"], "values": [{"value": 5.29874324798584, "step": null, "ts": 1721985083.0338483}]}, "version": 118, "at": 1721985083.0338483}
{"obj": {"type": "LogFloats", "path": ["Gradient norm"], "values": [{"value": 0.019798065878680122, "step": null, "ts": 1721985083.0338483}]}, "version": 119, "at": 1721985083.0338483}
{"obj": {"type": "LogFloats", "path": ["Loss (Train)"], "values": [{"value": 5.300934314727783, "step": null, "ts": 1721985083.112569}]}, "version": 120, "at": 1721985083.112569}
{"obj": {"type": "LogFloats", "path": ["Gradient norm"], "values": [{"value": 0.023568059872170317, "step": null, "ts": 1721985083.112569}]}, "version": 121, "at": 1721985083.112569}
{"obj": {"type": "LogFloats", "path": ["Loss (Train)"], "values": [{"value": 5.297969818115234, "step": null, "ts": 1721985083.1900845}]}, "version": 122, "at": 1721985083.1900845}
{"obj": {"type": "LogFloats", "path": ["Gradient norm"], "values": [{"value": 0.06114069102786738, "step": null, "ts": 1721985083.1910856}]}, "version": 123, "at": 1721985083.1910856}
{"obj": {"type": "LogFloats", "path": ["Loss (Train)"], "values": [{"value": 5.299313068389893, "step": null, "ts": 1721985083.2700837}]}, "version": 124, "at": 1721985083.2700837}
{"obj": {"type": "LogFloats", "path": ["Gradient norm"], "values": [{"value": 0.027434559553516525, "step": null, "ts": 1721985083.2700837}]}, "version": 125, "at": 1721985083.2700837}
{"obj": {"type": "LogFloats", "path": ["Loss (Train)"], "values": [{"value": 5.300085544586182, "step": null, "ts": 1721985083.3490846}]}, "version": 126, "at": 1721985083.3490846}
{"obj": {"type": "LogFloats", "path": ["Gradient norm"], "values": [{"value": 0.042316262265202756, "step": null, "ts": 1721985083.3490846}]}, "version": 127, "at": 1721985083.3490846}
{"obj": {"type": "LogFloats", "path": ["Loss (Train)"], "values": [{"value": 5.299725532531738, "step": null, "ts": 1721985083.4300847}]}, "version": 128, "at": 1721985083.4300847}
{"obj": {"type": "LogFloats", "path": ["Gradient norm"], "values": [{"value": 0.049279913001925975, "step": null, "ts": 1721985083.4300847}]}, "version": 129, "at": 1721985083.4300847}
{"obj": {"type": "LogFloats", "path": ["Loss (Train)"], "values": [{"value": 5.29981803894043, "step": null, "ts": 1721985083.5100858}]}, "version": 130, "at": 1721985083.5100858}
{"obj": {"type": "LogFloats", "path": ["Gradient norm"], "values": [{"value": 0.03302290923459589, "step": null, "ts": 1721985083.5100858}]}, "version": 131, "at": 1721985083.5100858}
{"obj": {"type": "LogFloats", "path": ["Loss (Train)"], "values": [{"value": 5.299859523773193, "step": null, "ts": 1721985083.594085}]}, "version": 132, "at": 1721985083.594085}
{"obj": {"type": "LogFloats", "path": ["Gradient norm"], "values": [{"value": 0.03136694756151489, "step": null, "ts": 1721985083.594085}]}, "version": 133, "at": 1721985083.594085}
{"obj": {"type": "LogFloats", "path": ["Loss (Train)"], "values": [{"value": 5.299187660217285, "step": null, "ts": 1721985083.6730845}]}, "version": 134, "at": 1721985083.6730845}
{"obj": {"type": "LogFloats", "path": ["Gradient norm"], "values": [{"value": 0.0339044193137277, "step": null, "ts": 1721985083.6730845}]}, "version": 135, "at": 1721985083.6730845}
{"obj": {"type": "LogFloats", "path": ["Loss (Train)"], "values": [{"value": 5.299443244934082, "step": null, "ts": 1721985083.7520843}]}, "version": 136, "at": 1721985083.7520843}
{"obj": {"type": "LogFloats", "path": ["Gradient norm"], "values": [{"value": 0.02562359645044615, "step": null, "ts": 1721985083.7520843}]}, "version": 137, "at": 1721985083.7520843}
{"obj": {"type": "LogFloats", "path": ["Loss (Train)"], "values": [{"value": 5.298165321350098, "step": null, "ts": 1721985083.8260832}]}, "version": 138, "at": 1721985083.8260832}
{"obj": {"type": "LogFloats", "path": ["Gradient norm"], "values": [{"value": 0.02493069500816462, "step": null, "ts": 1721985083.8260832}]}, "version": 139, "at": 1721985083.8260832}
{"obj": {"type": "LogFloats", "path": ["Loss (Train)"], "values": [{"value": 5.298129558563232, "step": null, "ts": 1721985083.9249468}]}, "version": 140, "at": 1721985083.9249468}
{"obj": {"type": "LogFloats", "path": ["Gradient norm"], "values": [{"value": 0.02246496955758285, "step": null, "ts": 1721985083.9249468}]}, "version": 141, "at": 1721985083.9249468}
{"obj": {"type": "LogFloats", "path": ["Loss (Train)"], "values": [{"value": 5.298489570617676, "step": null, "ts": 1721985084.0249472}]}, "version": 142, "at": 1721985084.0249472}
{"obj": {"type": "LogFloats", "path": ["Gradient norm"], "values": [{"value": 0.025090599080094568, "step": null, "ts": 1721985084.0249472}]}, "version": 143, "at": 1721985084.0249472}
{"obj": {"type": "LogFloats", "path": ["Loss (Train)"], "values": [{"value": 5.298735618591309, "step": null, "ts": 1721985084.1109476}]}, "version": 144, "at": 1721985084.1109476}
{"obj": {"type": "LogFloats", "path": ["Gradient norm"], "values": [{"value": 0.018469769783342787, "step": null, "ts": 1721985084.1109476}]}, "version": 145, "at": 1721985084.1109476}
{"obj": {"type": "LogFloats", "path": ["Loss (Train)"], "values": [{"value": 5.297450065612793, "step": null, "ts": 1721985084.1979475}]}, "version": 146, "at": 1721985084.1979475}
{"obj": {"type": "LogFloats", "path": ["Gradient norm"], "values": [{"value": 0.022785538814098838, "step": null, "ts": 1721985084.1979475}]}, "version": 147, "at": 1721985084.1979475}
{"obj": {"type": "LogFloats", "path": ["Loss (Train)"], "values": [{"value": 5.299070358276367, "step": null, "ts": 1721985084.2809474}]}, "version": 148, "at": 1721985084.2809474}
{"obj": {"type": "LogFloats", "path": ["Gradient norm"], "values": [{"value": 0.0174816110321055, "step": null, "ts": 1721985084.2819507}]}, "version": 149, "at": 1721985084.2819507}
{"obj": {"type": "LogFloats", "path": ["Loss (Train)"], "values": [{"value": 5.298713207244873, "step": null, "ts": 1721985084.36903}]}, "version": 150, "at": 1721985084.36903}
{"obj": {"type": "LogFloats", "path": ["Gradient norm"], "values": [{"value": 0.019779710595123744, "step": null, "ts": 1721985084.36903}]}, "version": 151, "at": 1721985084.36903}
{"obj": {"type": "LogFloats", "path": ["Loss (Train)"], "values": [{"value": 5.298029899597168, "step": null, "ts": 1721985084.4520295}]}, "version": 152, "at": 1721985084.4520295}
{"obj": {"type": "LogFloats", "path": ["Gradient norm"], "values": [{"value": 0.031830306657546985, "step": null, "ts": 1721985084.4520295}]}, "version": 153, "at": 1721985084.4520295}
{"obj": {"type": "LogFloats", "path": ["Loss (Train)"], "values": [{"value": 5.300136566162109, "step": null, "ts": 1721985084.5410302}]}, "version": 154, "at": 1721985084.5410302}
{"obj": {"type": "LogFloats", "path": ["Gradient norm"], "values": [{"value": 0.01952120785725439, "step": null, "ts": 1721985084.5410302}]}, "version": 155, "at": 1721985084.5410302}
{"obj": {"type": "LogFloats", "path": ["Loss (Train)"], "values": [{"value": 5.297088623046875, "step": null, "ts": 1721985084.6250305}]}, "version": 156, "at": 1721985084.6250305}
{"obj": {"type": "LogFloats", "path": ["Gradient norm"], "values": [{"value": 0.03726129709127651, "step": null, "ts": 1721985084.6250305}]}, "version": 157, "at": 1721985084.6250305}
{"obj": {"type": "LogFloats", "path": ["Loss (Train)"], "values": [{"value": 5.299150466918945, "step": null, "ts": 1721985084.71103}]}, "version": 158, "at": 1721985084.71103}
{"obj": {"type": "LogFloats", "path": ["Gradient norm"], "values": [{"value": 0.025188163717698494, "step": null, "ts": 1721985084.71103}]}, "version": 159, "at": 1721985084.71103}
{"obj": {"type": "LogFloats", "path": ["Loss (Train)"], "values": [{"value": 5.298211574554443, "step": null, "ts": 1721985084.794031}]}, "version": 160, "at": 1721985084.794031}
{"obj": {"type": "LogFloats", "path": ["Gradient norm"], "values": [{"value": 0.02999533889187808, "step": null, "ts": 1721985084.794031}]}, "version": 161, "at": 1721985084.794031}
{"obj": {"type": "LogFloats", "path": ["Loss (Train)"], "values": [{"value": 5.298374176025391, "step": null, "ts": 1721985084.8820312}]}, "version": 162, "at": 1721985084.8820312}
{"obj": {"type": "LogFloats", "path": ["Gradient norm"], "values": [{"value": 0.02246689051394546, "step": null, "ts": 1721985084.8820312}]}, "version": 163, "at": 1721985084.8820312}
{"obj": {"type": "LogFloats", "path": ["Loss (Train)"], "values": [{"value": 5.298356533050537, "step": null, "ts": 1721985084.9700303}]}, "version": 164, "at": 1721985084.9700303}
{"obj": {"type": "LogFloats", "path": ["Gradient norm"], "values": [{"value": 0.03363874369942089, "step": null, "ts": 1721985084.9700303}]}, "version": 165, "at": 1721985084.9700303}
{"obj": {"type": "LogFloats", "path": ["Loss (Train)"], "values": [{"value": 5.2987141609191895, "step": null, "ts": 1721985085.05703}]}, "version": 166, "at": 1721985085.05703}
{"obj": {"type": "LogFloats", "path": ["Gradient norm"], "values": [{"value": 0.01915196564357097, "step": null, "ts": 1721985085.05703}]}, "version": 167, "at": 1721985085.05703}
{"obj": {"type": "LogFloats", "path": ["Loss (Train)"], "values": [{"value": 5.29786491394043, "step": null, "ts": 1721985085.1410313}]}, "version": 168, "at": 1721985085.1410313}
{"obj": {"type": "LogFloats", "path": ["Gradient norm"], "values": [{"value": 0.019955237890587302, "step": null, "ts": 1721985085.1410313}]}, "version": 169, "at": 1721985085.1410313}
{"obj": {"type": "LogFloats", "path": ["Loss (Train)"], "values": [{"value": 5.299639701843262, "step": null, "ts": 1721985085.22703}]}, "version": 170, "at": 1721985085.22703}
{"obj": {"type": "LogFloats", "path": ["Gradient norm"], "values": [{"value": 0.03781048241498021, "step": null, "ts": 1721985085.22703}]}, "version": 171, "at": 1721985085.22703}
{"obj": {"type": "LogFloats", "path": ["Loss (Train)"], "values": [{"value": 5.299374103546143, "step": null, "ts": 1721985085.3100297}]}, "version": 172, "at": 1721985085.3100297}
{"obj": {"type": "LogFloats", "path": ["Gradient norm"], "values": [{"value": 0.043143226046488514, "step": null, "ts": 1721985085.3100297}]}, "version": 173, "at": 1721985085.3100297}
{"obj": {"type": "LogFloats", "path": ["Loss (Train)"], "values": [{"value": 5.299737453460693, "step": null, "ts": 1721985085.3990302}]}, "version": 174, "at": 1721985085.3990302}
{"obj": {"type": "LogFloats", "path": ["Gradient norm"], "values": [{"value": 0.030917248780839634, "step": null, "ts": 1721985085.3990302}]}, "version": 175, "at": 1721985085.3990302}
{"obj": {"type": "LogFloats", "path": ["Loss (Train)"], "values": [{"value": 5.299577713012695, "step": null, "ts": 1721985085.4860303}]}, "version": 176, "at": 1721985085.4860303}
{"obj": {"type": "LogFloats", "path": ["Gradient norm"], "values": [{"value": 0.02568828955431518, "step": null, "ts": 1721985085.4860303}]}, "version": 177, "at": 1721985085.4860303}
{"obj": {"type": "LogFloats", "path": ["Loss (Train)"], "values": [{"value": 5.29980993270874, "step": null, "ts": 1721985085.57103}]}, "version": 178, "at": 1721985085.57103}
{"obj": {"type": "LogFloats", "path": ["Gradient norm"], "values": [{"value": 0.029218605613898708, "step": null, "ts": 1721985085.57103}]}, "version": 179, "at": 1721985085.57103}
{"obj": {"type": "LogFloats", "path": ["Loss (Train)"], "values": [{"value": 5.299439430236816, "step": null, "ts": 1721985085.6550303}]}, "version": 180, "at": 1721985085.6550303}
{"obj": {"type": "LogFloats", "path": ["Gradient norm"], "values": [{"value": 0.03758072166476515, "step": null, "ts": 1721985085.6550303}]}, "version": 181, "at": 1721985085.6550303}
{"obj": {"type": "LogFloats", "path": ["Loss (Train)"], "values": [{"value": 5.299164772033691, "step": null, "ts": 1721985085.7440307}]}, "version": 182, "at": 1721985085.7440307}
{"obj": {"type": "LogFloats", "path": ["Gradient norm"], "values": [{"value": 0.03740279430124765, "step": null, "ts": 1721985085.7440307}]}, "version": 183, "at": 1721985085.7440307}
{"obj": {"type": "LogFloats", "path": ["Loss (Train)"], "values": [{"value": 5.299052715301514, "step": null, "ts": 1721985085.8570385}]}, "version": 184, "at": 1721985085.8570385}
{"obj": {"type": "LogFloats", "path": ["Gradient norm"], "values": [{"value": 0.0287122737475231, "step": null, "ts": 1721985085.858039}]}, "version": 185, "at": 1721985085.858039}
{"obj": {"type": "LogFloats", "path": ["Loss (Train)"], "values": [{"value": 5.298167705535889, "step": null, "ts": 1721985085.9580462}]}, "version": 186, "at": 1721985085.9580462}
{"obj": {"type": "LogFloats", "path": ["Gradient norm"], "values": [{"value": 0.022918549628901292, "step": null, "ts": 1721985085.9590464}]}, "version": 187, "at": 1721985085.9590464}
{"obj": {"type": "LogFloats", "path": ["Loss (Train)"], "values": [{"value": 5.297122955322266, "step": null, "ts": 1721985086.0500462}]}, "version": 188, "at": 1721985086.0500462}
{"obj": {"type": "LogFloats", "path": ["Gradient norm"], "values": [{"value": 0.03533547682787752, "step": null, "ts": 1721985086.0500462}]}, "version": 189, "at": 1721985086.0500462}
{"obj": {"type": "LogFloats", "path": ["Loss (Train)"], "values": [{"value": 5.295795440673828, "step": null, "ts": 1721985086.1440465}]}, "version": 190, "at": 1721985086.1440465}
{"obj": {"type": "LogFloats", "path": ["Gradient norm"], "values": [{"value": 0.09157378241358943, "step": null, "ts": 1721985086.1440465}]}, "version": 191, "at": 1721985086.1440465}
{"obj": {"type": "LogFloats", "path": ["Loss (Train)"], "values": [{"value": 5.295882225036621, "step": null, "ts": 1721985086.2350457}]}, "version": 192, "at": 1721985086.2350457}
{"obj": {"type": "LogFloats", "path": ["Gradient norm"], "values": [{"value": 0.05510434751161708, "step": null, "ts": 1721985086.2350457}]}, "version": 193, "at": 1721985086.2350457}
{"obj": {"type": "LogFloats", "path": ["Loss (Train)"], "values": [{"value": 5.301714897155762, "step": null, "ts": 1721985086.3270457}]}, "version": 194, "at": 1721985086.3270457}
{"obj": {"type": "LogFloats", "path": ["Gradient norm"], "values": [{"value": 0.06023489766011399, "step": null, "ts": 1721985086.3270457}]}, "version": 195, "at": 1721985086.3270457}
{"obj": {"type": "LogFloats", "path": ["Loss (Train)"], "values": [{"value": 5.292883396148682, "step": null, "ts": 1721985086.415047}]}, "version": 196, "at": 1721985086.415047}
{"obj": {"type": "LogFloats", "path": ["Gradient norm"], "values": [{"value": 0.043295536541848374, "step": null, "ts": 1721985086.415047}]}, "version": 197, "at": 1721985086.416048}
{"obj": {"type": "LogFloats", "path": ["Loss (Train)"], "values": [{"value": 5.298381328582764, "step": null, "ts": 1721985086.5040467}]}, "version": 198, "at": 1721985086.5040467}
{"obj": {"type": "LogFloats", "path": ["Gradient norm"], "values": [{"value": 0.00973902857277613, "step": null, "ts": 1721985086.5040467}]}, "version": 199, "at": 1721985086.5040467}
{"obj": {"type": "LogFloats", "path": ["Loss (Train)"], "values": [{"value": 5.2983903884887695, "step": null, "ts": 1721985086.5880468}]}, "version": 200, "at": 1721985086.5880468}
{"obj": {"type": "LogFloats", "path": ["Gradient norm"], "values": [{"value": 0.014002701634714353, "step": null, "ts": 1721985086.5880468}]}, "version": 201, "at": 1721985086.5880468}
{"obj": {"type": "LogFloats", "path": ["Loss (Train)"], "values": [{"value": 5.305706024169922, "step": null, "ts": 1721985086.6770468}]}, "version": 202, "at": 1721985086.6770468}
{"obj": {"type": "LogFloats", "path": ["Gradient norm"], "values": [{"value": 0.028495070381798, "step": null, "ts": 1721985086.6770468}]}, "version": 203, "at": 1721985086.6770468}
{"obj": {"type": "LogFloats", "path": ["Loss (Train)"], "values": [{"value": 5.305834770202637, "step": null, "ts": 1721985086.7610455}]}, "version": 204, "at": 1721985086.7610455}
{"obj": {"type": "LogFloats", "path": ["Gradient norm"], "values": [{"value": 0.02599230461746169, "step": null, "ts": 1721985086.7610455}]}, "version": 205, "at": 1721985086.7610455}
{"obj": {"type": "LogFloats", "path": ["Loss (Train)"], "values": [{"value": 5.284285545349121, "step": null, "ts": 1721985086.8490467}]}, "version": 206, "at": 1721985086.8490467}
{"obj": {"type": "LogFloats", "path": ["Gradient norm"], "values": [{"value": 0.0233444511327085, "step": null, "ts": 1721985086.8490467}]}, "version": 207, "at": 1721985086.8490467}
{"obj": {"type": "LogFloats", "path": ["Loss (Train)"], "values": [{"value": 5.291403293609619, "step": null, "ts": 1721985086.9380457}]}, "version": 208, "at": 1721985086.9380457}
{"obj": {"type": "LogFloats", "path": ["Gradient norm"], "values": [{"value": 0.005015124153093909, "step": null, "ts": 1721985086.9380457}]}, "version": 209, "at": 1721985086.9380457}
{"obj": {"type": "LogFloats", "path": ["Loss (Train)"], "values": [{"value": 5.306060791015625, "step": null, "ts": 1721985087.0270457}]}, "version": 210, "at": 1721985087.0270457}
{"obj": {"type": "LogFloats", "path": ["Gradient norm"], "values": [{"value": 0.02094208253355008, "step": null, "ts": 1721985087.0270457}]}, "version": 211, "at": 1721985087.0270457}
{"obj": {"type": "LogFloats", "path": ["Loss (Train)"], "values": [{"value": 5.30605411529541, "step": null, "ts": 1721985087.1180458}]}, "version": 212, "at": 1721985087.1190479}
{"obj": {"type": "LogFloats", "path": ["Gradient norm"], "values": [{"value": 0.021225893276206702, "step": null, "ts": 1721985087.1190479}]}, "version": 213, "at": 1721985087.1190479}
{"obj": {"type": "LogFloats", "path": ["Loss (Train)"], "values": [{"value": 5.291478157043457, "step": null, "ts": 1721985087.2090468}]}, "version": 214, "at": 1721985087.2090468}
{"obj": {"type": "LogFloats", "path": ["Gradient norm"], "values": [{"value": 0.006988218245514818, "step": null, "ts": 1721985087.2090468}]}, "version": 215, "at": 1721985087.2090468}
{"obj": {"type": "LogFloats", "path": ["Loss (Train)"], "values": [{"value": 5.2987165451049805, "step": null, "ts": 1721985087.294046}]}, "version": 216, "at": 1721985087.294046}
{"obj": {"type": "LogFloats", "path": ["Gradient norm"], "values": [{"value": 0.008305335534332065, "step": null, "ts": 1721985087.294046}]}, "version": 217, "at": 1721985087.294046}
{"obj": {"type": "LogFloats", "path": ["Loss (Train)"], "values": [{"value": 5.305908203125, "step": null, "ts": 1721985087.3850458}]}, "version": 218, "at": 1721985087.3850458}
{"obj": {"type": "LogFloats", "path": ["Gradient norm"], "values": [{"value": 0.02426761015428442, "step": null, "ts": 1721985087.3850458}]}, "version": 219, "at": 1721985087.3850458}
{"obj": {"type": "LogFloats", "path": ["Loss (Train)"], "values": [{"value": 5.298606872558594, "step": null, "ts": 1721985087.4730473}]}, "version": 220, "at": 1721985087.4730473}
{"obj": {"type": "LogFloats", "path": ["Gradient norm"], "values": [{"value": 0.01075171461880183, "step": null, "ts": 1721985087.4730473}]}, "version": 221, "at": 1721985087.4730473}
{"obj": {"type": "LogFloats", "path": ["Loss (Train)"], "values": [{"value": 5.298494338989258, "step": null, "ts": 1721985087.5910459}]}, "version": 222, "at": 1721985087.5910459}
{"obj": {"type": "LogFloats", "path": ["Gradient norm"], "values": [{"value": 0.012967059639491747, "step": null, "ts": 1721985087.5920463}]}, "version": 223, "at": 1721985087.5920463}
{"obj": {"type": "LogFloats", "path": ["Loss (Train)"], "values": [{"value": 5.305039405822754, "step": null, "ts": 1721985087.6750553}]}, "version": 224, "at": 1721985087.6750553}
{"obj": {"type": "LogFloats", "path": ["Gradient norm"], "values": [{"value": 0.04202071209726844, "step": null, "ts": 1721985087.6750553}]}, "version": 225, "at": 1721985087.6750553}
{"obj": {"type": "LogFloats", "path": ["Loss (Train)"], "values": [{"value": 5.304378986358643, "step": null, "ts": 1721985087.7600563}]}, "version": 226, "at": 1721985087.7600563}
{"obj": {"type": "LogFloats", "path": ["Gradient norm"], "values": [{"value": 0.051724654010708894, "step": null, "ts": 1721985087.7600563}]}, "version": 227, "at": 1721985087.7600563}
{"obj": {"type": "LogFloats", "path": ["Loss (Train)"], "values": [{"value": 5.298179626464844, "step": null, "ts": 1721985087.842056}]}, "version": 228, "at": 1721985087.842056}
{"obj": {"type": "LogFloats", "path": ["Gradient norm"], "values": [{"value": 0.009574719605975175, "step": null, "ts": 1721985087.843057}]}, "version": 229, "at": 1721985087.843057}
{"obj": {"type": "LogFloats", "path": ["Loss (Train)"], "values": [{"value": 5.301715850830078, "step": null, "ts": 1721985087.9280562}]}, "version": 230, "at": 1721985087.9280562}
{"obj": {"type": "LogFloats", "path": ["Gradient norm"], "values": [{"value": 0.06841597514492323, "step": null, "ts": 1721985087.9280562}]}, "version": 231, "at": 1721985087.9280562}
{"obj": {"type": "LogFloats", "path": ["Loss (Train)"], "values": [{"value": 5.3011860847473145, "step": null, "ts": 1721985088.0110564}]}, "version": 232, "at": 1721985088.0110564}
{"obj": {"type": "LogFloats", "path": ["Gradient norm"], "values": [{"value": 0.04110028844161927, "step": null, "ts": 1721985088.0110564}]}, "version": 233, "at": 1721985088.0110564}
{"obj": {"type": "LogFloats", "path": ["Loss (Train)"], "values": [{"value": 5.2994890213012695, "step": null, "ts": 1721985088.0980551}]}, "version": 234, "at": 1721985088.0980551}
{"obj": {"type": "LogFloats", "path": ["Gradient norm"], "values": [{"value": 0.03246177687557341, "step": null, "ts": 1721985088.0980551}]}, "version": 235, "at": 1721985088.0980551}
{"obj": {"type": "LogFloats", "path": ["Loss (Train)"], "values": [{"value": 5.298816680908203, "step": null, "ts": 1721985088.1860561}]}, "version": 236, "at": 1721985088.1860561}
{"obj": {"type": "LogFloats", "path": ["Gradient norm"], "values": [{"value": 0.031826699174005976, "step": null, "ts": 1721985088.1860561}]}, "version": 237, "at": 1721985088.1860561}
{"obj": {"type": "LogFloats", "path": ["Loss (Train)"], "values": [{"value": 5.298093795776367, "step": null, "ts": 1721985088.2720556}]}, "version": 238, "at": 1721985088.2720556}
{"obj": {"type": "LogFloats", "path": ["Gradient norm"], "values": [{"value": 0.0246466857789853, "step": null, "ts": 1721985088.2730567}]}, "version": 239, "at": 1721985088.2730567}
{"obj": {"type": "LogFloats", "path": ["Loss (Train)"], "values": [{"value": 5.297544479370117, "step": null, "ts": 1721985088.3580568}]}, "version": 240, "at": 1721985088.3580568}
{"obj": {"type": "LogFloats", "path": ["Gradient norm"], "values": [{"value": 0.027816962070636452, "step": null, "ts": 1721985088.3580568}]}, "version": 241, "at": 1721985088.3580568}
{"obj": {"type": "LogFloats", "path": ["Loss (Train)"], "values": [{"value": 5.298037528991699, "step": null, "ts": 1721985088.4420555}]}, "version": 242, "at": 1721985088.4420555}
{"obj": {"type": "LogFloats", "path": ["Gradient norm"], "values": [{"value": 0.017222448863841517, "step": null, "ts": 1721985088.4420555}]}, "version": 243, "at": 1721985088.4420555}
{"obj": {"type": "LogFloats", "path": ["Loss (Train)"], "values": [{"value": 5.295758247375488, "step": null, "ts": 1721985088.524918}]}, "version": 244, "at": 1721985088.524918}
{"obj": {"type": "LogFloats", "path": ["Gradient norm"], "values": [{"value": 0.04445711030176355, "step": null, "ts": 1721985088.524918}]}, "version": 245, "at": 1721985088.524918}
{"obj": {"type": "LogFloats", "path": ["Loss (Train)"], "values": [{"value": 5.298651695251465, "step": null, "ts": 1721985088.6119163}]}, "version": 246, "at": 1721985088.6119163}
{"obj": {"type": "LogFloats", "path": ["Gradient norm"], "values": [{"value": 0.026775347327848847, "step": null, "ts": 1721985088.6119163}]}, "version": 247, "at": 1721985088.6119163}
{"obj": {"type": "LogFloats", "path": ["Loss (Train)"], "values": [{"value": 5.298226356506348, "step": null, "ts": 1721985088.6949158}]}, "version": 248, "at": 1721985088.6949158}
{"obj": {"type": "LogFloats", "path": ["Gradient norm"], "values": [{"value": 0.017875510082155325, "step": null, "ts": 1721985088.6949158}]}, "version": 249, "at": 1721985088.6949158}
{"obj": {"type": "LogFloats", "path": ["Loss (Train)"], "values": [{"value": 5.298414707183838, "step": null, "ts": 1721985088.7925165}]}, "version": 250, "at": 1721985088.7925165}
{"obj": {"type": "LogFloats", "path": ["Gradient norm"], "values": [{"value": 0.04974228441585185, "step": null, "ts": 1721985088.7925165}]}, "version": 251, "at": 1721985088.7925165}
{"obj": {"type": "LogFloats", "path": ["Loss (Train)"], "values": [{"value": 5.297849655151367, "step": null, "ts": 1721985088.8815145}]}, "version": 252, "at": 1721985088.8815145}
{"obj": {"type": "LogFloats", "path": ["Gradient norm"], "values": [{"value": 0.05611712389913284, "step": null, "ts": 1721985088.8815145}]}, "version": 253, "at": 1721985088.8815145}
{"obj": {"type": "LogFloats", "path": ["Loss (Train)"], "values": [{"value": 5.295385360717773, "step": null, "ts": 1721985088.9705145}]}, "version": 254, "at": 1721985088.9705145}
{"obj": {"type": "LogFloats", "path": ["Gradient norm"], "values": [{"value": 0.04931958986661545, "step": null, "ts": 1721985088.9705145}]}, "version": 255, "at": 1721985088.9705145}
{"obj": {"type": "LogFloats", "path": ["Loss (Train)"], "values": [{"value": 5.300264835357666, "step": null, "ts": 1721985089.0555146}]}, "version": 256, "at": 1721985089.0555146}
{"obj": {"type": "LogFloats", "path": ["Gradient norm"], "values": [{"value": 0.06783278175705794, "step": null, "ts": 1721985089.0555146}]}, "version": 257, "at": 1721985089.0555146}
{"obj": {"type": "LogFloats", "path": ["Loss (Train)"], "values": [{"value": 5.301383972167969, "step": null, "ts": 1721985089.1485147}]}, "version": 258, "at": 1721985089.1485147}
{"obj": {"type": "LogFloats", "path": ["Gradient norm"], "values": [{"value": 0.058499263730035674, "step": null, "ts": 1721985089.1485147}]}, "version": 259, "at": 1721985089.1485147}
{"obj": {"type": "LogFloats", "path": ["Loss (Train)"], "values": [{"value": 5.298511981964111, "step": null, "ts": 1721985089.2355146}]}, "version": 260, "at": 1721985089.2355146}
{"obj": {"type": "LogFloats", "path": ["Gradient norm"], "values": [{"value": 0.019236548713763815, "step": null, "ts": 1721985089.2355146}]}, "version": 261, "at": 1721985089.2355146}
{"obj": {"type": "LogFloats", "path": ["Loss (Train)"], "values": [{"value": 5.298194408416748, "step": null, "ts": 1721985089.3275146}]}, "version": 262, "at": 1721985089.3275146}
{"obj": {"type": "LogFloats", "path": ["Gradient norm"], "values": [{"value": 0.018875733582025673, "step": null, "ts": 1721985089.3275146}]}, "version": 263, "at": 1721985089.3275146}
{"obj": {"type": "LogFloats", "path": ["Loss (Train)"], "values": [{"value": 5.293331146240234, "step": null, "ts": 1721985089.4155166}]}, "version": 264, "at": 1721985089.4155166}
{"obj": {"type": "LogFloats", "path": ["Gradient norm"], "values": [{"value": 0.04757612764558364, "step": null, "ts": 1721985089.4155166}]}, "version": 265, "at": 1721985089.4155166}
{"obj": {"type": "LogFloats", "path": ["Loss (Train)"], "values": [{"value": 5.3009161949157715, "step": null, "ts": 1721985089.5075145}]}, "version": 266, "at": 1721985089.5075145}
{"obj": {"type": "LogFloats", "path": ["Gradient norm"], "values": [{"value": 0.0848607509388976, "step": null, "ts": 1721985089.5075145}]}, "version": 267, "at": 1721985089.5075145}
{"obj": {"type": "LogFloats", "path": ["Loss (Train)"], "values": [{"value": 5.302286148071289, "step": null, "ts": 1721985089.5925167}]}, "version": 268, "at": 1721985089.5925167}
{"obj": {"type": "LogFloats", "path": ["Gradient norm"], "values": [{"value": 0.051562609748568675, "step": null, "ts": 1721985089.5925167}]}, "version": 269, "at": 1721985089.5925167}
{"obj": {"type": "LogFloats", "path": ["Loss (Train)"], "values": [{"value": 5.295323848724365, "step": null, "ts": 1721985089.6795142}]}, "version": 270, "at": 1721985089.6795142}
{"obj": {"type": "LogFloats", "path": ["Gradient norm"], "values": [{"value": 0.07520892147012855, "step": null, "ts": 1721985089.6795142}]}, "version": 271, "at": 1721985089.6795142}
{"obj": {"type": "LogFloats", "path": ["Loss (Train)"], "values": [{"value": 5.297905445098877, "step": null, "ts": 1721985089.7675147}]}, "version": 272, "at": 1721985089.7675147}
{"obj": {"type": "LogFloats", "path": ["Gradient norm"], "values": [{"value": 0.02091072950705348, "step": null, "ts": 1721985089.7675147}]}, "version": 273, "at": 1721985089.7675147}
{"obj": {"type": "LogFloats", "path": ["Loss (Train)"], "values": [{"value": 5.298099517822266, "step": null, "ts": 1721985089.8575141}]}, "version": 274, "at": 1721985089.8575141}
{"obj": {"type": "LogFloats", "path": ["Gradient norm"], "values": [{"value": 0.016958356521687087, "step": null, "ts": 1721985089.8575141}]}, "version": 275, "at": 1721985089.8575141}
{"obj": {"type": "LogFloats", "path": ["Loss (Train)"], "values": [{"value": 5.300761699676514, "step": null, "ts": 1721985089.941515}]}, "version": 276, "at": 1721985089.941515}
{"obj": {"type": "LogFloats", "path": ["Gradient norm"], "values": [{"value": 0.06641057623665986, "step": null, "ts": 1721985089.941515}]}, "version": 277, "at": 1721985089.941515}
{"obj": {"type": "LogFloats", "path": ["Loss (Train)"], "values": [{"value": 5.295070171356201, "step": null, "ts": 1721985090.0315163}]}, "version": 278, "at": 1721985090.0315163}
{"obj": {"type": "LogFloats", "path": ["Gradient norm"], "values": [{"value": 0.06729548412481369, "step": null, "ts": 1721985090.0315163}]}, "version": 279, "at": 1721985090.0315163}
{"obj": {"type": "LogFloats", "path": ["Loss (Train)"], "values": [{"value": 5.297093391418457, "step": null, "ts": 1721985090.1205153}]}, "version": 280, "at": 1721985090.1205153}
{"obj": {"type": "LogFloats", "path": ["Gradient norm"], "values": [{"value": 0.013215308642195944, "step": null, "ts": 1721985090.1205153}]}, "version": 281, "at": 1721985090.1205153}
{"obj": {"type": "LogFloats", "path": ["Loss (Train)"], "values": [{"value": 5.298229217529297, "step": null, "ts": 1721985090.209515}]}, "version": 282, "at": 1721985090.209515}
{"obj": {"type": "LogFloats", "path": ["Gradient norm"], "values": [{"value": 0.014437479030952572, "step": null, "ts": 1721985090.209515}]}, "version": 283, "at": 1721985090.209515}
{"obj": {"type": "LogFloats", "path": ["Loss (Train)"], "values": [{"value": 5.298070907592773, "step": null, "ts": 1721985090.3025153}]}, "version": 284, "at": 1721985090.3025153}
{"obj": {"type": "LogFloats", "path": ["Gradient norm"], "values": [{"value": 0.010982152886463696, "step": null, "ts": 1721985090.3025153}]}, "version": 285, "at": 1721985090.3025153}
{"obj": {"type": "LogFloats", "path": ["Loss (Train)"], "values": [{"value": 5.296154022216797, "step": null, "ts": 1721985090.3945148}]}, "version": 286, "at": 1721985090.3945148}
{"obj": {"type": "LogFloats", "path": ["Gradient norm"], "values": [{"value": 0.032823241349408665, "step": null, "ts": 1721985090.3945148}]}, "version": 287, "at": 1721985090.3945148}
{"obj": {"type": "LogFloats", "path": ["Loss (Train)"], "values": [{"value": 5.301254749298096, "step": null, "ts": 1721985090.4845161}]}, "version": 288, "at": 1721985090.4845161}
{"obj": {"type": "LogFloats", "path": ["Gradient norm"], "values": [{"value": 0.05876902552562985, "step": null, "ts": 1721985090.4845161}]}, "version": 289, "at": 1721985090.4845161}
{"obj": {"type": "LogFloats", "path": ["Loss (Train)"], "values": [{"value": 5.3011016845703125, "step": null, "ts": 1721985090.5755143}]}, "version": 290, "at": 1721985090.5755143}
{"obj": {"type": "LogFloats", "path": ["Gradient norm"], "values": [{"value": 0.051256208982918855, "step": null, "ts": 1721985090.5755143}]}, "version": 291, "at": 1721985090.5755143}
{"obj": {"type": "LogFloats", "path": ["Loss (Train)"], "values": [{"value": 5.2972002029418945, "step": null, "ts": 1721985090.6615164}]}, "version": 292, "at": 1721985090.6615164}
{"obj": {"type": "LogFloats", "path": ["Gradient norm"], "values": [{"value": 0.02147618766059488, "step": null, "ts": 1721985090.6615164}]}, "version": 293, "at": 1721985090.6615164}
{"obj": {"type": "LogFloats", "path": ["Loss (Train)"], "values": [{"value": 5.299978256225586, "step": null, "ts": 1721985090.7505338}]}, "version": 294, "at": 1721985090.7505338}
{"obj": {"type": "LogFloats", "path": ["Gradient norm"], "values": [{"value": 0.03597665793246365, "step": null, "ts": 1721985090.7505338}]}, "version": 295, "at": 1721985090.7505338}
{"obj": {"type": "LogFloats", "path": ["Loss (Train)"], "values": [{"value": 5.297648906707764, "step": null, "ts": 1721985090.8345346}]}, "version": 296, "at": 1721985090.8345346}
{"obj": {"type": "LogFloats", "path": ["Gradient norm"], "values": [{"value": 0.027294106106140057, "step": null, "ts": 1721985090.8345346}]}, "version": 297, "at": 1721985090.8345346}
{"obj": {"type": "LogFloats", "path": ["Loss (Train)"], "values": [{"value": 5.296810150146484, "step": null, "ts": 1721985090.9235358}]}, "version": 298, "at": 1721985090.9235358}
{"obj": {"type": "LogFloats", "path": ["Gradient norm"], "values": [{"value": 0.0355415684488475, "step": null, "ts": 1721985090.9235358}]}, "version": 299, "at": 1721985090.9235358}
{"obj": {"type": "LogFloats", "path": ["Loss (Train)"], "values": [{"value": 5.300509929656982, "step": null, "ts": 1721985091.0075364}]}, "version": 300, "at": 1721985091.0085344}
{"obj": {"type": "LogFloats", "path": ["Gradient norm"], "values": [{"value": 0.021954212861079233, "step": null, "ts": 1721985091.0085344}]}, "version": 301, "at": 1721985091.0085344}
{"obj": {"type": "LogFloats", "path": ["Loss (Train)"], "values": [{"value": 5.298513412475586, "step": null, "ts": 1721985091.0965343}]}, "version": 302, "at": 1721985091.0965343}
{"obj": {"type": "LogFloats", "path": ["Gradient norm"], "values": [{"value": 0.04842312683358965, "step": null, "ts": 1721985091.0965343}]}, "version": 303, "at": 1721985091.0965343}
{"obj": {"type": "LogFloats", "path": ["Loss (Train)"], "values": [{"value": 5.299130439758301, "step": null, "ts": 1721985091.1835346}]}, "version": 304, "at": 1721985091.1835346}
{"obj": {"type": "LogFloats", "path": ["Gradient norm"], "values": [{"value": 0.04093161195686123, "step": null, "ts": 1721985091.1835346}]}, "version": 305, "at": 1721985091.1835346}
{"obj": {"type": "LogFloats", "path": ["Loss (Train)"], "values": [{"value": 5.29886531829834, "step": null, "ts": 1721985091.2725363}]}, "version": 306, "at": 1721985091.2725363}
{"obj": {"type": "LogFloats", "path": ["Gradient norm"], "values": [{"value": 0.03408128971240136, "step": null, "ts": 1721985091.2725363}]}, "version": 307, "at": 1721985091.2725363}
{"obj": {"type": "LogFloats", "path": ["Loss (Train)"], "values": [{"value": 5.297729015350342, "step": null, "ts": 1721985091.3575337}]}, "version": 308, "at": 1721985091.3575337}
{"obj": {"type": "LogFloats", "path": ["Gradient norm"], "values": [{"value": 0.02206346872569559, "step": null, "ts": 1721985091.3575337}]}, "version": 309, "at": 1721985091.3575337}
{"obj": {"type": "LogFloats", "path": ["Loss (Train)"], "values": [{"value": 5.298577308654785, "step": null, "ts": 1721985091.4485364}]}, "version": 310, "at": 1721985091.4485364}
{"obj": {"type": "LogFloats", "path": ["Gradient norm"], "values": [{"value": 0.023632826460980333, "step": null, "ts": 1721985091.4485364}]}, "version": 311, "at": 1721985091.4485364}
{"obj": {"type": "LogFloats", "path": ["Loss (Train)"], "values": [{"value": 5.2973175048828125, "step": null, "ts": 1721985091.5325363}]}, "version": 312, "at": 1721985091.5325363}
{"obj": {"type": "LogFloats", "path": ["Gradient norm"], "values": [{"value": 0.029221627676804304, "step": null, "ts": 1721985091.5325363}]}, "version": 313, "at": 1721985091.5325363}
{"obj": {"type": "LogFloats", "path": ["Loss (Train)"], "values": [{"value": 5.29780912399292, "step": null, "ts": 1721985091.6205337}]}, "version": 314, "at": 1721985091.6205337}
{"obj": {"type": "LogFloats", "path": ["Gradient norm"], "values": [{"value": 0.04086407369443924, "step": null, "ts": 1721985091.6205337}]}, "version": 315, "at": 1721985091.6205337}
{"obj": {"type": "LogFloats", "path": ["Loss (Train)"], "values": [{"value": 5.300745487213135, "step": null, "ts": 1721985091.7265346}]}, "version": 316, "at": 1721985091.7265346}
{"obj": {"type": "LogFloats", "path": ["Gradient norm"], "values": [{"value": 0.017598187819950414, "step": null, "ts": 1721985091.7265346}]}, "version": 317, "at": 1721985091.7265346}
{"obj": {"type": "LogFloats", "path": ["Loss (Train)"], "values": [{"value": 5.298159122467041, "step": null, "ts": 1721985091.814535}]}, "version": 318, "at": 1721985091.814535}
{"obj": {"type": "LogFloats", "path": ["Gradient norm"], "values": [{"value": 0.02754047400062923, "step": null, "ts": 1721985091.8155367}]}, "version": 319, "at": 1721985091.8155367}
{"obj": {"type": "LogFloats", "path": ["Loss (Train)"], "values": [{"value": 5.298614501953125, "step": null, "ts": 1721985091.899534}]}, "version": 320, "at": 1721985091.899534}
{"obj": {"type": "LogFloats", "path": ["Gradient norm"], "values": [{"value": 0.03575501592931334, "step": null, "ts": 1721985091.899534}]}, "version": 321, "at": 1721985091.899534}
{"obj": {"type": "LogFloats", "path": ["Loss (Train)"], "values": [{"value": 5.299075126647949, "step": null, "ts": 1721985091.9885392}]}, "version": 322, "at": 1721985091.9885392}
{"obj": {"type": "LogFloats", "path": ["Gradient norm"], "values": [{"value": 0.023491769537640438, "step": null, "ts": 1721985091.9885392}]}, "version": 323, "at": 1721985091.9885392}
{"obj": {"type": "LogFloats", "path": ["Loss (Train)"], "values": [{"value": 5.296563625335693, "step": null, "ts": 1721985092.075534}]}, "version": 324, "at": 1721985092.075534}
{"obj": {"type": "LogFloats", "path": ["Gradient norm"], "values": [{"value": 0.0330710073209446, "step": null, "ts": 1721985092.075534}]}, "version": 325, "at": 1721985092.075534}
{"obj": {"type": "LogFloats", "path": ["Loss (Train)"], "values": [{"value": 5.297528266906738, "step": null, "ts": 1721985092.161536}]}, "version": 326, "at": 1721985092.161536}
{"obj": {"type": "LogFloats", "path": ["Gradient norm"], "values": [{"value": 0.03904191678181235, "step": null, "ts": 1721985092.161536}]}, "version": 327, "at": 1721985092.161536}
{"obj": {"type": "LogFloats", "path": ["Loss (Train)"], "values": [{"value": 5.29733419418335, "step": null, "ts": 1721985092.2465363}]}, "version": 328, "at": 1721985092.2465363}
{"obj": {"type": "LogFloats", "path": ["Gradient norm"], "values": [{"value": 0.013967203212896682, "step": null, "ts": 1721985092.2465363}]}, "version": 329, "at": 1721985092.2465363}
{"obj": {"type": "LogFloats", "path": ["Loss (Train)"], "values": [{"value": 5.2984113693237305, "step": null, "ts": 1721985092.3345342}]}, "version": 330, "at": 1721985092.3355365}
{"obj": {"type": "LogFloats", "path": ["Gradient norm"], "values": [{"value": 0.0459118499060707, "step": null, "ts": 1721985092.3355365}]}, "version": 331, "at": 1721985092.3355365}
{"obj": {"type": "LogFloats", "path": ["Loss (Train)"], "values": [{"value": 5.299795150756836, "step": null, "ts": 1721985092.419535}]}, "version": 332, "at": 1721985092.419535}
{"obj": {"type": "LogFloats", "path": ["Gradient norm"], "values": [{"value": 0.03275197624887973, "step": null, "ts": 1721985092.419535}]}, "version": 333, "at": 1721985092.419535}
{"obj": {"type": "LogFloats", "path": ["Loss (Train)"], "values": [{"value": 5.29935884475708, "step": null, "ts": 1721985092.509534}]}, "version": 334, "at": 1721985092.509534}
{"obj": {"type": "LogFloats", "path": ["Gradient norm"], "values": [{"value": 0.030784273608458583, "step": null, "ts": 1721985092.509534}]}, "version": 335, "at": 1721985092.509534}
{"obj": {"type": "LogFloats", "path": ["Loss (Train)"], "values": [{"value": 5.299490928649902, "step": null, "ts": 1721985092.590535}]}, "version": 336, "at": 1721985092.590535}
{"obj": {"type": "LogFloats", "path": ["Gradient norm"], "values": [{"value": 0.03127854621150944, "step": null, "ts": 1721985092.590535}]}, "version": 337, "at": 1721985092.590535}
{"obj": {"type": "LogFloats", "path": ["Loss (Train)"], "values": [{"value": 5.296900749206543, "step": null, "ts": 1721985092.6825354}]}, "version": 338, "at": 1721985092.6825354}
{"obj": {"type": "LogFloats", "path": ["Gradient norm"], "values": [{"value": 0.05475820727747031, "step": null, "ts": 1721985092.6825354}]}, "version": 339, "at": 1721985092.6825354}
{"obj": {"type": "LogFloats", "path": ["Loss (Train)"], "values": [{"value": 5.297429084777832, "step": null, "ts": 1721985092.7895353}]}, "version": 340, "at": 1721985092.7895353}
{"obj": {"type": "LogFloats", "path": ["Gradient norm"], "values": [{"value": 0.039293079756324116, "step": null, "ts": 1721985092.7895353}]}, "version": 341, "at": 1721985092.7895353}
{"obj": {"type": "LogFloats", "path": ["Loss (Train)"], "values": [{"value": 5.297547340393066, "step": null, "ts": 1721985092.8775342}]}, "version": 342, "at": 1721985092.8775342}
{"obj": {"type": "LogFloats", "path": ["Gradient norm"], "values": [{"value": 0.05424555131211466, "step": null, "ts": 1721985092.8775342}]}, "version": 343, "at": 1721985092.8775342}
{"obj": {"type": "LogFloats", "path": ["Loss (Train)"], "values": [{"value": 5.29982852935791, "step": null, "ts": 1721985092.9625356}]}, "version": 344, "at": 1721985092.9625356}
{"obj": {"type": "LogFloats", "path": ["Gradient norm"], "values": [{"value": 0.035271328553687045, "step": null, "ts": 1721985092.9635346}]}, "version": 345, "at": 1721985092.9635346}
{"obj": {"type": "LogFloats", "path": ["Loss (Train)"], "values": [{"value": 5.297576904296875, "step": null, "ts": 1721985093.055537}]}, "version": 346, "at": 1721985093.055537}
{"obj": {"type": "LogFloats", "path": ["Gradient norm"], "values": [{"value": 0.02228687951366868, "step": null, "ts": 1721985093.055537}]}, "version": 347, "at": 1721985093.055537}
{"obj": {"type": "LogFloats", "path": ["Loss (Train)"], "values": [{"value": 5.299633026123047, "step": null, "ts": 1721985093.1415339}]}, "version": 348, "at": 1721985093.1415339}
{"obj": {"type": "LogFloats", "path": ["Gradient norm"], "values": [{"value": 0.04893739828728783, "step": null, "ts": 1721985093.1415339}]}, "version": 349, "at": 1721985093.1415339}
{"obj": {"type": "LogFloats", "path": ["Loss (Train)"], "values": [{"value": 5.299841403961182, "step": null, "ts": 1721985093.2305367}]}, "version": 350, "at": 1721985093.2305367}
{"obj": {"type": "LogFloats", "path": ["Gradient norm"], "values": [{"value": 0.04281515662409371, "step": null, "ts": 1721985093.2305367}]}, "version": 351, "at": 1721985093.2305367}
{"obj": {"type": "LogFloats", "path": ["Loss (Train)"], "values": [{"value": 5.297919273376465, "step": null, "ts": 1721985093.3185363}]}, "version": 352, "at": 1721985093.3185363}
{"obj": {"type": "LogFloats", "path": ["Gradient norm"], "values": [{"value": 0.024388910484044977, "step": null, "ts": 1721985093.3185363}]}, "version": 353, "at": 1721985093.3185363}
{"obj": {"type": "LogFloats", "path": ["Loss (Train)"], "values": [{"value": 5.30010986328125, "step": null, "ts": 1721985093.4095366}]}, "version": 354, "at": 1721985093.4095366}
{"obj": {"type": "LogFloats", "path": ["Gradient norm"], "values": [{"value": 0.03139341621804275, "step": null, "ts": 1721985093.4095366}]}, "version": 355, "at": 1721985093.4095366}
{"obj": {"type": "LogFloats", "path": ["Loss (Train)"], "values": [{"value": 5.297983169555664, "step": null, "ts": 1721985093.498535}]}, "version": 356, "at": 1721985093.498535}
{"obj": {"type": "LogFloats", "path": ["Gradient norm"], "values": [{"value": 0.02017287462473207, "step": null, "ts": 1721985093.498535}]}, "version": 357, "at": 1721985093.498535}
{"obj": {"type": "LogFloats", "path": ["Loss (Train)"], "values": [{"value": 5.299310684204102, "step": null, "ts": 1721985093.591534}]}, "version": 358, "at": 1721985093.591534}
{"obj": {"type": "LogFloats", "path": ["Gradient norm"], "values": [{"value": 0.029023261731243057, "step": null, "ts": 1721985093.5925336}]}, "version": 359, "at": 1721985093.5925336}
{"obj": {"type": "LogFloats", "path": ["Loss (Train)"], "values": [{"value": 5.295844554901123, "step": null, "ts": 1721985093.6755364}]}, "version": 360, "at": 1721985093.6765342}
{"obj": {"type": "LogFloats", "path": ["Gradient norm"], "values": [{"value": 0.03990872152129986, "step": null, "ts": 1721985093.6765342}]}, "version": 361, "at": 1721985093.6765342}
{"obj": {"type": "LogFloats", "path": ["Loss (Train)"], "values": [{"value": 5.2993693351745605, "step": null, "ts": 1721985093.762534}]}, "version": 362, "at": 1721985093.762534}
{"obj": {"type": "LogFloats", "path": ["Gradient norm"], "values": [{"value": 0.023779828465595898, "step": null, "ts": 1721985093.762534}]}, "version": 363, "at": 1721985093.762534}
{"obj": {"type": "LogFloats", "path": ["Loss (Train)"], "values": [{"value": 5.299576759338379, "step": null, "ts": 1721985093.847536}]}, "version": 364, "at": 1721985093.847536}
{"obj": {"type": "LogFloats", "path": ["Gradient norm"], "values": [{"value": 0.026423467337551944, "step": null, "ts": 1721985093.847536}]}, "version": 365, "at": 1721985093.847536}
{"obj": {"type": "LogFloats", "path": ["Loss (Train)"], "values": [{"value": 5.298651218414307, "step": null, "ts": 1721985093.9365337}]}, "version": 366, "at": 1721985093.9365337}
{"obj": {"type": "LogFloats", "path": ["Gradient norm"], "values": [{"value": 0.026380583157580146, "step": null, "ts": 1721985093.9365337}]}, "version": 367, "at": 1721985093.9365337}
{"obj": {"type": "LogFloats", "path": ["Loss (Train)"], "values": [{"value": 5.2983078956604, "step": null, "ts": 1721985094.0245335}]}, "version": 368, "at": 1721985094.0245335}
{"obj": {"type": "LogFloats", "path": ["Gradient norm"], "values": [{"value": 0.02684543311617321, "step": null, "ts": 1721985094.0245335}]}, "version": 369, "at": 1721985094.0245335}
{"obj": {"type": "LogFloats", "path": ["Loss (Train)"], "values": [{"value": 5.298552513122559, "step": null, "ts": 1721985094.1165342}]}, "version": 370, "at": 1721985094.1165342}
{"obj": {"type": "LogFloats", "path": ["Gradient norm"], "values": [{"value": 0.0236820735394007, "step": null, "ts": 1721985094.1165342}]}, "version": 371, "at": 1721985094.1165342}
{"obj": {"type": "LogFloats", "path": ["Loss (Train)"], "values": [{"value": 5.298452377319336, "step": null, "ts": 1721985094.2025352}]}, "version": 372, "at": 1721985094.2025352}
{"obj": {"type": "LogFloats", "path": ["Gradient norm"], "values": [{"value": 0.027695042450648612, "step": null, "ts": 1721985094.2025352}]}, "version": 373, "at": 1721985094.2025352}
{"obj": {"type": "LogFloats", "path": ["Loss (Train)"], "values": [{"value": 5.298832416534424, "step": null, "ts": 1721985094.2935348}]}, "version": 374, "at": 1721985094.2935348}
{"obj": {"type": "LogFloats", "path": ["Gradient norm"], "values": [{"value": 0.02362963922895536, "step": null, "ts": 1721985094.2935348}]}, "version": 375, "at": 1721985094.2935348}
{"obj": {"type": "LogFloats", "path": ["Loss (Train)"], "values": [{"value": 5.299882888793945, "step": null, "ts": 1721985094.3815348}]}, "version": 376, "at": 1721985094.3815348}
{"obj": {"type": "LogFloats", "path": ["Gradient norm"], "values": [{"value": 0.021894793911595763, "step": null, "ts": 1721985094.3815348}]}, "version": 377, "at": 1721985094.3815348}
{"obj": {"type": "LogFloats", "path": ["Loss (Train)"], "values": [{"value": 5.298710823059082, "step": null, "ts": 1721985094.4685342}]}, "version": 378, "at": 1721985094.4685342}
{"obj": {"type": "LogFloats", "path": ["Gradient norm"], "values": [{"value": 0.040135891116623704, "step": null, "ts": 1721985094.4685342}]}, "version": 379, "at": 1721985094.4685342}
{"obj": {"type": "LogFloats", "path": ["Loss (Train)"], "values": [{"value": 5.2993574142456055, "step": null, "ts": 1721985094.5565348}]}, "version": 380, "at": 1721985094.5565348}
{"obj": {"type": "LogFloats", "path": ["Gradient norm"], "values": [{"value": 0.022931613309823632, "step": null, "ts": 1721985094.5565348}]}, "version": 381, "at": 1721985094.5565348}
{"obj": {"type": "LogFloats", "path": ["Loss (Train)"], "values": [{"value": 5.299015522003174, "step": null, "ts": 1721985094.6445343}]}, "version": 382, "at": 1721985094.6445343}
{"obj": {"type": "LogFloats", "path": ["Gradient norm"], "values": [{"value": 0.02170493662782571, "step": null, "ts": 1721985094.6455348}]}, "version": 383, "at": 1721985094.6455348}
{"obj": {"type": "LogFloats", "path": ["Loss (Train)"], "values": [{"value": 5.299265384674072, "step": null, "ts": 1721985094.7365348}]}, "version": 384, "at": 1721985094.7365348}
{"obj": {"type": "LogFloats", "path": ["Gradient norm"], "values": [{"value": 0.02707087790758683, "step": null, "ts": 1721985094.7365348}]}, "version": 385, "at": 1721985094.7365348}
{"obj": {"type": "LogFloats", "path": ["Loss (Train)"], "values": [{"value": 5.297041416168213, "step": null, "ts": 1721985094.8265362}]}, "version": 386, "at": 1721985094.8265362}
{"obj": {"type": "LogFloats", "path": ["Gradient norm"], "values": [{"value": 0.041472299794244265, "step": null, "ts": 1721985094.8265362}]}, "version": 387, "at": 1721985094.8265362}
{"obj": {"type": "LogFloats", "path": ["Loss (Train)"], "values": [{"value": 5.2991132736206055, "step": null, "ts": 1721985094.9105353}]}, "version": 388, "at": 1721985094.9105353}
{"obj": {"type": "LogFloats", "path": ["Gradient norm"], "values": [{"value": 0.022939515640483674, "step": null, "ts": 1721985094.9105353}]}, "version": 389, "at": 1721985094.9105353}
{"obj": {"type": "LogFloats", "path": ["Loss (Train)"], "values": [{"value": 5.299028396606445, "step": null, "ts": 1721985094.9985363}]}, "version": 390, "at": 1721985094.9985363}
{"obj": {"type": "LogFloats", "path": ["Gradient norm"], "values": [{"value": 0.0398373148845429, "step": null, "ts": 1721985094.9985363}]}, "version": 391, "at": 1721985094.9985363}
{"obj": {"type": "LogFloats", "path": ["Loss (Train)"], "values": [{"value": 5.295437335968018, "step": null, "ts": 1721985095.0825338}]}, "version": 392, "at": 1721985095.0825338}
{"obj": {"type": "LogFloats", "path": ["Gradient norm"], "values": [{"value": 0.05020070253702109, "step": null, "ts": 1721985095.0825338}]}, "version": 393, "at": 1721985095.0825338}
{"obj": {"type": "LogFloats", "path": ["Loss (Train)"], "values": [{"value": 5.298264980316162, "step": null, "ts": 1721985095.1685343}]}, "version": 394, "at": 1721985095.1685343}
{"obj": {"type": "LogFloats", "path": ["Gradient norm"], "values": [{"value": 0.018337379041848557, "step": null, "ts": 1721985095.1685343}]}, "version": 395, "at": 1721985095.1685343}
{"obj": {"type": "LogFloats", "path": ["Loss (Train)"], "values": [{"value": 5.298095703125, "step": null, "ts": 1721985095.2565343}]}, "version": 396, "at": 1721985095.2565343}
{"obj": {"type": "LogFloats", "path": ["Gradient norm"], "values": [{"value": 0.014292302474415371, "step": null, "ts": 1721985095.2565343}]}, "version": 397, "at": 1721985095.2565343}
{"obj": {"type": "LogFloats", "path": ["Loss (Train)"], "values": [{"value": 5.301600456237793, "step": null, "ts": 1721985095.3485343}]}, "version": 398, "at": 1721985095.3485343}
{"obj": {"type": "LogFloats", "path": ["Gradient norm"], "values": [{"value": 0.056432107171023704, "step": null, "ts": 1721985095.3485343}]}, "version": 399, "at": 1721985095.3485343}
{"obj": {"type": "LogFloats", "path": ["Loss (Train)"], "values": [{"value": 5.298368453979492, "step": null, "ts": 1721985095.4365342}]}, "version": 400, "at": 1721985095.4365342}
{"obj": {"type": "LogFloats", "path": ["Gradient norm"], "values": [{"value": 0.011297670744918704, "step": null, "ts": 1721985095.4365342}]}, "version": 401, "at": 1721985095.4365342}
{"obj": {"type": "LogFloats", "path": ["Loss (Train)"], "values": [{"value": 5.301835060119629, "step": null, "ts": 1721985095.5295336}]}, "version": 402, "at": 1721985095.5295336}
{"obj": {"type": "LogFloats", "path": ["Gradient norm"], "values": [{"value": 0.05940450789081366, "step": null, "ts": 1721985095.5295336}]}, "version": 403, "at": 1721985095.5295336}
{"obj": {"type": "LogFloats", "path": ["Loss (Train)"], "values": [{"value": 5.301878452301025, "step": null, "ts": 1721985095.6165347}]}, "version": 404, "at": 1721985095.6165347}
{"obj": {"type": "LogFloats", "path": ["Gradient norm"], "values": [{"value": 0.051319065998969765, "step": null, "ts": 1721985095.6165347}]}, "version": 405, "at": 1721985095.6165347}
{"obj": {"type": "LogFloats", "path": ["Loss (Train)"], "values": [{"value": 5.30109977722168, "step": null, "ts": 1721985095.7055352}]}, "version": 406, "at": 1721985095.7055352}
{"obj": {"type": "LogFloats", "path": ["Gradient norm"], "values": [{"value": 0.04705654987911794, "step": null, "ts": 1721985095.7055352}]}, "version": 407, "at": 1721985095.7055352}
{"obj": {"type": "LogFloats", "path": ["Loss (Train)"], "values": [{"value": 5.301030158996582, "step": null, "ts": 1721985095.7905345}]}, "version": 408, "at": 1721985095.7905345}
{"obj": {"type": "LogFloats", "path": ["Gradient norm"], "values": [{"value": 0.030872101584004854, "step": null, "ts": 1721985095.7905345}]}, "version": 409, "at": 1721985095.7905345}
{"obj": {"type": "LogFloats", "path": ["Loss (Train)"], "values": [{"value": 5.298214435577393, "step": null, "ts": 1721985095.8825345}]}, "version": 410, "at": 1721985095.8825345}
{"obj": {"type": "LogFloats", "path": ["Gradient norm"], "values": [{"value": 0.02134073667939723, "step": null, "ts": 1721985095.8825345}]}, "version": 411, "at": 1721985095.8825345}
{"obj": {"type": "LogFloats", "path": ["Loss (Train)"], "values": [{"value": 5.298262596130371, "step": null, "ts": 1721985095.9645357}]}, "version": 412, "at": 1721985095.9645357}
{"obj": {"type": "LogFloats", "path": ["Gradient norm"], "values": [{"value": 0.02044785294718507, "step": null, "ts": 1721985095.9655354}]}, "version": 413, "at": 1721985095.9655354}
{"obj": {"type": "LogFloats", "path": ["Loss (Train)"], "values": [{"value": 5.297789573669434, "step": null, "ts": 1721985096.052534}]}, "version": 414, "at": 1721985096.052534}
{"obj": {"type": "LogFloats", "path": ["Gradient norm"], "values": [{"value": 0.021785551525925963, "step": null, "ts": 1721985096.052534}]}, "version": 415, "at": 1721985096.052534}
{"obj": {"type": "LogFloats", "path": ["Loss (Train)"], "values": [{"value": 5.298404216766357, "step": null, "ts": 1721985096.138534}]}, "version": 416, "at": 1721985096.1395383}
{"obj": {"type": "LogFloats", "path": ["Gradient norm"], "values": [{"value": 0.02107919077179454, "step": null, "ts": 1721985096.1395383}]}, "version": 417, "at": 1721985096.1395383}
{"obj": {"type": "LogFloats", "path": ["Loss (Train)"], "values": [{"value": 5.298807144165039, "step": null, "ts": 1721985096.226536}]}, "version": 418, "at": 1721985096.2275338}
{"obj": {"type": "LogFloats", "path": ["Gradient norm"], "values": [{"value": 0.020015412180340794, "step": null, "ts": 1721985096.2275338}]}, "version": 419, "at": 1721985096.2275338}
{"obj": {"type": "LogFloats", "path": ["Loss (Train)"], "values": [{"value": 5.296238899230957, "step": null, "ts": 1721985096.3105345}]}, "version": 420, "at": 1721985096.3105345}
{"obj": {"type": "LogFloats", "path": ["Gradient norm"], "values": [{"value": 0.04928996693346316, "step": null, "ts": 1721985096.3105345}]}, "version": 421, "at": 1721985096.3105345}
{"obj": {"type": "LogFloats", "path": ["Loss (Train)"], "values": [{"value": 5.2988505363464355, "step": null, "ts": 1721985096.4005342}]}, "version": 422, "at": 1721985096.4005342}
{"obj": {"type": "LogFloats", "path": ["Gradient norm"], "values": [{"value": 0.027020355044359737, "step": null, "ts": 1721985096.4015348}]}, "version": 423, "at": 1721985096.4015348}
{"obj": {"type": "LogFloats", "path": ["Loss (Train)"], "values": [{"value": 5.298266410827637, "step": null, "ts": 1721985096.486534}]}, "version": 424, "at": 1721985096.486534}
{"obj": {"type": "LogFloats", "path": ["Gradient norm"], "values": [{"value": 0.01851790264391233, "step": null, "ts": 1721985096.486534}]}, "version": 425, "at": 1721985096.486534}
{"obj": {"type": "LogFloats", "path": ["Loss (Train)"], "values": [{"value": 5.297704219818115, "step": null, "ts": 1721985096.5735343}]}, "version": 426, "at": 1721985096.5735343}
{"obj": {"type": "LogFloats", "path": ["Gradient norm"], "values": [{"value": 0.02024243280114944, "step": null, "ts": 1721985096.5735343}]}, "version": 427, "at": 1721985096.5735343}
{"obj": {"type": "LogFloats", "path": ["Loss (Train)"], "values": [{"value": 5.295617580413818, "step": null, "ts": 1721985096.6585348}]}, "version": 428, "at": 1721985096.6585348}
{"obj": {"type": "LogFloats", "path": ["Gradient norm"], "values": [{"value": 0.045522643674916166, "step": null, "ts": 1721985096.6595356}]}, "version": 429, "at": 1721985096.6595356}
{"obj": {"type": "LogFloats", "path": ["Loss (Train)"], "values": [{"value": 5.300597190856934, "step": null, "ts": 1721985096.7545347}]}, "version": 430, "at": 1721985096.7545347}
{"obj": {"type": "LogFloats", "path": ["Gradient norm"], "values": [{"value": 0.030526107194824945, "step": null, "ts": 1721985096.7545347}]}, "version": 431, "at": 1721985096.7545347}
{"obj": {"type": "LogFloats", "path": ["Loss (Train)"], "values": [{"value": 5.300350189208984, "step": null, "ts": 1721985096.8415341}]}, "version": 432, "at": 1721985096.8415341}
{"obj": {"type": "LogFloats", "path": ["Gradient norm"], "values": [{"value": 0.0415565535989298, "step": null, "ts": 1721985096.8415341}]}, "version": 433, "at": 1721985096.8415341}
{"obj": {"type": "LogFloats", "path": ["Loss (Train)"], "values": [{"value": 5.296116352081299, "step": null, "ts": 1721985096.9265344}]}, "version": 434, "at": 1721985096.9265344}
{"obj": {"type": "LogFloats", "path": ["Gradient norm"], "values": [{"value": 0.05855081436071625, "step": null, "ts": 1721985096.9265344}]}, "version": 435, "at": 1721985096.9265344}
{"obj": {"type": "LogFloats", "path": ["Loss (Train)"], "values": [{"value": 5.300047397613525, "step": null, "ts": 1721985097.0095336}]}, "version": 436, "at": 1721985097.0095336}
{"obj": {"type": "LogFloats", "path": ["Gradient norm"], "values": [{"value": 0.04797569235946147, "step": null, "ts": 1721985097.0095336}]}, "version": 437, "at": 1721985097.0095336}
{"obj": {"type": "LogFloats", "path": ["Loss (Train)"], "values": [{"value": 5.297822952270508, "step": null, "ts": 1721985097.0945346}]}, "version": 438, "at": 1721985097.0945346}
{"obj": {"type": "LogFloats", "path": ["Gradient norm"], "values": [{"value": 0.014794881471331312, "step": null, "ts": 1721985097.0945346}]}, "version": 439, "at": 1721985097.0945346}
{"obj": {"type": "LogFloats", "path": ["Loss (Train)"], "values": [{"value": 5.292293071746826, "step": null, "ts": 1721985097.1875367}]}, "version": 440, "at": 1721985097.1875367}
{"obj": {"type": "LogFloats", "path": ["Gradient norm"], "values": [{"value": 0.1059633740059331, "step": null, "ts": 1721985097.1875367}]}, "version": 441, "at": 1721985097.1875367}
{"obj": {"type": "LogFloats", "path": ["Loss (Train)"], "values": [{"value": 5.300857067108154, "step": null, "ts": 1721985097.2755365}]}, "version": 442, "at": 1721985097.2755365}
{"obj": {"type": "LogFloats", "path": ["Gradient norm"], "values": [{"value": 0.05902601016615101, "step": null, "ts": 1721985097.2755365}]}, "version": 443, "at": 1721985097.2755365}
{"obj": {"type": "LogFloats", "path": ["Loss (Train)"], "values": [{"value": 5.301839351654053, "step": null, "ts": 1721985097.3575346}]}, "version": 444, "at": 1721985097.3575346}
{"obj": {"type": "LogFloats", "path": ["Gradient norm"], "values": [{"value": 0.05220999453981146, "step": null, "ts": 1721985097.3575346}]}, "version": 445, "at": 1721985097.3575346}
{"obj": {"type": "LogFloats", "path": ["Loss (Train)"], "values": [{"value": 5.3012895584106445, "step": null, "ts": 1721985097.451535}]}, "version": 446, "at": 1721985097.451535}
{"obj": {"type": "LogFloats", "path": ["Gradient norm"], "values": [{"value": 0.05740796608870803, "step": null, "ts": 1721985097.451535}]}, "version": 447, "at": 1721985097.451535}
{"obj": {"type": "LogFloats", "path": ["Loss (Train)"], "values": [{"value": 5.300422191619873, "step": null, "ts": 1721985097.5355349}]}, "version": 448, "at": 1721985097.5355349}
{"obj": {"type": "LogFloats", "path": ["Gradient norm"], "values": [{"value": 0.06118747504867096, "step": null, "ts": 1721985097.5355349}]}, "version": 449, "at": 1721985097.5355349}
{"obj": {"type": "LogFloats", "path": ["Loss (Train)"], "values": [{"value": 5.300853729248047, "step": null, "ts": 1721985097.6265366}]}, "version": 450, "at": 1721985097.6265366}
{"obj": {"type": "LogFloats", "path": ["Gradient norm"], "values": [{"value": 0.03765646349968882, "step": null, "ts": 1721985097.6265366}]}, "version": 451, "at": 1721985097.6265366}
{"obj": {"type": "LogFloats", "path": ["Loss (Train)"], "values": [{"value": 5.298396110534668, "step": null, "ts": 1721985097.7165368}]}, "version": 452, "at": 1721985097.7165368}
{"obj": {"type": "LogFloats", "path": ["Gradient norm"], "values": [{"value": 0.025485093156155374, "step": null, "ts": 1721985097.717534}]}, "version": 453, "at": 1721985097.717534}
{"obj": {"type": "LogFloats", "path": ["Loss (Train)"], "values": [{"value": 5.298551559448242, "step": null, "ts": 1721985097.807534}]}, "version": 454, "at": 1721985097.807534}
{"obj": {"type": "LogFloats", "path": ["Gradient norm"], "values": [{"value": 0.025790113155747977, "step": null, "ts": 1721985097.807534}]}, "version": 455, "at": 1721985097.807534}
{"obj": {"type": "LogFloats", "path": ["Loss (Train)"], "values": [{"value": 5.300479888916016, "step": null, "ts": 1721985097.8955364}]}, "version": 456, "at": 1721985097.8955364}
{"obj": {"type": "LogFloats", "path": ["Gradient norm"], "values": [{"value": 0.020220258572599438, "step": null, "ts": 1721985097.8955364}]}, "version": 457, "at": 1721985097.8955364}
{"obj": {"type": "LogFloats", "path": ["Loss (Train)"], "values": [{"value": 5.299569129943848, "step": null, "ts": 1721985097.984535}]}, "version": 458, "at": 1721985097.984535}
{"obj": {"type": "LogFloats", "path": ["Gradient norm"], "values": [{"value": 0.026649784445501888, "step": null, "ts": 1721985097.984535}]}, "version": 459, "at": 1721985097.984535}
{"obj": {"type": "LogFloats", "path": ["Loss (Train)"], "values": [{"value": 5.298679828643799, "step": null, "ts": 1721985098.0685363}]}, "version": 460, "at": 1721985098.0685363}
{"obj": {"type": "LogFloats", "path": ["Gradient norm"], "values": [{"value": 0.03715313092874008, "step": null, "ts": 1721985098.0685363}]}, "version": 461, "at": 1721985098.0685363}
{"obj": {"type": "LogFloats", "path": ["Loss (Train)"], "values": [{"value": 5.296875953674316, "step": null, "ts": 1721985098.1505332}]}, "version": 462, "at": 1721985098.1505332}
{"obj": {"type": "LogFloats", "path": ["Gradient norm"], "values": [{"value": 0.024326672889455222, "step": null, "ts": 1721985098.1505332}]}, "version": 463, "at": 1721985098.1505332}
{"obj": {"type": "LogFloats", "path": ["Loss (Train)"], "values": [{"value": 5.299569606781006, "step": null, "ts": 1721985098.2285361}]}, "version": 464, "at": 1721985098.2285361}
{"obj": {"type": "LogFloats", "path": ["Gradient norm"], "values": [{"value": 0.02002477949008707, "step": null, "ts": 1721985098.2285361}]}, "version": 465, "at": 1721985098.2285361}
{"obj": {"type": "LogFloats", "path": ["Loss (Train)"], "values": [{"value": 5.298187732696533, "step": null, "ts": 1721985098.3065355}]}, "version": 466, "at": 1721985098.3065355}
{"obj": {"type": "LogFloats", "path": ["Gradient norm"], "values": [{"value": 0.01976589479968978, "step": null, "ts": 1721985098.3075361}]}, "version": 467, "at": 1721985098.3075361}
{"obj": {"type": "LogFloats", "path": ["Loss (Train)"], "values": [{"value": 5.2997541427612305, "step": null, "ts": 1721985098.383536}]}, "version": 468, "at": 1721985098.383536}
{"obj": {"type": "LogFloats", "path": ["Gradient norm"], "values": [{"value": 0.02305458374994943, "step": null, "ts": 1721985098.383536}]}, "version": 469, "at": 1721985098.383536}
{"obj": {"type": "LogFloats", "path": ["Loss (Train)"], "values": [{"value": 5.29915189743042, "step": null, "ts": 1721985098.4595358}]}, "version": 470, "at": 1721985098.4605362}
{"obj": {"type": "LogFloats", "path": ["Gradient norm"], "values": [{"value": 0.026321009615047044, "step": null, "ts": 1721985098.4605362}]}, "version": 471, "at": 1721985098.4605362}
{"obj": {"type": "LogFloats", "path": ["Loss (Train)"], "values": [{"value": 5.297175407409668, "step": null, "ts": 1721985098.5401163}]}, "version": 472, "at": 1721985098.5401163}
{"obj": {"type": "LogFloats", "path": ["Gradient norm"], "values": [{"value": 0.020522078657239068, "step": null, "ts": 1721985098.5401163}]}, "version": 473, "at": 1721985098.5401163}
{"obj": {"type": "LogFloats", "path": ["Loss (Train)"], "values": [{"value": 5.297939300537109, "step": null, "ts": 1721985098.618116}]}, "version": 474, "at": 1721985098.618116}
{"obj": {"type": "LogFloats", "path": ["Gradient norm"], "values": [{"value": 0.015929523338938826, "step": null, "ts": 1721985098.618116}]}, "version": 475, "at": 1721985098.618116}
{"obj": {"type": "LogFloats", "path": ["Loss (Train)"], "values": [{"value": 5.297682762145996, "step": null, "ts": 1721985098.6951158}]}, "version": 476, "at": 1721985098.6951158}
{"obj": {"type": "LogFloats", "path": ["Gradient norm"], "values": [{"value": 0.01705491057491439, "step": null, "ts": 1721985098.6951158}]}, "version": 477, "at": 1721985098.6951158}
{"obj": {"type": "LogFloats", "path": ["Loss (Train)"], "values": [{"value": 5.297418594360352, "step": null, "ts": 1721985098.77476}]}, "version": 478, "at": 1721985098.77476}
{"obj": {"type": "LogFloats", "path": ["Gradient norm"], "values": [{"value": 0.025722590953459863, "step": null, "ts": 1721985098.77476}]}, "version": 479, "at": 1721985098.77476}
{"obj": {"type": "LogFloats", "path": ["Loss (Train)"], "values": [{"value": 5.298666954040527, "step": null, "ts": 1721985098.8517604}]}, "version": 480, "at": 1721985098.8517604}
{"obj": {"type": "LogFloats", "path": ["Gradient norm"], "values": [{"value": 0.03417377395016893, "step": null, "ts": 1721985098.8517604}]}, "version": 481, "at": 1721985098.8517604}
{"obj": {"type": "LogFloats", "path": ["Loss (Train)"], "values": [{"value": 5.298732757568359, "step": null, "ts": 1721985098.9317586}]}, "version": 482, "at": 1721985098.9317586}
{"obj": {"type": "LogFloats", "path": ["Gradient norm"], "values": [{"value": 0.031852949746913675, "step": null, "ts": 1721985098.9317586}]}, "version": 483, "at": 1721985098.9317586}
{"obj": {"type": "LogFloats", "path": ["Loss (Train)"], "values": [{"value": 5.300079345703125, "step": null, "ts": 1721985099.0107584}]}, "version": 484, "at": 1721985099.0107584}
{"obj": {"type": "LogFloats", "path": ["Gradient norm"], "values": [{"value": 0.02311785061849824, "step": null, "ts": 1721985099.0107584}]}, "version": 485, "at": 1721985099.0107584}
{"obj": {"type": "LogFloats", "path": ["Loss (Train)"], "values": [{"value": 5.298257827758789, "step": null, "ts": 1721985099.0857584}]}, "version": 486, "at": 1721985099.0857584}
{"obj": {"type": "LogFloats", "path": ["Gradient norm"], "values": [{"value": 0.019211964050848015, "step": null, "ts": 1721985099.0857584}]}, "version": 487, "at": 1721985099.0857584}
{"obj": {"type": "LogFloats", "path": ["Loss (Train)"], "values": [{"value": 5.298649787902832, "step": null, "ts": 1721985099.1637604}]}, "version": 488, "at": 1721985099.1637604}
{"obj": {"type": "LogFloats", "path": ["Gradient norm"], "values": [{"value": 0.018634837376254557, "step": null, "ts": 1721985099.1637604}]}, "version": 489, "at": 1721985099.1637604}
{"obj": {"type": "LogFloats", "path": ["Loss (Train)"], "values": [{"value": 5.298295021057129, "step": null, "ts": 1721985099.2447603}]}, "version": 490, "at": 1721985099.2447603}
{"obj": {"type": "LogFloats", "path": ["Gradient norm"], "values": [{"value": 0.030616606834669595, "step": null, "ts": 1721985099.2447603}]}, "version": 491, "at": 1721985099.2447603}
{"obj": {"type": "LogFloats", "path": ["Loss (Train)"], "values": [{"value": 5.299044609069824, "step": null, "ts": 1721985099.3217587}]}, "version": 492, "at": 1721985099.3217587}
{"obj": {"type": "LogFloats", "path": ["Gradient norm"], "values": [{"value": 0.018176703594147258, "step": null, "ts": 1721985099.3227603}]}, "version": 493, "at": 1721985099.3227603}
{"obj": {"type": "LogFloats", "path": ["Loss (Train)"], "values": [{"value": 5.298438549041748, "step": null, "ts": 1721985099.4047585}]}, "version": 494, "at": 1721985099.4047585}
{"obj": {"type": "LogFloats", "path": ["Gradient norm"], "values": [{"value": 0.019343824692070685, "step": null, "ts": 1721985099.4047585}]}, "version": 495, "at": 1721985099.4047585}
{"obj": {"type": "LogFloats", "path": ["Loss (Train)"], "values": [{"value": 5.297964096069336, "step": null, "ts": 1721985099.4867587}]}, "version": 496, "at": 1721985099.4867587}
{"obj": {"type": "LogFloats", "path": ["Gradient norm"], "values": [{"value": 0.03455689208344405, "step": null, "ts": 1721985099.4867587}]}, "version": 497, "at": 1721985099.4867587}
{"obj": {"type": "LogFloats", "path": ["Loss (Train)"], "values": [{"value": 5.297916412353516, "step": null, "ts": 1721985099.5637608}]}, "version": 498, "at": 1721985099.5637608}
{"obj": {"type": "LogFloats", "path": ["Gradient norm"], "values": [{"value": 0.045929501437448846, "step": null, "ts": 1721985099.5637608}]}, "version": 499, "at": 1721985099.5637608}
{"obj": {"type": "LogFloats", "path": ["Loss (Train)"], "values": [{"value": 5.298190116882324, "step": null, "ts": 1721985099.6437585}]}, "version": 500, "at": 1721985099.6437585}
{"obj": {"type": "LogFloats", "path": ["Gradient norm"], "values": [{"value": 0.025232405186174225, "step": null, "ts": 1721985099.6437585}]}, "version": 501, "at": 1721985099.6437585}
{"obj": {"type": "LogFloats", "path": ["Loss (Train)"], "values": [{"value": 5.299546241760254, "step": null, "ts": 1721985099.7227595}]}, "version": 502, "at": 1721985099.7227595}
{"obj": {"type": "LogFloats", "path": ["Gradient norm"], "values": [{"value": 0.021199239555538783, "step": null, "ts": 1721985099.7227595}]}, "version": 503, "at": 1721985099.7227595}
