{"obj": {"type": "AssignString", "path": ["sys", "name"], "value": "Untitled"}, "version": 1, "at": 1721934872.0304644}
{"obj": {"type": "AssignString", "path": ["sys", "description"], "value": ""}, "version": 2, "at": 1721934872.0304644}
{"obj": {"type": "AssignString", "path": ["monitoring", "58a10e38", "hostname"], "value": "DESKTOP-SO4DDQB"}, "version": 3, "at": 1721934872.0314643}
{"obj": {"type": "AssignString", "path": ["sys", "hostname"], "value": "DESKTOP-SO4DDQB"}, "version": 4, "at": 1721934872.0314643}
{"obj": {"type": "AssignString", "path": ["monitoring", "58a10e38", "pid"], "value": "21640"}, "version": 5, "at": 1721934872.0314643}
{"obj": {"type": "AssignString", "path": ["monitoring", "58a10e38", "tid"], "value": "12616"}, "version": 6, "at": 1721934872.0314643}
{"obj": {"type": "AssignBool", "path": ["sys", "failed"], "value": false}, "version": 7, "at": 1721934872.0314643}
{"obj": {"type": "LogFloats", "path": ["Loss (Train)"], "values": [{"value": 0.7498517632484436, "step": null, "ts": 1721934872.3394651}]}, "version": 8, "at": 1721934872.3394651}
{"obj": {"type": "LogFloats", "path": ["Loss (Test)"], "values": [{"value": 0.7149488925933838, "step": null, "ts": 1721934872.3694646}]}, "version": 9, "at": 1721934872.3694646}
{"obj": {"type": "LogFloats", "path": ["F1 (Test)"], "values": [{"value": 0.000461361014994233, "step": null, "ts": 1721934872.3884645}]}, "version": 10, "at": 1721934872.3884645}
{"obj": {"type": "LogFloats", "path": ["Loss (Test)"], "values": [{"value": 0.714525580406189, "step": null, "ts": 1721934872.4124644}]}, "version": 11, "at": 1721934872.4124644}
{"obj": {"type": "LogFloats", "path": ["F1 (Test)"], "values": [{"value": 0.0, "step": null, "ts": 1721934872.413464}]}, "version": 12, "at": 1721934872.413464}
{"obj": {"type": "LogFloats", "path": ["Loss (Test)"], "values": [{"value": 0.715153694152832, "step": null, "ts": 1721934872.4364643}]}, "version": 13, "at": 1721934872.4364643}
{"obj": {"type": "LogFloats", "path": ["F1 (Test)"], "values": [{"value": 0.0, "step": null, "ts": 1721934872.4374652}]}, "version": 14, "at": 1721934872.4374652}
{"obj": {"type": "LogFloats", "path": ["Loss (Test)"], "values": [{"value": 0.7136449813842773, "step": null, "ts": 1721934872.4604638}]}, "version": 15, "at": 1721934872.4604638}
{"obj": {"type": "LogFloats", "path": ["F1 (Test)"], "values": [{"value": 0.0, "step": null, "ts": 1721934872.461497}]}, "version": 16, "at": 1721934872.461497}
{"obj": {"type": "LogFloats", "path": ["Loss (Test)"], "values": [{"value": 0.7147775292396545, "step": null, "ts": 1721934872.4854653}]}, "version": 17, "at": 1721934872.4854653}
{"obj": {"type": "LogFloats", "path": ["F1 (Test)"], "values": [{"value": 0.000461361014994233, "step": null, "ts": 1721934872.4864645}]}, "version": 18, "at": 1721934872.4864645}
{"obj": {"type": "LogFloats", "path": ["Loss (Test)"], "values": [{"value": 0.7152410745620728, "step": null, "ts": 1721934872.5104644}]}, "version": 19, "at": 1721934872.5104644}
{"obj": {"type": "LogFloats", "path": ["F1 (Test)"], "values": [{"value": 0.0, "step": null, "ts": 1721934872.511464}]}, "version": 20, "at": 1721934872.511464}
{"obj": {"type": "LogFloats", "path": ["Loss (Test)"], "values": [{"value": 0.7151917815208435, "step": null, "ts": 1721934872.5344646}]}, "version": 21, "at": 1721934872.5344646}
{"obj": {"type": "LogFloats", "path": ["F1 (Test)"], "values": [{"value": 0.0004901960784313725, "step": null, "ts": 1721934872.5364645}]}, "version": 22, "at": 1721934872.5364645}
{"obj": {"type": "LogFloats", "path": ["Loss (Test)"], "values": [{"value": 0.7137964963912964, "step": null, "ts": 1721934872.5594642}]}, "version": 23, "at": 1721934872.5594642}
{"obj": {"type": "LogFloats", "path": ["F1 (Test)"], "values": [{"value": 0.0013477088948787063, "step": null, "ts": 1721934872.5604641}]}, "version": 24, "at": 1721934872.5604641}
{"obj": {"type": "LogFloats", "path": ["Loss (Test)"], "values": [{"value": 0.7130820155143738, "step": null, "ts": 1721934872.5834649}]}, "version": 25, "at": 1721934872.5834649}
{"obj": {"type": "LogFloats", "path": ["F1 (Test)"], "values": [{"value": 0.0, "step": null, "ts": 1721934872.5844643}]}, "version": 26, "at": 1721934872.5844643}
{"obj": {"type": "LogFloats", "path": ["Loss (Test)"], "values": [{"value": 0.7145741581916809, "step": null, "ts": 1721934872.6094642}]}, "version": 27, "at": 1721934872.6094642}
{"obj": {"type": "LogFloats", "path": ["F1 (Test)"], "values": [{"value": 0.0007102272727272727, "step": null, "ts": 1721934872.610464}]}, "version": 28, "at": 1721934872.610464}
{"obj": {"type": "LogFloats", "path": ["Loss (Test)"], "values": [{"value": 0.7148087620735168, "step": null, "ts": 1721934872.6334646}]}, "version": 29, "at": 1721934872.6334646}
{"obj": {"type": "LogFloats", "path": ["F1 (Test)"], "values": [{"value": 0.0, "step": null, "ts": 1721934872.6344643}]}, "version": 30, "at": 1721934872.6344643}
{"obj": {"type": "LogFloats", "path": ["Loss (Test)"], "values": [{"value": 0.7136128544807434, "step": null, "ts": 1721934872.6584644}]}, "version": 31, "at": 1721934872.6584644}
{"obj": {"type": "LogFloats", "path": ["F1 (Test)"], "values": [{"value": 0.0, "step": null, "ts": 1721934872.6594641}]}, "version": 32, "at": 1721934872.6594641}
{"obj": {"type": "LogFloats", "path": ["Loss (Test)"], "values": [{"value": 0.7151620984077454, "step": null, "ts": 1721934872.6844645}]}, "version": 33, "at": 1721934872.6844645}
{"obj": {"type": "LogFloats", "path": ["F1 (Test)"], "values": [{"value": 0.0004776689754000477, "step": null, "ts": 1721934872.6854649}]}, "version": 34, "at": 1721934872.6854649}
{"obj": {"type": "LogFloats", "path": ["Loss (Test)"], "values": [{"value": 0.7137330174446106, "step": null, "ts": 1721934872.7094643}]}, "version": 35, "at": 1721934872.7094643}
{"obj": {"type": "LogFloats", "path": ["F1 (Test)"], "values": [{"value": 0.0017211470699842791, "step": null, "ts": 1721934872.7104647}]}, "version": 36, "at": 1721934872.7104647}
{"obj": {"type": "LogFloats", "path": ["Loss (Test)"], "values": [{"value": 0.7136629819869995, "step": null, "ts": 1721934872.7344644}]}, "version": 37, "at": 1721934872.7344644}
{"obj": {"type": "LogFloats", "path": ["F1 (Test)"], "values": [{"value": 0.0, "step": null, "ts": 1721934872.735464}]}, "version": 38, "at": 1721934872.735464}
{"obj": {"type": "LogFloats", "path": ["Loss (Test)"], "values": [{"value": 0.715327262878418, "step": null, "ts": 1721934872.7594647}]}, "version": 39, "at": 1721934872.7594647}
{"obj": {"type": "LogFloats", "path": ["F1 (Test)"], "values": [{"value": 0.0, "step": null, "ts": 1721934872.760464}]}, "version": 40, "at": 1721934872.760464}
{"obj": {"type": "LogFloats", "path": ["Loss (Test)"], "values": [{"value": 0.7135340571403503, "step": null, "ts": 1721934872.7884638}]}, "version": 41, "at": 1721934872.7884638}
{"obj": {"type": "LogFloats", "path": ["F1 (Test)"], "values": [{"value": 0.0013558507534411149, "step": null, "ts": 1721934872.7904658}]}, "version": 42, "at": 1721934872.7904658}
{"obj": {"type": "LogFloats", "path": ["Loss (Test)"], "values": [{"value": 0.713847815990448, "step": null, "ts": 1721934872.8174644}]}, "version": 43, "at": 1721934872.8174644}
{"obj": {"type": "LogFloats", "path": ["F1 (Test)"], "values": [{"value": 0.0005092946269416857, "step": null, "ts": 1721934872.8184645}]}, "version": 44, "at": 1721934872.8184645}
{"obj": {"type": "LogFloats", "path": ["Loss (Test)"], "values": [{"value": 0.7130990624427795, "step": null, "ts": 1721934872.8414643}]}, "version": 45, "at": 1721934872.8414643}
{"obj": {"type": "LogFloats", "path": ["F1 (Test)"], "values": [{"value": 0.0004668534080298786, "step": null, "ts": 1721934872.8424644}]}, "version": 46, "at": 1721934872.8424644}
{"obj": {"type": "LogFloats", "path": ["Loss (Test)"], "values": [{"value": 0.7153359651565552, "step": null, "ts": 1721934872.8654659}]}, "version": 47, "at": 1721934872.8654659}
{"obj": {"type": "LogFloats", "path": ["F1 (Test)"], "values": [{"value": 0.0, "step": null, "ts": 1721934872.8674648}]}, "version": 48, "at": 1721934872.8674648}
{"obj": {"type": "LogFloats", "path": ["Loss (Test)"], "values": [{"value": 0.7139567136764526, "step": null, "ts": 1721934872.890465}]}, "version": 49, "at": 1721934872.890465}
{"obj": {"type": "LogFloats", "path": ["F1 (Test)"], "values": [{"value": 0.00104959630911188, "step": null, "ts": 1721934872.8924644}]}, "version": 50, "at": 1721934872.8924644}
{"obj": {"type": "LogFloats", "path": ["Loss (Test)"], "values": [{"value": 0.7146115899085999, "step": null, "ts": 1721934872.9174645}]}, "version": 51, "at": 1721934872.9174645}
{"obj": {"type": "LogFloats", "path": ["F1 (Test)"], "values": [{"value": 0.0, "step": null, "ts": 1721934872.9184647}]}, "version": 52, "at": 1721934872.9184647}
{"obj": {"type": "LogFloats", "path": ["Loss (Test)"], "values": [{"value": 0.7145953178405762, "step": null, "ts": 1721934872.9414644}]}, "version": 53, "at": 1721934872.9414644}
{"obj": {"type": "LogFloats", "path": ["F1 (Test)"], "values": [{"value": 0.0, "step": null, "ts": 1721934872.9424646}]}, "version": 54, "at": 1721934872.9424646}
{"obj": {"type": "LogFloats", "path": ["Loss (Test)"], "values": [{"value": 0.7147997617721558, "step": null, "ts": 1721934872.966465}]}, "version": 55, "at": 1721934872.9674642}
{"obj": {"type": "LogFloats", "path": ["F1 (Test)"], "values": [{"value": 0.001433775091064094, "step": null, "ts": 1721934872.968464}]}, "version": 56, "at": 1721934872.968464}
{"obj": {"type": "LogFloats", "path": ["Loss (Test)"], "values": [{"value": 0.714102029800415, "step": null, "ts": 1721934872.992464}]}, "version": 57, "at": 1721934872.992464}
{"obj": {"type": "LogFloats", "path": ["F1 (Test)"], "values": [{"value": 0.0, "step": null, "ts": 1721934872.9934654}]}, "version": 58, "at": 1721934872.9934654}
{"obj": {"type": "LogFloats", "path": ["Loss (Test)"], "values": [{"value": 0.7134925127029419, "step": null, "ts": 1721934873.0194645}]}, "version": 59, "at": 1721934873.0194645}
{"obj": {"type": "LogFloats", "path": ["F1 (Test)"], "values": [{"value": 0.0004782400765184122, "step": null, "ts": 1721934873.0204642}]}, "version": 60, "at": 1721934873.0204642}
{"obj": {"type": "LogFloats", "path": ["Loss (Test)"], "values": [{"value": 0.713354766368866, "step": null, "ts": 1721934873.045465}]}, "version": 61, "at": 1721934873.045465}
{"obj": {"type": "LogFloats", "path": ["F1 (Test)"], "values": [{"value": 0.0, "step": null, "ts": 1721934873.0464647}]}, "version": 62, "at": 1721934873.0464647}
{"obj": {"type": "LogFloats", "path": ["Loss (Test)"], "values": [{"value": 0.7150834202766418, "step": null, "ts": 1721934873.069464}]}, "version": 63, "at": 1721934873.069464}
{"obj": {"type": "LogFloats", "path": ["F1 (Test)"], "values": [{"value": 0.0, "step": null, "ts": 1721934873.0704644}]}, "version": 64, "at": 1721934873.0704644}
{"obj": {"type": "LogFloats", "path": ["Loss (Test)"], "values": [{"value": 0.7133821845054626, "step": null, "ts": 1721934873.0934646}]}, "version": 65, "at": 1721934873.0934646}
{"obj": {"type": "LogFloats", "path": ["F1 (Test)"], "values": [{"value": 0.0, "step": null, "ts": 1721934873.0944648}]}, "version": 66, "at": 1721934873.0944648}
{"obj": {"type": "LogFloats", "path": ["Loss (Test)"], "values": [{"value": 0.7161480784416199, "step": null, "ts": 1721934873.1214674}]}, "version": 67, "at": 1721934873.1214674}
{"obj": {"type": "LogFloats", "path": ["F1 (Test)"], "values": [{"value": 0.0005882352941176471, "step": null, "ts": 1721934873.122467}]}, "version": 68, "at": 1721934873.122467}
{"obj": {"type": "LogFloats", "path": ["Loss (Test)"], "values": [{"value": 0.7144249677658081, "step": null, "ts": 1721934873.1444645}]}, "version": 69, "at": 1721934873.1444645}
{"obj": {"type": "LogFloats", "path": ["F1 (Test)"], "values": [{"value": 0.00046904315196998124, "step": null, "ts": 1721934873.1454647}]}, "version": 70, "at": 1721934873.1454647}
{"obj": {"type": "LogFloats", "path": ["Loss (Test)"], "values": [{"value": 0.7149470448493958, "step": null, "ts": 1721934873.1684644}]}, "version": 71, "at": 1721934873.1684644}
{"obj": {"type": "LogFloats", "path": ["F1 (Test)"], "values": [{"value": 0.0007301935012778386, "step": null, "ts": 1721934873.1694643}]}, "version": 72, "at": 1721934873.1694643}
{"obj": {"type": "LogFloats", "path": ["Loss (Test)"], "values": [{"value": 0.7149001955986023, "step": null, "ts": 1721934873.1934645}]}, "version": 73, "at": 1721934873.1934645}
{"obj": {"type": "LogFloats", "path": ["F1 (Test)"], "values": [{"value": 0.000461361014994233, "step": null, "ts": 1721934873.1944644}]}, "version": 74, "at": 1721934873.1944644}
{"obj": {"type": "LogFloats", "path": ["Loss (Test)"], "values": [{"value": 0.7152268886566162, "step": null, "ts": 1721934873.2214644}]}, "version": 75, "at": 1721934873.2214644}
{"obj": {"type": "LogFloats", "path": ["F1 (Test)"], "values": [{"value": 0.0004782400765184122, "step": null, "ts": 1721934873.2224658}]}, "version": 76, "at": 1721934873.2224658}
{"obj": {"type": "LogFloats", "path": ["Loss (Test)"], "values": [{"value": 0.7127408981323242, "step": null, "ts": 1721934873.245465}]}, "version": 77, "at": 1721934873.245465}
{"obj": {"type": "LogFloats", "path": ["F1 (Test)"], "values": [{"value": 0.0, "step": null, "ts": 1721934873.2474654}]}, "version": 78, "at": 1721934873.2474654}
{"obj": {"type": "LogFloats", "path": ["Loss (Test)"], "values": [{"value": 0.7138195633888245, "step": null, "ts": 1721934873.270464}]}, "version": 79, "at": 1721934873.270464}
{"obj": {"type": "LogFloats", "path": ["F1 (Test)"], "values": [{"value": 0.0, "step": null, "ts": 1721934873.271464}]}, "version": 80, "at": 1721934873.271464}
{"obj": {"type": "LogFloats", "path": ["Loss (Test)"], "values": [{"value": 0.7140228152275085, "step": null, "ts": 1721934873.2944646}]}, "version": 81, "at": 1721934873.2944646}
{"obj": {"type": "LogFloats", "path": ["F1 (Test)"], "values": [{"value": 0.0, "step": null, "ts": 1721934873.2954643}]}, "version": 82, "at": 1721934873.2954643}
{"obj": {"type": "LogFloats", "path": ["Loss (Test)"], "values": [{"value": 0.7149931788444519, "step": null, "ts": 1721934873.3194642}]}, "version": 83, "at": 1721934873.3194642}
{"obj": {"type": "LogFloats", "path": ["F1 (Test)"], "values": [{"value": 0.00044395116537180907, "step": null, "ts": 1721934873.3204646}]}, "version": 84, "at": 1721934873.3204646}
{"obj": {"type": "LogFloats", "path": ["Loss (Test)"], "values": [{"value": 0.7144172787666321, "step": null, "ts": 1721934873.3434641}]}, "version": 85, "at": 1721934873.3434641}
{"obj": {"type": "LogFloats", "path": ["F1 (Test)"], "values": [{"value": 0.0, "step": null, "ts": 1721934873.3444643}]}, "version": 86, "at": 1721934873.3444643}
{"obj": {"type": "LogFloats", "path": ["Loss (Test)"], "values": [{"value": 0.714035153388977, "step": null, "ts": 1721934873.3684645}]}, "version": 87, "at": 1721934873.3684645}
{"obj": {"type": "LogFloats", "path": ["F1 (Test)"], "values": [{"value": 0.0008503401360544217, "step": null, "ts": 1721934873.3694644}]}, "version": 88, "at": 1721934873.3694644}
{"obj": {"type": "LogFloats", "path": ["Loss (Test)"], "values": [{"value": 0.7138004302978516, "step": null, "ts": 1721934873.3934646}]}, "version": 89, "at": 1721934873.3934646}
{"obj": {"type": "LogFloats", "path": ["F1 (Test)"], "values": [{"value": 0.0, "step": null, "ts": 1721934873.3944643}]}, "version": 90, "at": 1721934873.3944643}
{"obj": {"type": "LogFloats", "path": ["Loss (Test)"], "values": [{"value": 0.7133752107620239, "step": null, "ts": 1721934873.4164646}]}, "version": 91, "at": 1721934873.4164646}
{"obj": {"type": "LogFloats", "path": ["F1 (Test)"], "values": [{"value": 0.0008305647840531563, "step": null, "ts": 1721934873.4174647}]}, "version": 92, "at": 1721934873.4174647}
{"obj": {"type": "LogFloats", "path": ["Loss (Test)"], "values": [{"value": 0.713043212890625, "step": null, "ts": 1721934873.4414647}]}, "version": 93, "at": 1721934873.4414647}
{"obj": {"type": "LogFloats", "path": ["F1 (Test)"], "values": [{"value": 0.0, "step": null, "ts": 1721934873.4424646}]}, "version": 94, "at": 1721934873.4424646}
{"obj": {"type": "LogFloats", "path": ["Loss (Test)"], "values": [{"value": 0.7140583395957947, "step": null, "ts": 1721934873.4664645}]}, "version": 95, "at": 1721934873.4664645}
{"obj": {"type": "LogFloats", "path": ["F1 (Test)"], "values": [{"value": 0.0, "step": null, "ts": 1721934873.4674644}]}, "version": 96, "at": 1721934873.4674644}
{"obj": {"type": "LogFloats", "path": ["Loss (Test)"], "values": [{"value": 0.7140377759933472, "step": null, "ts": 1721934873.4914641}]}, "version": 97, "at": 1721934873.4914641}
{"obj": {"type": "LogFloats", "path": ["F1 (Test)"], "values": [{"value": 0.0, "step": null, "ts": 1721934873.4924643}]}, "version": 98, "at": 1721934873.4924643}
{"obj": {"type": "LogFloats", "path": ["Loss (Test)"], "values": [{"value": 0.7153885364532471, "step": null, "ts": 1721934873.5184648}]}, "version": 99, "at": 1721934873.5184648}
{"obj": {"type": "LogFloats", "path": ["F1 (Test)"], "values": [{"value": 0.0005537098560354374, "step": null, "ts": 1721934873.519465}]}, "version": 100, "at": 1721934873.519465}
{"obj": {"type": "LogFloats", "path": ["Loss (Test)"], "values": [{"value": 0.714133083820343, "step": null, "ts": 1721934873.5434644}]}, "version": 101, "at": 1721934873.5434644}
{"obj": {"type": "LogFloats", "path": ["F1 (Test)"], "values": [{"value": 0.0004578754578754579, "step": null, "ts": 1721934873.5444643}]}, "version": 102, "at": 1721934873.5444643}
{"obj": {"type": "LogFloats", "path": ["Loss (Test)"], "values": [{"value": 0.7126421928405762, "step": null, "ts": 1721934873.5674646}]}, "version": 103, "at": 1721934873.5674646}
{"obj": {"type": "LogFloats", "path": ["F1 (Test)"], "values": [{"value": 0.0015644247351564425, "step": null, "ts": 1721934873.568464}]}, "version": 104, "at": 1721934873.568464}
{"obj": {"type": "LogFloats", "path": ["Loss (Test)"], "values": [{"value": 0.7144630551338196, "step": null, "ts": 1721934873.5934646}]}, "version": 105, "at": 1721934873.5934646}
{"obj": {"type": "LogFloats", "path": ["F1 (Test)"], "values": [{"value": 0.0, "step": null, "ts": 1721934873.5944643}]}, "version": 106, "at": 1721934873.5944643}
{"obj": {"type": "LogFloats", "path": ["Loss (Test)"], "values": [{"value": 0.7143236994743347, "step": null, "ts": 1721934873.6184642}]}, "version": 107, "at": 1721934873.6184642}
{"obj": {"type": "LogFloats", "path": ["F1 (Test)"], "values": [{"value": 0.0, "step": null, "ts": 1721934873.6194644}]}, "version": 108, "at": 1721934873.6194644}
{"obj": {"type": "LogFloats", "path": ["Loss (Test)"], "values": [{"value": 0.7134963274002075, "step": null, "ts": 1721934873.6444645}]}, "version": 109, "at": 1721934873.6444645}
{"obj": {"type": "LogFloats", "path": ["F1 (Test)"], "values": [{"value": 0.0, "step": null, "ts": 1721934873.6454647}]}, "version": 110, "at": 1721934873.6454647}
{"obj": {"type": "LogFloats", "path": ["Loss (Test)"], "values": [{"value": 0.7141783237457275, "step": null, "ts": 1721934873.6684644}]}, "version": 111, "at": 1721934873.6684644}
{"obj": {"type": "LogFloats", "path": ["F1 (Test)"], "values": [{"value": 0.00044208664898320074, "step": null, "ts": 1721934873.6694643}]}, "version": 112, "at": 1721934873.6694643}
{"obj": {"type": "LogFloats", "path": ["Loss (Test)"], "values": [{"value": 0.7137667536735535, "step": null, "ts": 1721934873.6934648}]}, "version": 113, "at": 1721934873.6934648}
{"obj": {"type": "LogFloats", "path": ["F1 (Test)"], "values": [{"value": 0.0009727922176622588, "step": null, "ts": 1721934873.6944644}]}, "version": 114, "at": 1721934873.6944644}
{"obj": {"type": "LogFloats", "path": ["Loss (Test)"], "values": [{"value": 0.7145241498947144, "step": null, "ts": 1721934873.7184646}]}, "version": 115, "at": 1721934873.7184646}
{"obj": {"type": "LogFloats", "path": ["F1 (Test)"], "values": [{"value": 0.000445632798573975, "step": null, "ts": 1721934873.7194645}]}, "version": 116, "at": 1721934873.7194645}
{"obj": {"type": "LogFloats", "path": ["Loss (Test)"], "values": [{"value": 0.7135818600654602, "step": null, "ts": 1721934873.7434642}]}, "version": 117, "at": 1721934873.7434642}
{"obj": {"type": "LogFloats", "path": ["F1 (Test)"], "values": [{"value": 0.0016739106593476366, "step": null, "ts": 1721934873.7454646}]}, "version": 118, "at": 1721934873.7454646}
{"obj": {"type": "LogFloats", "path": ["Loss (Test)"], "values": [{"value": 0.7157449126243591, "step": null, "ts": 1721934873.7684643}]}, "version": 119, "at": 1721934873.7684643}
{"obj": {"type": "LogFloats", "path": ["F1 (Test)"], "values": [{"value": 0.0, "step": null, "ts": 1721934873.7694645}]}, "version": 120, "at": 1721934873.7694645}
{"obj": {"type": "LogFloats", "path": ["Loss (Test)"], "values": [{"value": 0.7139223217964172, "step": null, "ts": 1721934873.7924654}]}, "version": 121, "at": 1721934873.7924654}
{"obj": {"type": "LogFloats", "path": ["F1 (Test)"], "values": [{"value": 0.0, "step": null, "ts": 1721934873.7934647}]}, "version": 122, "at": 1721934873.7934647}
{"obj": {"type": "LogFloats", "path": ["Loss (Test)"], "values": [{"value": 0.7142961621284485, "step": null, "ts": 1721934873.816465}]}, "version": 123, "at": 1721934873.816465}
{"obj": {"type": "LogFloats", "path": ["F1 (Test)"], "values": [{"value": 0.000461361014994233, "step": null, "ts": 1721934873.817465}]}, "version": 124, "at": 1721934873.817465}
{"obj": {"type": "LogFloats", "path": ["Loss (Test)"], "values": [{"value": 0.714227557182312, "step": null, "ts": 1721934873.8424644}]}, "version": 125, "at": 1721934873.8424644}
{"obj": {"type": "LogFloats", "path": ["F1 (Test)"], "values": [{"value": 0.0, "step": null, "ts": 1721934873.8434644}]}, "version": 126, "at": 1721934873.844464}
{"obj": {"type": "LogFloats", "path": ["Loss (Test)"], "values": [{"value": 0.7139512300491333, "step": null, "ts": 1721934873.8684645}]}, "version": 127, "at": 1721934873.8684645}
{"obj": {"type": "LogFloats", "path": ["F1 (Test)"], "values": [{"value": 0.0, "step": null, "ts": 1721934873.8694642}]}, "version": 128, "at": 1721934873.8694642}
{"obj": {"type": "LogFloats", "path": ["Loss (Test)"], "values": [{"value": 0.7131203413009644, "step": null, "ts": 1721934873.8924644}]}, "version": 129, "at": 1721934873.8924644}
{"obj": {"type": "LogFloats", "path": ["F1 (Test)"], "values": [{"value": 0.0, "step": null, "ts": 1721934873.8934646}]}, "version": 130, "at": 1721934873.8934646}
{"obj": {"type": "LogFloats", "path": ["Loss (Test)"], "values": [{"value": 0.714000940322876, "step": null, "ts": 1721934873.9164643}]}, "version": 131, "at": 1721934873.9164643}
{"obj": {"type": "LogFloats", "path": ["F1 (Test)"], "values": [{"value": 0.0, "step": null, "ts": 1721934873.9184642}]}, "version": 132, "at": 1721934873.9184642}
{"obj": {"type": "LogFloats", "path": ["Loss (Test)"], "values": [{"value": 0.7125802636146545, "step": null, "ts": 1721934873.942464}]}, "version": 133, "at": 1721934873.942464}
{"obj": {"type": "LogFloats", "path": ["F1 (Test)"], "values": [{"value": 0.0008944543828264759, "step": null, "ts": 1721934873.9434643}]}, "version": 134, "at": 1721934873.9434643}
{"obj": {"type": "LogFloats", "path": ["Loss (Test)"], "values": [{"value": 0.7123988270759583, "step": null, "ts": 1721934873.9684641}]}, "version": 135, "at": 1721934873.9684641}
{"obj": {"type": "LogFloats", "path": ["F1 (Test)"], "values": [{"value": 0.0, "step": null, "ts": 1721934873.969464}]}, "version": 136, "at": 1721934873.969464}
{"obj": {"type": "LogFloats", "path": ["Loss (Test)"], "values": [{"value": 0.7140631079673767, "step": null, "ts": 1721934873.9934645}]}, "version": 137, "at": 1721934873.9934645}
{"obj": {"type": "LogFloats", "path": ["F1 (Test)"], "values": [{"value": 0.0009267840593141798, "step": null, "ts": 1721934873.994464}]}, "version": 138, "at": 1721934873.994464}
{"obj": {"type": "LogFloats", "path": ["Loss (Test)"], "values": [{"value": 0.7133095860481262, "step": null, "ts": 1721934874.0164645}]}, "version": 139, "at": 1721934874.0164645}
{"obj": {"type": "LogFloats", "path": ["F1 (Test)"], "values": [{"value": 0.0, "step": null, "ts": 1721934874.0184643}]}, "version": 140, "at": 1721934874.0184643}
{"obj": {"type": "LogFloats", "path": ["Loss (Test)"], "values": [{"value": 0.7134681344032288, "step": null, "ts": 1721934874.0414643}]}, "version": 141, "at": 1721934874.0414643}
{"obj": {"type": "LogFloats", "path": ["F1 (Test)"], "values": [{"value": 0.0, "step": null, "ts": 1721934874.0424645}]}, "version": 142, "at": 1721934874.0424645}
{"obj": {"type": "LogFloats", "path": ["Loss (Test)"], "values": [{"value": 0.71443772315979, "step": null, "ts": 1721934874.0664644}]}, "version": 143, "at": 1721934874.0664644}
{"obj": {"type": "LogFloats", "path": ["F1 (Test)"], "values": [{"value": 0.00045599635202918376, "step": null, "ts": 1721934874.0674646}]}, "version": 144, "at": 1721934874.0674646}
{"obj": {"type": "LogFloats", "path": ["Loss (Test)"], "values": [{"value": 0.7145522236824036, "step": null, "ts": 1721934874.0914645}]}, "version": 145, "at": 1721934874.092465}
{"obj": {"type": "LogFloats", "path": ["F1 (Test)"], "values": [{"value": 0.0, "step": null, "ts": 1721934874.0934646}]}, "version": 146, "at": 1721934874.0934646}
{"obj": {"type": "LogFloats", "path": ["Loss (Test)"], "values": [{"value": 0.7145362496376038, "step": null, "ts": 1721934874.116465}]}, "version": 147, "at": 1721934874.116465}
{"obj": {"type": "LogFloats", "path": ["F1 (Test)"], "values": [{"value": 0.0, "step": null, "ts": 1721934874.1174643}]}, "version": 148, "at": 1721934874.1174643}
{"obj": {"type": "LogFloats", "path": ["Loss (Test)"], "values": [{"value": 0.7143216729164124, "step": null, "ts": 1721934874.1424644}]}, "version": 149, "at": 1721934874.1424644}
{"obj": {"type": "LogFloats", "path": ["F1 (Test)"], "values": [{"value": 0.0, "step": null, "ts": 1721934874.1434677}]}, "version": 150, "at": 1721934874.1434677}
{"obj": {"type": "LogFloats", "path": ["Loss (Test)"], "values": [{"value": 0.7145513892173767, "step": null, "ts": 1721934874.1664646}]}, "version": 151, "at": 1721934874.1664646}
{"obj": {"type": "LogFloats", "path": ["F1 (Test)"], "values": [{"value": 0.00045248868778280545, "step": null, "ts": 1721934874.1674647}]}, "version": 152, "at": 1721934874.1674647}
{"obj": {"type": "LogFloats", "path": ["Loss (Test)"], "values": [{"value": 0.7138305306434631, "step": null, "ts": 1721934874.1914642}]}, "version": 153, "at": 1721934874.1914642}
{"obj": {"type": "LogFloats", "path": ["F1 (Test)"], "values": [{"value": 0.0, "step": null, "ts": 1721934874.1924646}]}, "version": 154, "at": 1721934874.1924646}
{"obj": {"type": "LogFloats", "path": ["Loss (Test)"], "values": [{"value": 0.7129953503608704, "step": null, "ts": 1721934874.217464}]}, "version": 155, "at": 1721934874.217464}
{"obj": {"type": "LogFloats", "path": ["F1 (Test)"], "values": [{"value": 0.0004841442749939482, "step": null, "ts": 1721934874.218465}]}, "version": 156, "at": 1721934874.218465}
{"obj": {"type": "LogFloats", "path": ["Loss (Test)"], "values": [{"value": 0.7134690880775452, "step": null, "ts": 1721934874.2414663}]}, "version": 157, "at": 1721934874.2414663}
{"obj": {"type": "LogFloats", "path": ["F1 (Test)"], "values": [{"value": 0.0013100860451575335, "step": null, "ts": 1721934874.2424645}]}, "version": 158, "at": 1721934874.2424645}
{"obj": {"type": "LogFloats", "path": ["Loss (Test)"], "values": [{"value": 0.7117993831634521, "step": null, "ts": 1721934874.2664645}]}, "version": 159, "at": 1721934874.2664645}
{"obj": {"type": "LogFloats", "path": ["F1 (Test)"], "values": [{"value": 0.0, "step": null, "ts": 1721934874.267464}]}, "version": 160, "at": 1721934874.267464}
{"obj": {"type": "LogFloats", "path": ["Loss (Test)"], "values": [{"value": 0.7131972312927246, "step": null, "ts": 1721934874.2914648}]}, "version": 161, "at": 1721934874.2914648}
{"obj": {"type": "LogFloats", "path": ["F1 (Test)"], "values": [{"value": 0.0, "step": null, "ts": 1721934874.2924645}]}, "version": 162, "at": 1721934874.2924645}
{"obj": {"type": "LogFloats", "path": ["Loss (Test)"], "values": [{"value": 0.7152563333511353, "step": null, "ts": 1721934874.3164663}]}, "version": 163, "at": 1721934874.3164663}
{"obj": {"type": "LogFloats", "path": ["F1 (Test)"], "values": [{"value": 0.0, "step": null, "ts": 1721934874.3174648}]}, "version": 164, "at": 1721934874.3174648}
