{"obj": {"type": "AssignString", "path": ["sys", "name"], "value": "Untitled"}, "version": 1, "at": 1721936514.4881642}
{"obj": {"type": "AssignString", "path": ["sys", "description"], "value": ""}, "version": 2, "at": 1721936514.4891639}
{"obj": {"type": "AssignString", "path": ["monitoring", "498d9c5a", "hostname"], "value": "DESKTOP-SO4DDQB"}, "version": 3, "at": 1721936514.4891639}
{"obj": {"type": "AssignString", "path": ["sys", "hostname"], "value": "DESKTOP-SO4DDQB"}, "version": 4, "at": 1721936514.4891639}
{"obj": {"type": "AssignString", "path": ["monitoring", "498d9c5a", "pid"], "value": "16260"}, "version": 5, "at": 1721936514.4891639}
{"obj": {"type": "AssignString", "path": ["monitoring", "498d9c5a", "tid"], "value": "1272"}, "version": 6, "at": 1721936514.4891639}
{"obj": {"type": "AssignBool", "path": ["sys", "failed"], "value": false}, "version": 7, "at": 1721936514.4891639}
{"obj": {"type": "LogFloats", "path": ["Loss (Train)"], "values": [{"value": 0.8686375021934509, "step": null, "ts": 1721936514.903248}]}, "version": 8, "at": 1721936514.903248}
{"obj": {"type": "LogFloats", "path": ["Loss (Train)"], "values": [{"value": 0.1614321619272232, "step": null, "ts": 1721936515.0302486}]}, "version": 9, "at": 1721936515.0302486}
{"obj": {"type": "LogFloats", "path": ["Loss (Train)"], "values": [{"value": 0.1280931681394577, "step": null, "ts": 1721936515.123248}]}, "version": 10, "at": 1721936515.123248}
{"obj": {"type": "LogFloats", "path": ["Loss (Train)"], "values": [{"value": 0.15234889090061188, "step": null, "ts": 1721936515.220247}]}, "version": 11, "at": 1721936515.220247}
{"obj": {"type": "LogFloats", "path": ["Loss (Train)"], "values": [{"value": 0.18790335953235626, "step": null, "ts": 1721936515.3102489}]}, "version": 12, "at": 1721936515.3102489}
{"obj": {"type": "LogFloats", "path": ["Loss (Train)"], "values": [{"value": 0.2165813446044922, "step": null, "ts": 1721936515.4052482}]}, "version": 13, "at": 1721936515.4052482}
{"obj": {"type": "LogFloats", "path": ["Loss (Train)"], "values": [{"value": 0.20144695043563843, "step": null, "ts": 1721936515.5072489}]}, "version": 14, "at": 1721936515.5072489}
{"obj": {"type": "LogFloats", "path": ["Loss (Train)"], "values": [{"value": 0.20640449225902557, "step": null, "ts": 1721936515.6002486}]}, "version": 15, "at": 1721936515.6002486}
{"obj": {"type": "LogFloats", "path": ["Loss (Train)"], "values": [{"value": 0.2093655914068222, "step": null, "ts": 1721936515.689248}]}, "version": 16, "at": 1721936515.689248}
{"obj": {"type": "LogFloats", "path": ["Loss (Train)"], "values": [{"value": 0.2088278979063034, "step": null, "ts": 1721936515.8322487}]}, "version": 17, "at": 1721936515.8322487}
{"obj": {"type": "LogFloats", "path": ["Loss (Train)"], "values": [{"value": 0.17823635041713715, "step": null, "ts": 1721936515.929248}]}, "version": 18, "at": 1721936515.929248}
{"obj": {"type": "LogFloats", "path": ["Loss (Train)"], "values": [{"value": 0.17730113863945007, "step": null, "ts": 1721936516.0212476}]}, "version": 19, "at": 1721936516.0212476}
{"obj": {"type": "LogFloats", "path": ["Loss (Train)"], "values": [{"value": 0.15579862892627716, "step": null, "ts": 1721936516.114247}]}, "version": 20, "at": 1721936516.114247}
{"obj": {"type": "LogFloats", "path": ["Loss (Train)"], "values": [{"value": 0.16941648721694946, "step": null, "ts": 1721936516.2032478}]}, "version": 21, "at": 1721936516.2032478}
{"obj": {"type": "LogFloats", "path": ["Loss (Train)"], "values": [{"value": 0.18440335988998413, "step": null, "ts": 1721936516.350963}]}, "version": 22, "at": 1721936516.350963}
{"obj": {"type": "LogFloats", "path": ["Loss (Train)"], "values": [{"value": 0.20907238125801086, "step": null, "ts": 1721936516.4959624}]}, "version": 23, "at": 1721936516.4959624}
{"obj": {"type": "LogFloats", "path": ["Loss (Train)"], "values": [{"value": 0.24939893186092377, "step": null, "ts": 1721936516.599964}]}, "version": 24, "at": 1721936516.599964}
{"obj": {"type": "LogFloats", "path": ["Loss (Train)"], "values": [{"value": 0.25878238677978516, "step": null, "ts": 1721936516.7099626}]}, "version": 25, "at": 1721936516.7099626}
{"obj": {"type": "LogFloats", "path": ["Loss (Train)"], "values": [{"value": 0.4203372895717621, "step": null, "ts": 1721936516.8519642}]}, "version": 26, "at": 1721936516.8519642}
{"obj": {"type": "LogFloats", "path": ["Loss (Train)"], "values": [{"value": 0.23409761488437653, "step": null, "ts": 1721936516.9909642}]}, "version": 27, "at": 1721936516.9909642}
{"obj": {"type": "LogFloats", "path": ["Loss (Train)"], "values": [{"value": 0.24409648776054382, "step": null, "ts": 1721936517.093964}]}, "version": 28, "at": 1721936517.093964}
{"obj": {"type": "LogFloats", "path": ["Loss (Train)"], "values": [{"value": 0.22848232090473175, "step": null, "ts": 1721936517.1969626}]}, "version": 29, "at": 1721936517.1969626}
{"obj": {"type": "LogFloats", "path": ["Loss (Train)"], "values": [{"value": 0.15932852029800415, "step": null, "ts": 1721936517.3449626}]}, "version": 30, "at": 1721936517.3449626}
{"obj": {"type": "LogFloats", "path": ["Loss (Train)"], "values": [{"value": 0.19863158464431763, "step": null, "ts": 1721936517.4489625}]}, "version": 31, "at": 1721936517.4489625}
{"obj": {"type": "LogFloats", "path": ["Loss (Train)"], "values": [{"value": 1.6052720546722412, "step": null, "ts": 1721936517.5519636}]}, "version": 32, "at": 1721936517.5519636}
{"obj": {"type": "LogFloats", "path": ["Loss (Train)"], "values": [{"value": 0.2947041392326355, "step": null, "ts": 1721936517.6519635}]}, "version": 33, "at": 1721936517.6519635}
{"obj": {"type": "LogFloats", "path": ["Loss (Train)"], "values": [{"value": 0.35099294781684875, "step": null, "ts": 1721936517.7539632}]}, "version": 34, "at": 1721936517.7539632}
{"obj": {"type": "LogFloats", "path": ["Loss (Train)"], "values": [{"value": 0.3780159056186676, "step": null, "ts": 1721936517.8759627}]}, "version": 35, "at": 1721936517.8759627}
{"obj": {"type": "LogFloats", "path": ["Loss (Train)"], "values": [{"value": 0.3925986886024475, "step": null, "ts": 1721936517.9779627}]}, "version": 36, "at": 1721936517.9779627}
{"obj": {"type": "LogFloats", "path": ["Loss (Train)"], "values": [{"value": 0.38218873739242554, "step": null, "ts": 1721936518.1069634}]}, "version": 37, "at": 1721936518.1069634}
{"obj": {"type": "LogFloats", "path": ["Loss (Train)"], "values": [{"value": 0.3469536006450653, "step": null, "ts": 1721936518.2449632}]}, "version": 38, "at": 1721936518.2449632}
{"obj": {"type": "LogFloats", "path": ["Loss (Train)"], "values": [{"value": 0.2616298496723175, "step": null, "ts": 1721936518.3475983}]}, "version": 39, "at": 1721936518.3475983}
{"obj": {"type": "LogFloats", "path": ["Loss (Train)"], "values": [{"value": 0.28841015696525574, "step": null, "ts": 1721936518.4705966}]}, "version": 40, "at": 1721936518.4705966}
{"obj": {"type": "LogFloats", "path": ["Loss (Train)"], "values": [{"value": 0.19463500380516052, "step": null, "ts": 1721936518.5767047}]}, "version": 41, "at": 1721936518.5767047}
{"obj": {"type": "LogFloats", "path": ["Loss (Train)"], "values": [{"value": 0.19458112120628357, "step": null, "ts": 1721936518.6777065}]}, "version": 42, "at": 1721936518.6777065}
{"obj": {"type": "LogFloats", "path": ["Loss (Train)"], "values": [{"value": 0.17099115252494812, "step": null, "ts": 1721936518.8017073}]}, "version": 43, "at": 1721936518.8017073}
{"obj": {"type": "LogFloats", "path": ["Loss (Train)"], "values": [{"value": 0.20682398974895477, "step": null, "ts": 1721936518.8997066}]}, "version": 44, "at": 1721936518.8997066}
{"obj": {"type": "LogFloats", "path": ["Loss (Train)"], "values": [{"value": 0.17848274111747742, "step": null, "ts": 1721936518.9977057}]}, "version": 45, "at": 1721936518.9977057}
{"obj": {"type": "LogFloats", "path": ["Loss (Train)"], "values": [{"value": 0.2232089638710022, "step": null, "ts": 1721936519.0937047}]}, "version": 46, "at": 1721936519.0937047}
{"obj": {"type": "LogFloats", "path": ["Loss (Train)"], "values": [{"value": 0.21671943366527557, "step": null, "ts": 1721936519.1977055}]}, "version": 47, "at": 1721936519.1977055}
{"obj": {"type": "LogFloats", "path": ["Loss (Train)"], "values": [{"value": 0.1749393194913864, "step": null, "ts": 1721936519.2967057}]}, "version": 48, "at": 1721936519.2967057}
{"obj": {"type": "LogFloats", "path": ["Loss (Train)"], "values": [{"value": 0.18394125998020172, "step": null, "ts": 1721936519.3947062}]}, "version": 49, "at": 1721936519.3947062}
{"obj": {"type": "LogFloats", "path": ["Loss (Train)"], "values": [{"value": 0.1647006720304489, "step": null, "ts": 1721936519.4987056}]}, "version": 50, "at": 1721936519.4987056}
{"obj": {"type": "LogFloats", "path": ["Loss (Train)"], "values": [{"value": 0.1799144148826599, "step": null, "ts": 1721936519.6017053}]}, "version": 51, "at": 1721936519.6027052}
{"obj": {"type": "LogFloats", "path": ["Loss (Train)"], "values": [{"value": 0.15878678858280182, "step": null, "ts": 1721936519.7007055}]}, "version": 52, "at": 1721936519.7007055}
{"obj": {"type": "LogFloats", "path": ["Loss (Train)"], "values": [{"value": 0.12410281598567963, "step": null, "ts": 1721936519.8027565}]}, "version": 53, "at": 1721936519.8027565}
{"obj": {"type": "LogFloats", "path": ["Loss (Train)"], "values": [{"value": 0.09578017890453339, "step": null, "ts": 1721936519.9027061}]}, "version": 54, "at": 1721936519.9027061}
{"obj": {"type": "LogFloats", "path": ["Loss (Train)"], "values": [{"value": 0.09547410905361176, "step": null, "ts": 1721936520.0077074}]}, "version": 55, "at": 1721936520.0077074}
{"obj": {"type": "LogFloats", "path": ["Loss (Train)"], "values": [{"value": 0.08119916915893555, "step": null, "ts": 1721936520.1077056}]}, "version": 56, "at": 1721936520.1077056}
{"obj": {"type": "LogFloats", "path": ["Loss (Train)"], "values": [{"value": 0.07985818386077881, "step": null, "ts": 1721936520.2112188}]}, "version": 57, "at": 1721936520.2112188}
{"obj": {"type": "LogFloats", "path": ["Loss (Train)"], "values": [{"value": 0.11353280395269394, "step": null, "ts": 1721936520.3312256}]}, "version": 58, "at": 1721936520.3312256}
{"obj": {"type": "LogFloats", "path": ["Loss (Train)"], "values": [{"value": 0.13327541947364807, "step": null, "ts": 1721936520.4290943}]}, "version": 59, "at": 1721936520.4290943}
{"obj": {"type": "LogFloats", "path": ["Loss (Train)"], "values": [{"value": 0.13530103862285614, "step": null, "ts": 1721936520.52731}]}, "version": 60, "at": 1721936520.52731}
{"obj": {"type": "LogFloats", "path": ["Loss (Train)"], "values": [{"value": 0.10734990984201431, "step": null, "ts": 1721936520.6263216}]}, "version": 61, "at": 1721936520.6263216}
{"obj": {"type": "LogFloats", "path": ["Loss (Train)"], "values": [{"value": 0.09926953911781311, "step": null, "ts": 1721936520.7230182}]}, "version": 62, "at": 1721936520.7230182}
{"obj": {"type": "LogFloats", "path": ["Loss (Train)"], "values": [{"value": 0.08869028091430664, "step": null, "ts": 1721936520.8310187}]}, "version": 63, "at": 1721936520.8310187}
{"obj": {"type": "LogFloats", "path": ["Loss (Train)"], "values": [{"value": 0.09299128502607346, "step": null, "ts": 1721936520.9350202}]}, "version": 64, "at": 1721936520.9350202}
{"obj": {"type": "LogFloats", "path": ["Loss (Train)"], "values": [{"value": 0.07933847606182098, "step": null, "ts": 1721936521.0450194}]}, "version": 65, "at": 1721936521.0450194}
{"obj": {"type": "LogFloats", "path": ["Loss (Train)"], "values": [{"value": 0.07839936763048172, "step": null, "ts": 1721936521.145018}]}, "version": 66, "at": 1721936521.145018}
{"obj": {"type": "LogFloats", "path": ["Loss (Train)"], "values": [{"value": 0.06212911009788513, "step": null, "ts": 1721936521.255019}]}, "version": 67, "at": 1721936521.255019}
{"obj": {"type": "LogFloats", "path": ["Loss (Train)"], "values": [{"value": 0.06521299481391907, "step": null, "ts": 1721936521.357018}]}, "version": 68, "at": 1721936521.357018}
{"obj": {"type": "LogFloats", "path": ["Loss (Train)"], "values": [{"value": 0.05754544213414192, "step": null, "ts": 1721936521.4570196}]}, "version": 69, "at": 1721936521.4570196}
{"obj": {"type": "LogFloats", "path": ["Loss (Train)"], "values": [{"value": 0.06095447018742561, "step": null, "ts": 1721936521.5540175}]}, "version": 70, "at": 1721936521.5540175}
{"obj": {"type": "LogFloats", "path": ["Loss (Train)"], "values": [{"value": 0.04849884286522865, "step": null, "ts": 1721936521.6760187}]}, "version": 71, "at": 1721936521.6760187}
{"obj": {"type": "LogFloats", "path": ["Loss (Train)"], "values": [{"value": 0.052121903747320175, "step": null, "ts": 1721936521.7720227}]}, "version": 72, "at": 1721936521.7720227}
{"obj": {"type": "LogFloats", "path": ["Loss (Train)"], "values": [{"value": 0.04606113210320473, "step": null, "ts": 1721936521.8710186}]}, "version": 73, "at": 1721936521.8710186}
{"obj": {"type": "LogFloats", "path": ["Loss (Train)"], "values": [{"value": 0.0463479682803154, "step": null, "ts": 1721936521.969019}]}, "version": 74, "at": 1721936521.969019}
{"obj": {"type": "LogFloats", "path": ["Loss (Train)"], "values": [{"value": 0.044206179678440094, "step": null, "ts": 1721936522.0670192}]}, "version": 75, "at": 1721936522.0670192}
{"obj": {"type": "LogFloats", "path": ["Loss (Train)"], "values": [{"value": 0.04415776953101158, "step": null, "ts": 1721936522.1670182}]}, "version": 76, "at": 1721936522.1670182}
{"obj": {"type": "LogFloats", "path": ["Loss (Train)"], "values": [{"value": 0.043928202241659164, "step": null, "ts": 1721936522.2680192}]}, "version": 77, "at": 1721936522.2680192}
{"obj": {"type": "LogFloats", "path": ["Loss (Train)"], "values": [{"value": 0.04213443771004677, "step": null, "ts": 1721936522.369022}]}, "version": 78, "at": 1721936522.369022}
{"obj": {"type": "LogFloats", "path": ["Loss (Train)"], "values": [{"value": 0.040783729404211044, "step": null, "ts": 1721936522.4700196}]}, "version": 79, "at": 1721936522.4700196}
{"obj": {"type": "LogFloats", "path": ["Loss (Train)"], "values": [{"value": 0.0418383814394474, "step": null, "ts": 1721936522.5650191}]}, "version": 80, "at": 1721936522.5650191}
{"obj": {"type": "LogFloats", "path": ["Loss (Train)"], "values": [{"value": 0.0415559746325016, "step": null, "ts": 1721936522.6640189}]}, "version": 81, "at": 1721936522.6640189}
{"obj": {"type": "LogFloats", "path": ["Loss (Train)"], "values": [{"value": 0.03856436535716057, "step": null, "ts": 1721936522.7620199}]}, "version": 82, "at": 1721936522.7620199}
{"obj": {"type": "LogFloats", "path": ["Loss (Train)"], "values": [{"value": 0.03874317929148674, "step": null, "ts": 1721936522.8630183}]}, "version": 83, "at": 1721936522.8630183}
{"obj": {"type": "LogFloats", "path": ["Loss (Train)"], "values": [{"value": 0.038948338478803635, "step": null, "ts": 1721936522.9630182}]}, "version": 84, "at": 1721936522.9630182}
{"obj": {"type": "LogFloats", "path": ["Loss (Train)"], "values": [{"value": 0.03938813507556915, "step": null, "ts": 1721936523.0840185}]}, "version": 85, "at": 1721936523.0840185}
{"obj": {"type": "LogFloats", "path": ["Loss (Train)"], "values": [{"value": 0.03789457678794861, "step": null, "ts": 1721936523.1870193}]}, "version": 86, "at": 1721936523.1870193}
{"obj": {"type": "LogFloats", "path": ["Loss (Train)"], "values": [{"value": 0.03876539692282677, "step": null, "ts": 1721936523.2870188}]}, "version": 87, "at": 1721936523.2870188}
{"obj": {"type": "LogFloats", "path": ["Loss (Train)"], "values": [{"value": 0.03716830536723137, "step": null, "ts": 1721936523.387018}]}, "version": 88, "at": 1721936523.387018}
{"obj": {"type": "LogFloats", "path": ["Loss (Train)"], "values": [{"value": 0.03795741870999336, "step": null, "ts": 1721936523.4940178}]}, "version": 89, "at": 1721936523.4940178}
{"obj": {"type": "LogFloats", "path": ["Loss (Train)"], "values": [{"value": 0.038851670920848846, "step": null, "ts": 1721936523.6320183}]}, "version": 90, "at": 1721936523.6320183}
{"obj": {"type": "LogFloats", "path": ["Loss (Train)"], "values": [{"value": 0.03597952425479889, "step": null, "ts": 1721936523.731019}]}, "version": 91, "at": 1721936523.731019}
{"obj": {"type": "LogFloats", "path": ["Loss (Train)"], "values": [{"value": 0.038241658359766006, "step": null, "ts": 1721936523.8350196}]}, "version": 92, "at": 1721936523.8350196}
{"obj": {"type": "LogFloats", "path": ["Loss (Train)"], "values": [{"value": 0.03867001086473465, "step": null, "ts": 1721936523.9370193}]}, "version": 93, "at": 1721936523.9370193}
{"obj": {"type": "LogFloats", "path": ["Loss (Train)"], "values": [{"value": 0.037782568484544754, "step": null, "ts": 1721936524.033019}]}, "version": 94, "at": 1721936524.033019}
{"obj": {"type": "LogFloats", "path": ["Loss (Train)"], "values": [{"value": 0.036179497838020325, "step": null, "ts": 1721936524.1310194}]}, "version": 95, "at": 1721936524.1310194}
{"obj": {"type": "LogFloats", "path": ["Loss (Train)"], "values": [{"value": 0.03650587797164917, "step": null, "ts": 1721936524.2690177}]}, "version": 96, "at": 1721936524.2690177}
{"obj": {"type": "LogFloats", "path": ["Loss (Train)"], "values": [{"value": 0.03678014129400253, "step": null, "ts": 1721936524.3680177}]}, "version": 97, "at": 1721936524.3680177}
{"obj": {"type": "LogFloats", "path": ["Loss (Train)"], "values": [{"value": 0.03740880265831947, "step": null, "ts": 1721936524.4710186}]}, "version": 98, "at": 1721936524.4710186}
{"obj": {"type": "LogFloats", "path": ["Loss (Train)"], "values": [{"value": 0.03689824417233467, "step": null, "ts": 1721936524.5690181}]}, "version": 99, "at": 1721936524.5690181}
{"obj": {"type": "LogFloats", "path": ["Loss (Train)"], "values": [{"value": 0.03741801530122757, "step": null, "ts": 1721936524.6630175}]}, "version": 100, "at": 1721936524.6630175}
{"obj": {"type": "LogFloats", "path": ["Loss (Train)"], "values": [{"value": 0.035518892109394073, "step": null, "ts": 1721936524.75802}]}, "version": 101, "at": 1721936524.75802}
{"obj": {"type": "LogFloats", "path": ["Loss (Train)"], "values": [{"value": 0.036962881684303284, "step": null, "ts": 1721936524.850019}]}, "version": 102, "at": 1721936524.850019}
{"obj": {"type": "LogFloats", "path": ["Loss (Train)"], "values": [{"value": 0.03650590032339096, "step": null, "ts": 1721936524.954019}]}, "version": 103, "at": 1721936524.954019}
{"obj": {"type": "LogFloats", "path": ["Loss (Train)"], "values": [{"value": 0.03702591732144356, "step": null, "ts": 1721936525.0470185}]}, "version": 104, "at": 1721936525.0470185}
{"obj": {"type": "LogFloats", "path": ["Loss (Train)"], "values": [{"value": 0.03727305307984352, "step": null, "ts": 1721936525.1400177}]}, "version": 105, "at": 1721936525.1400177}
{"obj": {"type": "LogFloats", "path": ["Loss (Train)"], "values": [{"value": 0.036245863884687424, "step": null, "ts": 1721936525.236018}]}, "version": 106, "at": 1721936525.236018}
{"obj": {"type": "LogFloats", "path": ["Loss (Train)"], "values": [{"value": 0.03477412462234497, "step": null, "ts": 1721936525.3470178}]}, "version": 107, "at": 1721936525.3470178}
{"obj": {"type": "LogFloats", "path": ["Loss (Train)"], "values": [{"value": 0.03544627130031586, "step": null, "ts": 1721936525.4390192}]}, "version": 108, "at": 1721936525.4390192}
{"obj": {"type": "LogFloats", "path": ["Loss (Train)"], "values": [{"value": 0.035638656467199326, "step": null, "ts": 1721936525.535019}]}, "version": 109, "at": 1721936525.535019}
{"obj": {"type": "LogFloats", "path": ["Loss (Train)"], "values": [{"value": 0.038258474320173264, "step": null, "ts": 1721936525.6300175}]}, "version": 110, "at": 1721936525.6300175}
{"obj": {"type": "LogFloats", "path": ["Loss (Train)"], "values": [{"value": 0.036387186497449875, "step": null, "ts": 1721936525.7240186}]}, "version": 111, "at": 1721936525.7240186}
{"obj": {"type": "LogFloats", "path": ["Loss (Train)"], "values": [{"value": 0.03567485883831978, "step": null, "ts": 1721936525.8200173}]}, "version": 112, "at": 1721936525.8200173}
{"obj": {"type": "LogFloats", "path": ["Loss (Train)"], "values": [{"value": 0.03403177112340927, "step": null, "ts": 1721936525.9140189}]}, "version": 113, "at": 1721936525.9140189}
{"obj": {"type": "LogFloats", "path": ["Loss (Train)"], "values": [{"value": 0.03548566624522209, "step": null, "ts": 1721936526.01702}]}, "version": 114, "at": 1721936526.01702}
{"obj": {"type": "LogFloats", "path": ["Loss (Train)"], "values": [{"value": 0.03610834851861, "step": null, "ts": 1721936526.1110182}]}, "version": 115, "at": 1721936526.1110182}
{"obj": {"type": "LogFloats", "path": ["Loss (Train)"], "values": [{"value": 0.03704666346311569, "step": null, "ts": 1721936526.2040179}]}, "version": 116, "at": 1721936526.2040179}
{"obj": {"type": "LogFloats", "path": ["Loss (Train)"], "values": [{"value": 0.0365002416074276, "step": null, "ts": 1721936526.2980192}]}, "version": 117, "at": 1721936526.2980192}
{"obj": {"type": "LogFloats", "path": ["Loss (Train)"], "values": [{"value": 0.03640732541680336, "step": null, "ts": 1721936526.3880188}]}, "version": 118, "at": 1721936526.3880188}
{"obj": {"type": "LogFloats", "path": ["Loss (Train)"], "values": [{"value": 0.03529439494013786, "step": null, "ts": 1721936526.4820187}]}, "version": 119, "at": 1721936526.4820187}
{"obj": {"type": "LogFloats", "path": ["Loss (Train)"], "values": [{"value": 0.035433877259492874, "step": null, "ts": 1721936526.5770175}]}, "version": 120, "at": 1721936526.5770175}
{"obj": {"type": "LogFloats", "path": ["Loss (Train)"], "values": [{"value": 0.036445580422878265, "step": null, "ts": 1721936526.679018}]}, "version": 121, "at": 1721936526.679018}
{"obj": {"type": "LogFloats", "path": ["Loss (Train)"], "values": [{"value": 0.03520514443516731, "step": null, "ts": 1721936526.7730176}]}, "version": 122, "at": 1721936526.7730176}
{"obj": {"type": "LogFloats", "path": ["Loss (Train)"], "values": [{"value": 0.03693823516368866, "step": null, "ts": 1721936526.8650177}]}, "version": 123, "at": 1721936526.8650177}
{"obj": {"type": "LogFloats", "path": ["Loss (Train)"], "values": [{"value": 0.03597080707550049, "step": null, "ts": 1721936526.9610183}]}, "version": 124, "at": 1721936526.9610183}
{"obj": {"type": "LogFloats", "path": ["Loss (Train)"], "values": [{"value": 0.03575858101248741, "step": null, "ts": 1721936527.0570176}]}, "version": 125, "at": 1721936527.0570176}
{"obj": {"type": "LogFloats", "path": ["Loss (Train)"], "values": [{"value": 0.03539276123046875, "step": null, "ts": 1721936527.1500196}]}, "version": 126, "at": 1721936527.1500196}
{"obj": {"type": "LogFloats", "path": ["Loss (Train)"], "values": [{"value": 0.03398352861404419, "step": null, "ts": 1721936527.2440176}]}, "version": 127, "at": 1721936527.2440176}
{"obj": {"type": "LogFloats", "path": ["Loss (Train)"], "values": [{"value": 0.03652677312493324, "step": null, "ts": 1721936527.3380175}]}, "version": 128, "at": 1721936527.3380175}
{"obj": {"type": "LogFloats", "path": ["Loss (Train)"], "values": [{"value": 0.035982079803943634, "step": null, "ts": 1721936527.4330192}]}, "version": 129, "at": 1721936527.4330192}
{"obj": {"type": "LogFloats", "path": ["Loss (Train)"], "values": [{"value": 0.03554542362689972, "step": null, "ts": 1721936527.5240176}]}, "version": 130, "at": 1721936527.5240176}
{"obj": {"type": "LogFloats", "path": ["Loss (Train)"], "values": [{"value": 0.03530298173427582, "step": null, "ts": 1721936527.6210177}]}, "version": 131, "at": 1721936527.6210177}
{"obj": {"type": "LogFloats", "path": ["Loss (Train)"], "values": [{"value": 0.03601451218128204, "step": null, "ts": 1721936527.7210176}]}, "version": 132, "at": 1721936527.7210176}
{"obj": {"type": "LogFloats", "path": ["Loss (Train)"], "values": [{"value": 0.03394834324717522, "step": null, "ts": 1721936527.8190176}]}, "version": 133, "at": 1721936527.8190176}
{"obj": {"type": "LogFloats", "path": ["Loss (Train)"], "values": [{"value": 0.03604406118392944, "step": null, "ts": 1721936527.9140174}]}, "version": 134, "at": 1721936527.9140174}
{"obj": {"type": "LogFloats", "path": ["Loss (Train)"], "values": [{"value": 0.035302504897117615, "step": null, "ts": 1721936528.0090196}]}, "version": 135, "at": 1721936528.0090196}
{"obj": {"type": "LogFloats", "path": ["Loss (Train)"], "values": [{"value": 0.034112535417079926, "step": null, "ts": 1721936528.103019}]}, "version": 136, "at": 1721936528.103019}
{"obj": {"type": "LogFloats", "path": ["Loss (Train)"], "values": [{"value": 0.03519465774297714, "step": null, "ts": 1721936528.1970177}]}, "version": 137, "at": 1721936528.1970177}
{"obj": {"type": "LogFloats", "path": ["Loss (Train)"], "values": [{"value": 0.03551694005727768, "step": null, "ts": 1721936528.2905726}]}, "version": 138, "at": 1721936528.2905726}
{"obj": {"type": "LogFloats", "path": ["Loss (Train)"], "values": [{"value": 0.035881925374269485, "step": null, "ts": 1721936528.3845947}]}, "version": 139, "at": 1721936528.3845947}
{"obj": {"type": "LogFloats", "path": ["Loss (Train)"], "values": [{"value": 0.03492840379476547, "step": null, "ts": 1721936528.4777243}]}, "version": 140, "at": 1721936528.4777243}
{"obj": {"type": "LogFloats", "path": ["Loss (Train)"], "values": [{"value": 0.03564257547259331, "step": null, "ts": 1721936528.5800648}]}, "version": 141, "at": 1721936528.5800648}
{"obj": {"type": "LogFloats", "path": ["Loss (Train)"], "values": [{"value": 0.034712500870227814, "step": null, "ts": 1721936528.6750724}]}, "version": 142, "at": 1721936528.6750724}
{"obj": {"type": "LogFloats", "path": ["Loss (Train)"], "values": [{"value": 0.034934669733047485, "step": null, "ts": 1721936528.7700715}]}, "version": 143, "at": 1721936528.7700715}
{"obj": {"type": "LogFloats", "path": ["Loss (Train)"], "values": [{"value": 0.036208704113960266, "step": null, "ts": 1721936528.8630774}]}, "version": 144, "at": 1721936528.8630774}
{"obj": {"type": "LogFloats", "path": ["Loss (Train)"], "values": [{"value": 0.03625071793794632, "step": null, "ts": 1721936528.9570775}]}, "version": 145, "at": 1721936528.9570775}
{"obj": {"type": "LogFloats", "path": ["Loss (Train)"], "values": [{"value": 0.035483721643686295, "step": null, "ts": 1721936529.0509188}]}, "version": 146, "at": 1721936529.0509188}
{"obj": {"type": "LogFloats", "path": ["Loss (Train)"], "values": [{"value": 0.03540799021720886, "step": null, "ts": 1721936529.146918}]}, "version": 147, "at": 1721936529.146918}
{"obj": {"type": "LogFloats", "path": ["Loss (Train)"], "values": [{"value": 0.03724465146660805, "step": null, "ts": 1721936529.239918}]}, "version": 148, "at": 1721936529.239918}
{"obj": {"type": "LogFloats", "path": ["Loss (Train)"], "values": [{"value": 0.03554878011345863, "step": null, "ts": 1721936529.3349183}]}, "version": 149, "at": 1721936529.3349183}
{"obj": {"type": "LogFloats", "path": ["Loss (Train)"], "values": [{"value": 0.035481877624988556, "step": null, "ts": 1721936529.4369304}]}, "version": 150, "at": 1721936529.4369304}
{"obj": {"type": "LogFloats", "path": ["Loss (Train)"], "values": [{"value": 0.03614000603556633, "step": null, "ts": 1721936529.5309303}]}, "version": 151, "at": 1721936529.5309303}
{"obj": {"type": "LogFloats", "path": ["Loss (Train)"], "values": [{"value": 0.03528042882680893, "step": null, "ts": 1721936529.6229303}]}, "version": 152, "at": 1721936529.6229303}
{"obj": {"type": "LogFloats", "path": ["Loss (Train)"], "values": [{"value": 0.035823285579681396, "step": null, "ts": 1721936529.7189302}]}, "version": 153, "at": 1721936529.7189302}
{"obj": {"type": "LogFloats", "path": ["Loss (Train)"], "values": [{"value": 0.035621557384729385, "step": null, "ts": 1721936529.8129418}]}, "version": 154, "at": 1721936529.8129418}
{"obj": {"type": "LogFloats", "path": ["Loss (Train)"], "values": [{"value": 0.03571320325136185, "step": null, "ts": 1721936529.9058692}]}, "version": 155, "at": 1721936529.9058692}
{"obj": {"type": "LogFloats", "path": ["Loss (Train)"], "values": [{"value": 0.03557863086462021, "step": null, "ts": 1721936529.9988697}]}, "version": 156, "at": 1721936529.9988697}
{"obj": {"type": "LogFloats", "path": ["Loss (Train)"], "values": [{"value": 0.03505102917551994, "step": null, "ts": 1721936530.0908773}]}, "version": 157, "at": 1721936530.0908773}
{"obj": {"type": "LogFloats", "path": ["Loss (Train)"], "values": [{"value": 0.035805922001600266, "step": null, "ts": 1721936530.1838803}]}, "version": 158, "at": 1721936530.1838803}
{"obj": {"type": "LogFloats", "path": ["Loss (Train)"], "values": [{"value": 0.03612978383898735, "step": null, "ts": 1721936530.2778807}]}, "version": 159, "at": 1721936530.2778807}
{"obj": {"type": "LogFloats", "path": ["Loss (Train)"], "values": [{"value": 0.036013420671224594, "step": null, "ts": 1721936530.3718867}]}, "version": 160, "at": 1721936530.3718867}
{"obj": {"type": "LogFloats", "path": ["Loss (Train)"], "values": [{"value": 0.035228487104177475, "step": null, "ts": 1721936530.4648867}]}, "version": 161, "at": 1721936530.4648867}
{"obj": {"type": "LogFloats", "path": ["Loss (Train)"], "values": [{"value": 0.03526988998055458, "step": null, "ts": 1721936530.5597992}]}, "version": 162, "at": 1721936530.5597992}
{"obj": {"type": "LogFloats", "path": ["Loss (Train)"], "values": [{"value": 0.03645009547472, "step": null, "ts": 1721936530.6557994}]}, "version": 163, "at": 1721936530.6568003}
{"obj": {"type": "LogFloats", "path": ["Loss (Train)"], "values": [{"value": 0.0355352908372879, "step": null, "ts": 1721936530.7517998}]}, "version": 164, "at": 1721936530.7517998}
{"obj": {"type": "LogFloats", "path": ["Loss (Train)"], "values": [{"value": 0.034611776471138, "step": null, "ts": 1721936530.8468}]}, "version": 165, "at": 1721936530.8468}
{"obj": {"type": "LogFloats", "path": ["Loss (Train)"], "values": [{"value": 0.03513699397444725, "step": null, "ts": 1721936530.9568002}]}, "version": 166, "at": 1721936530.9568002}
{"obj": {"type": "LogFloats", "path": ["Loss (Train)"], "values": [{"value": 0.03564104810357094, "step": null, "ts": 1721936531.0548}]}, "version": 167, "at": 1721936531.0548}
{"obj": {"type": "LogFloats", "path": ["Loss (Train)"], "values": [{"value": 0.0355105921626091, "step": null, "ts": 1721936531.1498003}]}, "version": 168, "at": 1721936531.1498003}
{"obj": {"type": "LogFloats", "path": ["Loss (Train)"], "values": [{"value": 0.03561070188879967, "step": null, "ts": 1721936531.2487996}]}, "version": 169, "at": 1721936531.2487996}
{"obj": {"type": "LogFloats", "path": ["Loss (Train)"], "values": [{"value": 0.03458791971206665, "step": null, "ts": 1721936531.3437994}]}, "version": 170, "at": 1721936531.3437994}
{"obj": {"type": "LogFloats", "path": ["Loss (Train)"], "values": [{"value": 0.034836363047361374, "step": null, "ts": 1721936531.4417996}]}, "version": 171, "at": 1721936531.4417996}
{"obj": {"type": "LogFloats", "path": ["Loss (Train)"], "values": [{"value": 0.03492995724081993, "step": null, "ts": 1721936531.5387993}]}, "version": 172, "at": 1721936531.5387993}
{"obj": {"type": "LogFloats", "path": ["Loss (Train)"], "values": [{"value": 0.035219814628362656, "step": null, "ts": 1721936531.6338077}]}, "version": 173, "at": 1721936531.6338077}
{"obj": {"type": "LogFloats", "path": ["Loss (Train)"], "values": [{"value": 0.03542254865169525, "step": null, "ts": 1721936531.7278082}]}, "version": 174, "at": 1721936531.7278082}
{"obj": {"type": "LogFloats", "path": ["Loss (Train)"], "values": [{"value": 0.034530241042375565, "step": null, "ts": 1721936531.8208172}]}, "version": 175, "at": 1721936531.8208172}
{"obj": {"type": "LogFloats", "path": ["Loss (Train)"], "values": [{"value": 0.0356406569480896, "step": null, "ts": 1721936531.914818}]}, "version": 176, "at": 1721936531.914818}
{"obj": {"type": "LogFloats", "path": ["Loss (Train)"], "values": [{"value": 0.035588931292295456, "step": null, "ts": 1721936532.0108173}]}, "version": 177, "at": 1721936532.0108173}
{"obj": {"type": "LogFloats", "path": ["Loss (Train)"], "values": [{"value": 0.036953940987586975, "step": null, "ts": 1721936532.105818}]}, "version": 178, "at": 1721936532.105818}
{"obj": {"type": "LogFloats", "path": ["Loss (Train)"], "values": [{"value": 0.03538908809423447, "step": null, "ts": 1721936532.2078176}]}, "version": 179, "at": 1721936532.2078176}
{"obj": {"type": "LogFloats", "path": ["Loss (Train)"], "values": [{"value": 0.03616573289036751, "step": null, "ts": 1721936532.3018177}]}, "version": 180, "at": 1721936532.3018177}
{"obj": {"type": "LogFloats", "path": ["Loss (Train)"], "values": [{"value": 0.03545807674527168, "step": null, "ts": 1721936532.3958173}]}, "version": 181, "at": 1721936532.3958173}
{"obj": {"type": "LogFloats", "path": ["Loss (Train)"], "values": [{"value": 0.03611089661717415, "step": null, "ts": 1721936532.489821}]}, "version": 182, "at": 1721936532.489821}
{"obj": {"type": "LogFloats", "path": ["Loss (Train)"], "values": [{"value": 0.03565200790762901, "step": null, "ts": 1721936532.5888166}]}, "version": 183, "at": 1721936532.5888166}
{"obj": {"type": "LogFloats", "path": ["Loss (Train)"], "values": [{"value": 0.03603129833936691, "step": null, "ts": 1721936532.6848166}]}, "version": 184, "at": 1721936532.6848166}
{"obj": {"type": "LogFloats", "path": ["Loss (Train)"], "values": [{"value": 0.03443930670619011, "step": null, "ts": 1721936532.7958167}]}, "version": 185, "at": 1721936532.7958167}
{"obj": {"type": "LogFloats", "path": ["Loss (Train)"], "values": [{"value": 0.03537808731198311, "step": null, "ts": 1721936532.8908188}]}, "version": 186, "at": 1721936532.8908188}
{"obj": {"type": "LogFloats", "path": ["Loss (Train)"], "values": [{"value": 0.03449346497654915, "step": null, "ts": 1721936532.986817}]}, "version": 187, "at": 1721936532.986817}
{"obj": {"type": "LogFloats", "path": ["Loss (Train)"], "values": [{"value": 0.03481171652674675, "step": null, "ts": 1721936533.0818176}]}, "version": 188, "at": 1721936533.0828192}
{"obj": {"type": "LogFloats", "path": ["Loss (Train)"], "values": [{"value": 0.035814035683870316, "step": null, "ts": 1721936533.178817}]}, "version": 189, "at": 1721936533.178817}
{"obj": {"type": "LogFloats", "path": ["Loss (Train)"], "values": [{"value": 0.03529460355639458, "step": null, "ts": 1721936533.2728167}]}, "version": 190, "at": 1721936533.2728167}
{"obj": {"type": "LogFloats", "path": ["Loss (Train)"], "values": [{"value": 0.03540956601500511, "step": null, "ts": 1721936533.3698175}]}, "version": 191, "at": 1721936533.3698175}
{"obj": {"type": "LogFloats", "path": ["Loss (Train)"], "values": [{"value": 0.03562595322728157, "step": null, "ts": 1721936533.4638186}]}, "version": 192, "at": 1721936533.4638186}
{"obj": {"type": "LogFloats", "path": ["Loss (Train)"], "values": [{"value": 0.035418424755334854, "step": null, "ts": 1721936533.5648167}]}, "version": 193, "at": 1721936533.5648167}
{"obj": {"type": "LogFloats", "path": ["Loss (Train)"], "values": [{"value": 0.035748060792684555, "step": null, "ts": 1721936533.678817}]}, "version": 194, "at": 1721936533.678817}
{"obj": {"type": "LogFloats", "path": ["Loss (Train)"], "values": [{"value": 0.035011712461709976, "step": null, "ts": 1721936533.778817}]}, "version": 195, "at": 1721936533.778817}
{"obj": {"type": "LogFloats", "path": ["Loss (Train)"], "values": [{"value": 0.0349668487906456, "step": null, "ts": 1721936533.8968182}]}, "version": 196, "at": 1721936533.8968182}
{"obj": {"type": "LogFloats", "path": ["Loss (Train)"], "values": [{"value": 0.03478593751788139, "step": null, "ts": 1721936534.002817}]}, "version": 197, "at": 1721936534.002817}
{"obj": {"type": "LogFloats", "path": ["Loss (Train)"], "values": [{"value": 0.03592279925942421, "step": null, "ts": 1721936534.097817}]}, "version": 198, "at": 1721936534.097817}
{"obj": {"type": "LogFloats", "path": ["Loss (Train)"], "values": [{"value": 0.035315584391355515, "step": null, "ts": 1721936534.1948168}]}, "version": 199, "at": 1721936534.1948168}
{"obj": {"type": "LogFloats", "path": ["Loss (Train)"], "values": [{"value": 0.03523087874054909, "step": null, "ts": 1721936534.2888184}]}, "version": 200, "at": 1721936534.2888184}
{"obj": {"type": "LogFloats", "path": ["Loss (Train)"], "values": [{"value": 0.03461172804236412, "step": null, "ts": 1721936534.3818166}]}, "version": 201, "at": 1721936534.3828182}
{"obj": {"type": "LogFloats", "path": ["Loss (Train)"], "values": [{"value": 0.035596564412117004, "step": null, "ts": 1721936534.4768174}]}, "version": 202, "at": 1721936534.4768174}
{"obj": {"type": "LogFloats", "path": ["Loss (Train)"], "values": [{"value": 0.0356135219335556, "step": null, "ts": 1721936534.6038177}]}, "version": 203, "at": 1721936534.6038177}
{"obj": {"type": "LogFloats", "path": ["Loss (Train)"], "values": [{"value": 0.03597891703248024, "step": null, "ts": 1721936534.6978176}]}, "version": 204, "at": 1721936534.6978176}
{"obj": {"type": "LogFloats", "path": ["Loss (Train)"], "values": [{"value": 0.0347602404654026, "step": null, "ts": 1721936534.7928169}]}, "version": 205, "at": 1721936534.7928169}
{"obj": {"type": "LogFloats", "path": ["Loss (Train)"], "values": [{"value": 0.03590737655758858, "step": null, "ts": 1721936534.8968167}]}, "version": 206, "at": 1721936534.8968167}
{"obj": {"type": "LogFloats", "path": ["Loss (Train)"], "values": [{"value": 0.036119382828474045, "step": null, "ts": 1721936534.9878168}]}, "version": 207, "at": 1721936534.9878168}
{"obj": {"type": "LogFloats", "path": ["Loss (Train)"], "values": [{"value": 0.03529845550656319, "step": null, "ts": 1721936535.0828178}]}, "version": 208, "at": 1721936535.0828178}
{"obj": {"type": "LogFloats", "path": ["Loss (Train)"], "values": [{"value": 0.035501036792993546, "step": null, "ts": 1721936535.1738179}]}, "version": 209, "at": 1721936535.1738179}
{"obj": {"type": "LogFloats", "path": ["Loss (Train)"], "values": [{"value": 0.03463469445705414, "step": null, "ts": 1721936535.3038168}]}, "version": 210, "at": 1721936535.3038168}
{"obj": {"type": "LogFloats", "path": ["Loss (Train)"], "values": [{"value": 0.03605496883392334, "step": null, "ts": 1721936535.396817}]}, "version": 211, "at": 1721936535.396817}
{"obj": {"type": "LogFloats", "path": ["Loss (Train)"], "values": [{"value": 0.03466114401817322, "step": null, "ts": 1721936535.4878168}]}, "version": 212, "at": 1721936535.4878168}
{"obj": {"type": "LogFloats", "path": ["Loss (Train)"], "values": [{"value": 0.034762781113386154, "step": null, "ts": 1721936535.5838199}]}, "version": 213, "at": 1721936535.5838199}
{"obj": {"type": "LogFloats", "path": ["Loss (Train)"], "values": [{"value": 0.03600727394223213, "step": null, "ts": 1721936535.6828196}]}, "version": 214, "at": 1721936535.6828196}
{"obj": {"type": "LogFloats", "path": ["Loss (Train)"], "values": [{"value": 0.03490431234240532, "step": null, "ts": 1721936535.7818167}]}, "version": 215, "at": 1721936535.7818167}
{"obj": {"type": "LogFloats", "path": ["Loss (Train)"], "values": [{"value": 0.03521902114152908, "step": null, "ts": 1721936535.8788168}]}, "version": 216, "at": 1721936535.8788168}
{"obj": {"type": "LogFloats", "path": ["Loss (Train)"], "values": [{"value": 0.035573747009038925, "step": null, "ts": 1721936535.9778166}]}, "version": 217, "at": 1721936535.9778166}
{"obj": {"type": "LogFloats", "path": ["Loss (Train)"], "values": [{"value": 0.03561205044388771, "step": null, "ts": 1721936536.0988169}]}, "version": 218, "at": 1721936536.0988169}
{"obj": {"type": "LogFloats", "path": ["Loss (Train)"], "values": [{"value": 0.03465966507792473, "step": null, "ts": 1721936536.2368166}]}, "version": 219, "at": 1721936536.2368166}
{"obj": {"type": "LogFloats", "path": ["Loss (Train)"], "values": [{"value": 0.03530711680650711, "step": null, "ts": 1721936536.3358166}]}, "version": 220, "at": 1721936536.3358166}
{"obj": {"type": "LogFloats", "path": ["Loss (Train)"], "values": [{"value": 0.034502141177654266, "step": null, "ts": 1721936536.4298165}]}, "version": 221, "at": 1721936536.4298165}
{"obj": {"type": "LogFloats", "path": ["Loss (Train)"], "values": [{"value": 0.03592903912067413, "step": null, "ts": 1721936536.5248177}]}, "version": 222, "at": 1721936536.5248177}
{"obj": {"type": "LogFloats", "path": ["Loss (Train)"], "values": [{"value": 0.03508610650897026, "step": null, "ts": 1721936536.6168194}]}, "version": 223, "at": 1721936536.6168194}
{"obj": {"type": "LogFloats", "path": ["Loss (Train)"], "values": [{"value": 0.034914180636405945, "step": null, "ts": 1721936536.713821}]}, "version": 224, "at": 1721936536.713821}
{"obj": {"type": "LogFloats", "path": ["Loss (Train)"], "values": [{"value": 0.03483332693576813, "step": null, "ts": 1721936536.8068178}]}, "version": 225, "at": 1721936536.8068178}
{"obj": {"type": "LogFloats", "path": ["Loss (Train)"], "values": [{"value": 0.03534701094031334, "step": null, "ts": 1721936536.9058177}]}, "version": 226, "at": 1721936536.9058177}
{"obj": {"type": "LogFloats", "path": ["Loss (Train)"], "values": [{"value": 0.034081026911735535, "step": null, "ts": 1721936536.9988177}]}, "version": 227, "at": 1721936536.9988177}
{"obj": {"type": "LogFloats", "path": ["Loss (Train)"], "values": [{"value": 0.03463105484843254, "step": null, "ts": 1721936537.0958183}]}, "version": 228, "at": 1721936537.0958183}
{"obj": {"type": "LogFloats", "path": ["Loss (Train)"], "values": [{"value": 0.03520606830716133, "step": null, "ts": 1721936537.2198176}]}, "version": 229, "at": 1721936537.2198176}
{"obj": {"type": "LogFloats", "path": ["Loss (Train)"], "values": [{"value": 0.03486788645386696, "step": null, "ts": 1721936537.316818}]}, "version": 230, "at": 1721936537.316818}
{"obj": {"type": "LogFloats", "path": ["Loss (Train)"], "values": [{"value": 0.03478028252720833, "step": null, "ts": 1721936537.414828}]}, "version": 231, "at": 1721936537.414828}
{"obj": {"type": "LogFloats", "path": ["Loss (Train)"], "values": [{"value": 0.034171488136053085, "step": null, "ts": 1721936537.559705}]}, "version": 232, "at": 1721936537.559705}
{"obj": {"type": "LogFloats", "path": ["Loss (Train)"], "values": [{"value": 0.03590336814522743, "step": null, "ts": 1721936537.6597092}]}, "version": 233, "at": 1721936537.6597092}
{"obj": {"type": "LogFloats", "path": ["Loss (Train)"], "values": [{"value": 0.03466003015637398, "step": null, "ts": 1721936537.7707055}]}, "version": 234, "at": 1721936537.7707055}
{"obj": {"type": "LogFloats", "path": ["Loss (Train)"], "values": [{"value": 0.03479965031147003, "step": null, "ts": 1721936537.8647053}]}, "version": 235, "at": 1721936537.8647053}
{"obj": {"type": "LogFloats", "path": ["Loss (Train)"], "values": [{"value": 0.03438987582921982, "step": null, "ts": 1721936537.9727044}]}, "version": 236, "at": 1721936537.9727044}
{"obj": {"type": "LogFloats", "path": ["Loss (Train)"], "values": [{"value": 0.03446365147829056, "step": null, "ts": 1721936538.0647054}]}, "version": 237, "at": 1721936538.0647054}
{"obj": {"type": "LogFloats", "path": ["Loss (Train)"], "values": [{"value": 0.03435605764389038, "step": null, "ts": 1721936538.1567051}]}, "version": 238, "at": 1721936538.1567051}
{"obj": {"type": "LogFloats", "path": ["Loss (Train)"], "values": [{"value": 0.03327581658959389, "step": null, "ts": 1721936538.2537048}]}, "version": 239, "at": 1721936538.2537048}
{"obj": {"type": "LogFloats", "path": ["Loss (Train)"], "values": [{"value": 0.03507142513990402, "step": null, "ts": 1721936538.3470557}]}, "version": 240, "at": 1721936538.3470557}
{"obj": {"type": "LogFloats", "path": ["Loss (Train)"], "values": [{"value": 0.035014618188142776, "step": null, "ts": 1721936538.4440207}]}, "version": 241, "at": 1721936538.4440207}
{"obj": {"type": "LogFloats", "path": ["Loss (Train)"], "values": [{"value": 0.03571468964219093, "step": null, "ts": 1721936538.5366154}]}, "version": 242, "at": 1721936538.5366154}
{"obj": {"type": "LogFloats", "path": ["Loss (Train)"], "values": [{"value": 0.03413724526762962, "step": null, "ts": 1721936538.6316257}]}, "version": 243, "at": 1721936538.6316257}
{"obj": {"type": "LogFloats", "path": ["Loss (Train)"], "values": [{"value": 0.03476037085056305, "step": null, "ts": 1721936538.7234635}]}, "version": 244, "at": 1721936538.7234635}
{"obj": {"type": "LogFloats", "path": ["Loss (Train)"], "values": [{"value": 0.03498397395014763, "step": null, "ts": 1721936538.823464}]}, "version": 245, "at": 1721936538.823464}
{"obj": {"type": "LogFloats", "path": ["Loss (Train)"], "values": [{"value": 0.0352744460105896, "step": null, "ts": 1721936538.9154637}]}, "version": 246, "at": 1721936538.9154637}
{"obj": {"type": "LogFloats", "path": ["Loss (Train)"], "values": [{"value": 0.0355706587433815, "step": null, "ts": 1721936539.0454695}]}, "version": 247, "at": 1721936539.0454695}
{"obj": {"type": "LogFloats", "path": ["Loss (Train)"], "values": [{"value": 0.03479873761534691, "step": null, "ts": 1721936539.14047}]}, "version": 248, "at": 1721936539.14047}
{"obj": {"type": "LogFloats", "path": ["Loss (Train)"], "values": [{"value": 0.03466739505529404, "step": null, "ts": 1721936539.2354698}]}, "version": 249, "at": 1721936539.2354698}
{"obj": {"type": "LogFloats", "path": ["Loss (Train)"], "values": [{"value": 0.03509189933538437, "step": null, "ts": 1721936539.3344693}]}, "version": 250, "at": 1721936539.3344693}
{"obj": {"type": "LogFloats", "path": ["Loss (Train)"], "values": [{"value": 0.03428797051310539, "step": null, "ts": 1721936539.4254782}]}, "version": 251, "at": 1721936539.4254782}
{"obj": {"type": "LogFloats", "path": ["Loss (Train)"], "values": [{"value": 0.03589250147342682, "step": null, "ts": 1721936539.523488}]}, "version": 252, "at": 1721936539.523488}
{"obj": {"type": "LogFloats", "path": ["Loss (Train)"], "values": [{"value": 0.034841351211071014, "step": null, "ts": 1721936539.613463}]}, "version": 253, "at": 1721936539.613463}
{"obj": {"type": "LogFloats", "path": ["Loss (Train)"], "values": [{"value": 0.03501947596669197, "step": null, "ts": 1721936539.7336183}]}, "version": 254, "at": 1721936539.7336183}
{"obj": {"type": "LogFloats", "path": ["Loss (Train)"], "values": [{"value": 0.03473789989948273, "step": null, "ts": 1721936539.822018}]}, "version": 255, "at": 1721936539.822018}
{"obj": {"type": "LogFloats", "path": ["Loss (Train)"], "values": [{"value": 0.03479771688580513, "step": null, "ts": 1721936539.9220178}]}, "version": 256, "at": 1721936539.9220178}
{"obj": {"type": "LogFloats", "path": ["Loss (Train)"], "values": [{"value": 0.034812092781066895, "step": null, "ts": 1721936540.0120187}]}, "version": 257, "at": 1721936540.0120187}
{"obj": {"type": "LogFloats", "path": ["Loss (Train)"], "values": [{"value": 0.035005100071430206, "step": null, "ts": 1721936540.103019}]}, "version": 258, "at": 1721936540.103019}
{"obj": {"type": "LogFloats", "path": ["Loss (Train)"], "values": [{"value": 0.033455267548561096, "step": null, "ts": 1721936540.193018}]}, "version": 259, "at": 1721936540.193018}
{"obj": {"type": "LogFloats", "path": ["Loss (Train)"], "values": [{"value": 0.03386218845844269, "step": null, "ts": 1721936540.2860174}]}, "version": 260, "at": 1721936540.2860174}
{"obj": {"type": "LogFloats", "path": ["Loss (Train)"], "values": [{"value": 0.03413623198866844, "step": null, "ts": 1721936540.3780174}]}, "version": 261, "at": 1721936540.3780174}
{"obj": {"type": "LogFloats", "path": ["Loss (Train)"], "values": [{"value": 0.034384019672870636, "step": null, "ts": 1721936540.4710183}]}, "version": 262, "at": 1721936540.4710183}
{"obj": {"type": "LogFloats", "path": ["Loss (Train)"], "values": [{"value": 0.034053657203912735, "step": null, "ts": 1721936540.561042}]}, "version": 263, "at": 1721936540.561042}
{"obj": {"type": "LogFloats", "path": ["Loss (Train)"], "values": [{"value": 0.035494834184646606, "step": null, "ts": 1721936540.6490428}]}, "version": 264, "at": 1721936540.6490428}
{"obj": {"type": "LogFloats", "path": ["Loss (Train)"], "values": [{"value": 0.03543306142091751, "step": null, "ts": 1721936540.7390425}]}, "version": 265, "at": 1721936540.7390425}
