{"obj": {"type": "AssignString", "path": ["sys", "name"], "value": "Untitled"}, "version": 1, "at": 1721937220.3369799}
{"obj": {"type": "AssignString", "path": ["sys", "description"], "value": ""}, "version": 2, "at": 1721937220.3369799}
{"obj": {"type": "AssignString", "path": ["monitoring", "984428bd", "hostname"], "value": "DESKTOP-SO4DDQB"}, "version": 3, "at": 1721937220.3369799}
{"obj": {"type": "AssignString", "path": ["sys", "hostname"], "value": "DESKTOP-SO4DDQB"}, "version": 4, "at": 1721937220.3369799}
{"obj": {"type": "AssignString", "path": ["monitoring", "984428bd", "pid"], "value": "5808"}, "version": 5, "at": 1721937220.3369799}
{"obj": {"type": "AssignString", "path": ["monitoring", "984428bd", "tid"], "value": "18524"}, "version": 6, "at": 1721937220.3369799}
{"obj": {"type": "AssignBool", "path": ["sys", "failed"], "value": false}, "version": 7, "at": 1721937220.3369799}
{"obj": {"type": "LogFloats", "path": ["Loss (Train)"], "values": [{"value": 0.7302249670028687, "step": null, "ts": 1721937220.7459793}]}, "version": 8, "at": 1721937220.7459793}
{"obj": {"type": "LogFloats", "path": ["Loss (Train)"], "values": [{"value": 0.7005673050880432, "step": null, "ts": 1721937220.8619797}]}, "version": 9, "at": 1721937220.8619797}
{"obj": {"type": "LogFloats", "path": ["Loss (Train)"], "values": [{"value": 0.6731896996498108, "step": null, "ts": 1721937220.9633892}]}, "version": 10, "at": 1721937220.9633892}
{"obj": {"type": "LogFloats", "path": ["Loss (Train)"], "values": [{"value": 0.6448470950126648, "step": null, "ts": 1721937221.0603874}]}, "version": 11, "at": 1721937221.0603874}
{"obj": {"type": "LogFloats", "path": ["Loss (Train)"], "values": [{"value": 0.6160457134246826, "step": null, "ts": 1721937221.1563935}]}, "version": 12, "at": 1721937221.1563935}
{"obj": {"type": "LogFloats", "path": ["Loss (Train)"], "values": [{"value": 0.5889832377433777, "step": null, "ts": 1721937221.2553935}]}, "version": 13, "at": 1721937221.2553935}
{"obj": {"type": "LogFloats", "path": ["Loss (Train)"], "values": [{"value": 0.5600762367248535, "step": null, "ts": 1721937221.3503947}]}, "version": 14, "at": 1721937221.3503947}
{"obj": {"type": "LogFloats", "path": ["Loss (Train)"], "values": [{"value": 0.5311568379402161, "step": null, "ts": 1721937221.4553936}]}, "version": 15, "at": 1721937221.4553936}
{"obj": {"type": "LogFloats", "path": ["Loss (Train)"], "values": [{"value": 0.5075206160545349, "step": null, "ts": 1721937221.5513926}]}, "version": 16, "at": 1721937221.5513926}
{"obj": {"type": "LogFloats", "path": ["Loss (Train)"], "values": [{"value": 0.4818371832370758, "step": null, "ts": 1721937221.6644058}]}, "version": 17, "at": 1721937221.6644058}
{"obj": {"type": "LogFloats", "path": ["Loss (Train)"], "values": [{"value": 0.4596261978149414, "step": null, "ts": 1721937221.763412}]}, "version": 18, "at": 1721937221.763412}
{"obj": {"type": "LogFloats", "path": ["Loss (Train)"], "values": [{"value": 0.439679354429245, "step": null, "ts": 1721937221.8784115}]}, "version": 19, "at": 1721937221.8784115}
{"obj": {"type": "LogFloats", "path": ["Loss (Train)"], "values": [{"value": 0.4168931245803833, "step": null, "ts": 1721937221.9734116}]}, "version": 20, "at": 1721937221.9734116}
{"obj": {"type": "LogFloats", "path": ["Loss (Train)"], "values": [{"value": 0.40077367424964905, "step": null, "ts": 1721937222.0684114}]}, "version": 21, "at": 1721937222.0684114}
{"obj": {"type": "LogFloats", "path": ["Loss (Train)"], "values": [{"value": 0.385150671005249, "step": null, "ts": 1721937222.1664126}]}, "version": 22, "at": 1721937222.1664126}
{"obj": {"type": "LogFloats", "path": ["Loss (Train)"], "values": [{"value": 0.36968591809272766, "step": null, "ts": 1721937222.2644117}]}, "version": 23, "at": 1721937222.2644117}
{"obj": {"type": "LogFloats", "path": ["Loss (Train)"], "values": [{"value": 0.3569619357585907, "step": null, "ts": 1721937222.361412}]}, "version": 24, "at": 1721937222.361412}
{"obj": {"type": "LogFloats", "path": ["Loss (Train)"], "values": [{"value": 0.3452140986919403, "step": null, "ts": 1721937222.4724119}]}, "version": 25, "at": 1721937222.4724119}
{"obj": {"type": "LogFloats", "path": ["Loss (Train)"], "values": [{"value": 0.3347025215625763, "step": null, "ts": 1721937222.569414}]}, "version": 26, "at": 1721937222.569414}
{"obj": {"type": "LogFloats", "path": ["Loss (Train)"], "values": [{"value": 0.3244074583053589, "step": null, "ts": 1721937222.6894116}]}, "version": 27, "at": 1721937222.6894116}
{"obj": {"type": "LogFloats", "path": ["Loss (Train)"], "values": [{"value": 0.3155960142612457, "step": null, "ts": 1721937222.7864115}]}, "version": 28, "at": 1721937222.7864115}
{"obj": {"type": "LogFloats", "path": ["Loss (Train)"], "values": [{"value": 0.3077145516872406, "step": null, "ts": 1721937222.8864112}]}, "version": 29, "at": 1721937222.8864112}
{"obj": {"type": "LogFloats", "path": ["Loss (Train)"], "values": [{"value": 0.30085664987564087, "step": null, "ts": 1721937222.9834132}]}, "version": 30, "at": 1721937222.9844117}
{"obj": {"type": "LogFloats", "path": ["Loss (Train)"], "values": [{"value": 0.2929799258708954, "step": null, "ts": 1721937223.0854132}]}, "version": 31, "at": 1721937223.0854132}
{"obj": {"type": "LogFloats", "path": ["Loss (Train)"], "values": [{"value": 0.2872329652309418, "step": null, "ts": 1721937223.1834114}]}, "version": 32, "at": 1721937223.1834114}
{"obj": {"type": "LogFloats", "path": ["Loss (Train)"], "values": [{"value": 0.2807653844356537, "step": null, "ts": 1721937223.2844114}]}, "version": 33, "at": 1721937223.2844114}
{"obj": {"type": "LogFloats", "path": ["Loss (Train)"], "values": [{"value": 0.2750764787197113, "step": null, "ts": 1721937223.3834121}]}, "version": 34, "at": 1721937223.3834121}
{"obj": {"type": "LogFloats", "path": ["Loss (Train)"], "values": [{"value": 0.2696601450443268, "step": null, "ts": 1721937223.4844108}]}, "version": 35, "at": 1721937223.4844108}
{"obj": {"type": "LogFloats", "path": ["Loss (Train)"], "values": [{"value": 0.2641906440258026, "step": null, "ts": 1721937223.6284113}]}, "version": 36, "at": 1721937223.6284113}
{"obj": {"type": "LogFloats", "path": ["Loss (Train)"], "values": [{"value": 0.25959816575050354, "step": null, "ts": 1721937223.7284122}]}, "version": 37, "at": 1721937223.7284122}
{"obj": {"type": "LogFloats", "path": ["Loss (Train)"], "values": [{"value": 0.2548278868198395, "step": null, "ts": 1721937223.8324125}]}, "version": 38, "at": 1721937223.8324125}
{"obj": {"type": "LogFloats", "path": ["Loss (Train)"], "values": [{"value": 0.250214159488678, "step": null, "ts": 1721937223.964411}]}, "version": 39, "at": 1721937223.964411}
{"obj": {"type": "LogFloats", "path": ["Loss (Train)"], "values": [{"value": 0.24559681117534637, "step": null, "ts": 1721937224.074411}]}, "version": 40, "at": 1721937224.074411}
{"obj": {"type": "LogFloats", "path": ["Loss (Train)"], "values": [{"value": 0.2418777346611023, "step": null, "ts": 1721937224.1894116}]}, "version": 41, "at": 1721937224.1894116}
{"obj": {"type": "LogFloats", "path": ["Loss (Train)"], "values": [{"value": 0.23732902109622955, "step": null, "ts": 1721937224.3194115}]}, "version": 42, "at": 1721937224.3194115}
{"obj": {"type": "LogFloats", "path": ["Loss (Train)"], "values": [{"value": 0.23378905653953552, "step": null, "ts": 1721937224.4314113}]}, "version": 43, "at": 1721937224.4314113}
{"obj": {"type": "LogFloats", "path": ["Loss (Train)"], "values": [{"value": 0.22989009320735931, "step": null, "ts": 1721937224.5424118}]}, "version": 44, "at": 1721937224.5424118}
{"obj": {"type": "LogFloats", "path": ["Loss (Train)"], "values": [{"value": 0.22638995945453644, "step": null, "ts": 1721937224.6534111}]}, "version": 45, "at": 1721937224.6534111}
{"obj": {"type": "LogFloats", "path": ["Loss (Train)"], "values": [{"value": 0.22260688245296478, "step": null, "ts": 1721937224.7534113}]}, "version": 46, "at": 1721937224.7534113}
{"obj": {"type": "LogFloats", "path": ["Loss (Train)"], "values": [{"value": 0.21857745945453644, "step": null, "ts": 1721937224.8534114}]}, "version": 47, "at": 1721937224.8534114}
{"obj": {"type": "LogFloats", "path": ["Loss (Train)"], "values": [{"value": 0.21553756296634674, "step": null, "ts": 1721937224.9514117}]}, "version": 48, "at": 1721937224.9514117}
{"obj": {"type": "LogFloats", "path": ["Loss (Train)"], "values": [{"value": 0.21234001219272614, "step": null, "ts": 1721937225.0514135}]}, "version": 49, "at": 1721937225.0514135}
{"obj": {"type": "LogFloats", "path": ["Loss (Train)"], "values": [{"value": 0.20839114487171173, "step": null, "ts": 1721937225.153412}]}, "version": 50, "at": 1721937225.153412}
{"obj": {"type": "LogFloats", "path": ["Loss (Train)"], "values": [{"value": 0.20506194233894348, "step": null, "ts": 1721937225.252412}]}, "version": 51, "at": 1721937225.252412}
{"obj": {"type": "LogFloats", "path": ["Loss (Train)"], "values": [{"value": 0.20193423330783844, "step": null, "ts": 1721937225.3494112}]}, "version": 52, "at": 1721937225.3494112}
{"obj": {"type": "LogFloats", "path": ["Loss (Train)"], "values": [{"value": 0.19853457808494568, "step": null, "ts": 1721937225.4504123}]}, "version": 53, "at": 1721937225.4504123}
{"obj": {"type": "LogFloats", "path": ["Loss (Train)"], "values": [{"value": 0.19507166743278503, "step": null, "ts": 1721937225.549413}]}, "version": 54, "at": 1721937225.549413}
{"obj": {"type": "LogFloats", "path": ["Loss (Train)"], "values": [{"value": 0.1921910047531128, "step": null, "ts": 1721937225.6484108}]}, "version": 55, "at": 1721937225.6484108}
{"obj": {"type": "LogFloats", "path": ["Loss (Train)"], "values": [{"value": 0.18848013877868652, "step": null, "ts": 1721937225.74741}]}, "version": 56, "at": 1721937225.74741}
{"obj": {"type": "LogFloats", "path": ["Loss (Train)"], "values": [{"value": 0.18554523587226868, "step": null, "ts": 1721937225.853411}]}, "version": 57, "at": 1721937225.853411}
{"obj": {"type": "LogFloats", "path": ["Loss (Train)"], "values": [{"value": 0.18237556517124176, "step": null, "ts": 1721937225.949412}]}, "version": 58, "at": 1721937225.949412}
{"obj": {"type": "LogFloats", "path": ["Loss (Train)"], "values": [{"value": 0.1787295937538147, "step": null, "ts": 1721937226.0474107}]}, "version": 59, "at": 1721937226.0474107}
{"obj": {"type": "LogFloats", "path": ["Loss (Train)"], "values": [{"value": 0.17650432884693146, "step": null, "ts": 1721937226.1444108}]}, "version": 60, "at": 1721937226.1444108}
{"obj": {"type": "LogFloats", "path": ["Loss (Train)"], "values": [{"value": 0.17284631729125977, "step": null, "ts": 1721937226.270411}]}, "version": 61, "at": 1721937226.270411}
{"obj": {"type": "LogFloats", "path": ["Loss (Train)"], "values": [{"value": 0.1695641726255417, "step": null, "ts": 1721937226.3694115}]}, "version": 62, "at": 1721937226.3694115}
{"obj": {"type": "LogFloats", "path": ["Loss (Train)"], "values": [{"value": 0.16671133041381836, "step": null, "ts": 1721937226.4644108}]}, "version": 63, "at": 1721937226.4644108}
{"obj": {"type": "LogFloats", "path": ["Loss (Train)"], "values": [{"value": 0.16356535255908966, "step": null, "ts": 1721937226.5644124}]}, "version": 64, "at": 1721937226.5644124}
{"obj": {"type": "LogFloats", "path": ["Loss (Train)"], "values": [{"value": 0.1604798436164856, "step": null, "ts": 1721937226.6594112}]}, "version": 65, "at": 1721937226.6594112}
{"obj": {"type": "LogFloats", "path": ["Loss (Train)"], "values": [{"value": 0.15753833949565887, "step": null, "ts": 1721937226.7684114}]}, "version": 66, "at": 1721937226.7684114}
{"obj": {"type": "LogFloats", "path": ["Loss (Train)"], "values": [{"value": 0.1539396494626999, "step": null, "ts": 1721937226.8644116}]}, "version": 67, "at": 1721937226.8644116}
{"obj": {"type": "LogFloats", "path": ["Loss (Train)"], "values": [{"value": 0.1511097103357315, "step": null, "ts": 1721937226.9614115}]}, "version": 68, "at": 1721937226.9614115}
{"obj": {"type": "LogFloats", "path": ["Loss (Train)"], "values": [{"value": 0.14846692979335785, "step": null, "ts": 1721937227.0604115}]}, "version": 69, "at": 1721937227.0604115}
{"obj": {"type": "LogFloats", "path": ["Loss (Train)"], "values": [{"value": 0.14495258033275604, "step": null, "ts": 1721937227.158411}]}, "version": 70, "at": 1721937227.158411}
{"obj": {"type": "LogFloats", "path": ["Loss (Train)"], "values": [{"value": 0.14236165583133698, "step": null, "ts": 1721937227.2964113}]}, "version": 71, "at": 1721937227.2964113}
{"obj": {"type": "LogFloats", "path": ["Loss (Train)"], "values": [{"value": 0.13914281129837036, "step": null, "ts": 1721937227.3944118}]}, "version": 72, "at": 1721937227.3944118}
{"obj": {"type": "LogFloats", "path": ["Loss (Train)"], "values": [{"value": 0.13650697469711304, "step": null, "ts": 1721937227.490411}]}, "version": 73, "at": 1721937227.490411}
{"obj": {"type": "LogFloats", "path": ["Loss (Train)"], "values": [{"value": 0.13338765501976013, "step": null, "ts": 1721937227.5874112}]}, "version": 74, "at": 1721937227.5874112}
{"obj": {"type": "LogFloats", "path": ["Loss (Train)"], "values": [{"value": 0.13094209134578705, "step": null, "ts": 1721937227.6824121}]}, "version": 75, "at": 1721937227.6824121}
{"obj": {"type": "LogFloats", "path": ["Loss (Train)"], "values": [{"value": 0.1285126507282257, "step": null, "ts": 1721937227.7814102}]}, "version": 76, "at": 1721937227.7814102}
{"obj": {"type": "LogFloats", "path": ["Loss (Train)"], "values": [{"value": 0.12572656571865082, "step": null, "ts": 1721937227.8784115}]}, "version": 77, "at": 1721937227.8784115}
{"obj": {"type": "LogFloats", "path": ["Loss (Train)"], "values": [{"value": 0.12262557446956635, "step": null, "ts": 1721937227.9754128}]}, "version": 78, "at": 1721937227.9754128}
{"obj": {"type": "LogFloats", "path": ["Loss (Train)"], "values": [{"value": 0.11987344175577164, "step": null, "ts": 1721937228.0704114}]}, "version": 79, "at": 1721937228.0704114}
{"obj": {"type": "LogFloats", "path": ["Loss (Train)"], "values": [{"value": 0.11729061603546143, "step": null, "ts": 1721937228.1694117}]}, "version": 80, "at": 1721937228.1704116}
{"obj": {"type": "LogFloats", "path": ["Loss (Train)"], "values": [{"value": 0.11464057862758636, "step": null, "ts": 1721937228.2654111}]}, "version": 81, "at": 1721937228.2654111}
{"obj": {"type": "LogFloats", "path": ["Loss (Train)"], "values": [{"value": 0.1121610626578331, "step": null, "ts": 1721937228.3614104}]}, "version": 82, "at": 1721937228.3614104}
{"obj": {"type": "LogFloats", "path": ["Loss (Train)"], "values": [{"value": 0.10949891805648804, "step": null, "ts": 1721937228.4564111}]}, "version": 83, "at": 1721937228.4564111}
{"obj": {"type": "LogFloats", "path": ["Loss (Train)"], "values": [{"value": 0.10766705870628357, "step": null, "ts": 1721937228.5564115}]}, "version": 84, "at": 1721937228.5564115}
{"obj": {"type": "LogFloats", "path": ["Loss (Train)"], "values": [{"value": 0.10457294434309006, "step": null, "ts": 1721937228.6524103}]}, "version": 85, "at": 1721937228.653411}
{"obj": {"type": "LogFloats", "path": ["Loss (Train)"], "values": [{"value": 0.10227702558040619, "step": null, "ts": 1721937228.7510393}]}, "version": 86, "at": 1721937228.7510393}
{"obj": {"type": "LogFloats", "path": ["Loss (Train)"], "values": [{"value": 0.10005100071430206, "step": null, "ts": 1721937228.8480356}]}, "version": 87, "at": 1721937228.8480356}
{"obj": {"type": "LogFloats", "path": ["Loss (Train)"], "values": [{"value": 0.09833873808383942, "step": null, "ts": 1721937228.9456313}]}, "version": 88, "at": 1721937228.9456313}
{"obj": {"type": "LogFloats", "path": ["Loss (Train)"], "values": [{"value": 0.09577353298664093, "step": null, "ts": 1721937229.0446315}]}, "version": 89, "at": 1721937229.0446315}
{"obj": {"type": "LogFloats", "path": ["Loss (Train)"], "values": [{"value": 0.09352099895477295, "step": null, "ts": 1721937229.1406324}]}, "version": 90, "at": 1721937229.1406324}
{"obj": {"type": "LogFloats", "path": ["Loss (Train)"], "values": [{"value": 0.09167440235614777, "step": null, "ts": 1721937229.240633}]}, "version": 91, "at": 1721937229.240633}
{"obj": {"type": "LogFloats", "path": ["Loss (Train)"], "values": [{"value": 0.09017450362443924, "step": null, "ts": 1721937229.3376312}]}, "version": 92, "at": 1721937229.3376312}
{"obj": {"type": "LogFloats", "path": ["Loss (Train)"], "values": [{"value": 0.08815933018922806, "step": null, "ts": 1721937229.4366324}]}, "version": 93, "at": 1721937229.4366324}
{"obj": {"type": "LogFloats", "path": ["Loss (Train)"], "values": [{"value": 0.08590938150882721, "step": null, "ts": 1721937229.5486312}]}, "version": 94, "at": 1721937229.5486312}
{"obj": {"type": "LogFloats", "path": ["Loss (Train)"], "values": [{"value": 0.08405736833810806, "step": null, "ts": 1721937229.6466322}]}, "version": 95, "at": 1721937229.6466322}
{"obj": {"type": "LogFloats", "path": ["Loss (Train)"], "values": [{"value": 0.0819142535328865, "step": null, "ts": 1721937229.740632}]}, "version": 96, "at": 1721937229.740632}
{"obj": {"type": "LogFloats", "path": ["Loss (Train)"], "values": [{"value": 0.0807253047823906, "step": null, "ts": 1721937229.8386328}]}, "version": 97, "at": 1721937229.8386328}
{"obj": {"type": "LogFloats", "path": ["Loss (Train)"], "values": [{"value": 0.07889501750469208, "step": null, "ts": 1721937229.9366326}]}, "version": 98, "at": 1721937229.9366326}
{"obj": {"type": "LogFloats", "path": ["Loss (Train)"], "values": [{"value": 0.07665230333805084, "step": null, "ts": 1721937230.0326328}]}, "version": 99, "at": 1721937230.0326328}
{"obj": {"type": "LogFloats", "path": ["Loss (Train)"], "values": [{"value": 0.07562176138162613, "step": null, "ts": 1721937230.1316314}]}, "version": 100, "at": 1721937230.1316314}
{"obj": {"type": "LogFloats", "path": ["Loss (Train)"], "values": [{"value": 0.07439687848091125, "step": null, "ts": 1721937230.2276316}]}, "version": 101, "at": 1721937230.2276316}
{"obj": {"type": "LogFloats", "path": ["Loss (Train)"], "values": [{"value": 0.07165860384702682, "step": null, "ts": 1721937230.3506315}]}, "version": 102, "at": 1721937230.3516316}
{"obj": {"type": "LogFloats", "path": ["Loss (Train)"], "values": [{"value": 0.0710410326719284, "step": null, "ts": 1721937230.4496324}]}, "version": 103, "at": 1721937230.4496324}
{"obj": {"type": "LogFloats", "path": ["Loss (Train)"], "values": [{"value": 0.06950999796390533, "step": null, "ts": 1721937230.5516312}]}, "version": 104, "at": 1721937230.5516312}
{"obj": {"type": "LogFloats", "path": ["Loss (Train)"], "values": [{"value": 0.06807727366685867, "step": null, "ts": 1721937230.6486318}]}, "version": 105, "at": 1721937230.6486318}
{"obj": {"type": "LogFloats", "path": ["Loss (Train)"], "values": [{"value": 0.06697606295347214, "step": null, "ts": 1721937230.7486327}]}, "version": 106, "at": 1721937230.7486327}
{"obj": {"type": "LogFloats", "path": ["Loss (Train)"], "values": [{"value": 0.06569485366344452, "step": null, "ts": 1721937230.8476315}]}, "version": 107, "at": 1721937230.8486316}
{"obj": {"type": "LogFloats", "path": ["Loss (Train)"], "values": [{"value": 0.06444050371646881, "step": null, "ts": 1721937230.9496331}]}, "version": 108, "at": 1721937230.9496331}
{"obj": {"type": "LogFloats", "path": ["Loss (Train)"], "values": [{"value": 0.0629805326461792, "step": null, "ts": 1721937231.0476322}]}, "version": 109, "at": 1721937231.0476322}
{"obj": {"type": "LogFloats", "path": ["Loss (Train)"], "values": [{"value": 0.06219825521111488, "step": null, "ts": 1721937231.1416316}]}, "version": 110, "at": 1721937231.1416316}
{"obj": {"type": "LogFloats", "path": ["Loss (Train)"], "values": [{"value": 0.06104429066181183, "step": null, "ts": 1721937231.238632}]}, "version": 111, "at": 1721937231.238632}
{"obj": {"type": "LogFloats", "path": ["Loss (Train)"], "values": [{"value": 0.05995636805891991, "step": null, "ts": 1721937231.3366313}]}, "version": 112, "at": 1721937231.3366313}
{"obj": {"type": "LogFloats", "path": ["Loss (Train)"], "values": [{"value": 0.05881071835756302, "step": null, "ts": 1721937231.4326332}]}, "version": 113, "at": 1721937231.4326332}
{"obj": {"type": "LogFloats", "path": ["Loss (Train)"], "values": [{"value": 0.05765058472752571, "step": null, "ts": 1721937231.5306323}]}, "version": 114, "at": 1721937231.5306323}
{"obj": {"type": "LogFloats", "path": ["Loss (Train)"], "values": [{"value": 0.05676214024424553, "step": null, "ts": 1721937231.6246321}]}, "version": 115, "at": 1721937231.6246321}
{"obj": {"type": "LogFloats", "path": ["Loss (Train)"], "values": [{"value": 0.05607840046286583, "step": null, "ts": 1721937231.7216313}]}, "version": 116, "at": 1721937231.7216313}
{"obj": {"type": "LogFloats", "path": ["Loss (Train)"], "values": [{"value": 0.055421050637960434, "step": null, "ts": 1721937231.8206322}]}, "version": 117, "at": 1721937231.8206322}
{"obj": {"type": "LogFloats", "path": ["Loss (Train)"], "values": [{"value": 0.05385645106434822, "step": null, "ts": 1721937231.9166331}]}, "version": 118, "at": 1721937231.9166331}
{"obj": {"type": "LogFloats", "path": ["Loss (Train)"], "values": [{"value": 0.053393736481666565, "step": null, "ts": 1721937232.0136313}]}, "version": 119, "at": 1721937232.0136313}
{"obj": {"type": "LogFloats", "path": ["Loss (Train)"], "values": [{"value": 0.05299612507224083, "step": null, "ts": 1721937232.1266315}]}, "version": 120, "at": 1721937232.1266315}
{"obj": {"type": "LogFloats", "path": ["Loss (Train)"], "values": [{"value": 0.05210370942950249, "step": null, "ts": 1721937232.228632}]}, "version": 121, "at": 1721937232.228632}
{"obj": {"type": "LogFloats", "path": ["Loss (Train)"], "values": [{"value": 0.05113586410880089, "step": null, "ts": 1721937232.324633}]}, "version": 122, "at": 1721937232.324633}
{"obj": {"type": "LogFloats", "path": ["Loss (Train)"], "values": [{"value": 0.05060394108295441, "step": null, "ts": 1721937232.4216325}]}, "version": 123, "at": 1721937232.4216325}
{"obj": {"type": "LogFloats", "path": ["Loss (Train)"], "values": [{"value": 0.05031878501176834, "step": null, "ts": 1721937232.5196319}]}, "version": 124, "at": 1721937232.5196319}
{"obj": {"type": "LogFloats", "path": ["Loss (Train)"], "values": [{"value": 0.048836126923561096, "step": null, "ts": 1721937232.616632}]}, "version": 125, "at": 1721937232.616632}
{"obj": {"type": "LogFloats", "path": ["Loss (Train)"], "values": [{"value": 0.04873788729310036, "step": null, "ts": 1721937232.7186322}]}, "version": 126, "at": 1721937232.7186322}
{"obj": {"type": "LogFloats", "path": ["Loss (Train)"], "values": [{"value": 0.04775288328528404, "step": null, "ts": 1721937232.8146315}]}, "version": 127, "at": 1721937232.8146315}
{"obj": {"type": "LogFloats", "path": ["Loss (Train)"], "values": [{"value": 0.04720772057771683, "step": null, "ts": 1721937232.9156325}]}, "version": 128, "at": 1721937232.9156325}
{"obj": {"type": "LogFloats", "path": ["Loss (Train)"], "values": [{"value": 0.04647289589047432, "step": null, "ts": 1721937233.0126321}]}, "version": 129, "at": 1721937233.0126321}
{"obj": {"type": "LogFloats", "path": ["Loss (Train)"], "values": [{"value": 0.04647812247276306, "step": null, "ts": 1721937233.1156313}]}, "version": 130, "at": 1721937233.1156313}
{"obj": {"type": "LogFloats", "path": ["Loss (Train)"], "values": [{"value": 0.04558159410953522, "step": null, "ts": 1721937233.2146323}]}, "version": 131, "at": 1721937233.2146323}
{"obj": {"type": "LogFloats", "path": ["Loss (Train)"], "values": [{"value": 0.045304469764232635, "step": null, "ts": 1721937233.316634}]}, "version": 132, "at": 1721937233.316634}
{"obj": {"type": "LogFloats", "path": ["Loss (Train)"], "values": [{"value": 0.04503112658858299, "step": null, "ts": 1721937233.4126318}]}, "version": 133, "at": 1721937233.4126318}
{"obj": {"type": "LogFloats", "path": ["Loss (Train)"], "values": [{"value": 0.04417826607823372, "step": null, "ts": 1721937233.5116322}]}, "version": 134, "at": 1721937233.5116322}
{"obj": {"type": "LogFloats", "path": ["Loss (Train)"], "values": [{"value": 0.04435266926884651, "step": null, "ts": 1721937233.6166346}]}, "version": 135, "at": 1721937233.6166346}
{"obj": {"type": "LogFloats", "path": ["Loss (Train)"], "values": [{"value": 0.043764423578977585, "step": null, "ts": 1721937233.715632}]}, "version": 136, "at": 1721937233.715632}
{"obj": {"type": "LogFloats", "path": ["Loss (Train)"], "values": [{"value": 0.04314684122800827, "step": null, "ts": 1721937233.8146322}]}, "version": 137, "at": 1721937233.8146322}
{"obj": {"type": "LogFloats", "path": ["Loss (Train)"], "values": [{"value": 0.04310702160000801, "step": null, "ts": 1721937233.9166327}]}, "version": 138, "at": 1721937233.9166327}
{"obj": {"type": "LogFloats", "path": ["Loss (Train)"], "values": [{"value": 0.043032411485910416, "step": null, "ts": 1721937234.0516322}]}, "version": 139, "at": 1721937234.0516322}
{"obj": {"type": "LogFloats", "path": ["Loss (Train)"], "values": [{"value": 0.04183654859662056, "step": null, "ts": 1721937234.1516318}]}, "version": 140, "at": 1721937234.1516318}
{"obj": {"type": "LogFloats", "path": ["Loss (Train)"], "values": [{"value": 0.04212219640612602, "step": null, "ts": 1721937234.2526321}]}, "version": 141, "at": 1721937234.2526321}
{"obj": {"type": "LogFloats", "path": ["Loss (Train)"], "values": [{"value": 0.0410212017595768, "step": null, "ts": 1721937234.349633}]}, "version": 142, "at": 1721937234.349633}
{"obj": {"type": "LogFloats", "path": ["Loss (Train)"], "values": [{"value": 0.04060858488082886, "step": null, "ts": 1721937234.452632}]}, "version": 143, "at": 1721937234.452632}
{"obj": {"type": "LogFloats", "path": ["Loss (Train)"], "values": [{"value": 0.04076685383915901, "step": null, "ts": 1721937234.5536323}]}, "version": 144, "at": 1721937234.5536323}
{"obj": {"type": "LogFloats", "path": ["Loss (Train)"], "values": [{"value": 0.04068995267152786, "step": null, "ts": 1721937234.6516318}]}, "version": 145, "at": 1721937234.6516318}
{"obj": {"type": "LogFloats", "path": ["Loss (Train)"], "values": [{"value": 0.04047646373510361, "step": null, "ts": 1721937234.7526324}]}, "version": 146, "at": 1721937234.7526324}
{"obj": {"type": "LogFloats", "path": ["Loss (Train)"], "values": [{"value": 0.039505209773778915, "step": null, "ts": 1721937234.8906322}]}, "version": 147, "at": 1721937234.8906322}
{"obj": {"type": "LogFloats", "path": ["Loss (Train)"], "values": [{"value": 0.03954252228140831, "step": null, "ts": 1721937235.0296323}]}, "version": 148, "at": 1721937235.0296323}
{"obj": {"type": "LogFloats", "path": ["Loss (Train)"], "values": [{"value": 0.038841914385557175, "step": null, "ts": 1721937235.1276324}]}, "version": 149, "at": 1721937235.1276324}
{"obj": {"type": "LogFloats", "path": ["Loss (Train)"], "values": [{"value": 0.039528973400592804, "step": null, "ts": 1721937235.2286332}]}, "version": 150, "at": 1721937235.2286332}
{"obj": {"type": "LogFloats", "path": ["Loss (Train)"], "values": [{"value": 0.038578324019908905, "step": null, "ts": 1721937235.3266325}]}, "version": 151, "at": 1721937235.3266325}
{"obj": {"type": "LogFloats", "path": ["Loss (Train)"], "values": [{"value": 0.03915683925151825, "step": null, "ts": 1721937235.4236317}]}, "version": 152, "at": 1721937235.4236317}
{"obj": {"type": "LogFloats", "path": ["Loss (Train)"], "values": [{"value": 0.038832273334264755, "step": null, "ts": 1721937235.5216322}]}, "version": 153, "at": 1721937235.5216322}
{"obj": {"type": "LogFloats", "path": ["Loss (Train)"], "values": [{"value": 0.03795953094959259, "step": null, "ts": 1721937235.6166322}]}, "version": 154, "at": 1721937235.6166322}
{"obj": {"type": "LogFloats", "path": ["Loss (Train)"], "values": [{"value": 0.03783482313156128, "step": null, "ts": 1721937235.729632}]}, "version": 155, "at": 1721937235.729632}
{"obj": {"type": "LogFloats", "path": ["Loss (Train)"], "values": [{"value": 0.03756195679306984, "step": null, "ts": 1721937235.8266325}]}, "version": 156, "at": 1721937235.8266325}
{"obj": {"type": "LogFloats", "path": ["Loss (Train)"], "values": [{"value": 0.03738139942288399, "step": null, "ts": 1721937235.9226322}]}, "version": 157, "at": 1721937235.9226322}
{"obj": {"type": "LogFloats", "path": ["Loss (Train)"], "values": [{"value": 0.03785237669944763, "step": null, "ts": 1721937236.0186324}]}, "version": 158, "at": 1721937236.0186324}
{"obj": {"type": "LogFloats", "path": ["Loss (Train)"], "values": [{"value": 0.03728378564119339, "step": null, "ts": 1721937236.121633}]}, "version": 159, "at": 1721937236.121633}
{"obj": {"type": "LogFloats", "path": ["Loss (Train)"], "values": [{"value": 0.03812773525714874, "step": null, "ts": 1721937236.2196324}]}, "version": 160, "at": 1721937236.2196324}
{"obj": {"type": "LogFloats", "path": ["Loss (Train)"], "values": [{"value": 0.03671763837337494, "step": null, "ts": 1721937236.3186324}]}, "version": 161, "at": 1721937236.3186324}
{"obj": {"type": "LogFloats", "path": ["Loss (Train)"], "values": [{"value": 0.03722095489501953, "step": null, "ts": 1721937236.4206324}]}, "version": 162, "at": 1721937236.4206324}
{"obj": {"type": "LogFloats", "path": ["Loss (Train)"], "values": [{"value": 0.036813147366046906, "step": null, "ts": 1721937236.536632}]}, "version": 163, "at": 1721937236.536632}
{"obj": {"type": "LogFloats", "path": ["Loss (Train)"], "values": [{"value": 0.03711167722940445, "step": null, "ts": 1721937236.6336336}]}, "version": 164, "at": 1721937236.6336336}
{"obj": {"type": "LogFloats", "path": ["Loss (Train)"], "values": [{"value": 0.036305904388427734, "step": null, "ts": 1721937236.7326329}]}, "version": 165, "at": 1721937236.7326329}
{"obj": {"type": "LogFloats", "path": ["Loss (Train)"], "values": [{"value": 0.036775000393390656, "step": null, "ts": 1721937236.846632}]}, "version": 166, "at": 1721937236.846632}
{"obj": {"type": "LogFloats", "path": ["Loss (Train)"], "values": [{"value": 0.036188092082738876, "step": null, "ts": 1721937236.9446325}]}, "version": 167, "at": 1721937236.9446325}
{"obj": {"type": "LogFloats", "path": ["Loss (Train)"], "values": [{"value": 0.03634994849562645, "step": null, "ts": 1721937237.0536315}]}, "version": 168, "at": 1721937237.0536315}
{"obj": {"type": "LogFloats", "path": ["Loss (Train)"], "values": [{"value": 0.03601590543985367, "step": null, "ts": 1721937237.1536312}]}, "version": 169, "at": 1721937237.1536312}
{"obj": {"type": "LogFloats", "path": ["Loss (Train)"], "values": [{"value": 0.03579968214035034, "step": null, "ts": 1721937237.2526326}]}, "version": 170, "at": 1721937237.2526326}
{"obj": {"type": "LogFloats", "path": ["Loss (Train)"], "values": [{"value": 0.035901863127946854, "step": null, "ts": 1721937237.3516324}]}, "version": 171, "at": 1721937237.3516324}
{"obj": {"type": "LogFloats", "path": ["Loss (Train)"], "values": [{"value": 0.035344455391168594, "step": null, "ts": 1721937237.4496334}]}, "version": 172, "at": 1721937237.4496334}
{"obj": {"type": "LogFloats", "path": ["Loss (Train)"], "values": [{"value": 0.034604355692863464, "step": null, "ts": 1721937237.549633}]}, "version": 173, "at": 1721937237.549633}
{"obj": {"type": "LogFloats", "path": ["Loss (Train)"], "values": [{"value": 0.03583863377571106, "step": null, "ts": 1721937237.6446316}]}, "version": 174, "at": 1721937237.6446316}
{"obj": {"type": "LogFloats", "path": ["Loss (Train)"], "values": [{"value": 0.034601449966430664, "step": null, "ts": 1721937237.7506332}]}, "version": 175, "at": 1721937237.7506332}
{"obj": {"type": "LogFloats", "path": ["Loss (Train)"], "values": [{"value": 0.03488519415259361, "step": null, "ts": 1721937237.8466322}]}, "version": 176, "at": 1721937237.8466322}
{"obj": {"type": "LogFloats", "path": ["Loss (Train)"], "values": [{"value": 0.035287316888570786, "step": null, "ts": 1721937237.9456327}]}, "version": 177, "at": 1721937237.9456327}
{"obj": {"type": "LogFloats", "path": ["Loss (Train)"], "values": [{"value": 0.03547871857881546, "step": null, "ts": 1721937238.0476325}]}, "version": 178, "at": 1721937238.0476325}
{"obj": {"type": "LogFloats", "path": ["Loss (Train)"], "values": [{"value": 0.03531136363744736, "step": null, "ts": 1721937238.1466322}]}, "version": 179, "at": 1721937238.1466322}
{"obj": {"type": "LogFloats", "path": ["Loss (Train)"], "values": [{"value": 0.03465873748064041, "step": null, "ts": 1721937238.2456322}]}, "version": 180, "at": 1721937238.2456322}
{"obj": {"type": "LogFloats", "path": ["Loss (Train)"], "values": [{"value": 0.03448798879981041, "step": null, "ts": 1721937238.3436325}]}, "version": 181, "at": 1721937238.3436325}
{"obj": {"type": "LogFloats", "path": ["Loss (Train)"], "values": [{"value": 0.03497171401977539, "step": null, "ts": 1721937238.440632}]}, "version": 182, "at": 1721937238.440632}
{"obj": {"type": "LogFloats", "path": ["Loss (Train)"], "values": [{"value": 0.03513240069150925, "step": null, "ts": 1721937238.5386322}]}, "version": 183, "at": 1721937238.5386322}
{"obj": {"type": "LogFloats", "path": ["Loss (Train)"], "values": [{"value": 0.03452633321285248, "step": null, "ts": 1721937238.6356313}]}, "version": 184, "at": 1721937238.6356313}
{"obj": {"type": "LogFloats", "path": ["Loss (Train)"], "values": [{"value": 0.03474989905953407, "step": null, "ts": 1721937238.7356918}]}, "version": 185, "at": 1721937238.7356918}
{"obj": {"type": "LogFloats", "path": ["Loss (Train)"], "values": [{"value": 0.03431931138038635, "step": null, "ts": 1721937238.833694}]}, "version": 186, "at": 1721937238.833694}
{"obj": {"type": "LogFloats", "path": ["Loss (Train)"], "values": [{"value": 0.033829450607299805, "step": null, "ts": 1721937238.9462824}]}, "version": 187, "at": 1721937238.9462824}
{"obj": {"type": "LogFloats", "path": ["Loss (Train)"], "values": [{"value": 0.034288156777620316, "step": null, "ts": 1721937239.0402813}]}, "version": 188, "at": 1721937239.0402813}
{"obj": {"type": "LogFloats", "path": ["Loss (Train)"], "values": [{"value": 0.0343252569437027, "step": null, "ts": 1721937239.1392822}]}, "version": 189, "at": 1721937239.1392822}
{"obj": {"type": "LogFloats", "path": ["Loss (Train)"], "values": [{"value": 0.03451866656541824, "step": null, "ts": 1721937239.2362816}]}, "version": 190, "at": 1721937239.2362816}
{"obj": {"type": "LogFloats", "path": ["Loss (Train)"], "values": [{"value": 0.03433844819664955, "step": null, "ts": 1721937239.3332834}]}, "version": 191, "at": 1721937239.3332834}
{"obj": {"type": "LogFloats", "path": ["Loss (Train)"], "values": [{"value": 0.03440838307142258, "step": null, "ts": 1721937239.4312823}]}, "version": 192, "at": 1721937239.4312823}
{"obj": {"type": "LogFloats", "path": ["Loss (Train)"], "values": [{"value": 0.03449421375989914, "step": null, "ts": 1721937239.5292814}]}, "version": 193, "at": 1721937239.5292814}
{"obj": {"type": "LogFloats", "path": ["Loss (Train)"], "values": [{"value": 0.0336780771613121, "step": null, "ts": 1721937239.6232815}]}, "version": 194, "at": 1721937239.6242821}
{"obj": {"type": "LogFloats", "path": ["Loss (Train)"], "values": [{"value": 0.034466784447431564, "step": null, "ts": 1721937239.7322817}]}, "version": 195, "at": 1721937239.7322817}
{"obj": {"type": "LogFloats", "path": ["Loss (Train)"], "values": [{"value": 0.03410964459180832, "step": null, "ts": 1721937239.8282814}]}, "version": 196, "at": 1721937239.8282814}
{"obj": {"type": "LogFloats", "path": ["Loss (Train)"], "values": [{"value": 0.03368097543716431, "step": null, "ts": 1721937239.9262822}]}, "version": 197, "at": 1721937239.9262822}
{"obj": {"type": "LogFloats", "path": ["Loss (Train)"], "values": [{"value": 0.034376200288534164, "step": null, "ts": 1721937240.0252833}]}, "version": 198, "at": 1721937240.0252833}
{"obj": {"type": "LogFloats", "path": ["Loss (Train)"], "values": [{"value": 0.034257516264915466, "step": null, "ts": 1721937240.122283}]}, "version": 199, "at": 1721937240.122283}
{"obj": {"type": "LogFloats", "path": ["Loss (Train)"], "values": [{"value": 0.034173667430877686, "step": null, "ts": 1721937240.2182815}]}, "version": 200, "at": 1721937240.2182815}
{"obj": {"type": "LogFloats", "path": ["Loss (Train)"], "values": [{"value": 0.033695038408041, "step": null, "ts": 1721937240.3182826}]}, "version": 201, "at": 1721937240.3182826}
{"obj": {"type": "LogFloats", "path": ["Loss (Train)"], "values": [{"value": 0.03418578580021858, "step": null, "ts": 1721937240.4162834}]}, "version": 202, "at": 1721937240.4162834}
{"obj": {"type": "LogFloats", "path": ["Loss (Train)"], "values": [{"value": 0.033438488841056824, "step": null, "ts": 1721937240.5122826}]}, "version": 203, "at": 1721937240.5122826}
{"obj": {"type": "LogFloats", "path": ["Loss (Train)"], "values": [{"value": 0.033516641706228256, "step": null, "ts": 1721937240.6142814}]}, "version": 204, "at": 1721937240.6142814}
{"obj": {"type": "LogFloats", "path": ["Loss (Train)"], "values": [{"value": 0.03338170051574707, "step": null, "ts": 1721937240.7142818}]}, "version": 205, "at": 1721937240.7142818}
{"obj": {"type": "LogFloats", "path": ["Loss (Train)"], "values": [{"value": 0.03307771310210228, "step": null, "ts": 1721937240.8132825}]}, "version": 206, "at": 1721937240.8132825}
{"obj": {"type": "LogFloats", "path": ["Loss (Train)"], "values": [{"value": 0.032957203686237335, "step": null, "ts": 1721937240.9142826}]}, "version": 207, "at": 1721937240.9142826}
{"obj": {"type": "LogFloats", "path": ["Loss (Train)"], "values": [{"value": 0.03336139768362045, "step": null, "ts": 1721937241.0114639}]}, "version": 208, "at": 1721937241.0114639}
{"obj": {"type": "LogFloats", "path": ["Loss (Train)"], "values": [{"value": 0.03377782925963402, "step": null, "ts": 1721937241.110464}]}, "version": 209, "at": 1721937241.110464}
{"obj": {"type": "LogFloats", "path": ["Loss (Train)"], "values": [{"value": 0.03330913186073303, "step": null, "ts": 1721937241.2084677}]}, "version": 210, "at": 1721937241.2084677}
{"obj": {"type": "LogFloats", "path": ["Loss (Train)"], "values": [{"value": 0.033404089510440826, "step": null, "ts": 1721937241.3064642}]}, "version": 211, "at": 1721937241.3064642}
{"obj": {"type": "LogFloats", "path": ["Loss (Train)"], "values": [{"value": 0.03360902890563011, "step": null, "ts": 1721937241.402464}]}, "version": 212, "at": 1721937241.402464}
{"obj": {"type": "LogFloats", "path": ["Loss (Train)"], "values": [{"value": 0.033736951649188995, "step": null, "ts": 1721937241.5014634}]}, "version": 213, "at": 1721937241.5014634}
{"obj": {"type": "LogFloats", "path": ["Loss (Train)"], "values": [{"value": 0.033315036445856094, "step": null, "ts": 1721937241.602464}]}, "version": 214, "at": 1721937241.602464}
{"obj": {"type": "LogFloats", "path": ["Loss (Train)"], "values": [{"value": 0.033507004380226135, "step": null, "ts": 1721937241.7004638}]}, "version": 215, "at": 1721937241.7004638}
{"obj": {"type": "LogFloats", "path": ["Loss (Train)"], "values": [{"value": 0.033435847610235214, "step": null, "ts": 1721937241.7984643}]}, "version": 216, "at": 1721937241.7984643}
{"obj": {"type": "LogFloats", "path": ["Loss (Train)"], "values": [{"value": 0.03326985985040665, "step": null, "ts": 1721937241.8954632}]}, "version": 217, "at": 1721937241.8954632}
{"obj": {"type": "LogFloats", "path": ["Loss (Train)"], "values": [{"value": 0.033802807331085205, "step": null, "ts": 1721937241.9884636}]}, "version": 218, "at": 1721937241.9884636}
{"obj": {"type": "LogFloats", "path": ["Loss (Train)"], "values": [{"value": 0.033359210938215256, "step": null, "ts": 1721937242.086464}]}, "version": 219, "at": 1721937242.086464}
{"obj": {"type": "LogFloats", "path": ["Loss (Train)"], "values": [{"value": 0.03319970518350601, "step": null, "ts": 1721937242.189464}]}, "version": 220, "at": 1721937242.189464}
{"obj": {"type": "LogFloats", "path": ["Loss (Train)"], "values": [{"value": 0.03256859630346298, "step": null, "ts": 1721937242.2874644}]}, "version": 221, "at": 1721937242.2874644}
{"obj": {"type": "LogFloats", "path": ["Loss (Train)"], "values": [{"value": 0.03307842090725899, "step": null, "ts": 1721937242.383465}]}, "version": 222, "at": 1721937242.383465}
{"obj": {"type": "LogFloats", "path": ["Loss (Train)"], "values": [{"value": 0.03325897082686424, "step": null, "ts": 1721937242.483465}]}, "version": 223, "at": 1721937242.483465}
{"obj": {"type": "LogFloats", "path": ["Loss (Train)"], "values": [{"value": 0.0328182727098465, "step": null, "ts": 1721937242.5844646}]}, "version": 224, "at": 1721937242.5844646}
{"obj": {"type": "LogFloats", "path": ["Loss (Train)"], "values": [{"value": 0.03351636230945587, "step": null, "ts": 1721937242.6814637}]}, "version": 225, "at": 1721937242.6814637}
{"obj": {"type": "LogFloats", "path": ["Loss (Train)"], "values": [{"value": 0.0333159975707531, "step": null, "ts": 1721937242.7864637}]}, "version": 226, "at": 1721937242.7864637}
{"obj": {"type": "LogFloats", "path": ["Loss (Train)"], "values": [{"value": 0.032683663070201874, "step": null, "ts": 1721937242.886464}]}, "version": 227, "at": 1721937242.886464}
{"obj": {"type": "LogFloats", "path": ["Loss (Train)"], "values": [{"value": 0.03289024904370308, "step": null, "ts": 1721937242.986464}]}, "version": 228, "at": 1721937242.986464}
{"obj": {"type": "LogFloats", "path": ["Loss (Train)"], "values": [{"value": 0.03283287584781647, "step": null, "ts": 1721937243.0854645}]}, "version": 229, "at": 1721937243.0854645}
{"obj": {"type": "LogFloats", "path": ["Loss (Train)"], "values": [{"value": 0.03305164724588394, "step": null, "ts": 1721937243.1814635}]}, "version": 230, "at": 1721937243.1814635}
{"obj": {"type": "LogFloats", "path": ["Loss (Train)"], "values": [{"value": 0.03307221457362175, "step": null, "ts": 1721937243.2784638}]}, "version": 231, "at": 1721937243.2784638}
{"obj": {"type": "LogFloats", "path": ["Loss (Train)"], "values": [{"value": 0.03319132328033447, "step": null, "ts": 1721937243.3764641}]}, "version": 232, "at": 1721937243.3764641}
{"obj": {"type": "LogFloats", "path": ["Loss (Train)"], "values": [{"value": 0.032608482986688614, "step": null, "ts": 1721937243.4794643}]}, "version": 233, "at": 1721937243.4794643}
{"obj": {"type": "LogFloats", "path": ["Loss (Train)"], "values": [{"value": 0.033319853246212006, "step": null, "ts": 1721937243.5804641}]}, "version": 234, "at": 1721937243.5804641}
{"obj": {"type": "LogFloats", "path": ["Loss (Train)"], "values": [{"value": 0.03276776149868965, "step": null, "ts": 1721937243.6804638}]}, "version": 235, "at": 1721937243.6804638}
{"obj": {"type": "LogFloats", "path": ["Loss (Train)"], "values": [{"value": 0.032940395176410675, "step": null, "ts": 1721937243.7774644}]}, "version": 236, "at": 1721937243.7774644}
{"obj": {"type": "LogFloats", "path": ["Loss (Train)"], "values": [{"value": 0.03276531770825386, "step": null, "ts": 1721937243.8754642}]}, "version": 237, "at": 1721937243.8754642}
{"obj": {"type": "LogFloats", "path": ["Loss (Train)"], "values": [{"value": 0.03317727893590927, "step": null, "ts": 1721937243.9794643}]}, "version": 238, "at": 1721937243.9794643}
{"obj": {"type": "LogFloats", "path": ["Loss (Train)"], "values": [{"value": 0.0330093577504158, "step": null, "ts": 1721937244.0764642}]}, "version": 239, "at": 1721937244.0764642}
{"obj": {"type": "LogFloats", "path": ["Loss (Train)"], "values": [{"value": 0.03259819746017456, "step": null, "ts": 1721937244.1764636}]}, "version": 240, "at": 1721937244.1774652}
{"obj": {"type": "LogFloats", "path": ["Loss (Train)"], "values": [{"value": 0.033082202076911926, "step": null, "ts": 1721937244.2744658}]}, "version": 241, "at": 1721937244.275466}
{"obj": {"type": "LogFloats", "path": ["Loss (Train)"], "values": [{"value": 0.03304887190461159, "step": null, "ts": 1721937244.3734639}]}, "version": 242, "at": 1721937244.3734639}
{"obj": {"type": "LogFloats", "path": ["Loss (Train)"], "values": [{"value": 0.03269830718636513, "step": null, "ts": 1721937244.4794657}]}, "version": 243, "at": 1721937244.4794657}
{"obj": {"type": "LogFloats", "path": ["Loss (Train)"], "values": [{"value": 0.03253865987062454, "step": null, "ts": 1721937244.583465}]}, "version": 244, "at": 1721937244.583465}
{"obj": {"type": "LogFloats", "path": ["Loss (Train)"], "values": [{"value": 0.033092450350522995, "step": null, "ts": 1721937244.6834664}]}, "version": 245, "at": 1721937244.6834664}
{"obj": {"type": "LogFloats", "path": ["Loss (Train)"], "values": [{"value": 0.032210107892751694, "step": null, "ts": 1721937244.7834663}]}, "version": 246, "at": 1721937244.7834663}
{"obj": {"type": "LogFloats", "path": ["Loss (Train)"], "values": [{"value": 0.03223305940628052, "step": null, "ts": 1721937244.886464}]}, "version": 247, "at": 1721937244.886464}
{"obj": {"type": "LogFloats", "path": ["Loss (Train)"], "values": [{"value": 0.03280504792928696, "step": null, "ts": 1721937244.9924638}]}, "version": 248, "at": 1721937244.9924638}
{"obj": {"type": "LogFloats", "path": ["Loss (Train)"], "values": [{"value": 0.03218410909175873, "step": null, "ts": 1721937245.0914648}]}, "version": 249, "at": 1721937245.0914648}
{"obj": {"type": "LogFloats", "path": ["Loss (Train)"], "values": [{"value": 0.032810430973768234, "step": null, "ts": 1721937245.1894631}]}, "version": 250, "at": 1721937245.1894631}
{"obj": {"type": "LogFloats", "path": ["Loss (Train)"], "values": [{"value": 0.032689955085515976, "step": null, "ts": 1721937245.2894638}]}, "version": 251, "at": 1721937245.2894638}
{"obj": {"type": "LogFloats", "path": ["Loss (Train)"], "values": [{"value": 0.03287452086806297, "step": null, "ts": 1721937245.386463}]}, "version": 252, "at": 1721937245.386463}
{"obj": {"type": "LogFloats", "path": ["Loss (Train)"], "values": [{"value": 0.032779891043901443, "step": null, "ts": 1721937245.4854643}]}, "version": 253, "at": 1721937245.4854643}
{"obj": {"type": "LogFloats", "path": ["Loss (Train)"], "values": [{"value": 0.032332904636859894, "step": null, "ts": 1721937245.5864637}]}, "version": 254, "at": 1721937245.5874648}
{"obj": {"type": "LogFloats", "path": ["Loss (Train)"], "values": [{"value": 0.032851412892341614, "step": null, "ts": 1721937245.684463}]}, "version": 255, "at": 1721937245.684463}
{"obj": {"type": "LogFloats", "path": ["Loss (Train)"], "values": [{"value": 0.03232758864760399, "step": null, "ts": 1721937245.7804637}]}, "version": 256, "at": 1721937245.7804637}
{"obj": {"type": "LogFloats", "path": ["Loss (Train)"], "values": [{"value": 0.03242355212569237, "step": null, "ts": 1721937245.8804631}]}, "version": 257, "at": 1721937245.8804631}
{"obj": {"type": "LogFloats", "path": ["Loss (Train)"], "values": [{"value": 0.033038947731256485, "step": null, "ts": 1721937245.974464}]}, "version": 258, "at": 1721937245.974464}
{"obj": {"type": "LogFloats", "path": ["Loss (Train)"], "values": [{"value": 0.033188074827194214, "step": null, "ts": 1721937246.0914648}]}, "version": 259, "at": 1721937246.0914648}
{"obj": {"type": "LogFloats", "path": ["Loss (Train)"], "values": [{"value": 0.03294229507446289, "step": null, "ts": 1721937246.1874633}]}, "version": 260, "at": 1721937246.1874633}
{"obj": {"type": "LogFloats", "path": ["Loss (Train)"], "values": [{"value": 0.03230088949203491, "step": null, "ts": 1721937246.289464}]}, "version": 261, "at": 1721937246.289464}
