{"obj": {"type": "AssignString", "path": ["sys", "name"], "value": "Untitled"}, "version": 1, "at": 1721981970.2208233}
{"obj": {"type": "AssignString", "path": ["sys", "description"], "value": ""}, "version": 2, "at": 1721981970.2208233}
{"obj": {"type": "AssignString", "path": ["monitoring", "37c64fef", "hostname"], "value": "DESKTOP-SO4DDQB"}, "version": 3, "at": 1721981970.2208233}
{"obj": {"type": "AssignString", "path": ["sys", "hostname"], "value": "DESKTOP-SO4DDQB"}, "version": 4, "at": 1721981970.2208233}
{"obj": {"type": "AssignString", "path": ["monitoring", "37c64fef", "pid"], "value": "8060"}, "version": 5, "at": 1721981970.2208233}
{"obj": {"type": "AssignString", "path": ["monitoring", "37c64fef", "tid"], "value": "16200"}, "version": 6, "at": 1721981970.2208233}
{"obj": {"type": "AssignBool", "path": ["sys", "failed"], "value": false}, "version": 7, "at": 1721981970.2208233}
{"obj": {"type": "LogFloats", "path": ["Loss (Train)"], "values": [{"value": 0.6848414540290833, "step": null, "ts": 1721981970.5718215}]}, "version": 8, "at": 1721981970.5718215}
{"obj": {"type": "LogFloats", "path": ["Gradient norm"], "values": [{"value": 1.2486056033509632, "step": null, "ts": 1721981970.5718215}]}, "version": 9, "at": 1721981970.5718215}
{"obj": {"type": "LogFloats", "path": ["Loss (Train)"], "values": [{"value": 0.6313913464546204, "step": null, "ts": 1721981970.664822}]}, "version": 10, "at": 1721981970.664822}
{"obj": {"type": "LogFloats", "path": ["Gradient norm"], "values": [{"value": 1.1441035901284191, "step": null, "ts": 1721981970.664822}]}, "version": 11, "at": 1721981970.664822}
{"obj": {"type": "LogFloats", "path": ["Loss (Train)"], "values": [{"value": 0.5948556661605835, "step": null, "ts": 1721981970.7468219}]}, "version": 12, "at": 1721981970.7468219}
{"obj": {"type": "LogFloats", "path": ["Gradient norm"], "values": [{"value": 0.8476774956807163, "step": null, "ts": 1721981970.7468219}]}, "version": 13, "at": 1721981970.7468219}
{"obj": {"type": "LogFloats", "path": ["Loss (Train)"], "values": [{"value": 0.5720309615135193, "step": null, "ts": 1721981970.8288224}]}, "version": 14, "at": 1721981970.8288224}
{"obj": {"type": "LogFloats", "path": ["Gradient norm"], "values": [{"value": 0.7968497368451364, "step": null, "ts": 1721981970.8298228}]}, "version": 15, "at": 1721981970.8298228}
{"obj": {"type": "LogFloats", "path": ["Loss (Train)"], "values": [{"value": 0.5519958734512329, "step": null, "ts": 1721981970.9068222}]}, "version": 16, "at": 1721981970.9068222}
{"obj": {"type": "LogFloats", "path": ["Gradient norm"], "values": [{"value": 0.7441097813409101, "step": null, "ts": 1721981970.9068222}]}, "version": 17, "at": 1721981970.9068222}
{"obj": {"type": "LogFloats", "path": ["Loss (Train)"], "values": [{"value": 0.5350427031517029, "step": null, "ts": 1721981970.989824}]}, "version": 18, "at": 1721981970.989824}
{"obj": {"type": "LogFloats", "path": ["Gradient norm"], "values": [{"value": 0.7342672913942597, "step": null, "ts": 1721981970.989824}]}, "version": 19, "at": 1721981970.989824}
{"obj": {"type": "LogFloats", "path": ["Loss (Train)"], "values": [{"value": 0.5187132358551025, "step": null, "ts": 1721981971.0708213}]}, "version": 20, "at": 1721981971.0708213}
{"obj": {"type": "LogFloats", "path": ["Gradient norm"], "values": [{"value": 0.7221977239534629, "step": null, "ts": 1721981971.0708213}]}, "version": 21, "at": 1721981971.0708213}
{"obj": {"type": "LogFloats", "path": ["Loss (Train)"], "values": [{"value": 0.5031198859214783, "step": null, "ts": 1721981971.1528232}]}, "version": 22, "at": 1721981971.1528232}
{"obj": {"type": "LogFloats", "path": ["Gradient norm"], "values": [{"value": 0.711437829026349, "step": null, "ts": 1721981971.1528232}]}, "version": 23, "at": 1721981971.1528232}
{"obj": {"type": "LogFloats", "path": ["Loss (Train)"], "values": [{"value": 0.4882592260837555, "step": null, "ts": 1721981971.2338233}]}, "version": 24, "at": 1721981971.2338233}
{"obj": {"type": "LogFloats", "path": ["Gradient norm"], "values": [{"value": 0.7090097111681646, "step": null, "ts": 1721981971.2338233}]}, "version": 25, "at": 1721981971.2338233}
{"obj": {"type": "LogFloats", "path": ["Loss (Train)"], "values": [{"value": 0.4738893508911133, "step": null, "ts": 1721981971.3138237}]}, "version": 26, "at": 1721981971.3138237}
{"obj": {"type": "LogFloats", "path": ["Gradient norm"], "values": [{"value": 0.709820826385868, "step": null, "ts": 1721981971.3138237}]}, "version": 27, "at": 1721981971.3138237}
{"obj": {"type": "LogFloats", "path": ["Loss (Train)"], "values": [{"value": 0.4595610797405243, "step": null, "ts": 1721981971.3908215}]}, "version": 28, "at": 1721981971.3908215}
{"obj": {"type": "LogFloats", "path": ["Gradient norm"], "values": [{"value": 0.7092608790555371, "step": null, "ts": 1721981971.3908215}]}, "version": 29, "at": 1721981971.3908215}
{"obj": {"type": "LogFloats", "path": ["Loss (Train)"], "values": [{"value": 0.4454802870750427, "step": null, "ts": 1721981971.4718242}]}, "version": 30, "at": 1721981971.4718242}
{"obj": {"type": "LogFloats", "path": ["Gradient norm"], "values": [{"value": 0.7065314642442172, "step": null, "ts": 1721981971.4728243}]}, "version": 31, "at": 1721981971.4728243}
{"obj": {"type": "LogFloats", "path": ["Loss (Train)"], "values": [{"value": 0.43134403228759766, "step": null, "ts": 1721981971.5508225}]}, "version": 32, "at": 1721981971.5508225}
{"obj": {"type": "LogFloats", "path": ["Gradient norm"], "values": [{"value": 0.7039685112979205, "step": null, "ts": 1721981971.5508225}]}, "version": 33, "at": 1721981971.5508225}
{"obj": {"type": "LogFloats", "path": ["Loss (Train)"], "values": [{"value": 0.41766035556793213, "step": null, "ts": 1721981971.630824}]}, "version": 34, "at": 1721981971.630824}
{"obj": {"type": "LogFloats", "path": ["Gradient norm"], "values": [{"value": 0.7038498126615383, "step": null, "ts": 1721981971.630824}]}, "version": 35, "at": 1721981971.630824}
{"obj": {"type": "LogFloats", "path": ["Loss (Train)"], "values": [{"value": 0.40343067049980164, "step": null, "ts": 1721981971.709824}]}, "version": 36, "at": 1721981971.709824}
{"obj": {"type": "LogFloats", "path": ["Gradient norm"], "values": [{"value": 0.7037406450952827, "step": null, "ts": 1721981971.709824}]}, "version": 37, "at": 1721981971.709824}
{"obj": {"type": "LogFloats", "path": ["Loss (Train)"], "values": [{"value": 0.38982921838760376, "step": null, "ts": 1721981971.7908237}]}, "version": 38, "at": 1721981971.7908237}
{"obj": {"type": "LogFloats", "path": ["Gradient norm"], "values": [{"value": 0.7016547152814868, "step": null, "ts": 1721981971.7908237}]}, "version": 39, "at": 1721981971.7908237}
{"obj": {"type": "LogFloats", "path": ["Loss (Train)"], "values": [{"value": 0.37630829215049744, "step": null, "ts": 1721981971.8708224}]}, "version": 40, "at": 1721981971.8708224}
{"obj": {"type": "LogFloats", "path": ["Gradient norm"], "values": [{"value": 0.6987328554890565, "step": null, "ts": 1721981971.8708224}]}, "version": 41, "at": 1721981971.8708224}
{"obj": {"type": "LogFloats", "path": ["Loss (Train)"], "values": [{"value": 0.36295086145401, "step": null, "ts": 1721981971.9758239}]}, "version": 42, "at": 1721981971.9758239}
{"obj": {"type": "LogFloats", "path": ["Gradient norm"], "values": [{"value": 0.6960108455087036, "step": null, "ts": 1721981971.9758239}]}, "version": 43, "at": 1721981971.9758239}
{"obj": {"type": "LogFloats", "path": ["Loss (Train)"], "values": [{"value": 0.3496817946434021, "step": null, "ts": 1721981972.0618224}]}, "version": 44, "at": 1721981972.0618224}
{"obj": {"type": "LogFloats", "path": ["Gradient norm"], "values": [{"value": 0.6934994286121536, "step": null, "ts": 1721981972.0618224}]}, "version": 45, "at": 1721981972.0618224}
{"obj": {"type": "LogFloats", "path": ["Loss (Train)"], "values": [{"value": 0.3367498815059662, "step": null, "ts": 1721981972.1488233}]}, "version": 46, "at": 1721981972.1488233}
{"obj": {"type": "LogFloats", "path": ["Gradient norm"], "values": [{"value": 0.690051200542333, "step": null, "ts": 1721981972.1488233}]}, "version": 47, "at": 1721981972.1488233}
{"obj": {"type": "LogFloats", "path": ["Loss (Train)"], "values": [{"value": 0.32398393750190735, "step": null, "ts": 1721981972.2258244}]}, "version": 48, "at": 1721981972.2258244}
{"obj": {"type": "LogFloats", "path": ["Gradient norm"], "values": [{"value": 0.6861539722617489, "step": null, "ts": 1721981972.2268252}]}, "version": 49, "at": 1721981972.2268252}
{"obj": {"type": "LogFloats", "path": ["Loss (Train)"], "values": [{"value": 0.3108939528465271, "step": null, "ts": 1721981972.3078215}]}, "version": 50, "at": 1721981972.3078215}
{"obj": {"type": "LogFloats", "path": ["Gradient norm"], "values": [{"value": 0.6811833473787173, "step": null, "ts": 1721981972.3078215}]}, "version": 51, "at": 1721981972.3078215}
{"obj": {"type": "LogFloats", "path": ["Loss (Train)"], "values": [{"value": 0.29849493503570557, "step": null, "ts": 1721981972.386824}]}, "version": 52, "at": 1721981972.386824}
{"obj": {"type": "LogFloats", "path": ["Gradient norm"], "values": [{"value": 0.6755063594806169, "step": null, "ts": 1721981972.386824}]}, "version": 53, "at": 1721981972.386824}
{"obj": {"type": "LogFloats", "path": ["Loss (Train)"], "values": [{"value": 0.28602924942970276, "step": null, "ts": 1721981972.4698217}]}, "version": 54, "at": 1721981972.4698217}
{"obj": {"type": "LogFloats", "path": ["Gradient norm"], "values": [{"value": 0.6689718976303315, "step": null, "ts": 1721981972.4698217}]}, "version": 55, "at": 1721981972.4698217}
{"obj": {"type": "LogFloats", "path": ["Loss (Train)"], "values": [{"value": 0.2739062011241913, "step": null, "ts": 1721981972.5478241}]}, "version": 56, "at": 1721981972.5478241}
{"obj": {"type": "LogFloats", "path": ["Gradient norm"], "values": [{"value": 0.6615086869737742, "step": null, "ts": 1721981972.5478241}]}, "version": 57, "at": 1721981972.5478241}
{"obj": {"type": "LogFloats", "path": ["Loss (Train)"], "values": [{"value": 0.2616432309150696, "step": null, "ts": 1721981972.6298227}]}, "version": 58, "at": 1721981972.6298227}
{"obj": {"type": "LogFloats", "path": ["Gradient norm"], "values": [{"value": 0.653182405308675, "step": null, "ts": 1721981972.6298227}]}, "version": 59, "at": 1721981972.6298227}
{"obj": {"type": "LogFloats", "path": ["Loss (Train)"], "values": [{"value": 0.24993973970413208, "step": null, "ts": 1721981972.707822}]}, "version": 60, "at": 1721981972.707822}
{"obj": {"type": "LogFloats", "path": ["Gradient norm"], "values": [{"value": 0.6437933191949693, "step": null, "ts": 1721981972.707822}]}, "version": 61, "at": 1721981972.707822}
{"obj": {"type": "LogFloats", "path": ["Loss (Train)"], "values": [{"value": 0.23888911306858063, "step": null, "ts": 1721981972.788822}]}, "version": 62, "at": 1721981972.788822}
{"obj": {"type": "LogFloats", "path": ["Gradient norm"], "values": [{"value": 0.6338413215507772, "step": null, "ts": 1721981972.788822}]}, "version": 63, "at": 1721981972.788822}
{"obj": {"type": "LogFloats", "path": ["Loss (Train)"], "values": [{"value": 0.22741620242595673, "step": null, "ts": 1721981972.8658242}]}, "version": 64, "at": 1721981972.8658242}
{"obj": {"type": "LogFloats", "path": ["Gradient norm"], "values": [{"value": 0.6226376684105931, "step": null, "ts": 1721981972.8658242}]}, "version": 65, "at": 1721981972.8658242}
{"obj": {"type": "LogFloats", "path": ["Loss (Train)"], "values": [{"value": 0.21570491790771484, "step": null, "ts": 1721981972.947822}]}, "version": 66, "at": 1721981972.947822}
{"obj": {"type": "LogFloats", "path": ["Gradient norm"], "values": [{"value": 0.6098299589693332, "step": null, "ts": 1721981972.947822}]}, "version": 67, "at": 1721981972.947822}
{"obj": {"type": "LogFloats", "path": ["Loss (Train)"], "values": [{"value": 0.20572513341903687, "step": null, "ts": 1721981973.0248222}]}, "version": 68, "at": 1721981973.0248222}
{"obj": {"type": "LogFloats", "path": ["Gradient norm"], "values": [{"value": 0.5980301422290211, "step": null, "ts": 1721981973.0248222}]}, "version": 69, "at": 1721981973.0248222}
{"obj": {"type": "LogFloats", "path": ["Loss (Train)"], "values": [{"value": 0.19515250623226166, "step": null, "ts": 1721981973.103824}]}, "version": 70, "at": 1721981973.103824}
{"obj": {"type": "LogFloats", "path": ["Gradient norm"], "values": [{"value": 0.5840233964449726, "step": null, "ts": 1721981973.103824}]}, "version": 71, "at": 1721981973.103824}
{"obj": {"type": "LogFloats", "path": ["Loss (Train)"], "values": [{"value": 0.18527235090732574, "step": null, "ts": 1721981973.1818228}]}, "version": 72, "at": 1721981973.1818228}
{"obj": {"type": "LogFloats", "path": ["Gradient norm"], "values": [{"value": 0.5696161151159019, "step": null, "ts": 1721981973.1818228}]}, "version": 73, "at": 1721981973.1818228}
{"obj": {"type": "LogFloats", "path": ["Loss (Train)"], "values": [{"value": 0.17512691020965576, "step": null, "ts": 1721981973.2618225}]}, "version": 74, "at": 1721981973.2618225}
{"obj": {"type": "LogFloats", "path": ["Gradient norm"], "values": [{"value": 0.5540290158732254, "step": null, "ts": 1721981973.2618225}]}, "version": 75, "at": 1721981973.2618225}
{"obj": {"type": "LogFloats", "path": ["Loss (Train)"], "values": [{"value": 0.1661626398563385, "step": null, "ts": 1721981973.3398225}]}, "version": 76, "at": 1721981973.3398225}
{"obj": {"type": "LogFloats", "path": ["Gradient norm"], "values": [{"value": 0.5387958984652376, "step": null, "ts": 1721981973.3398225}]}, "version": 77, "at": 1721981973.3398225}
{"obj": {"type": "LogFloats", "path": ["Loss (Train)"], "values": [{"value": 0.1567574441432953, "step": null, "ts": 1721981973.4218225}]}, "version": 78, "at": 1721981973.4218225}
{"obj": {"type": "LogFloats", "path": ["Gradient norm"], "values": [{"value": 0.5211026156571741, "step": null, "ts": 1721981973.4228215}]}, "version": 79, "at": 1721981973.4228215}
{"obj": {"type": "LogFloats", "path": ["Loss (Train)"], "values": [{"value": 0.14815284311771393, "step": null, "ts": 1721981973.505425}]}, "version": 80, "at": 1721981973.505425}
{"obj": {"type": "LogFloats", "path": ["Gradient norm"], "values": [{"value": 0.5047893843553748, "step": null, "ts": 1721981973.505425}]}, "version": 81, "at": 1721981973.505425}
{"obj": {"type": "LogFloats", "path": ["Loss (Train)"], "values": [{"value": 0.13945868611335754, "step": null, "ts": 1721981973.5884235}]}, "version": 82, "at": 1721981973.5884235}
{"obj": {"type": "LogFloats", "path": ["Gradient norm"], "values": [{"value": 0.4865032932352864, "step": null, "ts": 1721981973.5884235}]}, "version": 83, "at": 1721981973.5884235}
{"obj": {"type": "LogFloats", "path": ["Loss (Train)"], "values": [{"value": 0.13241614401340485, "step": null, "ts": 1721981973.669426}]}, "version": 84, "at": 1721981973.669426}
{"obj": {"type": "LogFloats", "path": ["Gradient norm"], "values": [{"value": 0.46993253787847694, "step": null, "ts": 1721981973.669426}]}, "version": 85, "at": 1721981973.669426}
{"obj": {"type": "LogFloats", "path": ["Loss (Train)"], "values": [{"value": 0.12494717538356781, "step": null, "ts": 1721981973.7550273}]}, "version": 86, "at": 1721981973.7550273}
{"obj": {"type": "LogFloats", "path": ["Gradient norm"], "values": [{"value": 0.45185714355387246, "step": null, "ts": 1721981973.7550273}]}, "version": 87, "at": 1721981973.7550273}
{"obj": {"type": "LogFloats", "path": ["Loss (Train)"], "values": [{"value": 0.11760691553354263, "step": null, "ts": 1721981973.8380249}]}, "version": 88, "at": 1721981973.8380249}
{"obj": {"type": "LogFloats", "path": ["Gradient norm"], "values": [{"value": 0.4332311807381971, "step": null, "ts": 1721981973.8380249}]}, "version": 89, "at": 1721981973.8380249}
{"obj": {"type": "LogFloats", "path": ["Loss (Train)"], "values": [{"value": 0.11071338504552841, "step": null, "ts": 1721981973.9210265}]}, "version": 90, "at": 1721981973.9210265}
{"obj": {"type": "LogFloats", "path": ["Gradient norm"], "values": [{"value": 0.41440150894405436, "step": null, "ts": 1721981973.9210265}]}, "version": 91, "at": 1721981973.9210265}
{"obj": {"type": "LogFloats", "path": ["Loss (Train)"], "values": [{"value": 0.1040586605668068, "step": null, "ts": 1721981974.0000246}]}, "version": 92, "at": 1721981974.0000246}
{"obj": {"type": "LogFloats", "path": ["Gradient norm"], "values": [{"value": 0.395875010541871, "step": null, "ts": 1721981974.0000246}]}, "version": 93, "at": 1721981974.0000246}
{"obj": {"type": "LogFloats", "path": ["Loss (Train)"], "values": [{"value": 0.09861890226602554, "step": null, "ts": 1721981974.079026}]}, "version": 94, "at": 1721981974.079026}
{"obj": {"type": "LogFloats", "path": ["Gradient norm"], "values": [{"value": 0.3787243402969121, "step": null, "ts": 1721981974.079026}]}, "version": 95, "at": 1721981974.079026}
{"obj": {"type": "LogFloats", "path": ["Loss (Train)"], "values": [{"value": 0.09340963512659073, "step": null, "ts": 1721981974.1580245}]}, "version": 96, "at": 1721981974.1590247}
{"obj": {"type": "LogFloats", "path": ["Gradient norm"], "values": [{"value": 0.3614574471121892, "step": null, "ts": 1721981974.1590247}]}, "version": 97, "at": 1721981974.1590247}
{"obj": {"type": "LogFloats", "path": ["Loss (Train)"], "values": [{"value": 0.08815654367208481, "step": null, "ts": 1721981974.2390254}]}, "version": 98, "at": 1721981974.2390254}
{"obj": {"type": "LogFloats", "path": ["Gradient norm"], "values": [{"value": 0.3437220778690296, "step": null, "ts": 1721981974.240025}]}, "version": 99, "at": 1721981974.240025}
{"obj": {"type": "LogFloats", "path": ["Loss (Train)"], "values": [{"value": 0.08279718458652496, "step": null, "ts": 1721981974.3220265}]}, "version": 100, "at": 1721981974.3220265}
{"obj": {"type": "LogFloats", "path": ["Gradient norm"], "values": [{"value": 0.32508625974179484, "step": null, "ts": 1721981974.3220265}]}, "version": 101, "at": 1721981974.3220265}
{"obj": {"type": "LogFloats", "path": ["Loss (Train)"], "values": [{"value": 0.07816065847873688, "step": null, "ts": 1721981974.404025}]}, "version": 102, "at": 1721981974.404025}
{"obj": {"type": "LogFloats", "path": ["Gradient norm"], "values": [{"value": 0.3081505669620268, "step": null, "ts": 1721981974.404025}]}, "version": 103, "at": 1721981974.404025}
{"obj": {"type": "LogFloats", "path": ["Loss (Train)"], "values": [{"value": 0.07451871037483215, "step": null, "ts": 1721981974.4880252}]}, "version": 104, "at": 1721981974.4880252}
{"obj": {"type": "LogFloats", "path": ["Gradient norm"], "values": [{"value": 0.29248351082975727, "step": null, "ts": 1721981974.4880252}]}, "version": 105, "at": 1721981974.4880252}
{"obj": {"type": "LogFloats", "path": ["Loss (Train)"], "values": [{"value": 0.07053746283054352, "step": null, "ts": 1721981974.5690255}]}, "version": 106, "at": 1721981974.5690255}
{"obj": {"type": "LogFloats", "path": ["Gradient norm"], "values": [{"value": 0.27664752239350565, "step": null, "ts": 1721981974.5690255}]}, "version": 107, "at": 1721981974.5690255}
{"obj": {"type": "LogFloats", "path": ["Loss (Train)"], "values": [{"value": 0.06754038482904434, "step": null, "ts": 1721981974.6490245}]}, "version": 108, "at": 1721981974.6490245}
{"obj": {"type": "LogFloats", "path": ["Gradient norm"], "values": [{"value": 0.26307880411603646, "step": null, "ts": 1721981974.6490245}]}, "version": 109, "at": 1721981974.6490245}
{"obj": {"type": "LogFloats", "path": ["Loss (Train)"], "values": [{"value": 0.0639643520116806, "step": null, "ts": 1721981974.7310252}]}, "version": 110, "at": 1721981974.7310252}
{"obj": {"type": "LogFloats", "path": ["Gradient norm"], "values": [{"value": 0.24737658138687577, "step": null, "ts": 1721981974.732025}]}, "version": 111, "at": 1721981974.732025}
{"obj": {"type": "LogFloats", "path": ["Loss (Train)"], "values": [{"value": 0.06092512980103493, "step": null, "ts": 1721981974.8120258}]}, "version": 112, "at": 1721981974.8120258}
{"obj": {"type": "LogFloats", "path": ["Gradient norm"], "values": [{"value": 0.2334212161300049, "step": null, "ts": 1721981974.8120258}]}, "version": 113, "at": 1721981974.8120258}
{"obj": {"type": "LogFloats", "path": ["Loss (Train)"], "values": [{"value": 0.058508727699518204, "step": null, "ts": 1721981974.8980248}]}, "version": 114, "at": 1721981974.8980248}
{"obj": {"type": "LogFloats", "path": ["Gradient norm"], "values": [{"value": 0.220282415555613, "step": null, "ts": 1721981974.8980248}]}, "version": 115, "at": 1721981974.8980248}
{"obj": {"type": "LogFloats", "path": ["Loss (Train)"], "values": [{"value": 0.056106746196746826, "step": null, "ts": 1721981974.9800248}]}, "version": 116, "at": 1721981974.9800248}
{"obj": {"type": "LogFloats", "path": ["Gradient norm"], "values": [{"value": 0.20809488737974033, "step": null, "ts": 1721981974.9800248}]}, "version": 117, "at": 1721981974.9800248}
{"obj": {"type": "LogFloats", "path": ["Loss (Train)"], "values": [{"value": 0.05345138534903526, "step": null, "ts": 1721981975.063025}]}, "version": 118, "at": 1721981975.063025}
{"obj": {"type": "LogFloats", "path": ["Gradient norm"], "values": [{"value": 0.19484164165525483, "step": null, "ts": 1721981975.063025}]}, "version": 119, "at": 1721981975.063025}
{"obj": {"type": "LogFloats", "path": ["Loss (Train)"], "values": [{"value": 0.05166127532720566, "step": null, "ts": 1721981975.1430256}]}, "version": 120, "at": 1721981975.1430256}
{"obj": {"type": "LogFloats", "path": ["Gradient norm"], "values": [{"value": 0.1847136343064631, "step": null, "ts": 1721981975.1430256}]}, "version": 121, "at": 1721981975.1430256}
{"obj": {"type": "LogFloats", "path": ["Loss (Train)"], "values": [{"value": 0.04959052801132202, "step": null, "ts": 1721981975.2250245}]}, "version": 122, "at": 1721981975.2250245}
{"obj": {"type": "LogFloats", "path": ["Gradient norm"], "values": [{"value": 0.1723721042671144, "step": null, "ts": 1721981975.2250245}]}, "version": 123, "at": 1721981975.2250245}
{"obj": {"type": "LogFloats", "path": ["Loss (Train)"], "values": [{"value": 0.04813254252076149, "step": null, "ts": 1721981975.3120248}]}, "version": 124, "at": 1721981975.3120248}
{"obj": {"type": "LogFloats", "path": ["Gradient norm"], "values": [{"value": 0.16487777716324273, "step": null, "ts": 1721981975.3120248}]}, "version": 125, "at": 1721981975.3120248}
{"obj": {"type": "LogFloats", "path": ["Loss (Train)"], "values": [{"value": 0.04649624228477478, "step": null, "ts": 1721981975.4010248}]}, "version": 126, "at": 1721981975.4010248}
{"obj": {"type": "LogFloats", "path": ["Gradient norm"], "values": [{"value": 0.15495195347328133, "step": null, "ts": 1721981975.402025}]}, "version": 127, "at": 1721981975.402025}
{"obj": {"type": "LogFloats", "path": ["Loss (Train)"], "values": [{"value": 0.04538026824593544, "step": null, "ts": 1721981975.484025}]}, "version": 128, "at": 1721981975.484025}
{"obj": {"type": "LogFloats", "path": ["Gradient norm"], "values": [{"value": 0.1469570036494236, "step": null, "ts": 1721981975.484025}]}, "version": 129, "at": 1721981975.484025}
{"obj": {"type": "LogFloats", "path": ["Loss (Train)"], "values": [{"value": 0.04359967261552811, "step": null, "ts": 1721981975.574025}]}, "version": 130, "at": 1721981975.574025}
{"obj": {"type": "LogFloats", "path": ["Gradient norm"], "values": [{"value": 0.13757144729846382, "step": null, "ts": 1721981975.574025}]}, "version": 131, "at": 1721981975.574025}
{"obj": {"type": "LogFloats", "path": ["Loss (Train)"], "values": [{"value": 0.04176999628543854, "step": null, "ts": 1721981975.659026}]}, "version": 132, "at": 1721981975.659026}
{"obj": {"type": "LogFloats", "path": ["Gradient norm"], "values": [{"value": 0.1265320665640159, "step": null, "ts": 1721981975.659026}]}, "version": 133, "at": 1721981975.659026}
{"obj": {"type": "LogFloats", "path": ["Loss (Train)"], "values": [{"value": 0.04157494381070137, "step": null, "ts": 1721981975.7430243}]}, "version": 134, "at": 1721981975.7430243}
{"obj": {"type": "LogFloats", "path": ["Gradient norm"], "values": [{"value": 0.12223664984914, "step": null, "ts": 1721981975.7440262}]}, "version": 135, "at": 1721981975.7440262}
{"obj": {"type": "LogFloats", "path": ["Loss (Train)"], "values": [{"value": 0.040893182158470154, "step": null, "ts": 1721981975.8260252}]}, "version": 136, "at": 1721981975.827026}
{"obj": {"type": "LogFloats", "path": ["Gradient norm"], "values": [{"value": 0.11717274512175391, "step": null, "ts": 1721981975.827026}]}, "version": 137, "at": 1721981975.827026}
{"obj": {"type": "LogFloats", "path": ["Loss (Train)"], "values": [{"value": 0.03962539881467819, "step": null, "ts": 1721981975.9140253}]}, "version": 138, "at": 1721981975.9140253}
{"obj": {"type": "LogFloats", "path": ["Gradient norm"], "values": [{"value": 0.10894632537151541, "step": null, "ts": 1721981975.9150257}]}, "version": 139, "at": 1721981975.9150257}
{"obj": {"type": "LogFloats", "path": ["Loss (Train)"], "values": [{"value": 0.03927617892622948, "step": null, "ts": 1721981975.9990246}]}, "version": 140, "at": 1721981975.9990246}
{"obj": {"type": "LogFloats", "path": ["Gradient norm"], "values": [{"value": 0.1045729882665218, "step": null, "ts": 1721981975.9990246}]}, "version": 141, "at": 1721981975.9990246}
{"obj": {"type": "LogFloats", "path": ["Loss (Train)"], "values": [{"value": 0.03834491968154907, "step": null, "ts": 1721981976.0840259}]}, "version": 142, "at": 1721981976.0840259}
{"obj": {"type": "LogFloats", "path": ["Gradient norm"], "values": [{"value": 0.10038280567823321, "step": null, "ts": 1721981976.0840259}]}, "version": 143, "at": 1721981976.0840259}
{"obj": {"type": "LogFloats", "path": ["Loss (Train)"], "values": [{"value": 0.0374465174973011, "step": null, "ts": 1721981976.1660242}]}, "version": 144, "at": 1721981976.1660242}
{"obj": {"type": "LogFloats", "path": ["Gradient norm"], "values": [{"value": 0.09232415688286114, "step": null, "ts": 1721981976.167025}]}, "version": 145, "at": 1721981976.167025}
{"obj": {"type": "LogFloats", "path": ["Loss (Train)"], "values": [{"value": 0.03718641772866249, "step": null, "ts": 1721981976.2510247}]}, "version": 146, "at": 1721981976.2510247}
{"obj": {"type": "LogFloats", "path": ["Gradient norm"], "values": [{"value": 0.09337173034114828, "step": null, "ts": 1721981976.2510247}]}, "version": 147, "at": 1721981976.2510247}
{"obj": {"type": "LogFloats", "path": ["Loss (Train)"], "values": [{"value": 0.03710512816905975, "step": null, "ts": 1721981976.3360248}]}, "version": 148, "at": 1721981976.3360248}
{"obj": {"type": "LogFloats", "path": ["Gradient norm"], "values": [{"value": 0.08902450545655308, "step": null, "ts": 1721981976.3360248}]}, "version": 149, "at": 1721981976.3360248}
{"obj": {"type": "LogFloats", "path": ["Loss (Train)"], "values": [{"value": 0.03646289184689522, "step": null, "ts": 1721981976.4220252}]}, "version": 150, "at": 1721981976.4220252}
{"obj": {"type": "LogFloats", "path": ["Gradient norm"], "values": [{"value": 0.08463993857628051, "step": null, "ts": 1721981976.423026}]}, "version": 151, "at": 1721981976.423026}
{"obj": {"type": "LogFloats", "path": ["Loss (Train)"], "values": [{"value": 0.036353111267089844, "step": null, "ts": 1721981976.5090249}]}, "version": 152, "at": 1721981976.5090249}
{"obj": {"type": "LogFloats", "path": ["Gradient norm"], "values": [{"value": 0.0820392791227632, "step": null, "ts": 1721981976.5090249}]}, "version": 153, "at": 1721981976.5090249}
{"obj": {"type": "LogFloats", "path": ["Loss (Train)"], "values": [{"value": 0.03494936600327492, "step": null, "ts": 1721981976.601026}]}, "version": 154, "at": 1721981976.601026}
{"obj": {"type": "LogFloats", "path": ["Gradient norm"], "values": [{"value": 0.0736987909741823, "step": null, "ts": 1721981976.601026}]}, "version": 155, "at": 1721981976.601026}
{"obj": {"type": "LogFloats", "path": ["Loss (Train)"], "values": [{"value": 0.03563082963228226, "step": null, "ts": 1721981976.6870284}]}, "version": 156, "at": 1721981976.6870284}
{"obj": {"type": "LogFloats", "path": ["Gradient norm"], "values": [{"value": 0.07302751627992887, "step": null, "ts": 1721981976.6870284}]}, "version": 157, "at": 1721981976.6870284}
{"obj": {"type": "LogFloats", "path": ["Loss (Train)"], "values": [{"value": 0.03510347381234169, "step": null, "ts": 1721981976.7790267}]}, "version": 158, "at": 1721981976.7790267}
{"obj": {"type": "LogFloats", "path": ["Gradient norm"], "values": [{"value": 0.07123230950293183, "step": null, "ts": 1721981976.7790267}]}, "version": 159, "at": 1721981976.7790267}
{"obj": {"type": "LogFloats", "path": ["Loss (Train)"], "values": [{"value": 0.03459787741303444, "step": null, "ts": 1721981976.8660252}]}, "version": 160, "at": 1721981976.8660252}
{"obj": {"type": "LogFloats", "path": ["Gradient norm"], "values": [{"value": 0.06616513331530037, "step": null, "ts": 1721981976.867026}]}, "version": 161, "at": 1721981976.867026}
{"obj": {"type": "LogFloats", "path": ["Loss (Train)"], "values": [{"value": 0.03464627265930176, "step": null, "ts": 1721981976.9560246}]}, "version": 162, "at": 1721981976.9560246}
{"obj": {"type": "LogFloats", "path": ["Gradient norm"], "values": [{"value": 0.06706921395148377, "step": null, "ts": 1721981976.9570246}]}, "version": 163, "at": 1721981976.9570246}
{"obj": {"type": "LogFloats", "path": ["Loss (Train)"], "values": [{"value": 0.034460559487342834, "step": null, "ts": 1721981977.043027}]}, "version": 164, "at": 1721981977.043027}
{"obj": {"type": "LogFloats", "path": ["Gradient norm"], "values": [{"value": 0.06627041559631351, "step": null, "ts": 1721981977.043027}]}, "version": 165, "at": 1721981977.043027}
{"obj": {"type": "LogFloats", "path": ["Loss (Train)"], "values": [{"value": 0.03408898413181305, "step": null, "ts": 1721981977.1370254}]}, "version": 166, "at": 1721981977.1380253}
{"obj": {"type": "LogFloats", "path": ["Gradient norm"], "values": [{"value": 0.06314596353208768, "step": null, "ts": 1721981977.1380253}]}, "version": 167, "at": 1721981977.1380253}
{"obj": {"type": "LogFloats", "path": ["Loss (Train)"], "values": [{"value": 0.03322811424732208, "step": null, "ts": 1721981977.2260242}]}, "version": 168, "at": 1721981977.2260242}
{"obj": {"type": "LogFloats", "path": ["Gradient norm"], "values": [{"value": 0.05585541751181358, "step": null, "ts": 1721981977.2270248}]}, "version": 169, "at": 1721981977.2270248}
{"obj": {"type": "LogFloats", "path": ["Loss (Train)"], "values": [{"value": 0.033904850482940674, "step": null, "ts": 1721981977.3140242}]}, "version": 170, "at": 1721981977.3150244}
{"obj": {"type": "LogFloats", "path": ["Gradient norm"], "values": [{"value": 0.05941369264212101, "step": null, "ts": 1721981977.3150244}]}, "version": 171, "at": 1721981977.3150244}
{"obj": {"type": "LogFloats", "path": ["Loss (Train)"], "values": [{"value": 0.03330462798476219, "step": null, "ts": 1721981977.4000247}]}, "version": 172, "at": 1721981977.4000247}
{"obj": {"type": "LogFloats", "path": ["Gradient norm"], "values": [{"value": 0.06013047244031135, "step": null, "ts": 1721981977.4000247}]}, "version": 173, "at": 1721981977.4000247}
{"obj": {"type": "LogFloats", "path": ["Loss (Train)"], "values": [{"value": 0.033196840435266495, "step": null, "ts": 1721981977.5080252}]}, "version": 174, "at": 1721981977.509025}
{"obj": {"type": "LogFloats", "path": ["Gradient norm"], "values": [{"value": 0.05611466210815908, "step": null, "ts": 1721981977.509025}]}, "version": 175, "at": 1721981977.509025}
{"obj": {"type": "LogFloats", "path": ["Loss (Train)"], "values": [{"value": 0.033168334513902664, "step": null, "ts": 1721981977.5980282}]}, "version": 176, "at": 1721981977.5980282}
{"obj": {"type": "LogFloats", "path": ["Gradient norm"], "values": [{"value": 0.05675342774746224, "step": null, "ts": 1721981977.5980282}]}, "version": 177, "at": 1721981977.5980282}
{"obj": {"type": "LogFloats", "path": ["Loss (Train)"], "values": [{"value": 0.033288177102804184, "step": null, "ts": 1721981977.7140257}]}, "version": 178, "at": 1721981977.7140257}
{"obj": {"type": "LogFloats", "path": ["Gradient norm"], "values": [{"value": 0.0553995271690259, "step": null, "ts": 1721981977.7140257}]}, "version": 179, "at": 1721981977.7140257}
{"obj": {"type": "LogFloats", "path": ["Loss (Train)"], "values": [{"value": 0.03299875557422638, "step": null, "ts": 1721981977.8020246}]}, "version": 180, "at": 1721981977.8020246}
{"obj": {"type": "LogFloats", "path": ["Gradient norm"], "values": [{"value": 0.052382740853105875, "step": null, "ts": 1721981977.8020246}]}, "version": 181, "at": 1721981977.8020246}
{"obj": {"type": "LogFloats", "path": ["Loss (Train)"], "values": [{"value": 0.0325973704457283, "step": null, "ts": 1721981977.890026}]}, "version": 182, "at": 1721981977.890026}
{"obj": {"type": "LogFloats", "path": ["Gradient norm"], "values": [{"value": 0.05239153098966012, "step": null, "ts": 1721981977.890026}]}, "version": 183, "at": 1721981977.890026}
{"obj": {"type": "LogFloats", "path": ["Loss (Train)"], "values": [{"value": 0.03274324908852577, "step": null, "ts": 1721981977.976025}]}, "version": 184, "at": 1721981977.976025}
{"obj": {"type": "LogFloats", "path": ["Gradient norm"], "values": [{"value": 0.04705834405779273, "step": null, "ts": 1721981977.976025}]}, "version": 185, "at": 1721981977.976025}
{"obj": {"type": "LogFloats", "path": ["Loss (Train)"], "values": [{"value": 0.03250269591808319, "step": null, "ts": 1721981978.062025}]}, "version": 186, "at": 1721981978.062025}
{"obj": {"type": "LogFloats", "path": ["Gradient norm"], "values": [{"value": 0.050017913084452734, "step": null, "ts": 1721981978.062025}]}, "version": 187, "at": 1721981978.062025}
{"obj": {"type": "LogFloats", "path": ["Loss (Train)"], "values": [{"value": 0.03314952924847603, "step": null, "ts": 1721981978.148025}]}, "version": 188, "at": 1721981978.148025}
{"obj": {"type": "LogFloats", "path": ["Gradient norm"], "values": [{"value": 0.05353058384269843, "step": null, "ts": 1721981978.148025}]}, "version": 189, "at": 1721981978.148025}
{"obj": {"type": "LogFloats", "path": ["Loss (Train)"], "values": [{"value": 0.03256695345044136, "step": null, "ts": 1721981978.2710266}]}, "version": 190, "at": 1721981978.2710266}
{"obj": {"type": "LogFloats", "path": ["Gradient norm"], "values": [{"value": 0.05027121808379554, "step": null, "ts": 1721981978.2710266}]}, "version": 191, "at": 1721981978.2710266}
{"obj": {"type": "LogFloats", "path": ["Loss (Train)"], "values": [{"value": 0.032393623143434525, "step": null, "ts": 1721981978.3560266}]}, "version": 192, "at": 1721981978.3560266}
{"obj": {"type": "LogFloats", "path": ["Gradient norm"], "values": [{"value": 0.04825483449010841, "step": null, "ts": 1721981978.3560266}]}, "version": 193, "at": 1721981978.3560266}
{"obj": {"type": "LogFloats", "path": ["Loss (Train)"], "values": [{"value": 0.03262536972761154, "step": null, "ts": 1721981978.4430244}]}, "version": 194, "at": 1721981978.4430244}
{"obj": {"type": "LogFloats", "path": ["Gradient norm"], "values": [{"value": 0.05003621371443371, "step": null, "ts": 1721981978.4430244}]}, "version": 195, "at": 1721981978.4430244}
{"obj": {"type": "LogFloats", "path": ["Loss (Train)"], "values": [{"value": 0.032377973198890686, "step": null, "ts": 1721981978.5420265}]}, "version": 196, "at": 1721981978.5420265}
{"obj": {"type": "LogFloats", "path": ["Gradient norm"], "values": [{"value": 0.048254721388006974, "step": null, "ts": 1721981978.5430253}]}, "version": 197, "at": 1721981978.5430253}
{"obj": {"type": "LogFloats", "path": ["Loss (Train)"], "values": [{"value": 0.032428521662950516, "step": null, "ts": 1721981978.6310244}]}, "version": 198, "at": 1721981978.6310244}
{"obj": {"type": "LogFloats", "path": ["Gradient norm"], "values": [{"value": 0.048241909565890424, "step": null, "ts": 1721981978.6310244}]}, "version": 199, "at": 1721981978.6310244}
{"obj": {"type": "LogFloats", "path": ["Loss (Train)"], "values": [{"value": 0.03206321597099304, "step": null, "ts": 1721981978.7230256}]}, "version": 200, "at": 1721981978.7230256}
{"obj": {"type": "LogFloats", "path": ["Gradient norm"], "values": [{"value": 0.0456000117055397, "step": null, "ts": 1721981978.7230256}]}, "version": 201, "at": 1721981978.7230256}
{"obj": {"type": "LogFloats", "path": ["Loss (Train)"], "values": [{"value": 0.03219064697623253, "step": null, "ts": 1721981978.8180246}]}, "version": 202, "at": 1721981978.8180246}
{"obj": {"type": "LogFloats", "path": ["Gradient norm"], "values": [{"value": 0.045169542564569454, "step": null, "ts": 1721981978.8180246}]}, "version": 203, "at": 1721981978.8180246}
{"obj": {"type": "LogFloats", "path": ["Loss (Train)"], "values": [{"value": 0.03232832998037338, "step": null, "ts": 1721981978.9040263}]}, "version": 204, "at": 1721981978.9040263}
{"obj": {"type": "LogFloats", "path": ["Gradient norm"], "values": [{"value": 0.04764555779284977, "step": null, "ts": 1721981978.9040263}]}, "version": 205, "at": 1721981978.9040263}
{"obj": {"type": "LogFloats", "path": ["Loss (Train)"], "values": [{"value": 0.032001856714487076, "step": null, "ts": 1721981978.997025}]}, "version": 206, "at": 1721981978.997025}
{"obj": {"type": "LogFloats", "path": ["Gradient norm"], "values": [{"value": 0.04743826887268842, "step": null, "ts": 1721981978.997025}]}, "version": 207, "at": 1721981978.997025}
{"obj": {"type": "LogFloats", "path": ["Loss (Train)"], "values": [{"value": 0.03251969441771507, "step": null, "ts": 1721981979.083025}]}, "version": 208, "at": 1721981979.083025}
{"obj": {"type": "LogFloats", "path": ["Gradient norm"], "values": [{"value": 0.05016098497975739, "step": null, "ts": 1721981979.083025}]}, "version": 209, "at": 1721981979.083025}
{"obj": {"type": "LogFloats", "path": ["Loss (Train)"], "values": [{"value": 0.0320252925157547, "step": null, "ts": 1721981979.1720245}]}, "version": 210, "at": 1721981979.1720245}
{"obj": {"type": "LogFloats", "path": ["Gradient norm"], "values": [{"value": 0.041965636170245985, "step": null, "ts": 1721981979.1720245}]}, "version": 211, "at": 1721981979.1720245}
{"obj": {"type": "LogFloats", "path": ["Loss (Train)"], "values": [{"value": 0.032220181077718735, "step": null, "ts": 1721981979.2580261}]}, "version": 212, "at": 1721981979.2580261}
{"obj": {"type": "LogFloats", "path": ["Gradient norm"], "values": [{"value": 0.044137815050134706, "step": null, "ts": 1721981979.2580261}]}, "version": 213, "at": 1721981979.2580261}
{"obj": {"type": "LogFloats", "path": ["Loss (Train)"], "values": [{"value": 0.03205272555351257, "step": null, "ts": 1721981979.3490248}]}, "version": 214, "at": 1721981979.3490248}
{"obj": {"type": "LogFloats", "path": ["Gradient norm"], "values": [{"value": 0.046448805447051864, "step": null, "ts": 1721981979.3490248}]}, "version": 215, "at": 1721981979.3490248}
{"obj": {"type": "LogFloats", "path": ["Loss (Train)"], "values": [{"value": 0.032211340963840485, "step": null, "ts": 1721981979.434026}]}, "version": 216, "at": 1721981979.434026}
{"obj": {"type": "LogFloats", "path": ["Gradient norm"], "values": [{"value": 0.04700341468778336, "step": null, "ts": 1721981979.434026}]}, "version": 217, "at": 1721981979.434026}
{"obj": {"type": "LogFloats", "path": ["Loss (Train)"], "values": [{"value": 0.03206237033009529, "step": null, "ts": 1721981979.5270252}]}, "version": 218, "at": 1721981979.5270252}
{"obj": {"type": "LogFloats", "path": ["Gradient norm"], "values": [{"value": 0.04614443112399236, "step": null, "ts": 1721981979.5270252}]}, "version": 219, "at": 1721981979.5270252}
{"obj": {"type": "LogFloats", "path": ["Loss (Train)"], "values": [{"value": 0.032232895493507385, "step": null, "ts": 1721981979.612025}]}, "version": 220, "at": 1721981979.612025}
{"obj": {"type": "LogFloats", "path": ["Gradient norm"], "values": [{"value": 0.046614427775627715, "step": null, "ts": 1721981979.612025}]}, "version": 221, "at": 1721981979.612025}
{"obj": {"type": "LogFloats", "path": ["Loss (Train)"], "values": [{"value": 0.03200828284025192, "step": null, "ts": 1721981979.699025}]}, "version": 222, "at": 1721981979.699025}
{"obj": {"type": "LogFloats", "path": ["Gradient norm"], "values": [{"value": 0.046055561431246714, "step": null, "ts": 1721981979.699025}]}, "version": 223, "at": 1721981979.699025}
{"obj": {"type": "LogFloats", "path": ["Loss (Train)"], "values": [{"value": 0.03211373835802078, "step": null, "ts": 1721981979.7850254}]}, "version": 224, "at": 1721981979.7850254}
{"obj": {"type": "LogFloats", "path": ["Gradient norm"], "values": [{"value": 0.04775754833046145, "step": null, "ts": 1721981979.7860255}]}, "version": 225, "at": 1721981979.7860255}
{"obj": {"type": "LogFloats", "path": ["Loss (Train)"], "values": [{"value": 0.03205670788884163, "step": null, "ts": 1721981979.8760245}]}, "version": 226, "at": 1721981979.8760245}
{"obj": {"type": "LogFloats", "path": ["Gradient norm"], "values": [{"value": 0.04605038171705395, "step": null, "ts": 1721981979.8760245}]}, "version": 227, "at": 1721981979.8760245}
{"obj": {"type": "LogFloats", "path": ["Loss (Train)"], "values": [{"value": 0.03229875862598419, "step": null, "ts": 1721981979.9600246}]}, "version": 228, "at": 1721981979.9600246}
{"obj": {"type": "LogFloats", "path": ["Gradient norm"], "values": [{"value": 0.04968002832937068, "step": null, "ts": 1721981979.9600246}]}, "version": 229, "at": 1721981979.9600246}
{"obj": {"type": "LogFloats", "path": ["Loss (Train)"], "values": [{"value": 0.03185947239398956, "step": null, "ts": 1721981980.0500252}]}, "version": 230, "at": 1721981980.0500252}
{"obj": {"type": "LogFloats", "path": ["Gradient norm"], "values": [{"value": 0.04472825954689594, "step": null, "ts": 1721981980.0500252}]}, "version": 231, "at": 1721981980.0500252}
{"obj": {"type": "LogFloats", "path": ["Loss (Train)"], "values": [{"value": 0.032295968383550644, "step": null, "ts": 1721981980.1720252}]}, "version": 232, "at": 1721981980.1720252}
{"obj": {"type": "LogFloats", "path": ["Gradient norm"], "values": [{"value": 0.0455927741263904, "step": null, "ts": 1721981980.1720252}]}, "version": 233, "at": 1721981980.1720252}
{"obj": {"type": "LogFloats", "path": ["Loss (Train)"], "values": [{"value": 0.03190319985151291, "step": null, "ts": 1721981980.2580252}]}, "version": 234, "at": 1721981980.2590249}
{"obj": {"type": "LogFloats", "path": ["Gradient norm"], "values": [{"value": 0.04406652786865426, "step": null, "ts": 1721981980.2590249}]}, "version": 235, "at": 1721981980.2590249}
{"obj": {"type": "LogFloats", "path": ["Loss (Train)"], "values": [{"value": 0.032009806483983994, "step": null, "ts": 1721981980.3430252}]}, "version": 236, "at": 1721981980.3430252}
{"obj": {"type": "LogFloats", "path": ["Gradient norm"], "values": [{"value": 0.047009374325506975, "step": null, "ts": 1721981980.3430252}]}, "version": 237, "at": 1721981980.3430252}
{"obj": {"type": "LogFloats", "path": ["Loss (Train)"], "values": [{"value": 0.0318429097533226, "step": null, "ts": 1721981980.432024}]}, "version": 238, "at": 1721981980.432024}
{"obj": {"type": "LogFloats", "path": ["Gradient norm"], "values": [{"value": 0.04691846103897076, "step": null, "ts": 1721981980.432024}]}, "version": 239, "at": 1721981980.432024}
{"obj": {"type": "LogFloats", "path": ["Loss (Train)"], "values": [{"value": 0.031753554940223694, "step": null, "ts": 1721981980.5170243}]}, "version": 240, "at": 1721981980.5170243}
{"obj": {"type": "LogFloats", "path": ["Gradient norm"], "values": [{"value": 0.04482833063511429, "step": null, "ts": 1721981980.5170243}]}, "version": 241, "at": 1721981980.5170243}
{"obj": {"type": "LogFloats", "path": ["Loss (Train)"], "values": [{"value": 0.03214353322982788, "step": null, "ts": 1721981980.6020253}]}, "version": 242, "at": 1721981980.6020253}
{"obj": {"type": "LogFloats", "path": ["Gradient norm"], "values": [{"value": 0.0469779913945134, "step": null, "ts": 1721981980.6020253}]}, "version": 243, "at": 1721981980.6020253}
{"obj": {"type": "LogFloats", "path": ["Loss (Train)"], "values": [{"value": 0.0318511538207531, "step": null, "ts": 1721981980.687026}]}, "version": 244, "at": 1721981980.687026}
{"obj": {"type": "LogFloats", "path": ["Gradient norm"], "values": [{"value": 0.040365238215937335, "step": null, "ts": 1721981980.687026}]}, "version": 245, "at": 1721981980.687026}
{"obj": {"type": "LogFloats", "path": ["Loss (Train)"], "values": [{"value": 0.03201496973633766, "step": null, "ts": 1721981980.7740247}]}, "version": 246, "at": 1721981980.7740247}
{"obj": {"type": "LogFloats", "path": ["Gradient norm"], "values": [{"value": 0.0435770991681601, "step": null, "ts": 1721981980.7740247}]}, "version": 247, "at": 1721981980.7740247}
{"obj": {"type": "LogFloats", "path": ["Loss (Train)"], "values": [{"value": 0.031564489006996155, "step": null, "ts": 1721981980.8600252}]}, "version": 248, "at": 1721981980.8600252}
{"obj": {"type": "LogFloats", "path": ["Gradient norm"], "values": [{"value": 0.04246795051121724, "step": null, "ts": 1721981980.8600252}]}, "version": 249, "at": 1721981980.8600252}
{"obj": {"type": "LogFloats", "path": ["Loss (Train)"], "values": [{"value": 0.03171570599079132, "step": null, "ts": 1721981980.9470248}]}, "version": 250, "at": 1721981980.9470248}
{"obj": {"type": "LogFloats", "path": ["Gradient norm"], "values": [{"value": 0.044229134533717435, "step": null, "ts": 1721981980.9470248}]}, "version": 251, "at": 1721981980.9470248}
{"obj": {"type": "LogFloats", "path": ["Loss (Train)"], "values": [{"value": 0.031681355088949203, "step": null, "ts": 1721981981.0320256}]}, "version": 252, "at": 1721981981.0320256}
{"obj": {"type": "LogFloats", "path": ["Gradient norm"], "values": [{"value": 0.046318627315914254, "step": null, "ts": 1721981981.0320256}]}, "version": 253, "at": 1721981981.0320256}
{"obj": {"type": "LogFloats", "path": ["Loss (Train)"], "values": [{"value": 0.031877703964710236, "step": null, "ts": 1721981981.1200254}]}, "version": 254, "at": 1721981981.1200254}
{"obj": {"type": "LogFloats", "path": ["Gradient norm"], "values": [{"value": 0.03995098016698314, "step": null, "ts": 1721981981.1200254}]}, "version": 255, "at": 1721981981.1200254}
{"obj": {"type": "LogFloats", "path": ["Loss (Train)"], "values": [{"value": 0.031775277107954025, "step": null, "ts": 1721981981.2130256}]}, "version": 256, "at": 1721981981.2130256}
{"obj": {"type": "LogFloats", "path": ["Gradient norm"], "values": [{"value": 0.04485345028778384, "step": null, "ts": 1721981981.2130256}]}, "version": 257, "at": 1721981981.2130256}
{"obj": {"type": "LogFloats", "path": ["Loss (Train)"], "values": [{"value": 0.031855154782533646, "step": null, "ts": 1721981981.3010254}]}, "version": 258, "at": 1721981981.3010254}
{"obj": {"type": "LogFloats", "path": ["Gradient norm"], "values": [{"value": 0.045823258438079134, "step": null, "ts": 1721981981.3010254}]}, "version": 259, "at": 1721981981.3010254}
{"obj": {"type": "LogFloats", "path": ["Loss (Train)"], "values": [{"value": 0.03174717724323273, "step": null, "ts": 1721981981.3880248}]}, "version": 260, "at": 1721981981.3880248}
{"obj": {"type": "LogFloats", "path": ["Gradient norm"], "values": [{"value": 0.04245386033706189, "step": null, "ts": 1721981981.3880248}]}, "version": 261, "at": 1721981981.3880248}
{"obj": {"type": "LogFloats", "path": ["Loss (Train)"], "values": [{"value": 0.031318068504333496, "step": null, "ts": 1721981981.4830248}]}, "version": 262, "at": 1721981981.4830248}
{"obj": {"type": "LogFloats", "path": ["Gradient norm"], "values": [{"value": 0.03983978805410682, "step": null, "ts": 1721981981.4830248}]}, "version": 263, "at": 1721981981.4830248}
{"obj": {"type": "LogFloats", "path": ["Loss (Train)"], "values": [{"value": 0.03166580945253372, "step": null, "ts": 1721981981.567025}]}, "version": 264, "at": 1721981981.567025}
{"obj": {"type": "LogFloats", "path": ["Gradient norm"], "values": [{"value": 0.044169279554372456, "step": null, "ts": 1721981981.567025}]}, "version": 265, "at": 1721981981.567025}
{"obj": {"type": "LogFloats", "path": ["Loss (Train)"], "values": [{"value": 0.031711261719465256, "step": null, "ts": 1721981981.6600251}]}, "version": 266, "at": 1721981981.6600251}
{"obj": {"type": "LogFloats", "path": ["Gradient norm"], "values": [{"value": 0.04302946083557429, "step": null, "ts": 1721981981.6600251}]}, "version": 267, "at": 1721981981.6600251}
{"obj": {"type": "LogFloats", "path": ["Loss (Train)"], "values": [{"value": 0.03178741782903671, "step": null, "ts": 1721981981.743026}]}, "version": 268, "at": 1721981981.743026}
{"obj": {"type": "LogFloats", "path": ["Gradient norm"], "values": [{"value": 0.04588803346583129, "step": null, "ts": 1721981981.743026}]}, "version": 269, "at": 1721981981.743026}
{"obj": {"type": "LogFloats", "path": ["Loss (Train)"], "values": [{"value": 0.03184308484196663, "step": null, "ts": 1721981981.8340256}]}, "version": 270, "at": 1721981981.8350255}
{"obj": {"type": "LogFloats", "path": ["Gradient norm"], "values": [{"value": 0.044271738338523915, "step": null, "ts": 1721981981.8350255}]}, "version": 271, "at": 1721981981.8350255}
{"obj": {"type": "LogFloats", "path": ["Loss (Train)"], "values": [{"value": 0.031640227884054184, "step": null, "ts": 1721981981.919026}]}, "version": 272, "at": 1721981981.919026}
{"obj": {"type": "LogFloats", "path": ["Gradient norm"], "values": [{"value": 0.04389915255128176, "step": null, "ts": 1721981981.919026}]}, "version": 273, "at": 1721981981.919026}
{"obj": {"type": "LogFloats", "path": ["Loss (Train)"], "values": [{"value": 0.03167394921183586, "step": null, "ts": 1721981982.004025}]}, "version": 274, "at": 1721981982.004025}
{"obj": {"type": "LogFloats", "path": ["Gradient norm"], "values": [{"value": 0.0408925346549234, "step": null, "ts": 1721981982.004025}]}, "version": 275, "at": 1721981982.004025}
{"obj": {"type": "LogFloats", "path": ["Loss (Train)"], "values": [{"value": 0.031664591282606125, "step": null, "ts": 1721981982.089025}]}, "version": 276, "at": 1721981982.089025}
{"obj": {"type": "LogFloats", "path": ["Gradient norm"], "values": [{"value": 0.044727059933859135, "step": null, "ts": 1721981982.089025}]}, "version": 277, "at": 1721981982.089025}
{"obj": {"type": "LogFloats", "path": ["Loss (Train)"], "values": [{"value": 0.03150408715009689, "step": null, "ts": 1721981982.1760252}]}, "version": 278, "at": 1721981982.1760252}
{"obj": {"type": "LogFloats", "path": ["Gradient norm"], "values": [{"value": 0.04348457955419505, "step": null, "ts": 1721981982.1760252}]}, "version": 279, "at": 1721981982.1760252}
{"obj": {"type": "LogFloats", "path": ["Loss (Train)"], "values": [{"value": 0.031710412353277206, "step": null, "ts": 1721981982.2580256}]}, "version": 280, "at": 1721981982.2580256}
{"obj": {"type": "LogFloats", "path": ["Gradient norm"], "values": [{"value": 0.0413336150037495, "step": null, "ts": 1721981982.2580256}]}, "version": 281, "at": 1721981982.2580256}
{"obj": {"type": "LogFloats", "path": ["Loss (Train)"], "values": [{"value": 0.03199110925197601, "step": null, "ts": 1721981982.3470252}]}, "version": 282, "at": 1721981982.3470252}
{"obj": {"type": "LogFloats", "path": ["Gradient norm"], "values": [{"value": 0.045944763205123404, "step": null, "ts": 1721981982.3470252}]}, "version": 283, "at": 1721981982.3470252}
{"obj": {"type": "LogFloats", "path": ["Loss (Train)"], "values": [{"value": 0.03166022151708603, "step": null, "ts": 1721981982.429025}]}, "version": 284, "at": 1721981982.429025}
{"obj": {"type": "LogFloats", "path": ["Gradient norm"], "values": [{"value": 0.04032084401943417, "step": null, "ts": 1721981982.429025}]}, "version": 285, "at": 1721981982.429025}
{"obj": {"type": "LogFloats", "path": ["Loss (Train)"], "values": [{"value": 0.0315912589430809, "step": null, "ts": 1721981982.5150251}]}, "version": 286, "at": 1721981982.5150251}
{"obj": {"type": "LogFloats", "path": ["Gradient norm"], "values": [{"value": 0.04691403915988073, "step": null, "ts": 1721981982.5150251}]}, "version": 287, "at": 1721981982.5150251}
{"obj": {"type": "LogFloats", "path": ["Loss (Train)"], "values": [{"value": 0.0314229279756546, "step": null, "ts": 1721981982.5990245}]}, "version": 288, "at": 1721981982.5990245}
{"obj": {"type": "LogFloats", "path": ["Gradient norm"], "values": [{"value": 0.04160413247676337, "step": null, "ts": 1721981982.5990245}]}, "version": 289, "at": 1721981982.5990245}
{"obj": {"type": "LogFloats", "path": ["Loss (Train)"], "values": [{"value": 0.03169621527194977, "step": null, "ts": 1721981982.684025}]}, "version": 290, "at": 1721981982.684025}
{"obj": {"type": "LogFloats", "path": ["Gradient norm"], "values": [{"value": 0.045414653081648146, "step": null, "ts": 1721981982.684025}]}, "version": 291, "at": 1721981982.684025}
{"obj": {"type": "LogFloats", "path": ["Loss (Train)"], "values": [{"value": 0.03177618980407715, "step": null, "ts": 1721981982.7660253}]}, "version": 292, "at": 1721981982.767025}
{"obj": {"type": "LogFloats", "path": ["Gradient norm"], "values": [{"value": 0.04772548660761662, "step": null, "ts": 1721981982.767025}]}, "version": 293, "at": 1721981982.767025}
{"obj": {"type": "LogFloats", "path": ["Loss (Train)"], "values": [{"value": 0.031780216842889786, "step": null, "ts": 1721981982.8510253}]}, "version": 294, "at": 1721981982.8510253}
{"obj": {"type": "LogFloats", "path": ["Gradient norm"], "values": [{"value": 0.043267059996280215, "step": null, "ts": 1721981982.8510253}]}, "version": 295, "at": 1721981982.8510253}
{"obj": {"type": "LogFloats", "path": ["Loss (Train)"], "values": [{"value": 0.03174123540520668, "step": null, "ts": 1721981982.9330251}]}, "version": 296, "at": 1721981982.9330251}
{"obj": {"type": "LogFloats", "path": ["Gradient norm"], "values": [{"value": 0.04508802921642667, "step": null, "ts": 1721981982.9330251}]}, "version": 297, "at": 1721981982.9330251}
{"obj": {"type": "LogFloats", "path": ["Loss (Train)"], "values": [{"value": 0.031648557633161545, "step": null, "ts": 1721981983.0210285}]}, "version": 298, "at": 1721981983.0210285}
{"obj": {"type": "LogFloats", "path": ["Gradient norm"], "values": [{"value": 0.0408074659806461, "step": null, "ts": 1721981983.0210285}]}, "version": 299, "at": 1721981983.0210285}
{"obj": {"type": "LogFloats", "path": ["Loss (Train)"], "values": [{"value": 0.031561847776174545, "step": null, "ts": 1721981983.1030257}]}, "version": 300, "at": 1721981983.1030257}
{"obj": {"type": "LogFloats", "path": ["Gradient norm"], "values": [{"value": 0.04446168143279649, "step": null, "ts": 1721981983.1030257}]}, "version": 301, "at": 1721981983.1030257}
{"obj": {"type": "LogFloats", "path": ["Loss (Train)"], "values": [{"value": 0.031572140753269196, "step": null, "ts": 1721981983.1920257}]}, "version": 302, "at": 1721981983.1920257}
{"obj": {"type": "LogFloats", "path": ["Gradient norm"], "values": [{"value": 0.04477635250982523, "step": null, "ts": 1721981983.1920257}]}, "version": 303, "at": 1721981983.1920257}
{"obj": {"type": "LogFloats", "path": ["Loss (Train)"], "values": [{"value": 0.031686510890722275, "step": null, "ts": 1721981983.2760253}]}, "version": 304, "at": 1721981983.2760253}
{"obj": {"type": "LogFloats", "path": ["Gradient norm"], "values": [{"value": 0.042445142141836596, "step": null, "ts": 1721981983.2760253}]}, "version": 305, "at": 1721981983.2760253}
{"obj": {"type": "LogFloats", "path": ["Loss (Train)"], "values": [{"value": 0.03164105489850044, "step": null, "ts": 1721981983.3620253}]}, "version": 306, "at": 1721981983.3620253}
{"obj": {"type": "LogFloats", "path": ["Gradient norm"], "values": [{"value": 0.04444116939866043, "step": null, "ts": 1721981983.3620253}]}, "version": 307, "at": 1721981983.3620253}
{"obj": {"type": "LogFloats", "path": ["Loss (Train)"], "values": [{"value": 0.03180021047592163, "step": null, "ts": 1721981983.4480243}]}, "version": 308, "at": 1721981983.4480243}
{"obj": {"type": "LogFloats", "path": ["Gradient norm"], "values": [{"value": 0.045964048927040146, "step": null, "ts": 1721981983.4480243}]}, "version": 309, "at": 1721981983.4480243}
{"obj": {"type": "LogFloats", "path": ["Loss (Train)"], "values": [{"value": 0.031567204743623734, "step": null, "ts": 1721981983.5336075}]}, "version": 310, "at": 1721981983.5336075}
{"obj": {"type": "LogFloats", "path": ["Gradient norm"], "values": [{"value": 0.040610340832578605, "step": null, "ts": 1721981983.5336075}]}, "version": 311, "at": 1721981983.5336075}
{"obj": {"type": "LogFloats", "path": ["Loss (Train)"], "values": [{"value": 0.03166212514042854, "step": null, "ts": 1721981983.6146078}]}, "version": 312, "at": 1721981983.6156077}
{"obj": {"type": "LogFloats", "path": ["Gradient norm"], "values": [{"value": 0.04089861524472941, "step": null, "ts": 1721981983.6156077}]}, "version": 313, "at": 1721981983.6156077}
{"obj": {"type": "LogFloats", "path": ["Loss (Train)"], "values": [{"value": 0.03170973062515259, "step": null, "ts": 1721981983.7001987}]}, "version": 314, "at": 1721981983.7001987}
{"obj": {"type": "LogFloats", "path": ["Gradient norm"], "values": [{"value": 0.04656448003145071, "step": null, "ts": 1721981983.7001987}]}, "version": 315, "at": 1721981983.7001987}
{"obj": {"type": "LogFloats", "path": ["Loss (Train)"], "values": [{"value": 0.03168774023652077, "step": null, "ts": 1721981983.7832031}]}, "version": 316, "at": 1721981983.7832031}
{"obj": {"type": "LogFloats", "path": ["Gradient norm"], "values": [{"value": 0.05067938802822871, "step": null, "ts": 1721981983.7832031}]}, "version": 317, "at": 1721981983.7832031}
{"obj": {"type": "LogFloats", "path": ["Loss (Train)"], "values": [{"value": 0.031580276787281036, "step": null, "ts": 1721981983.8692036}]}, "version": 318, "at": 1721981983.8692036}
{"obj": {"type": "LogFloats", "path": ["Gradient norm"], "values": [{"value": 0.04240248669028002, "step": null, "ts": 1721981983.8692036}]}, "version": 319, "at": 1721981983.8692036}
{"obj": {"type": "LogFloats", "path": ["Loss (Train)"], "values": [{"value": 0.03171992301940918, "step": null, "ts": 1721981983.9512033}]}, "version": 320, "at": 1721981983.9512033}
{"obj": {"type": "LogFloats", "path": ["Gradient norm"], "values": [{"value": 0.04400748662543277, "step": null, "ts": 1721981983.9512033}]}, "version": 321, "at": 1721981983.9512033}
{"obj": {"type": "LogFloats", "path": ["Loss (Train)"], "values": [{"value": 0.031552448868751526, "step": null, "ts": 1721981984.0362039}]}, "version": 322, "at": 1721981984.0362039}
{"obj": {"type": "LogFloats", "path": ["Gradient norm"], "values": [{"value": 0.04212403180886631, "step": null, "ts": 1721981984.0362039}]}, "version": 323, "at": 1721981984.0362039}
{"obj": {"type": "LogFloats", "path": ["Loss (Train)"], "values": [{"value": 0.03163094073534012, "step": null, "ts": 1721981984.1202047}]}, "version": 324, "at": 1721981984.1202047}
{"obj": {"type": "LogFloats", "path": ["Gradient norm"], "values": [{"value": 0.04553560819833526, "step": null, "ts": 1721981984.1202047}]}, "version": 325, "at": 1721981984.1202047}
{"obj": {"type": "LogFloats", "path": ["Loss (Train)"], "values": [{"value": 0.031540852040052414, "step": null, "ts": 1721981984.2092054}]}, "version": 326, "at": 1721981984.2102046}
{"obj": {"type": "LogFloats", "path": ["Gradient norm"], "values": [{"value": 0.04183670902832472, "step": null, "ts": 1721981984.2102046}]}, "version": 327, "at": 1721981984.2102046}
{"obj": {"type": "LogFloats", "path": ["Loss (Train)"], "values": [{"value": 0.03169165551662445, "step": null, "ts": 1721981984.2932029}]}, "version": 328, "at": 1721981984.2932029}
{"obj": {"type": "LogFloats", "path": ["Gradient norm"], "values": [{"value": 0.0437254567053081, "step": null, "ts": 1721981984.2932029}]}, "version": 329, "at": 1721981984.2932029}
{"obj": {"type": "LogFloats", "path": ["Loss (Train)"], "values": [{"value": 0.03158651664853096, "step": null, "ts": 1721981984.3812056}]}, "version": 330, "at": 1721981984.3812056}
{"obj": {"type": "LogFloats", "path": ["Gradient norm"], "values": [{"value": 0.04542744946706757, "step": null, "ts": 1721981984.3812056}]}, "version": 331, "at": 1721981984.3812056}
{"obj": {"type": "LogFloats", "path": ["Loss (Train)"], "values": [{"value": 0.03171418979763985, "step": null, "ts": 1721981984.4662037}]}, "version": 332, "at": 1721981984.4662037}
{"obj": {"type": "LogFloats", "path": ["Gradient norm"], "values": [{"value": 0.04536279920737574, "step": null, "ts": 1721981984.4672036}]}, "version": 333, "at": 1721981984.4672036}
{"obj": {"type": "LogFloats", "path": ["Loss (Train)"], "values": [{"value": 0.03160301595926285, "step": null, "ts": 1721981984.5542028}]}, "version": 334, "at": 1721981984.5542028}
{"obj": {"type": "LogFloats", "path": ["Gradient norm"], "values": [{"value": 0.046153273441709594, "step": null, "ts": 1721981984.5542028}]}, "version": 335, "at": 1721981984.5542028}
{"obj": {"type": "LogFloats", "path": ["Loss (Train)"], "values": [{"value": 0.0315169021487236, "step": null, "ts": 1721981984.640203}]}, "version": 336, "at": 1721981984.640203}
{"obj": {"type": "LogFloats", "path": ["Gradient norm"], "values": [{"value": 0.04306321393194997, "step": null, "ts": 1721981984.640203}]}, "version": 337, "at": 1721981984.640203}
{"obj": {"type": "LogFloats", "path": ["Loss (Train)"], "values": [{"value": 0.03163032978773117, "step": null, "ts": 1721981984.7212026}]}, "version": 338, "at": 1721981984.7212026}
{"obj": {"type": "LogFloats", "path": ["Gradient norm"], "values": [{"value": 0.045775669162774126, "step": null, "ts": 1721981984.7212026}]}, "version": 339, "at": 1721981984.7212026}
{"obj": {"type": "LogFloats", "path": ["Loss (Train)"], "values": [{"value": 0.031484875828027725, "step": null, "ts": 1721981984.7992046}]}, "version": 340, "at": 1721981984.800203}
{"obj": {"type": "LogFloats", "path": ["Gradient norm"], "values": [{"value": 0.04387219161537304, "step": null, "ts": 1721981984.800203}]}, "version": 341, "at": 1721981984.800203}
{"obj": {"type": "LogFloats", "path": ["Loss (Train)"], "values": [{"value": 0.03168004751205444, "step": null, "ts": 1721981984.880203}]}, "version": 342, "at": 1721981984.880203}
{"obj": {"type": "LogFloats", "path": ["Gradient norm"], "values": [{"value": 0.04359617406242622, "step": null, "ts": 1721981984.880203}]}, "version": 343, "at": 1721981984.880203}
{"obj": {"type": "LogFloats", "path": ["Loss (Train)"], "values": [{"value": 0.03141214698553085, "step": null, "ts": 1721981984.9542036}]}, "version": 344, "at": 1721981984.9542036}
{"obj": {"type": "LogFloats", "path": ["Gradient norm"], "values": [{"value": 0.04580403593436387, "step": null, "ts": 1721981984.9552028}]}, "version": 345, "at": 1721981984.9552028}
{"obj": {"type": "LogFloats", "path": ["Loss (Train)"], "values": [{"value": 0.031537484377622604, "step": null, "ts": 1721981985.0312035}]}, "version": 346, "at": 1721981985.0312035}
{"obj": {"type": "LogFloats", "path": ["Gradient norm"], "values": [{"value": 0.04048757561151099, "step": null, "ts": 1721981985.0312035}]}, "version": 347, "at": 1721981985.0312035}
{"obj": {"type": "LogFloats", "path": ["Loss (Train)"], "values": [{"value": 0.03152994066476822, "step": null, "ts": 1721981985.1092029}]}, "version": 348, "at": 1721981985.1092029}
{"obj": {"type": "LogFloats", "path": ["Gradient norm"], "values": [{"value": 0.04306259668631589, "step": null, "ts": 1721981985.1092029}]}, "version": 349, "at": 1721981985.1092029}
{"obj": {"type": "LogFloats", "path": ["Loss (Train)"], "values": [{"value": 0.031529784202575684, "step": null, "ts": 1721981985.188204}]}, "version": 350, "at": 1721981985.1892042}
{"obj": {"type": "LogFloats", "path": ["Gradient norm"], "values": [{"value": 0.04711884013613107, "step": null, "ts": 1721981985.1892042}]}, "version": 351, "at": 1721981985.1892042}
{"obj": {"type": "LogFloats", "path": ["Loss (Train)"], "values": [{"value": 0.03159318491816521, "step": null, "ts": 1721981985.2682028}]}, "version": 352, "at": 1721981985.2682028}
{"obj": {"type": "LogFloats", "path": ["Gradient norm"], "values": [{"value": 0.04266473659724496, "step": null, "ts": 1721981985.2692034}]}, "version": 353, "at": 1721981985.2692034}
{"obj": {"type": "LogFloats", "path": ["Loss (Train)"], "values": [{"value": 0.031547483056783676, "step": null, "ts": 1721981985.3462033}]}, "version": 354, "at": 1721981985.3462033}
{"obj": {"type": "LogFloats", "path": ["Gradient norm"], "values": [{"value": 0.04552264096990434, "step": null, "ts": 1721981985.3462033}]}, "version": 355, "at": 1721981985.3462033}
{"obj": {"type": "LogFloats", "path": ["Loss (Train)"], "values": [{"value": 0.031657204031944275, "step": null, "ts": 1721981985.4262023}]}, "version": 356, "at": 1721981985.4262023}
{"obj": {"type": "LogFloats", "path": ["Gradient norm"], "values": [{"value": 0.04105109085885745, "step": null, "ts": 1721981985.4262023}]}, "version": 357, "at": 1721981985.4262023}
{"obj": {"type": "LogFloats", "path": ["Loss (Train)"], "values": [{"value": 0.03174993395805359, "step": null, "ts": 1721981985.5062034}]}, "version": 358, "at": 1721981985.5062034}
{"obj": {"type": "LogFloats", "path": ["Gradient norm"], "values": [{"value": 0.04351908216514293, "step": null, "ts": 1721981985.5062034}]}, "version": 359, "at": 1721981985.5062034}
{"obj": {"type": "LogFloats", "path": ["Loss (Train)"], "values": [{"value": 0.031474512070417404, "step": null, "ts": 1721981985.5842032}]}, "version": 360, "at": 1721981985.5842032}
{"obj": {"type": "LogFloats", "path": ["Gradient norm"], "values": [{"value": 0.04111318891220987, "step": null, "ts": 1721981985.5842032}]}, "version": 361, "at": 1721981985.5842032}
{"obj": {"type": "LogFloats", "path": ["Loss (Train)"], "values": [{"value": 0.03170857951045036, "step": null, "ts": 1721981985.662203}]}, "version": 362, "at": 1721981985.662203}
{"obj": {"type": "LogFloats", "path": ["Gradient norm"], "values": [{"value": 0.045406571315943854, "step": null, "ts": 1721981985.662203}]}, "version": 363, "at": 1721981985.662203}
{"obj": {"type": "LogFloats", "path": ["Loss (Train)"], "values": [{"value": 0.031396813690662384, "step": null, "ts": 1721981985.7482028}]}, "version": 364, "at": 1721981985.7482028}
{"obj": {"type": "LogFloats", "path": ["Gradient norm"], "values": [{"value": 0.04247309436049832, "step": null, "ts": 1721981985.7482028}]}, "version": 365, "at": 1721981985.7482028}
{"obj": {"type": "LogFloats", "path": ["Loss (Train)"], "values": [{"value": 0.0315869003534317, "step": null, "ts": 1721981985.8242028}]}, "version": 366, "at": 1721981985.8242028}
{"obj": {"type": "LogFloats", "path": ["Gradient norm"], "values": [{"value": 0.04349487479435804, "step": null, "ts": 1721981985.8242028}]}, "version": 367, "at": 1721981985.8242028}
{"obj": {"type": "LogFloats", "path": ["Loss (Train)"], "values": [{"value": 0.03135240823030472, "step": null, "ts": 1721981985.906208}]}, "version": 368, "at": 1721981985.906208}
{"obj": {"type": "LogFloats", "path": ["Gradient norm"], "values": [{"value": 0.03972466559389355, "step": null, "ts": 1721981985.906208}]}, "version": 369, "at": 1721981985.906208}
{"obj": {"type": "LogFloats", "path": ["Loss (Train)"], "values": [{"value": 0.03151437267661095, "step": null, "ts": 1721981985.9852028}]}, "version": 370, "at": 1721981985.9852028}
{"obj": {"type": "LogFloats", "path": ["Gradient norm"], "values": [{"value": 0.04114139864759926, "step": null, "ts": 1721981985.9852028}]}, "version": 371, "at": 1721981985.9852028}
{"obj": {"type": "LogFloats", "path": ["Loss (Train)"], "values": [{"value": 0.031496915966272354, "step": null, "ts": 1721981986.0642028}]}, "version": 372, "at": 1721981986.0642028}
{"obj": {"type": "LogFloats", "path": ["Gradient norm"], "values": [{"value": 0.045310002562329435, "step": null, "ts": 1721981986.0642028}]}, "version": 373, "at": 1721981986.0642028}
{"obj": {"type": "LogFloats", "path": ["Loss (Train)"], "values": [{"value": 0.031656134873628616, "step": null, "ts": 1721981986.1422029}]}, "version": 374, "at": 1721981986.1422029}
{"obj": {"type": "LogFloats", "path": ["Gradient norm"], "values": [{"value": 0.04533475340962637, "step": null, "ts": 1721981986.1422029}]}, "version": 375, "at": 1721981986.1422029}
{"obj": {"type": "LogFloats", "path": ["Loss (Train)"], "values": [{"value": 0.03159242495894432, "step": null, "ts": 1721981986.2292025}]}, "version": 376, "at": 1721981986.2292025}
{"obj": {"type": "LogFloats", "path": ["Gradient norm"], "values": [{"value": 0.04772092536383782, "step": null, "ts": 1721981986.2292025}]}, "version": 377, "at": 1721981986.2292025}
{"obj": {"type": "LogFloats", "path": ["Loss (Train)"], "values": [{"value": 0.031607914716005325, "step": null, "ts": 1721981986.308203}]}, "version": 378, "at": 1721981986.308203}
{"obj": {"type": "LogFloats", "path": ["Gradient norm"], "values": [{"value": 0.042762770346270185, "step": null, "ts": 1721981986.308203}]}, "version": 379, "at": 1721981986.308203}
