{"obj": {"type": "AssignString", "path": ["sys", "name"], "value": "Untitled"}, "version": 1, "at": 1721980773.863111}
{"obj": {"type": "AssignString", "path": ["sys", "description"], "value": ""}, "version": 2, "at": 1721980773.8641102}
{"obj": {"type": "AssignString", "path": ["monitoring", "6ea82536", "hostname"], "value": "DESKTOP-SO4DDQB"}, "version": 3, "at": 1721980773.8641102}
{"obj": {"type": "AssignString", "path": ["sys", "hostname"], "value": "DESKTOP-SO4DDQB"}, "version": 4, "at": 1721980773.8641102}
{"obj": {"type": "AssignString", "path": ["monitoring", "6ea82536", "pid"], "value": "25196"}, "version": 5, "at": 1721980773.8641102}
{"obj": {"type": "AssignString", "path": ["monitoring", "6ea82536", "tid"], "value": "25200"}, "version": 6, "at": 1721980773.8641102}
{"obj": {"type": "AssignBool", "path": ["sys", "failed"], "value": false}, "version": 7, "at": 1721980773.8641102}
{"obj": {"type": "LogFloats", "path": ["Loss (Train)"], "values": [{"value": 0.911167562007904, "step": null, "ts": 1721980774.1941116}]}, "version": 8, "at": 1721980774.1941116}
{"obj": {"type": "LogFloats", "path": ["Gradient norm"], "values": [{"value": 1.3593706868928328, "step": null, "ts": 1721980774.1941116}]}, "version": 9, "at": 1721980774.1941116}
{"obj": {"type": "LogFloats", "path": ["Loss (Train)"], "values": [{"value": 0.6372115015983582, "step": null, "ts": 1721980774.4141107}]}, "version": 10, "at": 1721980774.4141107}
{"obj": {"type": "LogFloats", "path": ["Gradient norm"], "values": [{"value": 1.0596659005135192, "step": null, "ts": 1721980774.4141107}]}, "version": 11, "at": 1721980774.4141107}
{"obj": {"type": "LogFloats", "path": ["Loss (Train)"], "values": [{"value": 0.4462653398513794, "step": null, "ts": 1721980774.4971113}]}, "version": 12, "at": 1721980774.4971113}
{"obj": {"type": "LogFloats", "path": ["Gradient norm"], "values": [{"value": 0.8694756738553532, "step": null, "ts": 1721980774.4971113}]}, "version": 13, "at": 1721980774.4971113}
{"obj": {"type": "LogFloats", "path": ["Loss (Train)"], "values": [{"value": 0.31819918751716614, "step": null, "ts": 1721980774.581111}]}, "version": 14, "at": 1721980774.581111}
{"obj": {"type": "LogFloats", "path": ["Gradient norm"], "values": [{"value": 0.7290719966048933, "step": null, "ts": 1721980774.581111}]}, "version": 15, "at": 1721980774.581111}
{"obj": {"type": "LogFloats", "path": ["Loss (Train)"], "values": [{"value": 0.2299361228942871, "step": null, "ts": 1721980774.664111}]}, "version": 16, "at": 1721980774.664111}
{"obj": {"type": "LogFloats", "path": ["Gradient norm"], "values": [{"value": 0.601426073828646, "step": null, "ts": 1721980774.664111}]}, "version": 17, "at": 1721980774.664111}
{"obj": {"type": "LogFloats", "path": ["Loss (Train)"], "values": [{"value": 0.1693367213010788, "step": null, "ts": 1721980774.747111}]}, "version": 18, "at": 1721980774.747111}
{"obj": {"type": "LogFloats", "path": ["Gradient norm"], "values": [{"value": 0.4802222765072835, "step": null, "ts": 1721980774.747111}]}, "version": 19, "at": 1721980774.747111}
{"obj": {"type": "LogFloats", "path": ["Loss (Train)"], "values": [{"value": 0.12975968420505524, "step": null, "ts": 1721980774.8301113}]}, "version": 20, "at": 1721980774.8301113}
{"obj": {"type": "LogFloats", "path": ["Gradient norm"], "values": [{"value": 0.3841568223153135, "step": null, "ts": 1721980774.8301113}]}, "version": 21, "at": 1721980774.8301113}
{"obj": {"type": "LogFloats", "path": ["Loss (Train)"], "values": [{"value": 0.10316947847604752, "step": null, "ts": 1721980774.9151134}]}, "version": 22, "at": 1721980774.9151134}
{"obj": {"type": "LogFloats", "path": ["Gradient norm"], "values": [{"value": 0.30485936836477046, "step": null, "ts": 1721980774.916111}]}, "version": 23, "at": 1721980774.916111}
{"obj": {"type": "LogFloats", "path": ["Loss (Train)"], "values": [{"value": 0.08549598604440689, "step": null, "ts": 1721980774.999111}]}, "version": 24, "at": 1721980774.999111}
{"obj": {"type": "LogFloats", "path": ["Gradient norm"], "values": [{"value": 0.24874502657534428, "step": null, "ts": 1721980774.999111}]}, "version": 25, "at": 1721980774.999111}
{"obj": {"type": "LogFloats", "path": ["Loss (Train)"], "values": [{"value": 0.07256407290697098, "step": null, "ts": 1721980775.0831113}]}, "version": 26, "at": 1721980775.0831113}
{"obj": {"type": "LogFloats", "path": ["Gradient norm"], "values": [{"value": 0.20501549865938307, "step": null, "ts": 1721980775.0831113}]}, "version": 27, "at": 1721980775.0831113}
{"obj": {"type": "LogFloats", "path": ["Loss (Train)"], "values": [{"value": 0.062022704631090164, "step": null, "ts": 1721980775.166111}]}, "version": 28, "at": 1721980775.166111}
{"obj": {"type": "LogFloats", "path": ["Gradient norm"], "values": [{"value": 0.17200684836546465, "step": null, "ts": 1721980775.166111}]}, "version": 29, "at": 1721980775.166111}
{"obj": {"type": "LogFloats", "path": ["Loss (Train)"], "values": [{"value": 0.056314677000045776, "step": null, "ts": 1721980775.2501109}]}, "version": 30, "at": 1721980775.2501109}
{"obj": {"type": "LogFloats", "path": ["Gradient norm"], "values": [{"value": 0.1461607663305236, "step": null, "ts": 1721980775.2501109}]}, "version": 31, "at": 1721980775.2501109}
{"obj": {"type": "LogFloats", "path": ["Loss (Train)"], "values": [{"value": 0.05119958892464638, "step": null, "ts": 1721980775.3321111}]}, "version": 32, "at": 1721980775.3321111}
{"obj": {"type": "LogFloats", "path": ["Gradient norm"], "values": [{"value": 0.12586441854490465, "step": null, "ts": 1721980775.3321111}]}, "version": 33, "at": 1721980775.3321111}
{"obj": {"type": "LogFloats", "path": ["Loss (Train)"], "values": [{"value": 0.0450529083609581, "step": null, "ts": 1721980775.416111}]}, "version": 34, "at": 1721980775.416111}
{"obj": {"type": "LogFloats", "path": ["Gradient norm"], "values": [{"value": 0.10283477772069527, "step": null, "ts": 1721980775.416111}]}, "version": 35, "at": 1721980775.416111}
{"obj": {"type": "LogFloats", "path": ["Loss (Train)"], "values": [{"value": 0.04164303094148636, "step": null, "ts": 1721980775.5001113}]}, "version": 36, "at": 1721980775.5001113}
{"obj": {"type": "LogFloats", "path": ["Gradient norm"], "values": [{"value": 0.08904311040651536, "step": null, "ts": 1721980775.5001113}]}, "version": 37, "at": 1721980775.5001113}
{"obj": {"type": "LogFloats", "path": ["Loss (Train)"], "values": [{"value": 0.04046011343598366, "step": null, "ts": 1721980775.586112}]}, "version": 38, "at": 1721980775.586112}
{"obj": {"type": "LogFloats", "path": ["Gradient norm"], "values": [{"value": 0.07810924209537894, "step": null, "ts": 1721980775.586112}]}, "version": 39, "at": 1721980775.586112}
{"obj": {"type": "LogFloats", "path": ["Loss (Train)"], "values": [{"value": 0.03770321235060692, "step": null, "ts": 1721980775.6721108}]}, "version": 40, "at": 1721980775.6721108}
{"obj": {"type": "LogFloats", "path": ["Gradient norm"], "values": [{"value": 0.06740757378802632, "step": null, "ts": 1721980775.6721108}]}, "version": 41, "at": 1721980775.6721108}
{"obj": {"type": "LogFloats", "path": ["Loss (Train)"], "values": [{"value": 0.03704944625496864, "step": null, "ts": 1721980775.7541106}]}, "version": 42, "at": 1721980775.7541106}
{"obj": {"type": "LogFloats", "path": ["Gradient norm"], "values": [{"value": 0.06016963955521645, "step": null, "ts": 1721980775.7541106}]}, "version": 43, "at": 1721980775.7541106}
{"obj": {"type": "LogFloats", "path": ["Loss (Train)"], "values": [{"value": 0.03697441518306732, "step": null, "ts": 1721980775.837111}]}, "version": 44, "at": 1721980775.837111}
{"obj": {"type": "LogFloats", "path": ["Gradient norm"], "values": [{"value": 0.05457450510904191, "step": null, "ts": 1721980775.837111}]}, "version": 45, "at": 1721980775.837111}
{"obj": {"type": "LogFloats", "path": ["Loss (Train)"], "values": [{"value": 0.03431468829512596, "step": null, "ts": 1721980775.9201477}]}, "version": 46, "at": 1721980775.9201477}
{"obj": {"type": "LogFloats", "path": ["Gradient norm"], "values": [{"value": 0.04385130178607569, "step": null, "ts": 1721980775.9201477}]}, "version": 47, "at": 1721980775.9201477}
{"obj": {"type": "LogFloats", "path": ["Loss (Train)"], "values": [{"value": 0.03440887853503227, "step": null, "ts": 1721980776.003146}]}, "version": 48, "at": 1721980776.003146}
{"obj": {"type": "LogFloats", "path": ["Gradient norm"], "values": [{"value": 0.04615597615712448, "step": null, "ts": 1721980776.003146}]}, "version": 49, "at": 1721980776.003146}
{"obj": {"type": "LogFloats", "path": ["Loss (Train)"], "values": [{"value": 0.034792061895132065, "step": null, "ts": 1721980776.0851464}]}, "version": 50, "at": 1721980776.0851464}
{"obj": {"type": "LogFloats", "path": ["Gradient norm"], "values": [{"value": 0.041005952583232495, "step": null, "ts": 1721980776.0861464}]}, "version": 51, "at": 1721980776.0861464}
{"obj": {"type": "LogFloats", "path": ["Loss (Train)"], "values": [{"value": 0.033882927149534225, "step": null, "ts": 1721980776.1691463}]}, "version": 52, "at": 1721980776.1701467}
{"obj": {"type": "LogFloats", "path": ["Gradient norm"], "values": [{"value": 0.04174274031762681, "step": null, "ts": 1721980776.1701467}]}, "version": 53, "at": 1721980776.1701467}
{"obj": {"type": "LogFloats", "path": ["Loss (Train)"], "values": [{"value": 0.034163948148489, "step": null, "ts": 1721980776.2531462}]}, "version": 54, "at": 1721980776.2531462}
{"obj": {"type": "LogFloats", "path": ["Gradient norm"], "values": [{"value": 0.043524605217125985, "step": null, "ts": 1721980776.2531462}]}, "version": 55, "at": 1721980776.2531462}
{"obj": {"type": "LogFloats", "path": ["Loss (Train)"], "values": [{"value": 0.0340503491461277, "step": null, "ts": 1721980776.3371456}]}, "version": 56, "at": 1721980776.3371456}
{"obj": {"type": "LogFloats", "path": ["Gradient norm"], "values": [{"value": 0.039500635503831996, "step": null, "ts": 1721980776.3371456}]}, "version": 57, "at": 1721980776.3371456}
{"obj": {"type": "LogFloats", "path": ["Loss (Train)"], "values": [{"value": 0.03344428911805153, "step": null, "ts": 1721980776.4221458}]}, "version": 58, "at": 1721980776.4221458}
{"obj": {"type": "LogFloats", "path": ["Gradient norm"], "values": [{"value": 0.039821559082604534, "step": null, "ts": 1721980776.4221458}]}, "version": 59, "at": 1721980776.4221458}
{"obj": {"type": "LogFloats", "path": ["Loss (Train)"], "values": [{"value": 0.03485555946826935, "step": null, "ts": 1721980776.5051458}]}, "version": 60, "at": 1721980776.5051458}
{"obj": {"type": "LogFloats", "path": ["Gradient norm"], "values": [{"value": 0.044834341631525054, "step": null, "ts": 1721980776.5051458}]}, "version": 61, "at": 1721980776.5051458}
{"obj": {"type": "LogFloats", "path": ["Loss (Train)"], "values": [{"value": 0.032899945974349976, "step": null, "ts": 1721980776.5891457}]}, "version": 62, "at": 1721980776.5891457}
{"obj": {"type": "LogFloats", "path": ["Gradient norm"], "values": [{"value": 0.04086644654862032, "step": null, "ts": 1721980776.5891457}]}, "version": 63, "at": 1721980776.5891457}
{"obj": {"type": "LogFloats", "path": ["Loss (Train)"], "values": [{"value": 0.033112019300460815, "step": null, "ts": 1721980776.671146}]}, "version": 64, "at": 1721980776.671146}
{"obj": {"type": "LogFloats", "path": ["Gradient norm"], "values": [{"value": 0.03979691560805329, "step": null, "ts": 1721980776.672146}]}, "version": 65, "at": 1721980776.672146}
{"obj": {"type": "LogFloats", "path": ["Loss (Train)"], "values": [{"value": 0.03539364039897919, "step": null, "ts": 1721980776.7561467}]}, "version": 66, "at": 1721980776.7561467}
{"obj": {"type": "LogFloats", "path": ["Gradient norm"], "values": [{"value": 0.04335673011885076, "step": null, "ts": 1721980776.7561467}]}, "version": 67, "at": 1721980776.7561467}
{"obj": {"type": "LogFloats", "path": ["Loss (Train)"], "values": [{"value": 0.03369135037064552, "step": null, "ts": 1721980776.8381472}]}, "version": 68, "at": 1721980776.8381472}
{"obj": {"type": "LogFloats", "path": ["Gradient norm"], "values": [{"value": 0.03548686162158821, "step": null, "ts": 1721980776.8381472}]}, "version": 69, "at": 1721980776.8381472}
{"obj": {"type": "LogFloats", "path": ["Loss (Train)"], "values": [{"value": 0.03383929282426834, "step": null, "ts": 1721980776.9221463}]}, "version": 70, "at": 1721980776.9221463}
{"obj": {"type": "LogFloats", "path": ["Gradient norm"], "values": [{"value": 0.04102291909780255, "step": null, "ts": 1721980776.9221463}]}, "version": 71, "at": 1721980776.9221463}
{"obj": {"type": "LogFloats", "path": ["Loss (Train)"], "values": [{"value": 0.03416866436600685, "step": null, "ts": 1721980777.0061462}]}, "version": 72, "at": 1721980777.0061462}
{"obj": {"type": "LogFloats", "path": ["Gradient norm"], "values": [{"value": 0.04164835414211303, "step": null, "ts": 1721980777.0061462}]}, "version": 73, "at": 1721980777.0061462}
{"obj": {"type": "LogFloats", "path": ["Loss (Train)"], "values": [{"value": 0.0337766632437706, "step": null, "ts": 1721980777.0941467}]}, "version": 74, "at": 1721980777.0941467}
{"obj": {"type": "LogFloats", "path": ["Gradient norm"], "values": [{"value": 0.039954236180402, "step": null, "ts": 1721980777.0941467}]}, "version": 75, "at": 1721980777.0941467}
{"obj": {"type": "LogFloats", "path": ["Loss (Train)"], "values": [{"value": 0.03383226320147514, "step": null, "ts": 1721980777.1781566}]}, "version": 76, "at": 1721980777.1781566}
{"obj": {"type": "LogFloats", "path": ["Gradient norm"], "values": [{"value": 0.03998177428430695, "step": null, "ts": 1721980777.1791463}]}, "version": 77, "at": 1721980777.1791463}
{"obj": {"type": "LogFloats", "path": ["Loss (Train)"], "values": [{"value": 0.03335356339812279, "step": null, "ts": 1721980777.263146}]}, "version": 78, "at": 1721980777.263146}
{"obj": {"type": "LogFloats", "path": ["Gradient norm"], "values": [{"value": 0.03964219543803184, "step": null, "ts": 1721980777.263146}]}, "version": 79, "at": 1721980777.263146}
{"obj": {"type": "LogFloats", "path": ["Loss (Train)"], "values": [{"value": 0.03383747860789299, "step": null, "ts": 1721980777.3461454}]}, "version": 80, "at": 1721980777.3461454}
{"obj": {"type": "LogFloats", "path": ["Gradient norm"], "values": [{"value": 0.03858248600865384, "step": null, "ts": 1721980777.3461454}]}, "version": 81, "at": 1721980777.3461454}
{"obj": {"type": "LogFloats", "path": ["Loss (Train)"], "values": [{"value": 0.033010900020599365, "step": null, "ts": 1721980777.4331455}]}, "version": 82, "at": 1721980777.4331455}
{"obj": {"type": "LogFloats", "path": ["Gradient norm"], "values": [{"value": 0.036886196297473604, "step": null, "ts": 1721980777.4331455}]}, "version": 83, "at": 1721980777.4331455}
{"obj": {"type": "LogFloats", "path": ["Loss (Train)"], "values": [{"value": 0.03393230587244034, "step": null, "ts": 1721980777.5161471}]}, "version": 84, "at": 1721980777.5161471}
{"obj": {"type": "LogFloats", "path": ["Gradient norm"], "values": [{"value": 0.03728583797961942, "step": null, "ts": 1721980777.5161471}]}, "version": 85, "at": 1721980777.5161471}
{"obj": {"type": "LogFloats", "path": ["Loss (Train)"], "values": [{"value": 0.03336305916309357, "step": null, "ts": 1721980777.6181457}]}, "version": 86, "at": 1721980777.6191466}
{"obj": {"type": "LogFloats", "path": ["Gradient norm"], "values": [{"value": 0.039321264621765675, "step": null, "ts": 1721980777.6191466}]}, "version": 87, "at": 1721980777.6191466}
{"obj": {"type": "LogFloats", "path": ["Loss (Train)"], "values": [{"value": 0.034187592566013336, "step": null, "ts": 1721980777.7121456}]}, "version": 88, "at": 1721980777.7131462}
{"obj": {"type": "LogFloats", "path": ["Gradient norm"], "values": [{"value": 0.04162498235708261, "step": null, "ts": 1721980777.7131462}]}, "version": 89, "at": 1721980777.7131462}
{"obj": {"type": "LogFloats", "path": ["Loss (Train)"], "values": [{"value": 0.033429134637117386, "step": null, "ts": 1721980777.804145}]}, "version": 90, "at": 1721980777.804145}
{"obj": {"type": "LogFloats", "path": ["Gradient norm"], "values": [{"value": 0.03667718392736338, "step": null, "ts": 1721980777.804145}]}, "version": 91, "at": 1721980777.804145}
{"obj": {"type": "LogFloats", "path": ["Loss (Train)"], "values": [{"value": 0.034017737954854965, "step": null, "ts": 1721980777.9031463}]}, "version": 92, "at": 1721980777.9031463}
{"obj": {"type": "LogFloats", "path": ["Gradient norm"], "values": [{"value": 0.03910839356252042, "step": null, "ts": 1721980777.9031463}]}, "version": 93, "at": 1721980777.9031463}
{"obj": {"type": "LogFloats", "path": ["Loss (Train)"], "values": [{"value": 0.033182140439748764, "step": null, "ts": 1721980777.9951465}]}, "version": 94, "at": 1721980777.9951465}
{"obj": {"type": "LogFloats", "path": ["Gradient norm"], "values": [{"value": 0.036827293910121885, "step": null, "ts": 1721980777.9961464}]}, "version": 95, "at": 1721980777.9961464}
{"obj": {"type": "LogFloats", "path": ["Loss (Train)"], "values": [{"value": 0.033596470952034, "step": null, "ts": 1721980778.0871475}]}, "version": 96, "at": 1721980778.0871475}
{"obj": {"type": "LogFloats", "path": ["Gradient norm"], "values": [{"value": 0.03832324906244472, "step": null, "ts": 1721980778.0871475}]}, "version": 97, "at": 1721980778.0871475}
{"obj": {"type": "LogFloats", "path": ["Loss (Train)"], "values": [{"value": 0.03383835777640343, "step": null, "ts": 1721980778.179147}]}, "version": 98, "at": 1721980778.179147}
{"obj": {"type": "LogFloats", "path": ["Gradient norm"], "values": [{"value": 0.04166408076554729, "step": null, "ts": 1721980778.179147}]}, "version": 99, "at": 1721980778.179147}
{"obj": {"type": "LogFloats", "path": ["Loss (Train)"], "values": [{"value": 0.03315776214003563, "step": null, "ts": 1721980778.2711468}]}, "version": 100, "at": 1721980778.2711468}
{"obj": {"type": "LogFloats", "path": ["Gradient norm"], "values": [{"value": 0.03734414857917188, "step": null, "ts": 1721980778.2711468}]}, "version": 101, "at": 1721980778.2711468}
{"obj": {"type": "LogFloats", "path": ["Loss (Train)"], "values": [{"value": 0.033330079168081284, "step": null, "ts": 1721980778.3631458}]}, "version": 102, "at": 1721980778.3631458}
{"obj": {"type": "LogFloats", "path": ["Gradient norm"], "values": [{"value": 0.03808532794427128, "step": null, "ts": 1721980778.3631458}]}, "version": 103, "at": 1721980778.3631458}
{"obj": {"type": "LogFloats", "path": ["Loss (Train)"], "values": [{"value": 0.033340681344270706, "step": null, "ts": 1721980778.4541452}]}, "version": 104, "at": 1721980778.4541452}
{"obj": {"type": "LogFloats", "path": ["Gradient norm"], "values": [{"value": 0.036691003132452535, "step": null, "ts": 1721980778.4541452}]}, "version": 105, "at": 1721980778.4541452}
{"obj": {"type": "LogFloats", "path": ["Loss (Train)"], "values": [{"value": 0.03268873319029808, "step": null, "ts": 1721980778.5481834}]}, "version": 106, "at": 1721980778.5481834}
{"obj": {"type": "LogFloats", "path": ["Gradient norm"], "values": [{"value": 0.03623006395636117, "step": null, "ts": 1721980778.5481834}]}, "version": 107, "at": 1721980778.5481834}
{"obj": {"type": "LogFloats", "path": ["Loss (Train)"], "values": [{"value": 0.03380945697426796, "step": null, "ts": 1721980778.6391454}]}, "version": 108, "at": 1721980778.6391454}
{"obj": {"type": "LogFloats", "path": ["Gradient norm"], "values": [{"value": 0.03584954173978209, "step": null, "ts": 1721980778.6391454}]}, "version": 109, "at": 1721980778.6391454}
{"obj": {"type": "LogFloats", "path": ["Loss (Train)"], "values": [{"value": 0.03277656063437462, "step": null, "ts": 1721980778.7371464}]}, "version": 110, "at": 1721980778.7371464}
{"obj": {"type": "LogFloats", "path": ["Gradient norm"], "values": [{"value": 0.03638772774221649, "step": null, "ts": 1721980778.7371464}]}, "version": 111, "at": 1721980778.7371464}
{"obj": {"type": "LogFloats", "path": ["Loss (Train)"], "values": [{"value": 0.033007655292749405, "step": null, "ts": 1721980778.8291478}]}, "version": 112, "at": 1721980778.8291478}
{"obj": {"type": "LogFloats", "path": ["Gradient norm"], "values": [{"value": 0.03592533643233535, "step": null, "ts": 1721980778.8291478}]}, "version": 113, "at": 1721980778.8291478}
{"obj": {"type": "LogFloats", "path": ["Loss (Train)"], "values": [{"value": 0.03372357413172722, "step": null, "ts": 1721980778.954147}]}, "version": 114, "at": 1721980778.954147}
{"obj": {"type": "LogFloats", "path": ["Gradient norm"], "values": [{"value": 0.03794958633207543, "step": null, "ts": 1721980778.954147}]}, "version": 115, "at": 1721980778.954147}
{"obj": {"type": "LogFloats", "path": ["Loss (Train)"], "values": [{"value": 0.03326809033751488, "step": null, "ts": 1721980779.048148}]}, "version": 116, "at": 1721980779.048148}
{"obj": {"type": "LogFloats", "path": ["Gradient norm"], "values": [{"value": 0.03816208574474889, "step": null, "ts": 1721980779.048148}]}, "version": 117, "at": 1721980779.048148}
{"obj": {"type": "LogFloats", "path": ["Loss (Train)"], "values": [{"value": 0.03259430080652237, "step": null, "ts": 1721980779.1391487}]}, "version": 118, "at": 1721980779.1391487}
{"obj": {"type": "LogFloats", "path": ["Gradient norm"], "values": [{"value": 0.03586947449478792, "step": null, "ts": 1721980779.1391487}]}, "version": 119, "at": 1721980779.1391487}
{"obj": {"type": "LogFloats", "path": ["Loss (Train)"], "values": [{"value": 0.03323386609554291, "step": null, "ts": 1721980779.240155}]}, "version": 120, "at": 1721980779.240155}
{"obj": {"type": "LogFloats", "path": ["Gradient norm"], "values": [{"value": 0.037553992651754964, "step": null, "ts": 1721980779.240155}]}, "version": 121, "at": 1721980779.240155}
{"obj": {"type": "LogFloats", "path": ["Loss (Train)"], "values": [{"value": 0.03267120197415352, "step": null, "ts": 1721980779.3291557}]}, "version": 122, "at": 1721980779.3291557}
{"obj": {"type": "LogFloats", "path": ["Gradient norm"], "values": [{"value": 0.03676484652937369, "step": null, "ts": 1721980779.3291557}]}, "version": 123, "at": 1721980779.3291557}
{"obj": {"type": "LogFloats", "path": ["Loss (Train)"], "values": [{"value": 0.033770423382520676, "step": null, "ts": 1721980779.4341545}]}, "version": 124, "at": 1721980779.4341545}
{"obj": {"type": "LogFloats", "path": ["Gradient norm"], "values": [{"value": 0.03618572899768801, "step": null, "ts": 1721980779.4341545}]}, "version": 125, "at": 1721980779.4341545}
{"obj": {"type": "LogFloats", "path": ["Loss (Train)"], "values": [{"value": 0.032450120896101, "step": null, "ts": 1721980779.5231552}]}, "version": 126, "at": 1721980779.5231552}
{"obj": {"type": "LogFloats", "path": ["Gradient norm"], "values": [{"value": 0.03476631265032587, "step": null, "ts": 1721980779.5231552}]}, "version": 127, "at": 1721980779.5231552}
{"obj": {"type": "LogFloats", "path": ["Loss (Train)"], "values": [{"value": 0.03301183506846428, "step": null, "ts": 1721980779.612158}]}, "version": 128, "at": 1721980779.612158}
{"obj": {"type": "LogFloats", "path": ["Gradient norm"], "values": [{"value": 0.03411105528698086, "step": null, "ts": 1721980779.612158}]}, "version": 129, "at": 1721980779.612158}
{"obj": {"type": "LogFloats", "path": ["Loss (Train)"], "values": [{"value": 0.0325702466070652, "step": null, "ts": 1721980779.7051554}]}, "version": 130, "at": 1721980779.7051554}
{"obj": {"type": "LogFloats", "path": ["Gradient norm"], "values": [{"value": 0.03529404880894213, "step": null, "ts": 1721980779.7051554}]}, "version": 131, "at": 1721980779.7051554}
{"obj": {"type": "LogFloats", "path": ["Loss (Train)"], "values": [{"value": 0.03233174979686737, "step": null, "ts": 1721980779.7951565}]}, "version": 132, "at": 1721980779.7951565}
{"obj": {"type": "LogFloats", "path": ["Gradient norm"], "values": [{"value": 0.032739319399673686, "step": null, "ts": 1721980779.7951565}]}, "version": 133, "at": 1721980779.7951565}
{"obj": {"type": "LogFloats", "path": ["Loss (Train)"], "values": [{"value": 0.03312351927161217, "step": null, "ts": 1721980779.8871572}]}, "version": 134, "at": 1721980779.8871572}
{"obj": {"type": "LogFloats", "path": ["Gradient norm"], "values": [{"value": 0.03189225498928803, "step": null, "ts": 1721980779.8871572}]}, "version": 135, "at": 1721980779.8871572}
{"obj": {"type": "LogFloats", "path": ["Loss (Train)"], "values": [{"value": 0.03311784565448761, "step": null, "ts": 1721980779.9761548}]}, "version": 136, "at": 1721980779.9761548}
{"obj": {"type": "LogFloats", "path": ["Gradient norm"], "values": [{"value": 0.03361139968896627, "step": null, "ts": 1721980779.9761548}]}, "version": 137, "at": 1721980779.9761548}
{"obj": {"type": "LogFloats", "path": ["Loss (Train)"], "values": [{"value": 0.032663844525814056, "step": null, "ts": 1721980780.068156}]}, "version": 138, "at": 1721980780.068156}
{"obj": {"type": "LogFloats", "path": ["Gradient norm"], "values": [{"value": 0.033802306506480875, "step": null, "ts": 1721980780.068156}]}, "version": 139, "at": 1721980780.068156}
{"obj": {"type": "LogFloats", "path": ["Loss (Train)"], "values": [{"value": 0.03300051763653755, "step": null, "ts": 1721980780.1591551}]}, "version": 140, "at": 1721980780.1591551}
{"obj": {"type": "LogFloats", "path": ["Gradient norm"], "values": [{"value": 0.032803699610879256, "step": null, "ts": 1721980780.1591551}]}, "version": 141, "at": 1721980780.1591551}
{"obj": {"type": "LogFloats", "path": ["Loss (Train)"], "values": [{"value": 0.03276948258280754, "step": null, "ts": 1721980780.2511556}]}, "version": 142, "at": 1721980780.252156}
{"obj": {"type": "LogFloats", "path": ["Gradient norm"], "values": [{"value": 0.035656967156315236, "step": null, "ts": 1721980780.252156}]}, "version": 143, "at": 1721980780.252156}
{"obj": {"type": "LogFloats", "path": ["Loss (Train)"], "values": [{"value": 0.033168431371450424, "step": null, "ts": 1721980780.3431551}]}, "version": 144, "at": 1721980780.3431551}
{"obj": {"type": "LogFloats", "path": ["Gradient norm"], "values": [{"value": 0.0354235662151261, "step": null, "ts": 1721980780.3431551}]}, "version": 145, "at": 1721980780.3431551}
{"obj": {"type": "LogFloats", "path": ["Loss (Train)"], "values": [{"value": 0.03265942633152008, "step": null, "ts": 1721980780.4371557}]}, "version": 146, "at": 1721980780.4371557}
{"obj": {"type": "LogFloats", "path": ["Gradient norm"], "values": [{"value": 0.03674944928712052, "step": null, "ts": 1721980780.4381554}]}, "version": 147, "at": 1721980780.4381554}
{"obj": {"type": "LogFloats", "path": ["Loss (Train)"], "values": [{"value": 0.03303233161568642, "step": null, "ts": 1721980780.5301557}]}, "version": 148, "at": 1721980780.5301557}
{"obj": {"type": "LogFloats", "path": ["Gradient norm"], "values": [{"value": 0.03303132858741777, "step": null, "ts": 1721980780.5301557}]}, "version": 149, "at": 1721980780.5301557}
{"obj": {"type": "LogFloats", "path": ["Loss (Train)"], "values": [{"value": 0.03309525549411774, "step": null, "ts": 1721980780.639155}]}, "version": 150, "at": 1721980780.639155}
{"obj": {"type": "LogFloats", "path": ["Gradient norm"], "values": [{"value": 0.03443983060649875, "step": null, "ts": 1721980780.639155}]}, "version": 151, "at": 1721980780.639155}
{"obj": {"type": "LogFloats", "path": ["Loss (Train)"], "values": [{"value": 0.03323031961917877, "step": null, "ts": 1721980780.730155}]}, "version": 152, "at": 1721980780.730155}
{"obj": {"type": "LogFloats", "path": ["Gradient norm"], "values": [{"value": 0.03213970286243728, "step": null, "ts": 1721980780.730155}]}, "version": 153, "at": 1721980780.730155}
{"obj": {"type": "LogFloats", "path": ["Loss (Train)"], "values": [{"value": 0.032589979469776154, "step": null, "ts": 1721980780.8461547}]}, "version": 154, "at": 1721980780.8461547}
{"obj": {"type": "LogFloats", "path": ["Gradient norm"], "values": [{"value": 0.03368647118419161, "step": null, "ts": 1721980780.8461547}]}, "version": 155, "at": 1721980780.8461547}
{"obj": {"type": "LogFloats", "path": ["Loss (Train)"], "values": [{"value": 0.03233309090137482, "step": null, "ts": 1721980780.9381542}]}, "version": 156, "at": 1721980780.9381542}
{"obj": {"type": "LogFloats", "path": ["Gradient norm"], "values": [{"value": 0.033427953853261125, "step": null, "ts": 1721980780.9381542}]}, "version": 157, "at": 1721980780.9381542}
{"obj": {"type": "LogFloats", "path": ["Loss (Train)"], "values": [{"value": 0.032970841974020004, "step": null, "ts": 1721980781.050155}]}, "version": 158, "at": 1721980781.050155}
{"obj": {"type": "LogFloats", "path": ["Gradient norm"], "values": [{"value": 0.03155501246062697, "step": null, "ts": 1721980781.050155}]}, "version": 159, "at": 1721980781.050155}
{"obj": {"type": "LogFloats", "path": ["Loss (Train)"], "values": [{"value": 0.03310181200504303, "step": null, "ts": 1721980781.1381557}]}, "version": 160, "at": 1721980781.1381557}
{"obj": {"type": "LogFloats", "path": ["Gradient norm"], "values": [{"value": 0.03491531739166756, "step": null, "ts": 1721980781.1381557}]}, "version": 161, "at": 1721980781.1381557}
{"obj": {"type": "LogFloats", "path": ["Loss (Train)"], "values": [{"value": 0.03282806649804115, "step": null, "ts": 1721980781.230155}]}, "version": 162, "at": 1721980781.230155}
{"obj": {"type": "LogFloats", "path": ["Gradient norm"], "values": [{"value": 0.033903168582176166, "step": null, "ts": 1721980781.230155}]}, "version": 163, "at": 1721980781.230155}
{"obj": {"type": "LogFloats", "path": ["Loss (Train)"], "values": [{"value": 0.03248971328139305, "step": null, "ts": 1721980781.325157}]}, "version": 164, "at": 1721980781.325157}
{"obj": {"type": "LogFloats", "path": ["Gradient norm"], "values": [{"value": 0.03303371994368166, "step": null, "ts": 1721980781.325157}]}, "version": 165, "at": 1721980781.325157}
{"obj": {"type": "LogFloats", "path": ["Loss (Train)"], "values": [{"value": 0.033019986003637314, "step": null, "ts": 1721980781.4211547}]}, "version": 166, "at": 1721980781.4211547}
{"obj": {"type": "LogFloats", "path": ["Gradient norm"], "values": [{"value": 0.03451113074967464, "step": null, "ts": 1721980781.4221547}]}, "version": 167, "at": 1721980781.4221547}
{"obj": {"type": "LogFloats", "path": ["Loss (Train)"], "values": [{"value": 0.03252268582582474, "step": null, "ts": 1721980781.513156}]}, "version": 168, "at": 1721980781.513156}
{"obj": {"type": "LogFloats", "path": ["Gradient norm"], "values": [{"value": 0.03379232688728135, "step": null, "ts": 1721980781.513156}]}, "version": 169, "at": 1721980781.513156}
{"obj": {"type": "LogFloats", "path": ["Loss (Train)"], "values": [{"value": 0.03329765424132347, "step": null, "ts": 1721980781.6081553}]}, "version": 170, "at": 1721980781.6081553}
{"obj": {"type": "LogFloats", "path": ["Gradient norm"], "values": [{"value": 0.03551993289810336, "step": null, "ts": 1721980781.6081553}]}, "version": 171, "at": 1721980781.6081553}
{"obj": {"type": "LogFloats", "path": ["Loss (Train)"], "values": [{"value": 0.032394468784332275, "step": null, "ts": 1721980781.701157}]}, "version": 172, "at": 1721980781.701157}
{"obj": {"type": "LogFloats", "path": ["Gradient norm"], "values": [{"value": 0.03361047542547666, "step": null, "ts": 1721980781.701157}]}, "version": 173, "at": 1721980781.701157}
{"obj": {"type": "LogFloats", "path": ["Loss (Train)"], "values": [{"value": 0.03209966793656349, "step": null, "ts": 1721980781.795156}]}, "version": 174, "at": 1721980781.795156}
{"obj": {"type": "LogFloats", "path": ["Gradient norm"], "values": [{"value": 0.033867914990314586, "step": null, "ts": 1721980781.795156}]}, "version": 175, "at": 1721980781.795156}
{"obj": {"type": "LogFloats", "path": ["Loss (Train)"], "values": [{"value": 0.0328669548034668, "step": null, "ts": 1721980781.8851557}]}, "version": 176, "at": 1721980781.8851557}
{"obj": {"type": "LogFloats", "path": ["Gradient norm"], "values": [{"value": 0.03339563070655585, "step": null, "ts": 1721980781.8851557}]}, "version": 177, "at": 1721980781.8851557}
{"obj": {"type": "LogFloats", "path": ["Loss (Train)"], "values": [{"value": 0.03260046988725662, "step": null, "ts": 1721980781.9761548}]}, "version": 178, "at": 1721980781.9761548}
{"obj": {"type": "LogFloats", "path": ["Gradient norm"], "values": [{"value": 0.03350899716326108, "step": null, "ts": 1721980781.9761548}]}, "version": 179, "at": 1721980781.9761548}
{"obj": {"type": "LogFloats", "path": ["Loss (Train)"], "values": [{"value": 0.032277654856443405, "step": null, "ts": 1721980782.068155}]}, "version": 180, "at": 1721980782.068155}
{"obj": {"type": "LogFloats", "path": ["Gradient norm"], "values": [{"value": 0.03342456911669638, "step": null, "ts": 1721980782.068155}]}, "version": 181, "at": 1721980782.068155}
{"obj": {"type": "LogFloats", "path": ["Loss (Train)"], "values": [{"value": 0.033178847283124924, "step": null, "ts": 1721980782.1631544}]}, "version": 182, "at": 1721980782.1631544}
{"obj": {"type": "LogFloats", "path": ["Gradient norm"], "values": [{"value": 0.03468788195764949, "step": null, "ts": 1721980782.1631544}]}, "version": 183, "at": 1721980782.1631544}
{"obj": {"type": "LogFloats", "path": ["Loss (Train)"], "values": [{"value": 0.032696016132831573, "step": null, "ts": 1721980782.255155}]}, "version": 184, "at": 1721980782.255155}
{"obj": {"type": "LogFloats", "path": ["Gradient norm"], "values": [{"value": 0.03240808757076318, "step": null, "ts": 1721980782.255155}]}, "version": 185, "at": 1721980782.255155}
{"obj": {"type": "LogFloats", "path": ["Loss (Train)"], "values": [{"value": 0.03306632488965988, "step": null, "ts": 1721980782.3891554}]}, "version": 186, "at": 1721980782.3891554}
{"obj": {"type": "LogFloats", "path": ["Gradient norm"], "values": [{"value": 0.032799976826656, "step": null, "ts": 1721980782.3891554}]}, "version": 187, "at": 1721980782.3891554}
{"obj": {"type": "LogFloats", "path": ["Loss (Train)"], "values": [{"value": 0.03279874846339226, "step": null, "ts": 1721980782.481155}]}, "version": 188, "at": 1721980782.481155}
{"obj": {"type": "LogFloats", "path": ["Gradient norm"], "values": [{"value": 0.03356568814817011, "step": null, "ts": 1721980782.481155}]}, "version": 189, "at": 1721980782.481155}
{"obj": {"type": "LogFloats", "path": ["Loss (Train)"], "values": [{"value": 0.032969456166028976, "step": null, "ts": 1721980782.5981545}]}, "version": 190, "at": 1721980782.5981545}
{"obj": {"type": "LogFloats", "path": ["Gradient norm"], "values": [{"value": 0.033126172290111694, "step": null, "ts": 1721980782.5981545}]}, "version": 191, "at": 1721980782.5981545}
{"obj": {"type": "LogFloats", "path": ["Loss (Train)"], "values": [{"value": 0.03280605375766754, "step": null, "ts": 1721980782.7382364}]}, "version": 192, "at": 1721980782.7382364}
{"obj": {"type": "LogFloats", "path": ["Gradient norm"], "values": [{"value": 0.03616533587997252, "step": null, "ts": 1721980782.7382364}]}, "version": 193, "at": 1721980782.7382364}
{"obj": {"type": "LogFloats", "path": ["Loss (Train)"], "values": [{"value": 0.03284498304128647, "step": null, "ts": 1721980782.8302345}]}, "version": 194, "at": 1721980782.8302345}
{"obj": {"type": "LogFloats", "path": ["Gradient norm"], "values": [{"value": 0.03231004227649536, "step": null, "ts": 1721980782.8302345}]}, "version": 195, "at": 1721980782.8302345}
{"obj": {"type": "LogFloats", "path": ["Loss (Train)"], "values": [{"value": 0.03274308890104294, "step": null, "ts": 1721980782.9378326}]}, "version": 196, "at": 1721980782.9378326}
{"obj": {"type": "LogFloats", "path": ["Gradient norm"], "values": [{"value": 0.03285761160177101, "step": null, "ts": 1721980782.9388316}]}, "version": 197, "at": 1721980782.9388316}
{"obj": {"type": "LogFloats", "path": ["Loss (Train)"], "values": [{"value": 0.032565053552389145, "step": null, "ts": 1721980783.0308313}]}, "version": 198, "at": 1721980783.0308313}
{"obj": {"type": "LogFloats", "path": ["Gradient norm"], "values": [{"value": 0.03602851654653017, "step": null, "ts": 1721980783.0308313}]}, "version": 199, "at": 1721980783.0308313}
{"obj": {"type": "LogFloats", "path": ["Loss (Train)"], "values": [{"value": 0.033165592700242996, "step": null, "ts": 1721980783.1218317}]}, "version": 200, "at": 1721980783.1218317}
{"obj": {"type": "LogFloats", "path": ["Gradient norm"], "values": [{"value": 0.034829173235574794, "step": null, "ts": 1721980783.1218317}]}, "version": 201, "at": 1721980783.1218317}
{"obj": {"type": "LogFloats", "path": ["Loss (Train)"], "values": [{"value": 0.03312855586409569, "step": null, "ts": 1721980783.2138314}]}, "version": 202, "at": 1721980783.2138314}
{"obj": {"type": "LogFloats", "path": ["Gradient norm"], "values": [{"value": 0.03333123159438273, "step": null, "ts": 1721980783.2138314}]}, "version": 203, "at": 1721980783.2138314}
{"obj": {"type": "LogFloats", "path": ["Loss (Train)"], "values": [{"value": 0.03249289095401764, "step": null, "ts": 1721980783.3048313}]}, "version": 204, "at": 1721980783.3048313}
{"obj": {"type": "LogFloats", "path": ["Gradient norm"], "values": [{"value": 0.03373556446859587, "step": null, "ts": 1721980783.3048313}]}, "version": 205, "at": 1721980783.3048313}
{"obj": {"type": "LogFloats", "path": ["Loss (Train)"], "values": [{"value": 0.03271174430847168, "step": null, "ts": 1721980783.4228373}]}, "version": 206, "at": 1721980783.4228373}
{"obj": {"type": "LogFloats", "path": ["Gradient norm"], "values": [{"value": 0.033253309005078065, "step": null, "ts": 1721980783.4228373}]}, "version": 207, "at": 1721980783.4228373}
{"obj": {"type": "LogFloats", "path": ["Loss (Train)"], "values": [{"value": 0.03316326439380646, "step": null, "ts": 1721980783.512838}]}, "version": 208, "at": 1721980783.512838}
{"obj": {"type": "LogFloats", "path": ["Gradient norm"], "values": [{"value": 0.03156152905596874, "step": null, "ts": 1721980783.512838}]}, "version": 209, "at": 1721980783.512838}
{"obj": {"type": "LogFloats", "path": ["Loss (Train)"], "values": [{"value": 0.03252271190285683, "step": null, "ts": 1721980783.6058366}]}, "version": 210, "at": 1721980783.6058366}
{"obj": {"type": "LogFloats", "path": ["Gradient norm"], "values": [{"value": 0.03240658251989103, "step": null, "ts": 1721980783.6058366}]}, "version": 211, "at": 1721980783.6058366}
{"obj": {"type": "LogFloats", "path": ["Loss (Train)"], "values": [{"value": 0.032815370708703995, "step": null, "ts": 1721980783.71884}]}, "version": 212, "at": 1721980783.71884}
{"obj": {"type": "LogFloats", "path": ["Gradient norm"], "values": [{"value": 0.034747108042561835, "step": null, "ts": 1721980783.71884}]}, "version": 213, "at": 1721980783.71884}
{"obj": {"type": "LogFloats", "path": ["Loss (Train)"], "values": [{"value": 0.03245839476585388, "step": null, "ts": 1721980783.808837}]}, "version": 214, "at": 1721980783.808837}
{"obj": {"type": "LogFloats", "path": ["Gradient norm"], "values": [{"value": 0.031889744734969944, "step": null, "ts": 1721980783.809837}]}, "version": 215, "at": 1721980783.809837}
{"obj": {"type": "LogFloats", "path": ["Loss (Train)"], "values": [{"value": 0.03306112438440323, "step": null, "ts": 1721980783.8978367}]}, "version": 216, "at": 1721980783.8978367}
{"obj": {"type": "LogFloats", "path": ["Gradient norm"], "values": [{"value": 0.03401742100372255, "step": null, "ts": 1721980783.8978367}]}, "version": 217, "at": 1721980783.8978367}
{"obj": {"type": "LogFloats", "path": ["Loss (Train)"], "values": [{"value": 0.03310403227806091, "step": null, "ts": 1721980783.9968371}]}, "version": 218, "at": 1721980783.9968371}
{"obj": {"type": "LogFloats", "path": ["Gradient norm"], "values": [{"value": 0.034183641221207504, "step": null, "ts": 1721980783.9968371}]}, "version": 219, "at": 1721980783.9968371}
{"obj": {"type": "LogFloats", "path": ["Loss (Train)"], "values": [{"value": 0.03250246122479439, "step": null, "ts": 1721980784.0878375}]}, "version": 220, "at": 1721980784.0888374}
{"obj": {"type": "LogFloats", "path": ["Gradient norm"], "values": [{"value": 0.0330825240758475, "step": null, "ts": 1721980784.0888374}]}, "version": 221, "at": 1721980784.0888374}
{"obj": {"type": "LogFloats", "path": ["Loss (Train)"], "values": [{"value": 0.03285873308777809, "step": null, "ts": 1721980784.1798387}]}, "version": 222, "at": 1721980784.1798387}
{"obj": {"type": "LogFloats", "path": ["Gradient norm"], "values": [{"value": 0.03182114563837931, "step": null, "ts": 1721980784.1798387}]}, "version": 223, "at": 1721980784.1798387}
{"obj": {"type": "LogFloats", "path": ["Loss (Train)"], "values": [{"value": 0.03314384073019028, "step": null, "ts": 1721980784.270837}]}, "version": 224, "at": 1721980784.270837}
{"obj": {"type": "LogFloats", "path": ["Gradient norm"], "values": [{"value": 0.03820175408840615, "step": null, "ts": 1721980784.2718372}]}, "version": 225, "at": 1721980784.2718372}
{"obj": {"type": "LogFloats", "path": ["Loss (Train)"], "values": [{"value": 0.033215224742889404, "step": null, "ts": 1721980784.3628373}]}, "version": 226, "at": 1721980784.3628373}
{"obj": {"type": "LogFloats", "path": ["Gradient norm"], "values": [{"value": 0.03231624277357456, "step": null, "ts": 1721980784.3628373}]}, "version": 227, "at": 1721980784.3628373}
{"obj": {"type": "LogFloats", "path": ["Loss (Train)"], "values": [{"value": 0.03259725123643875, "step": null, "ts": 1721980784.4518368}]}, "version": 228, "at": 1721980784.4518368}
{"obj": {"type": "LogFloats", "path": ["Gradient norm"], "values": [{"value": 0.034178764905979264, "step": null, "ts": 1721980784.4518368}]}, "version": 229, "at": 1721980784.4518368}
{"obj": {"type": "LogFloats", "path": ["Loss (Train)"], "values": [{"value": 0.032860759645700455, "step": null, "ts": 1721980784.5488381}]}, "version": 230, "at": 1721980784.5488381}
{"obj": {"type": "LogFloats", "path": ["Gradient norm"], "values": [{"value": 0.03204086996523018, "step": null, "ts": 1721980784.5488381}]}, "version": 231, "at": 1721980784.5488381}
{"obj": {"type": "LogFloats", "path": ["Loss (Train)"], "values": [{"value": 0.032117486000061035, "step": null, "ts": 1721980784.638837}]}, "version": 232, "at": 1721980784.638837}
{"obj": {"type": "LogFloats", "path": ["Gradient norm"], "values": [{"value": 0.03329144385738291, "step": null, "ts": 1721980784.638837}]}, "version": 233, "at": 1721980784.638837}
{"obj": {"type": "LogFloats", "path": ["Loss (Train)"], "values": [{"value": 0.03294964134693146, "step": null, "ts": 1721980784.729838}]}, "version": 234, "at": 1721980784.729838}
{"obj": {"type": "LogFloats", "path": ["Gradient norm"], "values": [{"value": 0.034446743253330754, "step": null, "ts": 1721980784.729838}]}, "version": 235, "at": 1721980784.729838}
{"obj": {"type": "LogFloats", "path": ["Loss (Train)"], "values": [{"value": 0.03255315124988556, "step": null, "ts": 1721980784.8398376}]}, "version": 236, "at": 1721980784.8398376}
{"obj": {"type": "LogFloats", "path": ["Gradient norm"], "values": [{"value": 0.03461840760932397, "step": null, "ts": 1721980784.8398376}]}, "version": 237, "at": 1721980784.8398376}
{"obj": {"type": "LogFloats", "path": ["Loss (Train)"], "values": [{"value": 0.03229647874832153, "step": null, "ts": 1721980784.930837}]}, "version": 238, "at": 1721980784.930837}
{"obj": {"type": "LogFloats", "path": ["Gradient norm"], "values": [{"value": 0.035037416034339505, "step": null, "ts": 1721980784.930837}]}, "version": 239, "at": 1721980784.930837}
{"obj": {"type": "LogFloats", "path": ["Loss (Train)"], "values": [{"value": 0.03247060999274254, "step": null, "ts": 1721980785.020249}]}, "version": 240, "at": 1721980785.020249}
{"obj": {"type": "LogFloats", "path": ["Gradient norm"], "values": [{"value": 0.032920788820739934, "step": null, "ts": 1721980785.020249}]}, "version": 241, "at": 1721980785.020249}
{"obj": {"type": "LogFloats", "path": ["Loss (Train)"], "values": [{"value": 0.03286885842680931, "step": null, "ts": 1721980785.1122487}]}, "version": 242, "at": 1721980785.1122487}
{"obj": {"type": "LogFloats", "path": ["Gradient norm"], "values": [{"value": 0.035194326805120836, "step": null, "ts": 1721980785.1122487}]}, "version": 243, "at": 1721980785.1122487}
{"obj": {"type": "LogFloats", "path": ["Loss (Train)"], "values": [{"value": 0.032328009605407715, "step": null, "ts": 1721980785.1992483}]}, "version": 244, "at": 1721980785.1992483}
{"obj": {"type": "LogFloats", "path": ["Gradient norm"], "values": [{"value": 0.03553747002476107, "step": null, "ts": 1721980785.1992483}]}, "version": 245, "at": 1721980785.1992483}
{"obj": {"type": "LogFloats", "path": ["Loss (Train)"], "values": [{"value": 0.03286416828632355, "step": null, "ts": 1721980785.28825}]}, "version": 246, "at": 1721980785.28825}
{"obj": {"type": "LogFloats", "path": ["Gradient norm"], "values": [{"value": 0.031521902530132935, "step": null, "ts": 1721980785.28825}]}, "version": 247, "at": 1721980785.28825}
{"obj": {"type": "LogFloats", "path": ["Loss (Train)"], "values": [{"value": 0.03286832198500633, "step": null, "ts": 1721980785.375249}]}, "version": 248, "at": 1721980785.375249}
{"obj": {"type": "LogFloats", "path": ["Gradient norm"], "values": [{"value": 0.03366429563500442, "step": null, "ts": 1721980785.375249}]}, "version": 249, "at": 1721980785.375249}
{"obj": {"type": "LogFloats", "path": ["Loss (Train)"], "values": [{"value": 0.033043280243873596, "step": null, "ts": 1721980785.4652486}]}, "version": 250, "at": 1721980785.4652486}
{"obj": {"type": "LogFloats", "path": ["Gradient norm"], "values": [{"value": 0.03583371784180905, "step": null, "ts": 1721980785.4652486}]}, "version": 251, "at": 1721980785.4652486}
{"obj": {"type": "LogFloats", "path": ["Loss (Train)"], "values": [{"value": 0.03298959881067276, "step": null, "ts": 1721980785.5512478}]}, "version": 252, "at": 1721980785.5512478}
{"obj": {"type": "LogFloats", "path": ["Gradient norm"], "values": [{"value": 0.03687246554308573, "step": null, "ts": 1721980785.5512478}]}, "version": 253, "at": 1721980785.5512478}
{"obj": {"type": "LogFloats", "path": ["Loss (Train)"], "values": [{"value": 0.031943704932928085, "step": null, "ts": 1721980785.6432488}]}, "version": 254, "at": 1721980785.6432488}
{"obj": {"type": "LogFloats", "path": ["Gradient norm"], "values": [{"value": 0.0320043023910871, "step": null, "ts": 1721980785.6432488}]}, "version": 255, "at": 1721980785.6432488}
{"obj": {"type": "LogFloats", "path": ["Loss (Train)"], "values": [{"value": 0.03310052305459976, "step": null, "ts": 1721980785.738249}]}, "version": 256, "at": 1721980785.738249}
{"obj": {"type": "LogFloats", "path": ["Gradient norm"], "values": [{"value": 0.033869117915007074, "step": null, "ts": 1721980785.738249}]}, "version": 257, "at": 1721980785.738249}
{"obj": {"type": "LogFloats", "path": ["Loss (Train)"], "values": [{"value": 0.03227820619940758, "step": null, "ts": 1721980785.828249}]}, "version": 258, "at": 1721980785.828249}
{"obj": {"type": "LogFloats", "path": ["Gradient norm"], "values": [{"value": 0.03240689981284553, "step": null, "ts": 1721980785.828249}]}, "version": 259, "at": 1721980785.828249}
{"obj": {"type": "LogFloats", "path": ["Loss (Train)"], "values": [{"value": 0.03295442461967468, "step": null, "ts": 1721980785.9152484}]}, "version": 260, "at": 1721980785.9152484}
{"obj": {"type": "LogFloats", "path": ["Gradient norm"], "values": [{"value": 0.03488558847655972, "step": null, "ts": 1721980785.9152484}]}, "version": 261, "at": 1721980785.9152484}
{"obj": {"type": "LogFloats", "path": ["Loss (Train)"], "values": [{"value": 0.0324552096426487, "step": null, "ts": 1721980786.004249}]}, "version": 262, "at": 1721980786.004249}
{"obj": {"type": "LogFloats", "path": ["Gradient norm"], "values": [{"value": 0.031693048005359103, "step": null, "ts": 1721980786.004249}]}, "version": 263, "at": 1721980786.004249}
{"obj": {"type": "LogFloats", "path": ["Loss (Train)"], "values": [{"value": 0.032438479363918304, "step": null, "ts": 1721980786.0892482}]}, "version": 264, "at": 1721980786.0892482}
{"obj": {"type": "LogFloats", "path": ["Gradient norm"], "values": [{"value": 0.0339475174550172, "step": null, "ts": 1721980786.0892482}]}, "version": 265, "at": 1721980786.0892482}
{"obj": {"type": "LogFloats", "path": ["Loss (Train)"], "values": [{"value": 0.03252705559134483, "step": null, "ts": 1721980786.207249}]}, "version": 266, "at": 1721980786.207249}
{"obj": {"type": "LogFloats", "path": ["Gradient norm"], "values": [{"value": 0.03509269370829512, "step": null, "ts": 1721980786.207249}]}, "version": 267, "at": 1721980786.207249}
{"obj": {"type": "LogFloats", "path": ["Loss (Train)"], "values": [{"value": 0.03280670940876007, "step": null, "ts": 1721980786.2962499}]}, "version": 268, "at": 1721980786.2962499}
{"obj": {"type": "LogFloats", "path": ["Gradient norm"], "values": [{"value": 0.0313493665861351, "step": null, "ts": 1721980786.2962499}]}, "version": 269, "at": 1721980786.2962499}
{"obj": {"type": "LogFloats", "path": ["Loss (Train)"], "values": [{"value": 0.03230040892958641, "step": null, "ts": 1721980786.386251}]}, "version": 270, "at": 1721980786.386251}
{"obj": {"type": "LogFloats", "path": ["Gradient norm"], "values": [{"value": 0.0351381505163725, "step": null, "ts": 1721980786.3872495}]}, "version": 271, "at": 1721980786.3872495}
{"obj": {"type": "LogFloats", "path": ["Loss (Train)"], "values": [{"value": 0.0330100879073143, "step": null, "ts": 1721980786.4722488}]}, "version": 272, "at": 1721980786.4722488}
{"obj": {"type": "LogFloats", "path": ["Gradient norm"], "values": [{"value": 0.03354099515005337, "step": null, "ts": 1721980786.4722488}]}, "version": 273, "at": 1721980786.4722488}
{"obj": {"type": "LogFloats", "path": ["Loss (Train)"], "values": [{"value": 0.03242592513561249, "step": null, "ts": 1721980786.589248}]}, "version": 274, "at": 1721980786.589248}
{"obj": {"type": "LogFloats", "path": ["Gradient norm"], "values": [{"value": 0.03165978576688066, "step": null, "ts": 1721980786.589248}]}, "version": 275, "at": 1721980786.589248}
{"obj": {"type": "LogFloats", "path": ["Loss (Train)"], "values": [{"value": 0.03273114189505577, "step": null, "ts": 1721980786.6842482}]}, "version": 276, "at": 1721980786.6842482}
{"obj": {"type": "LogFloats", "path": ["Gradient norm"], "values": [{"value": 0.03091353940771831, "step": null, "ts": 1721980786.6842482}]}, "version": 277, "at": 1721980786.6842482}
{"obj": {"type": "LogFloats", "path": ["Loss (Train)"], "values": [{"value": 0.03263439983129501, "step": null, "ts": 1721980786.7802498}]}, "version": 278, "at": 1721980786.7802498}
{"obj": {"type": "LogFloats", "path": ["Gradient norm"], "values": [{"value": 0.033291262733279266, "step": null, "ts": 1721980786.7802498}]}, "version": 279, "at": 1721980786.7802498}
{"obj": {"type": "LogFloats", "path": ["Loss (Train)"], "values": [{"value": 0.032690294086933136, "step": null, "ts": 1721980786.8692493}]}, "version": 280, "at": 1721980786.8692493}
{"obj": {"type": "LogFloats", "path": ["Gradient norm"], "values": [{"value": 0.03314411623999971, "step": null, "ts": 1721980786.8692493}]}, "version": 281, "at": 1721980786.8692493}
{"obj": {"type": "LogFloats", "path": ["Loss (Train)"], "values": [{"value": 0.03288853541016579, "step": null, "ts": 1721980786.9602485}]}, "version": 282, "at": 1721980786.9602485}
{"obj": {"type": "LogFloats", "path": ["Gradient norm"], "values": [{"value": 0.030070294960411414, "step": null, "ts": 1721980786.9602485}]}, "version": 283, "at": 1721980786.9602485}
{"obj": {"type": "LogFloats", "path": ["Loss (Train)"], "values": [{"value": 0.032479122281074524, "step": null, "ts": 1721980787.0462494}]}, "version": 284, "at": 1721980787.0462494}
{"obj": {"type": "LogFloats", "path": ["Gradient norm"], "values": [{"value": 0.034307200523767, "step": null, "ts": 1721980787.0462494}]}, "version": 285, "at": 1721980787.0462494}
{"obj": {"type": "LogFloats", "path": ["Loss (Train)"], "values": [{"value": 0.031989581882953644, "step": null, "ts": 1721980787.1322508}]}, "version": 286, "at": 1721980787.1322508}
{"obj": {"type": "LogFloats", "path": ["Gradient norm"], "values": [{"value": 0.033006937604662896, "step": null, "ts": 1721980787.1322508}]}, "version": 287, "at": 1721980787.1322508}
{"obj": {"type": "LogFloats", "path": ["Loss (Train)"], "values": [{"value": 0.032376307994127274, "step": null, "ts": 1721980787.2142484}]}, "version": 288, "at": 1721980787.2142484}
{"obj": {"type": "LogFloats", "path": ["Gradient norm"], "values": [{"value": 0.0305175101882216, "step": null, "ts": 1721980787.2142484}]}, "version": 289, "at": 1721980787.2142484}
{"obj": {"type": "LogFloats", "path": ["Loss (Train)"], "values": [{"value": 0.032424550503492355, "step": null, "ts": 1721980787.2972503}]}, "version": 290, "at": 1721980787.2972503}
{"obj": {"type": "LogFloats", "path": ["Gradient norm"], "values": [{"value": 0.03243833014827341, "step": null, "ts": 1721980787.2972503}]}, "version": 291, "at": 1721980787.2972503}
{"obj": {"type": "LogFloats", "path": ["Loss (Train)"], "values": [{"value": 0.032549500465393066, "step": null, "ts": 1721980787.3782508}]}, "version": 292, "at": 1721980787.3782508}
{"obj": {"type": "LogFloats", "path": ["Gradient norm"], "values": [{"value": 0.0316308001802122, "step": null, "ts": 1721980787.3782508}]}, "version": 293, "at": 1721980787.3782508}
{"obj": {"type": "LogFloats", "path": ["Loss (Train)"], "values": [{"value": 0.032614197582006454, "step": null, "ts": 1721980787.4632504}]}, "version": 294, "at": 1721980787.4632504}
{"obj": {"type": "LogFloats", "path": ["Gradient norm"], "values": [{"value": 0.03412237261105385, "step": null, "ts": 1721980787.464251}]}, "version": 295, "at": 1721980787.464251}
{"obj": {"type": "LogFloats", "path": ["Loss (Train)"], "values": [{"value": 0.0326835997402668, "step": null, "ts": 1721980787.5472507}]}, "version": 296, "at": 1721980787.5472507}
{"obj": {"type": "LogFloats", "path": ["Gradient norm"], "values": [{"value": 0.03114449056580273, "step": null, "ts": 1721980787.5472507}]}, "version": 297, "at": 1721980787.5472507}
{"obj": {"type": "LogFloats", "path": ["Loss (Train)"], "values": [{"value": 0.03251876309514046, "step": null, "ts": 1721980787.6332507}]}, "version": 298, "at": 1721980787.6332507}
{"obj": {"type": "LogFloats", "path": ["Gradient norm"], "values": [{"value": 0.03095893379363654, "step": null, "ts": 1721980787.6332507}]}, "version": 299, "at": 1721980787.6332507}
{"obj": {"type": "LogFloats", "path": ["Loss (Train)"], "values": [{"value": 0.032546404749155045, "step": null, "ts": 1721980787.7142482}]}, "version": 300, "at": 1721980787.7142482}
{"obj": {"type": "LogFloats", "path": ["Gradient norm"], "values": [{"value": 0.028959555382561793, "step": null, "ts": 1721980787.7142482}]}, "version": 301, "at": 1721980787.7142482}
{"obj": {"type": "LogFloats", "path": ["Loss (Train)"], "values": [{"value": 0.0325944684445858, "step": null, "ts": 1721980787.7972505}]}, "version": 302, "at": 1721980787.7972505}
{"obj": {"type": "LogFloats", "path": ["Gradient norm"], "values": [{"value": 0.03141862093872502, "step": null, "ts": 1721980787.7972505}]}, "version": 303, "at": 1721980787.7972505}
{"obj": {"type": "LogFloats", "path": ["Loss (Train)"], "values": [{"value": 0.032253608107566833, "step": null, "ts": 1721980787.8792496}]}, "version": 304, "at": 1721980787.8792496}
{"obj": {"type": "LogFloats", "path": ["Gradient norm"], "values": [{"value": 0.03102860598221435, "step": null, "ts": 1721980787.8792496}]}, "version": 305, "at": 1721980787.8792496}
{"obj": {"type": "LogFloats", "path": ["Loss (Train)"], "values": [{"value": 0.03241484984755516, "step": null, "ts": 1721980787.9632502}]}, "version": 306, "at": 1721980787.9632502}
{"obj": {"type": "LogFloats", "path": ["Gradient norm"], "values": [{"value": 0.03076090203481205, "step": null, "ts": 1721980787.9642508}]}, "version": 307, "at": 1721980787.9642508}
{"obj": {"type": "LogFloats", "path": ["Loss (Train)"], "values": [{"value": 0.03263162449002266, "step": null, "ts": 1721980788.0452507}]}, "version": 308, "at": 1721980788.0452507}
{"obj": {"type": "LogFloats", "path": ["Gradient norm"], "values": [{"value": 0.030877140532163703, "step": null, "ts": 1721980788.0452507}]}, "version": 309, "at": 1721980788.0452507}
