{"obj": {"type": "AssignString", "path": ["sys", "name"], "value": "Untitled"}, "version": 1, "at": 1721984849.997987}
{"obj": {"type": "AssignString", "path": ["sys", "description"], "value": ""}, "version": 2, "at": 1721984849.9989865}
{"obj": {"type": "AssignString", "path": ["monitoring", "b6d3b404", "hostname"], "value": "DESKTOP-SO4DDQB"}, "version": 3, "at": 1721984849.9989865}
{"obj": {"type": "AssignString", "path": ["sys", "hostname"], "value": "DESKTOP-SO4DDQB"}, "version": 4, "at": 1721984849.9989865}
{"obj": {"type": "AssignString", "path": ["monitoring", "b6d3b404", "pid"], "value": "23224"}, "version": 5, "at": 1721984849.9989865}
{"obj": {"type": "AssignString", "path": ["monitoring", "b6d3b404", "tid"], "value": "23396"}, "version": 6, "at": 1721984849.9989865}
{"obj": {"type": "AssignBool", "path": ["sys", "failed"], "value": false}, "version": 7, "at": 1721984849.9989865}
{"obj": {"type": "LogFloats", "path": ["Loss (Train)"], "values": [{"value": 5.298274993896484, "step": null, "ts": 1721984850.1669803}]}, "version": 8, "at": 1721984850.1669803}
{"obj": {"type": "LogFloats", "path": ["Gradient norm"], "values": [{"value": 0.023386924079426292, "step": null, "ts": 1721984850.1669803}]}, "version": 9, "at": 1721984850.1669803}
{"obj": {"type": "LogFloats", "path": ["Loss (Train)"], "values": [{"value": 5.298059463500977, "step": null, "ts": 1721984850.2519805}]}, "version": 10, "at": 1721984850.2519805}
{"obj": {"type": "LogFloats", "path": ["Gradient norm"], "values": [{"value": 0.010174595579973588, "step": null, "ts": 1721984850.2519805}]}, "version": 11, "at": 1721984850.2519805}
{"obj": {"type": "LogFloats", "path": ["Loss (Train)"], "values": [{"value": 5.299222469329834, "step": null, "ts": 1721984850.3369813}]}, "version": 12, "at": 1721984850.3369813}
{"obj": {"type": "LogFloats", "path": ["Gradient norm"], "values": [{"value": 0.02277308156644343, "step": null, "ts": 1721984850.3369813}]}, "version": 13, "at": 1721984850.3369813}
{"obj": {"type": "LogFloats", "path": ["Loss (Train)"], "values": [{"value": 5.298708915710449, "step": null, "ts": 1721984850.41798}]}, "version": 14, "at": 1721984850.41798}
{"obj": {"type": "LogFloats", "path": ["Gradient norm"], "values": [{"value": 0.029000458886425856, "step": null, "ts": 1721984850.41798}]}, "version": 15, "at": 1721984850.41798}
{"obj": {"type": "LogFloats", "path": ["Loss (Train)"], "values": [{"value": 5.298583030700684, "step": null, "ts": 1721984850.4989805}]}, "version": 16, "at": 1721984850.4989805}
{"obj": {"type": "LogFloats", "path": ["Gradient norm"], "values": [{"value": 0.04850095690350751, "step": null, "ts": 1721984850.4989805}]}, "version": 17, "at": 1721984850.4989805}
{"obj": {"type": "LogFloats", "path": ["Loss (Train)"], "values": [{"value": 5.298915863037109, "step": null, "ts": 1721984850.5879807}]}, "version": 18, "at": 1721984850.5879807}
{"obj": {"type": "LogFloats", "path": ["Gradient norm"], "values": [{"value": 0.013704639879942176, "step": null, "ts": 1721984850.5879807}]}, "version": 19, "at": 1721984850.5879807}
{"obj": {"type": "LogFloats", "path": ["Loss (Train)"], "values": [{"value": 5.297748565673828, "step": null, "ts": 1721984850.67398}]}, "version": 20, "at": 1721984850.67398}
{"obj": {"type": "LogFloats", "path": ["Gradient norm"], "values": [{"value": 0.019936788881737274, "step": null, "ts": 1721984850.67398}]}, "version": 21, "at": 1721984850.67398}
{"obj": {"type": "LogFloats", "path": ["Loss (Train)"], "values": [{"value": 5.293414115905762, "step": null, "ts": 1721984850.75398}]}, "version": 22, "at": 1721984850.75398}
{"obj": {"type": "LogFloats", "path": ["Gradient norm"], "values": [{"value": 0.10948737656131079, "step": null, "ts": 1721984850.75398}]}, "version": 23, "at": 1721984850.75398}
{"obj": {"type": "LogFloats", "path": ["Loss (Train)"], "values": [{"value": 5.291943550109863, "step": null, "ts": 1721984850.8349814}]}, "version": 24, "at": 1721984850.8349814}
{"obj": {"type": "LogFloats", "path": ["Gradient norm"], "values": [{"value": 0.4032820982777071, "step": null, "ts": 1721984850.8349814}]}, "version": 25, "at": 1721984850.8349814}
{"obj": {"type": "LogFloats", "path": ["Loss (Train)"], "values": [{"value": 5.299059867858887, "step": null, "ts": 1721984850.91598}]}, "version": 26, "at": 1721984850.91598}
{"obj": {"type": "LogFloats", "path": ["Gradient norm"], "values": [{"value": 2.051955178152877e-09, "step": null, "ts": 1721984850.91598}]}, "version": 27, "at": 1721984850.91598}
{"obj": {"type": "LogFloats", "path": ["Loss (Train)"], "values": [{"value": 5.3068342208862305, "step": null, "ts": 1721984851.0069804}]}, "version": 28, "at": 1721984851.0069804}
{"obj": {"type": "LogFloats", "path": ["Gradient norm"], "values": [{"value": 0.0007127568801861353, "step": null, "ts": 1721984851.0069804}]}, "version": 29, "at": 1721984851.0069804}
{"obj": {"type": "LogFloats", "path": ["Loss (Train)"], "values": [{"value": 5.306835174560547, "step": null, "ts": 1721984851.0909805}]}, "version": 30, "at": 1721984851.0909805}
{"obj": {"type": "LogFloats", "path": ["Gradient norm"], "values": [{"value": 0.0007862865178731887, "step": null, "ts": 1721984851.0909805}]}, "version": 31, "at": 1721984851.0909805}
{"obj": {"type": "LogFloats", "path": ["Loss (Train)"], "values": [{"value": 5.3068413734436035, "step": null, "ts": 1721984851.1709807}]}, "version": 32, "at": 1721984851.1709807}
{"obj": {"type": "LogFloats", "path": ["Gradient norm"], "values": [{"value": 0.00034377147445845797, "step": null, "ts": 1721984851.1709807}]}, "version": 33, "at": 1721984851.1709807}
{"obj": {"type": "LogFloats", "path": ["Loss (Train)"], "values": [{"value": 5.299033164978027, "step": null, "ts": 1721984851.249979}]}, "version": 34, "at": 1721984851.249979}
{"obj": {"type": "LogFloats", "path": ["Gradient norm"], "values": [{"value": 0.0001444380949872457, "step": null, "ts": 1721984851.249979}]}, "version": 35, "at": 1721984851.249979}
{"obj": {"type": "LogFloats", "path": ["Loss (Train)"], "values": [{"value": 5.306851387023926, "step": null, "ts": 1721984851.3269796}]}, "version": 36, "at": 1721984851.3269796}
{"obj": {"type": "LogFloats", "path": ["Gradient norm"], "values": [{"value": 0.0006246307820044496, "step": null, "ts": 1721984851.3269796}]}, "version": 37, "at": 1721984851.3269796}
{"obj": {"type": "LogFloats", "path": ["Loss (Train)"], "values": [{"value": 5.299038887023926, "step": null, "ts": 1721984851.4079804}]}, "version": 38, "at": 1721984851.4079804}
{"obj": {"type": "LogFloats", "path": ["Gradient norm"], "values": [{"value": 0.0005969354894337602, "step": null, "ts": 1721984851.4079804}]}, "version": 39, "at": 1721984851.4079804}
{"obj": {"type": "LogFloats", "path": ["Loss (Train)"], "values": [{"value": 5.299037456512451, "step": null, "ts": 1721984851.48398}]}, "version": 40, "at": 1721984851.48398}
{"obj": {"type": "LogFloats", "path": ["Gradient norm"], "values": [{"value": 0.001377722131399318, "step": null, "ts": 1721984851.48398}]}, "version": 41, "at": 1721984851.48398}
{"obj": {"type": "LogFloats", "path": ["Loss (Train)"], "values": [{"value": 5.291213035583496, "step": null, "ts": 1721984851.5589812}]}, "version": 42, "at": 1721984851.5589812}
{"obj": {"type": "LogFloats", "path": ["Gradient norm"], "values": [{"value": 0.0015525925458295662, "step": null, "ts": 1721984851.5589812}]}, "version": 43, "at": 1721984851.5589812}
{"obj": {"type": "LogFloats", "path": ["Loss (Train)"], "values": [{"value": 5.298984527587891, "step": null, "ts": 1721984851.6349802}]}, "version": 44, "at": 1721984851.6349802}
{"obj": {"type": "LogFloats", "path": ["Gradient norm"], "values": [{"value": 0.001014311539630447, "step": null, "ts": 1721984851.6349802}]}, "version": 45, "at": 1721984851.6349802}
{"obj": {"type": "LogFloats", "path": ["Loss (Train)"], "values": [{"value": 5.306778430938721, "step": null, "ts": 1721984851.71298}]}, "version": 46, "at": 1721984851.71298}
{"obj": {"type": "LogFloats", "path": ["Gradient norm"], "values": [{"value": 0.0010857762881599407, "step": null, "ts": 1721984851.71298}]}, "version": 47, "at": 1721984851.71298}
{"obj": {"type": "LogFloats", "path": ["Loss (Train)"], "values": [{"value": 5.291083335876465, "step": null, "ts": 1721984851.7909808}]}, "version": 48, "at": 1721984851.7909808}
{"obj": {"type": "LogFloats", "path": ["Gradient norm"], "values": [{"value": 0.002785805260557692, "step": null, "ts": 1721984851.7909808}]}, "version": 49, "at": 1721984851.7909808}
{"obj": {"type": "LogFloats", "path": ["Loss (Train)"], "values": [{"value": 5.306292533874512, "step": null, "ts": 1721984851.8709795}]}, "version": 50, "at": 1721984851.8709795}
{"obj": {"type": "LogFloats", "path": ["Gradient norm"], "values": [{"value": 0.04141292016940435, "step": null, "ts": 1721984851.8709795}]}, "version": 51, "at": 1721984851.8709795}
{"obj": {"type": "LogFloats", "path": ["Loss (Train)"], "values": [{"value": 5.306857585906982, "step": null, "ts": 1721984851.94398}]}, "version": 52, "at": 1721984851.94398}
{"obj": {"type": "LogFloats", "path": ["Gradient norm"], "values": [{"value": 0.0016501444911617526, "step": null, "ts": 1721984851.94398}]}, "version": 53, "at": 1721984851.94398}
{"obj": {"type": "LogFloats", "path": ["Loss (Train)"], "values": [{"value": 5.306872367858887, "step": null, "ts": 1721984852.01998}]}, "version": 54, "at": 1721984852.01998}
{"obj": {"type": "LogFloats", "path": ["Gradient norm"], "values": [{"value": 5.777225338860078e-06, "step": null, "ts": 1721984852.01998}]}, "version": 55, "at": 1721984852.01998}
{"obj": {"type": "LogFloats", "path": ["Loss (Train)"], "values": [{"value": 5.291247367858887, "step": null, "ts": 1721984852.1009808}]}, "version": 56, "at": 1721984852.1009808}
{"obj": {"type": "LogFloats", "path": ["Gradient norm"], "values": [{"value": 4.299828029063197e-08, "step": null, "ts": 1721984852.1009808}]}, "version": 57, "at": 1721984852.1009808}
{"obj": {"type": "LogFloats", "path": ["Loss (Train)"], "values": [{"value": 5.299059867858887, "step": null, "ts": 1721984852.1769805}]}, "version": 58, "at": 1721984852.1769805}
{"obj": {"type": "LogFloats", "path": ["Gradient norm"], "values": [{"value": 4.524824840152751e-10, "step": null, "ts": 1721984852.1769805}]}, "version": 59, "at": 1721984852.1769805}
{"obj": {"type": "LogFloats", "path": ["Loss (Train)"], "values": [{"value": 5.291247367858887, "step": null, "ts": 1721984852.2509806}]}, "version": 60, "at": 1721984852.2509806}
{"obj": {"type": "LogFloats", "path": ["Gradient norm"], "values": [{"value": 2.3131397462022074e-11, "step": null, "ts": 1721984852.2509806}]}, "version": 61, "at": 1721984852.2509806}
{"obj": {"type": "LogFloats", "path": ["Loss (Train)"], "values": [{"value": 5.299059867858887, "step": null, "ts": 1721984852.3289797}]}, "version": 62, "at": 1721984852.3289797}
{"obj": {"type": "LogFloats", "path": ["Gradient norm"], "values": [{"value": 9.154409763515303e-13, "step": null, "ts": 1721984852.3289797}]}, "version": 63, "at": 1721984852.3289797}
{"obj": {"type": "LogFloats", "path": ["Loss (Train)"], "values": [{"value": 5.306872367858887, "step": null, "ts": 1721984852.40098}]}, "version": 64, "at": 1721984852.40098}
{"obj": {"type": "LogFloats", "path": ["Gradient norm"], "values": [{"value": 1.664699599723559e-14, "step": null, "ts": 1721984852.40098}]}, "version": 65, "at": 1721984852.40098}
{"obj": {"type": "LogFloats", "path": ["Loss (Train)"], "values": [{"value": 5.283434867858887, "step": null, "ts": 1721984852.5099802}]}, "version": 66, "at": 1721984852.5099802}
{"obj": {"type": "LogFloats", "path": ["Gradient norm"], "values": [{"value": 4.957265428864335e-15, "step": null, "ts": 1721984852.5099802}]}, "version": 67, "at": 1721984852.5099802}
{"obj": {"type": "LogFloats", "path": ["Loss (Train)"], "values": [{"value": 5.306872367858887, "step": null, "ts": 1721984852.58498}]}, "version": 68, "at": 1721984852.58498}
{"obj": {"type": "LogFloats", "path": ["Gradient norm"], "values": [{"value": 5.484771205564396e-17, "step": null, "ts": 1721984852.58498}]}, "version": 69, "at": 1721984852.58498}
{"obj": {"type": "LogFloats", "path": ["Loss (Train)"], "values": [{"value": 5.306872367858887, "step": null, "ts": 1721984852.6589797}]}, "version": 70, "at": 1721984852.6599798}
{"obj": {"type": "LogFloats", "path": ["Gradient norm"], "values": [{"value": 9.253203198063422e-18, "step": null, "ts": 1721984852.6599798}]}, "version": 71, "at": 1721984852.6599798}
{"obj": {"type": "LogFloats", "path": ["Loss (Train)"], "values": [{"value": 5.299059867858887, "step": null, "ts": 1721984852.7319808}]}, "version": 72, "at": 1721984852.7319808}
{"obj": {"type": "LogFloats", "path": ["Gradient norm"], "values": [{"value": 9.071026035645739e-19, "step": null, "ts": 1721984852.732981}]}, "version": 73, "at": 1721984852.732981}
{"obj": {"type": "LogFloats", "path": ["Loss (Train)"], "values": [{"value": 5.299059867858887, "step": null, "ts": 1721984852.809981}]}, "version": 74, "at": 1721984852.809981}
{"obj": {"type": "LogFloats", "path": ["Gradient norm"], "values": [{"value": 1.2465285392472565e-19, "step": null, "ts": 1721984852.809981}]}, "version": 75, "at": 1721984852.809981}
{"obj": {"type": "LogFloats", "path": ["Loss (Train)"], "values": [{"value": 5.299059867858887, "step": null, "ts": 1721984852.8839798}]}, "version": 76, "at": 1721984852.8839798}
{"obj": {"type": "LogFloats", "path": ["Gradient norm"], "values": [{"value": 1.6753342945524333e-20, "step": null, "ts": 1721984852.8839798}]}, "version": 77, "at": 1721984852.8839798}
{"obj": {"type": "LogFloats", "path": ["Loss (Train)"], "values": [{"value": 5.275622367858887, "step": null, "ts": 1721984852.9599805}]}, "version": 78, "at": 1721984852.9599805}
{"obj": {"type": "LogFloats", "path": ["Gradient norm"], "values": [{"value": 4.9347507198543075e-21, "step": null, "ts": 1721984852.9599805}]}, "version": 79, "at": 1721984852.9599805}
{"obj": {"type": "LogFloats", "path": ["Loss (Train)"], "values": [{"value": 5.283434867858887, "step": null, "ts": 1721984853.0409803}]}, "version": 80, "at": 1721984853.0409803}
{"obj": {"type": "LogFloats", "path": ["Gradient norm"], "values": [{"value": 1.6715828583251975e-20, "step": null, "ts": 1721984853.0409803}]}, "version": 81, "at": 1721984853.0409803}
{"obj": {"type": "LogFloats", "path": ["Loss (Train)"], "values": [{"value": 5.306872367858887, "step": null, "ts": 1721984853.11698}]}, "version": 82, "at": 1721984853.11698}
{"obj": {"type": "LogFloats", "path": ["Gradient norm"], "values": [{"value": 0.0, "step": null, "ts": 1721984853.11698}]}, "version": 83, "at": 1721984853.11698}
{"obj": {"type": "LogFloats", "path": ["Loss (Train)"], "values": [{"value": 5.306872367858887, "step": null, "ts": 1721984853.19198}]}, "version": 84, "at": 1721984853.19198}
{"obj": {"type": "LogFloats", "path": ["Gradient norm"], "values": [{"value": 0.0, "step": null, "ts": 1721984853.19198}]}, "version": 85, "at": 1721984853.19198}
{"obj": {"type": "LogFloats", "path": ["Loss (Train)"], "values": [{"value": 5.306872367858887, "step": null, "ts": 1721984853.2689793}]}, "version": 86, "at": 1721984853.2689793}
{"obj": {"type": "LogFloats", "path": ["Gradient norm"], "values": [{"value": 0.0, "step": null, "ts": 1721984853.2699792}]}, "version": 87, "at": 1721984853.2699792}
{"obj": {"type": "LogFloats", "path": ["Loss (Train)"], "values": [{"value": 5.299059867858887, "step": null, "ts": 1721984853.3429804}]}, "version": 88, "at": 1721984853.3429804}
{"obj": {"type": "LogFloats", "path": ["Gradient norm"], "values": [{"value": 0.0, "step": null, "ts": 1721984853.3429804}]}, "version": 89, "at": 1721984853.3429804}
{"obj": {"type": "LogFloats", "path": ["Loss (Train)"], "values": [{"value": 5.306872367858887, "step": null, "ts": 1721984853.4239805}]}, "version": 90, "at": 1721984853.4239805}
{"obj": {"type": "LogFloats", "path": ["Gradient norm"], "values": [{"value": 0.0, "step": null, "ts": 1721984853.4239805}]}, "version": 91, "at": 1721984853.4239805}
{"obj": {"type": "LogFloats", "path": ["Loss (Train)"], "values": [{"value": 5.306872367858887, "step": null, "ts": 1721984853.5009801}]}, "version": 92, "at": 1721984853.5009801}
{"obj": {"type": "LogFloats", "path": ["Gradient norm"], "values": [{"value": 0.0, "step": null, "ts": 1721984853.5009801}]}, "version": 93, "at": 1721984853.5009801}
{"obj": {"type": "LogFloats", "path": ["Loss (Train)"], "values": [{"value": 5.299059867858887, "step": null, "ts": 1721984853.5759802}]}, "version": 94, "at": 1721984853.5759802}
{"obj": {"type": "LogFloats", "path": ["Gradient norm"], "values": [{"value": 0.0, "step": null, "ts": 1721984853.5759802}]}, "version": 95, "at": 1721984853.5759802}
{"obj": {"type": "LogFloats", "path": ["Loss (Train)"], "values": [{"value": 5.306872367858887, "step": null, "ts": 1721984853.6499796}]}, "version": 96, "at": 1721984853.6499796}
{"obj": {"type": "LogFloats", "path": ["Gradient norm"], "values": [{"value": 0.0, "step": null, "ts": 1721984853.6499796}]}, "version": 97, "at": 1721984853.6499796}
{"obj": {"type": "LogFloats", "path": ["Loss (Train)"], "values": [{"value": 5.299059867858887, "step": null, "ts": 1721984853.7319808}]}, "version": 98, "at": 1721984853.7319808}
{"obj": {"type": "LogFloats", "path": ["Gradient norm"], "values": [{"value": 0.0, "step": null, "ts": 1721984853.7319808}]}, "version": 99, "at": 1721984853.7319808}
{"obj": {"type": "LogFloats", "path": ["Loss (Train)"], "values": [{"value": 5.306872367858887, "step": null, "ts": 1721984853.8089807}]}, "version": 100, "at": 1721984853.8089807}
{"obj": {"type": "LogFloats", "path": ["Gradient norm"], "values": [{"value": 0.0, "step": null, "ts": 1721984853.8099806}]}, "version": 101, "at": 1721984853.8099806}
{"obj": {"type": "LogFloats", "path": ["Loss (Train)"], "values": [{"value": 5.306872367858887, "step": null, "ts": 1721984853.8889802}]}, "version": 102, "at": 1721984853.8889802}
{"obj": {"type": "LogFloats", "path": ["Gradient norm"], "values": [{"value": 0.0, "step": null, "ts": 1721984853.8889802}]}, "version": 103, "at": 1721984853.8889802}
{"obj": {"type": "LogFloats", "path": ["Loss (Train)"], "values": [{"value": 5.299059867858887, "step": null, "ts": 1721984853.9649801}]}, "version": 104, "at": 1721984853.9649801}
{"obj": {"type": "LogFloats", "path": ["Gradient norm"], "values": [{"value": 0.0, "step": null, "ts": 1721984853.9659798}]}, "version": 105, "at": 1721984853.9659798}
{"obj": {"type": "LogFloats", "path": ["Loss (Train)"], "values": [{"value": 5.299059867858887, "step": null, "ts": 1721984854.0419807}]}, "version": 106, "at": 1721984854.0419807}
{"obj": {"type": "LogFloats", "path": ["Gradient norm"], "values": [{"value": 0.0, "step": null, "ts": 1721984854.0419807}]}, "version": 107, "at": 1721984854.0419807}
{"obj": {"type": "LogFloats", "path": ["Loss (Train)"], "values": [{"value": 5.299059867858887, "step": null, "ts": 1721984854.117979}]}, "version": 108, "at": 1721984854.117979}
{"obj": {"type": "LogFloats", "path": ["Gradient norm"], "values": [{"value": 0.0, "step": null, "ts": 1721984854.117979}]}, "version": 109, "at": 1721984854.117979}
{"obj": {"type": "LogFloats", "path": ["Loss (Train)"], "values": [{"value": 5.299059867858887, "step": null, "ts": 1721984854.1929798}]}, "version": 110, "at": 1721984854.1929798}
{"obj": {"type": "LogFloats", "path": ["Gradient norm"], "values": [{"value": 0.0, "step": null, "ts": 1721984854.1929798}]}, "version": 111, "at": 1721984854.1929798}
{"obj": {"type": "LogFloats", "path": ["Loss (Train)"], "values": [{"value": 5.306872367858887, "step": null, "ts": 1721984854.2679796}]}, "version": 112, "at": 1721984854.2679796}
{"obj": {"type": "LogFloats", "path": ["Gradient norm"], "values": [{"value": 0.0, "step": null, "ts": 1721984854.2679796}]}, "version": 113, "at": 1721984854.2679796}
{"obj": {"type": "LogFloats", "path": ["Loss (Train)"], "values": [{"value": 5.299059867858887, "step": null, "ts": 1721984854.3449814}]}, "version": 114, "at": 1721984854.3449814}
{"obj": {"type": "LogFloats", "path": ["Gradient norm"], "values": [{"value": 0.0, "step": null, "ts": 1721984854.3449814}]}, "version": 115, "at": 1721984854.3449814}
{"obj": {"type": "LogFloats", "path": ["Loss (Train)"], "values": [{"value": 5.306872367858887, "step": null, "ts": 1721984854.41798}]}, "version": 116, "at": 1721984854.41798}
{"obj": {"type": "LogFloats", "path": ["Gradient norm"], "values": [{"value": 0.0, "step": null, "ts": 1721984854.41798}]}, "version": 117, "at": 1721984854.41798}
{"obj": {"type": "LogFloats", "path": ["Loss (Train)"], "values": [{"value": 5.291247367858887, "step": null, "ts": 1721984854.4939804}]}, "version": 118, "at": 1721984854.4939804}
{"obj": {"type": "LogFloats", "path": ["Gradient norm"], "values": [{"value": 0.0, "step": null, "ts": 1721984854.4939804}]}, "version": 119, "at": 1721984854.4939804}
{"obj": {"type": "LogFloats", "path": ["Loss (Train)"], "values": [{"value": 5.299059867858887, "step": null, "ts": 1721984854.5689805}]}, "version": 120, "at": 1721984854.5689805}
{"obj": {"type": "LogFloats", "path": ["Gradient norm"], "values": [{"value": 0.0, "step": null, "ts": 1721984854.5689805}]}, "version": 121, "at": 1721984854.5689805}
{"obj": {"type": "LogFloats", "path": ["Loss (Train)"], "values": [{"value": 5.306872367858887, "step": null, "ts": 1721984854.65198}]}, "version": 122, "at": 1721984854.65198}
{"obj": {"type": "LogFloats", "path": ["Gradient norm"], "values": [{"value": 0.0, "step": null, "ts": 1721984854.65198}]}, "version": 123, "at": 1721984854.65198}
{"obj": {"type": "LogFloats", "path": ["Loss (Train)"], "values": [{"value": 5.306872367858887, "step": null, "ts": 1721984854.7259808}]}, "version": 124, "at": 1721984854.7259808}
{"obj": {"type": "LogFloats", "path": ["Gradient norm"], "values": [{"value": 0.0, "step": null, "ts": 1721984854.7259808}]}, "version": 125, "at": 1721984854.7259808}
{"obj": {"type": "LogFloats", "path": ["Loss (Train)"], "values": [{"value": 5.299059867858887, "step": null, "ts": 1721984854.8009803}]}, "version": 126, "at": 1721984854.8009803}
{"obj": {"type": "LogFloats", "path": ["Gradient norm"], "values": [{"value": 0.0, "step": null, "ts": 1721984854.8009803}]}, "version": 127, "at": 1721984854.8009803}
{"obj": {"type": "LogFloats", "path": ["Loss (Train)"], "values": [{"value": 5.306872367858887, "step": null, "ts": 1721984854.8759806}]}, "version": 128, "at": 1721984854.8759806}
{"obj": {"type": "LogFloats", "path": ["Gradient norm"], "values": [{"value": 0.0, "step": null, "ts": 1721984854.8759806}]}, "version": 129, "at": 1721984854.8759806}
{"obj": {"type": "LogFloats", "path": ["Loss (Train)"], "values": [{"value": 5.306872367858887, "step": null, "ts": 1721984854.95898}]}, "version": 130, "at": 1721984854.95898}
{"obj": {"type": "LogFloats", "path": ["Gradient norm"], "values": [{"value": 0.0, "step": null, "ts": 1721984854.95898}]}, "version": 131, "at": 1721984854.95898}
{"obj": {"type": "LogFloats", "path": ["Loss (Train)"], "values": [{"value": 5.306872367858887, "step": null, "ts": 1721984855.0329797}]}, "version": 132, "at": 1721984855.0329797}
{"obj": {"type": "LogFloats", "path": ["Gradient norm"], "values": [{"value": 0.0, "step": null, "ts": 1721984855.0329797}]}, "version": 133, "at": 1721984855.0329797}
{"obj": {"type": "LogFloats", "path": ["Loss (Train)"], "values": [{"value": 5.306872367858887, "step": null, "ts": 1721984855.1089802}]}, "version": 134, "at": 1721984855.1089802}
{"obj": {"type": "LogFloats", "path": ["Gradient norm"], "values": [{"value": 0.0, "step": null, "ts": 1721984855.1099799}]}, "version": 135, "at": 1721984855.1099799}
{"obj": {"type": "LogFloats", "path": ["Loss (Train)"], "values": [{"value": 5.306872367858887, "step": null, "ts": 1721984855.1869798}]}, "version": 136, "at": 1721984855.1869798}
{"obj": {"type": "LogFloats", "path": ["Gradient norm"], "values": [{"value": 0.0, "step": null, "ts": 1721984855.1869798}]}, "version": 137, "at": 1721984855.1869798}
{"obj": {"type": "LogFloats", "path": ["Loss (Train)"], "values": [{"value": 5.299059867858887, "step": null, "ts": 1721984855.2579794}]}, "version": 138, "at": 1721984855.2579794}
{"obj": {"type": "LogFloats", "path": ["Gradient norm"], "values": [{"value": 0.0, "step": null, "ts": 1721984855.2579794}]}, "version": 139, "at": 1721984855.2579794}
{"obj": {"type": "LogFloats", "path": ["Loss (Train)"], "values": [{"value": 5.291247367858887, "step": null, "ts": 1721984855.3329797}]}, "version": 140, "at": 1721984855.3329797}
{"obj": {"type": "LogFloats", "path": ["Gradient norm"], "values": [{"value": 0.0, "step": null, "ts": 1721984855.3329797}]}, "version": 141, "at": 1721984855.3329797}
{"obj": {"type": "LogFloats", "path": ["Loss (Train)"], "values": [{"value": 5.291247367858887, "step": null, "ts": 1721984855.4089797}]}, "version": 142, "at": 1721984855.4089797}
{"obj": {"type": "LogFloats", "path": ["Gradient norm"], "values": [{"value": 0.0, "step": null, "ts": 1721984855.4089797}]}, "version": 143, "at": 1721984855.4089797}
{"obj": {"type": "LogFloats", "path": ["Loss (Train)"], "values": [{"value": 5.306872367858887, "step": null, "ts": 1721984855.4829795}]}, "version": 144, "at": 1721984855.4829795}
{"obj": {"type": "LogFloats", "path": ["Gradient norm"], "values": [{"value": 0.0, "step": null, "ts": 1721984855.4829795}]}, "version": 145, "at": 1721984855.4829795}
{"obj": {"type": "LogFloats", "path": ["Loss (Train)"], "values": [{"value": 5.306872367858887, "step": null, "ts": 1721984855.557981}]}, "version": 146, "at": 1721984855.557981}
{"obj": {"type": "LogFloats", "path": ["Gradient norm"], "values": [{"value": 0.0, "step": null, "ts": 1721984855.557981}]}, "version": 147, "at": 1721984855.557981}
{"obj": {"type": "LogFloats", "path": ["Loss (Train)"], "values": [{"value": 5.299059867858887, "step": null, "ts": 1721984855.6339805}]}, "version": 148, "at": 1721984855.6339805}
{"obj": {"type": "LogFloats", "path": ["Gradient norm"], "values": [{"value": 0.0, "step": null, "ts": 1721984855.6339805}]}, "version": 149, "at": 1721984855.6339805}
{"obj": {"type": "LogFloats", "path": ["Loss (Train)"], "values": [{"value": 5.291247367858887, "step": null, "ts": 1721984855.7083917}]}, "version": 150, "at": 1721984855.7083917}
{"obj": {"type": "LogFloats", "path": ["Gradient norm"], "values": [{"value": 0.0, "step": null, "ts": 1721984855.7083917}]}, "version": 151, "at": 1721984855.7083917}
{"obj": {"type": "LogFloats", "path": ["Loss (Train)"], "values": [{"value": 5.299059867858887, "step": null, "ts": 1721984855.784392}]}, "version": 152, "at": 1721984855.784392}
{"obj": {"type": "LogFloats", "path": ["Gradient norm"], "values": [{"value": 0.0, "step": null, "ts": 1721984855.784392}]}, "version": 153, "at": 1721984855.784392}
{"obj": {"type": "LogFloats", "path": ["Loss (Train)"], "values": [{"value": 5.306872367858887, "step": null, "ts": 1721984855.860392}]}, "version": 154, "at": 1721984855.8614001}
{"obj": {"type": "LogFloats", "path": ["Gradient norm"], "values": [{"value": 0.0, "step": null, "ts": 1721984855.8614001}]}, "version": 155, "at": 1721984855.8614001}
{"obj": {"type": "LogFloats", "path": ["Loss (Train)"], "values": [{"value": 5.299059867858887, "step": null, "ts": 1721984855.9343922}]}, "version": 156, "at": 1721984855.9343922}
{"obj": {"type": "LogFloats", "path": ["Gradient norm"], "values": [{"value": 0.0, "step": null, "ts": 1721984855.9343922}]}, "version": 157, "at": 1721984855.9343922}
{"obj": {"type": "LogFloats", "path": ["Loss (Train)"], "values": [{"value": 5.291247367858887, "step": null, "ts": 1721984856.0103917}]}, "version": 158, "at": 1721984856.0103917}
{"obj": {"type": "LogFloats", "path": ["Gradient norm"], "values": [{"value": 0.0, "step": null, "ts": 1721984856.0103917}]}, "version": 159, "at": 1721984856.0103917}
{"obj": {"type": "LogFloats", "path": ["Loss (Train)"], "values": [{"value": 5.299059867858887, "step": null, "ts": 1721984856.0843923}]}, "version": 160, "at": 1721984856.0843923}
{"obj": {"type": "LogFloats", "path": ["Gradient norm"], "values": [{"value": 0.0, "step": null, "ts": 1721984856.0843923}]}, "version": 161, "at": 1721984856.0843923}
{"obj": {"type": "LogFloats", "path": ["Loss (Train)"], "values": [{"value": 5.299060344696045, "step": null, "ts": 1721984856.1583917}]}, "version": 162, "at": 1721984856.1583917}
{"obj": {"type": "LogFloats", "path": ["Gradient norm"], "values": [{"value": 0.0, "step": null, "ts": 1721984856.1593916}]}, "version": 163, "at": 1721984856.1593916}
{"obj": {"type": "LogFloats", "path": ["Loss (Train)"], "values": [{"value": 5.306872367858887, "step": null, "ts": 1721984856.2343926}]}, "version": 164, "at": 1721984856.2343926}
{"obj": {"type": "LogFloats", "path": ["Gradient norm"], "values": [{"value": 0.0, "step": null, "ts": 1721984856.2343926}]}, "version": 165, "at": 1721984856.2343926}
{"obj": {"type": "LogFloats", "path": ["Loss (Train)"], "values": [{"value": 5.299059867858887, "step": null, "ts": 1721984856.3113923}]}, "version": 166, "at": 1721984856.3113923}
{"obj": {"type": "LogFloats", "path": ["Gradient norm"], "values": [{"value": 0.0, "step": null, "ts": 1721984856.3113923}]}, "version": 167, "at": 1721984856.3113923}
{"obj": {"type": "LogFloats", "path": ["Loss (Train)"], "values": [{"value": 5.306872367858887, "step": null, "ts": 1721984856.3863924}]}, "version": 168, "at": 1721984856.3863924}
{"obj": {"type": "LogFloats", "path": ["Gradient norm"], "values": [{"value": 0.0, "step": null, "ts": 1721984856.3863924}]}, "version": 169, "at": 1721984856.3863924}
{"obj": {"type": "LogFloats", "path": ["Loss (Train)"], "values": [{"value": 5.299059867858887, "step": null, "ts": 1721984856.4623923}]}, "version": 170, "at": 1721984856.4623923}
{"obj": {"type": "LogFloats", "path": ["Gradient norm"], "values": [{"value": 0.0, "step": null, "ts": 1721984856.4623923}]}, "version": 171, "at": 1721984856.4623923}
{"obj": {"type": "LogFloats", "path": ["Loss (Train)"], "values": [{"value": 5.306872367858887, "step": null, "ts": 1721984856.5363922}]}, "version": 172, "at": 1721984856.5363922}
{"obj": {"type": "LogFloats", "path": ["Gradient norm"], "values": [{"value": 0.0, "step": null, "ts": 1721984856.5373921}]}, "version": 173, "at": 1721984856.5373921}
{"obj": {"type": "LogFloats", "path": ["Loss (Train)"], "values": [{"value": 5.306872367858887, "step": null, "ts": 1721984856.6113925}]}, "version": 174, "at": 1721984856.6113925}
{"obj": {"type": "LogFloats", "path": ["Gradient norm"], "values": [{"value": 0.0, "step": null, "ts": 1721984856.6123922}]}, "version": 175, "at": 1721984856.6123922}
{"obj": {"type": "LogFloats", "path": ["Loss (Train)"], "values": [{"value": 5.299059867858887, "step": null, "ts": 1721984856.6913924}]}, "version": 176, "at": 1721984856.6913924}
{"obj": {"type": "LogFloats", "path": ["Gradient norm"], "values": [{"value": 0.0, "step": null, "ts": 1721984856.6913924}]}, "version": 177, "at": 1721984856.6913924}
{"obj": {"type": "LogFloats", "path": ["Loss (Train)"], "values": [{"value": 5.299059867858887, "step": null, "ts": 1721984856.7693918}]}, "version": 178, "at": 1721984856.7693918}
{"obj": {"type": "LogFloats", "path": ["Gradient norm"], "values": [{"value": 0.0, "step": null, "ts": 1721984856.7693918}]}, "version": 179, "at": 1721984856.7693918}
{"obj": {"type": "LogFloats", "path": ["Loss (Train)"], "values": [{"value": 5.299059867858887, "step": null, "ts": 1721984856.8423917}]}, "version": 180, "at": 1721984856.8423917}
{"obj": {"type": "LogFloats", "path": ["Gradient norm"], "values": [{"value": 0.0, "step": null, "ts": 1721984856.8423917}]}, "version": 181, "at": 1721984856.8423917}
{"obj": {"type": "LogFloats", "path": ["Loss (Train)"], "values": [{"value": 5.299059867858887, "step": null, "ts": 1721984856.9183917}]}, "version": 182, "at": 1721984856.9183917}
{"obj": {"type": "LogFloats", "path": ["Gradient norm"], "values": [{"value": 0.0, "step": null, "ts": 1721984856.9183917}]}, "version": 183, "at": 1721984856.9183917}
{"obj": {"type": "LogFloats", "path": ["Loss (Train)"], "values": [{"value": 5.306872367858887, "step": null, "ts": 1721984856.991393}]}, "version": 184, "at": 1721984856.9923925}
{"obj": {"type": "LogFloats", "path": ["Gradient norm"], "values": [{"value": 0.0, "step": null, "ts": 1721984856.9923925}]}, "version": 185, "at": 1721984856.9923925}
{"obj": {"type": "LogFloats", "path": ["Loss (Train)"], "values": [{"value": 5.306872367858887, "step": null, "ts": 1721984857.0673923}]}, "version": 186, "at": 1721984857.0673923}
{"obj": {"type": "LogFloats", "path": ["Gradient norm"], "values": [{"value": 0.0, "step": null, "ts": 1721984857.0683928}]}, "version": 187, "at": 1721984857.0683928}
{"obj": {"type": "LogFloats", "path": ["Loss (Train)"], "values": [{"value": 5.299059867858887, "step": null, "ts": 1721984857.1423922}]}, "version": 188, "at": 1721984857.1423922}
{"obj": {"type": "LogFloats", "path": ["Gradient norm"], "values": [{"value": 0.0, "step": null, "ts": 1721984857.1423922}]}, "version": 189, "at": 1721984857.1423922}
{"obj": {"type": "LogFloats", "path": ["Loss (Train)"], "values": [{"value": 5.306872367858887, "step": null, "ts": 1721984857.2173913}]}, "version": 190, "at": 1721984857.2173913}
{"obj": {"type": "LogFloats", "path": ["Gradient norm"], "values": [{"value": 0.0, "step": null, "ts": 1721984857.2173913}]}, "version": 191, "at": 1721984857.2173913}
{"obj": {"type": "LogFloats", "path": ["Loss (Train)"], "values": [{"value": 5.299059867858887, "step": null, "ts": 1721984857.2903922}]}, "version": 192, "at": 1721984857.2903922}
{"obj": {"type": "LogFloats", "path": ["Gradient norm"], "values": [{"value": 0.0, "step": null, "ts": 1721984857.2903922}]}, "version": 193, "at": 1721984857.2903922}
{"obj": {"type": "LogFloats", "path": ["Loss (Train)"], "values": [{"value": 5.299059867858887, "step": null, "ts": 1721984857.367392}]}, "version": 194, "at": 1721984857.367392}
{"obj": {"type": "LogFloats", "path": ["Gradient norm"], "values": [{"value": 0.0, "step": null, "ts": 1721984857.367392}]}, "version": 195, "at": 1721984857.367392}
{"obj": {"type": "LogFloats", "path": ["Loss (Train)"], "values": [{"value": 5.306872367858887, "step": null, "ts": 1721984857.4403923}]}, "version": 196, "at": 1721984857.4403923}
{"obj": {"type": "LogFloats", "path": ["Gradient norm"], "values": [{"value": 0.0, "step": null, "ts": 1721984857.4403923}]}, "version": 197, "at": 1721984857.4403923}
{"obj": {"type": "LogFloats", "path": ["Loss (Train)"], "values": [{"value": 5.299059867858887, "step": null, "ts": 1721984857.5163925}]}, "version": 198, "at": 1721984857.5163925}
{"obj": {"type": "LogFloats", "path": ["Gradient norm"], "values": [{"value": 0.0, "step": null, "ts": 1721984857.5163925}]}, "version": 199, "at": 1721984857.5163925}
{"obj": {"type": "LogFloats", "path": ["Loss (Train)"], "values": [{"value": 5.306872367858887, "step": null, "ts": 1721984857.5943923}]}, "version": 200, "at": 1721984857.5943923}
{"obj": {"type": "LogFloats", "path": ["Gradient norm"], "values": [{"value": 0.0, "step": null, "ts": 1721984857.5943923}]}, "version": 201, "at": 1721984857.5943923}
{"obj": {"type": "LogFloats", "path": ["Loss (Train)"], "values": [{"value": 5.283434867858887, "step": null, "ts": 1721984857.6683922}]}, "version": 202, "at": 1721984857.6683922}
{"obj": {"type": "LogFloats", "path": ["Gradient norm"], "values": [{"value": 0.0, "step": null, "ts": 1721984857.6683922}]}, "version": 203, "at": 1721984857.6683922}
{"obj": {"type": "LogFloats", "path": ["Loss (Train)"], "values": [{"value": 5.299059867858887, "step": null, "ts": 1721984857.7433918}]}, "version": 204, "at": 1721984857.7433918}
{"obj": {"type": "LogFloats", "path": ["Gradient norm"], "values": [{"value": 0.0, "step": null, "ts": 1721984857.7433918}]}, "version": 205, "at": 1721984857.7433918}
{"obj": {"type": "LogFloats", "path": ["Loss (Train)"], "values": [{"value": 5.306872367858887, "step": null, "ts": 1721984857.8193917}]}, "version": 206, "at": 1721984857.8193917}
{"obj": {"type": "LogFloats", "path": ["Gradient norm"], "values": [{"value": 0.0, "step": null, "ts": 1721984857.8193917}]}, "version": 207, "at": 1721984857.8193917}
{"obj": {"type": "LogFloats", "path": ["Loss (Train)"], "values": [{"value": 5.306872367858887, "step": null, "ts": 1721984857.8933918}]}, "version": 208, "at": 1721984857.8933918}
{"obj": {"type": "LogFloats", "path": ["Gradient norm"], "values": [{"value": 0.0, "step": null, "ts": 1721984857.8933918}]}, "version": 209, "at": 1721984857.8933918}
{"obj": {"type": "LogFloats", "path": ["Loss (Train)"], "values": [{"value": 5.283434867858887, "step": null, "ts": 1721984857.9683921}]}, "version": 210, "at": 1721984857.9683921}
{"obj": {"type": "LogFloats", "path": ["Gradient norm"], "values": [{"value": 0.0, "step": null, "ts": 1721984857.9683921}]}, "version": 211, "at": 1721984857.9683921}
{"obj": {"type": "LogFloats", "path": ["Loss (Train)"], "values": [{"value": 5.299059867858887, "step": null, "ts": 1721984858.0443923}]}, "version": 212, "at": 1721984858.0443923}
{"obj": {"type": "LogFloats", "path": ["Gradient norm"], "values": [{"value": 0.0, "step": null, "ts": 1721984858.0443923}]}, "version": 213, "at": 1721984858.0443923}
{"obj": {"type": "LogFloats", "path": ["Loss (Train)"], "values": [{"value": 5.299059867858887, "step": null, "ts": 1721984858.1193924}]}, "version": 214, "at": 1721984858.1193924}
{"obj": {"type": "LogFloats", "path": ["Gradient norm"], "values": [{"value": 0.0, "step": null, "ts": 1721984858.1193924}]}, "version": 215, "at": 1721984858.1193924}
{"obj": {"type": "LogFloats", "path": ["Loss (Train)"], "values": [{"value": 5.306872367858887, "step": null, "ts": 1721984858.193392}]}, "version": 216, "at": 1721984858.193392}
{"obj": {"type": "LogFloats", "path": ["Gradient norm"], "values": [{"value": 0.0, "step": null, "ts": 1721984858.193392}]}, "version": 217, "at": 1721984858.193392}
{"obj": {"type": "LogFloats", "path": ["Loss (Train)"], "values": [{"value": 5.291247367858887, "step": null, "ts": 1721984858.2683935}]}, "version": 218, "at": 1721984858.2683935}
{"obj": {"type": "LogFloats", "path": ["Gradient norm"], "values": [{"value": 0.0, "step": null, "ts": 1721984858.2683935}]}, "version": 219, "at": 1721984858.2683935}
{"obj": {"type": "LogFloats", "path": ["Loss (Train)"], "values": [{"value": 5.306872367858887, "step": null, "ts": 1721984858.3417509}]}, "version": 220, "at": 1721984858.3427513}
{"obj": {"type": "LogFloats", "path": ["Gradient norm"], "values": [{"value": 0.0, "step": null, "ts": 1721984858.3427513}]}, "version": 221, "at": 1721984858.3427513}
{"obj": {"type": "LogFloats", "path": ["Loss (Train)"], "values": [{"value": 5.306872367858887, "step": null, "ts": 1721984858.4187515}]}, "version": 222, "at": 1721984858.4187515}
{"obj": {"type": "LogFloats", "path": ["Gradient norm"], "values": [{"value": 0.0, "step": null, "ts": 1721984858.4187515}]}, "version": 223, "at": 1721984858.4187515}
{"obj": {"type": "LogFloats", "path": ["Loss (Train)"], "values": [{"value": 5.306872367858887, "step": null, "ts": 1721984858.4947512}]}, "version": 224, "at": 1721984858.4947512}
{"obj": {"type": "LogFloats", "path": ["Gradient norm"], "values": [{"value": 0.0, "step": null, "ts": 1721984858.4947512}]}, "version": 225, "at": 1721984858.4947512}
{"obj": {"type": "LogFloats", "path": ["Loss (Train)"], "values": [{"value": 5.306872367858887, "step": null, "ts": 1721984858.569349}]}, "version": 226, "at": 1721984858.569349}
{"obj": {"type": "LogFloats", "path": ["Gradient norm"], "values": [{"value": 0.0, "step": null, "ts": 1721984858.5703492}]}, "version": 227, "at": 1721984858.5703492}
{"obj": {"type": "LogFloats", "path": ["Loss (Train)"], "values": [{"value": 5.306872367858887, "step": null, "ts": 1721984858.6438959}]}, "version": 228, "at": 1721984858.6438959}
{"obj": {"type": "LogFloats", "path": ["Gradient norm"], "values": [{"value": 0.0, "step": null, "ts": 1721984858.6438959}]}, "version": 229, "at": 1721984858.6438959}
{"obj": {"type": "LogFloats", "path": ["Loss (Train)"], "values": [{"value": 5.306872367858887, "step": null, "ts": 1721984858.718895}]}, "version": 230, "at": 1721984858.718895}
{"obj": {"type": "LogFloats", "path": ["Gradient norm"], "values": [{"value": 0.0, "step": null, "ts": 1721984858.718895}]}, "version": 231, "at": 1721984858.718895}
{"obj": {"type": "LogFloats", "path": ["Loss (Train)"], "values": [{"value": 5.306872367858887, "step": null, "ts": 1721984858.7958949}]}, "version": 232, "at": 1721984858.7958949}
{"obj": {"type": "LogFloats", "path": ["Gradient norm"], "values": [{"value": 0.0, "step": null, "ts": 1721984858.7958949}]}, "version": 233, "at": 1721984858.7958949}
{"obj": {"type": "LogFloats", "path": ["Loss (Train)"], "values": [{"value": 5.306872367858887, "step": null, "ts": 1721984858.8718956}]}, "version": 234, "at": 1721984858.8718956}
{"obj": {"type": "LogFloats", "path": ["Gradient norm"], "values": [{"value": 0.0, "step": null, "ts": 1721984858.8718956}]}, "version": 235, "at": 1721984858.8718956}
{"obj": {"type": "LogFloats", "path": ["Loss (Train)"], "values": [{"value": 5.291247367858887, "step": null, "ts": 1721984858.9538953}]}, "version": 236, "at": 1721984858.9538953}
{"obj": {"type": "LogFloats", "path": ["Gradient norm"], "values": [{"value": 0.0, "step": null, "ts": 1721984858.9538953}]}, "version": 237, "at": 1721984858.9538953}
{"obj": {"type": "LogFloats", "path": ["Loss (Train)"], "values": [{"value": 5.306872367858887, "step": null, "ts": 1721984859.034895}]}, "version": 238, "at": 1721984859.034895}
{"obj": {"type": "LogFloats", "path": ["Gradient norm"], "values": [{"value": 0.0, "step": null, "ts": 1721984859.034895}]}, "version": 239, "at": 1721984859.034895}
{"obj": {"type": "LogFloats", "path": ["Loss (Train)"], "values": [{"value": 5.306872367858887, "step": null, "ts": 1721984859.1108952}]}, "version": 240, "at": 1721984859.1108952}
{"obj": {"type": "LogFloats", "path": ["Gradient norm"], "values": [{"value": 0.0, "step": null, "ts": 1721984859.1108952}]}, "version": 241, "at": 1721984859.1108952}
{"obj": {"type": "LogFloats", "path": ["Loss (Train)"], "values": [{"value": 5.299059867858887, "step": null, "ts": 1721984859.1948948}]}, "version": 242, "at": 1721984859.1948948}
{"obj": {"type": "LogFloats", "path": ["Gradient norm"], "values": [{"value": 0.0, "step": null, "ts": 1721984859.1948948}]}, "version": 243, "at": 1721984859.1948948}
{"obj": {"type": "LogFloats", "path": ["Loss (Train)"], "values": [{"value": 5.299059867858887, "step": null, "ts": 1721984859.268895}]}, "version": 244, "at": 1721984859.268895}
{"obj": {"type": "LogFloats", "path": ["Gradient norm"], "values": [{"value": 0.0, "step": null, "ts": 1721984859.268895}]}, "version": 245, "at": 1721984859.268895}
{"obj": {"type": "LogFloats", "path": ["Loss (Train)"], "values": [{"value": 5.306872367858887, "step": null, "ts": 1721984859.3448968}]}, "version": 246, "at": 1721984859.3448968}
{"obj": {"type": "LogFloats", "path": ["Gradient norm"], "values": [{"value": 0.0, "step": null, "ts": 1721984859.3448968}]}, "version": 247, "at": 1721984859.3448968}
{"obj": {"type": "LogFloats", "path": ["Loss (Train)"], "values": [{"value": 5.291247367858887, "step": null, "ts": 1721984859.4258957}]}, "version": 248, "at": 1721984859.4258957}
{"obj": {"type": "LogFloats", "path": ["Gradient norm"], "values": [{"value": 0.0, "step": null, "ts": 1721984859.4258957}]}, "version": 249, "at": 1721984859.4258957}
{"obj": {"type": "LogFloats", "path": ["Loss (Train)"], "values": [{"value": 5.299059867858887, "step": null, "ts": 1721984859.501896}]}, "version": 250, "at": 1721984859.501896}
{"obj": {"type": "LogFloats", "path": ["Gradient norm"], "values": [{"value": 0.0, "step": null, "ts": 1721984859.501896}]}, "version": 251, "at": 1721984859.501896}
{"obj": {"type": "LogFloats", "path": ["Loss (Train)"], "values": [{"value": 5.283434867858887, "step": null, "ts": 1721984859.5758948}]}, "version": 252, "at": 1721984859.5758948}
{"obj": {"type": "LogFloats", "path": ["Gradient norm"], "values": [{"value": 0.0, "step": null, "ts": 1721984859.5758948}]}, "version": 253, "at": 1721984859.5758948}
{"obj": {"type": "LogFloats", "path": ["Loss (Train)"], "values": [{"value": 5.291247367858887, "step": null, "ts": 1721984859.6528952}]}, "version": 254, "at": 1721984859.6528952}
{"obj": {"type": "LogFloats", "path": ["Gradient norm"], "values": [{"value": 0.0, "step": null, "ts": 1721984859.6528952}]}, "version": 255, "at": 1721984859.6528952}
{"obj": {"type": "LogFloats", "path": ["Loss (Train)"], "values": [{"value": 5.299059867858887, "step": null, "ts": 1721984859.7258952}]}, "version": 256, "at": 1721984859.7258952}
{"obj": {"type": "LogFloats", "path": ["Gradient norm"], "values": [{"value": 0.0, "step": null, "ts": 1721984859.7258952}]}, "version": 257, "at": 1721984859.7258952}
{"obj": {"type": "LogFloats", "path": ["Loss (Train)"], "values": [{"value": 5.299059867858887, "step": null, "ts": 1721984859.8008964}]}, "version": 258, "at": 1721984859.8008964}
{"obj": {"type": "LogFloats", "path": ["Gradient norm"], "values": [{"value": 0.0, "step": null, "ts": 1721984859.8008964}]}, "version": 259, "at": 1721984859.8008964}
{"obj": {"type": "LogFloats", "path": ["Loss (Train)"], "values": [{"value": 5.306872367858887, "step": null, "ts": 1721984859.875895}]}, "version": 260, "at": 1721984859.875895}
{"obj": {"type": "LogFloats", "path": ["Gradient norm"], "values": [{"value": 0.0, "step": null, "ts": 1721984859.875895}]}, "version": 261, "at": 1721984859.875895}
{"obj": {"type": "LogFloats", "path": ["Loss (Train)"], "values": [{"value": 5.306872367858887, "step": null, "ts": 1721984859.9488957}]}, "version": 262, "at": 1721984859.9488957}
{"obj": {"type": "LogFloats", "path": ["Gradient norm"], "values": [{"value": 0.0, "step": null, "ts": 1721984859.9488957}]}, "version": 263, "at": 1721984859.9488957}
{"obj": {"type": "LogFloats", "path": ["Loss (Train)"], "values": [{"value": 5.299059867858887, "step": null, "ts": 1721984860.0208948}]}, "version": 264, "at": 1721984860.0208948}
{"obj": {"type": "LogFloats", "path": ["Gradient norm"], "values": [{"value": 0.0, "step": null, "ts": 1721984860.0208948}]}, "version": 265, "at": 1721984860.0208948}
{"obj": {"type": "LogFloats", "path": ["Loss (Train)"], "values": [{"value": 5.299059867858887, "step": null, "ts": 1721984860.0958965}]}, "version": 266, "at": 1721984860.0958965}
{"obj": {"type": "LogFloats", "path": ["Gradient norm"], "values": [{"value": 0.0, "step": null, "ts": 1721984860.0958965}]}, "version": 267, "at": 1721984860.0958965}
{"obj": {"type": "LogFloats", "path": ["Loss (Train)"], "values": [{"value": 5.291247367858887, "step": null, "ts": 1721984860.1658957}]}, "version": 268, "at": 1721984860.1658957}
{"obj": {"type": "LogFloats", "path": ["Gradient norm"], "values": [{"value": 0.0, "step": null, "ts": 1721984860.1658957}]}, "version": 269, "at": 1721984860.1658957}
{"obj": {"type": "LogFloats", "path": ["Loss (Train)"], "values": [{"value": 5.299059867858887, "step": null, "ts": 1721984860.2418947}]}, "version": 270, "at": 1721984860.2418947}
{"obj": {"type": "LogFloats", "path": ["Gradient norm"], "values": [{"value": 0.0, "step": null, "ts": 1721984860.2418947}]}, "version": 271, "at": 1721984860.2418947}
{"obj": {"type": "LogFloats", "path": ["Loss (Train)"], "values": [{"value": 5.306872367858887, "step": null, "ts": 1721984860.323895}]}, "version": 272, "at": 1721984860.323895}
{"obj": {"type": "LogFloats", "path": ["Gradient norm"], "values": [{"value": 0.0, "step": null, "ts": 1721984860.323895}]}, "version": 273, "at": 1721984860.323895}
{"obj": {"type": "LogFloats", "path": ["Loss (Train)"], "values": [{"value": 5.306872367858887, "step": null, "ts": 1721984860.3998952}]}, "version": 274, "at": 1721984860.3998952}
{"obj": {"type": "LogFloats", "path": ["Gradient norm"], "values": [{"value": 0.0, "step": null, "ts": 1721984860.3998952}]}, "version": 275, "at": 1721984860.3998952}
{"obj": {"type": "LogFloats", "path": ["Loss (Train)"], "values": [{"value": 5.291247367858887, "step": null, "ts": 1721984860.474895}]}, "version": 276, "at": 1721984860.474895}
{"obj": {"type": "LogFloats", "path": ["Gradient norm"], "values": [{"value": 0.0, "step": null, "ts": 1721984860.4758954}]}, "version": 277, "at": 1721984860.4758954}
{"obj": {"type": "LogFloats", "path": ["Loss (Train)"], "values": [{"value": 5.299059867858887, "step": null, "ts": 1721984860.553896}]}, "version": 278, "at": 1721984860.553896}
{"obj": {"type": "LogFloats", "path": ["Gradient norm"], "values": [{"value": 0.0, "step": null, "ts": 1721984860.553896}]}, "version": 279, "at": 1721984860.553896}
{"obj": {"type": "LogFloats", "path": ["Loss (Train)"], "values": [{"value": 5.306872367858887, "step": null, "ts": 1721984860.6288953}]}, "version": 280, "at": 1721984860.6288953}
{"obj": {"type": "LogFloats", "path": ["Gradient norm"], "values": [{"value": 0.0, "step": null, "ts": 1721984860.6288953}]}, "version": 281, "at": 1721984860.6288953}
{"obj": {"type": "LogFloats", "path": ["Loss (Train)"], "values": [{"value": 5.306872367858887, "step": null, "ts": 1721984860.7048957}]}, "version": 282, "at": 1721984860.7048957}
{"obj": {"type": "LogFloats", "path": ["Gradient norm"], "values": [{"value": 0.0, "step": null, "ts": 1721984860.7048957}]}, "version": 283, "at": 1721984860.7048957}
{"obj": {"type": "LogFloats", "path": ["Loss (Train)"], "values": [{"value": 5.299059867858887, "step": null, "ts": 1721984860.7778957}]}, "version": 284, "at": 1721984860.7778957}
{"obj": {"type": "LogFloats", "path": ["Gradient norm"], "values": [{"value": 0.0, "step": null, "ts": 1721984860.7778957}]}, "version": 285, "at": 1721984860.7778957}
{"obj": {"type": "LogFloats", "path": ["Loss (Train)"], "values": [{"value": 5.299059867858887, "step": null, "ts": 1721984860.851895}]}, "version": 286, "at": 1721984860.851895}
{"obj": {"type": "LogFloats", "path": ["Gradient norm"], "values": [{"value": 0.0, "step": null, "ts": 1721984860.851895}]}, "version": 287, "at": 1721984860.851895}
{"obj": {"type": "LogFloats", "path": ["Loss (Train)"], "values": [{"value": 5.299059867858887, "step": null, "ts": 1721984860.9318953}]}, "version": 288, "at": 1721984860.9318953}
{"obj": {"type": "LogFloats", "path": ["Gradient norm"], "values": [{"value": 0.0, "step": null, "ts": 1721984860.9318953}]}, "version": 289, "at": 1721984860.9318953}
{"obj": {"type": "LogFloats", "path": ["Loss (Train)"], "values": [{"value": 5.306872367858887, "step": null, "ts": 1721984861.006895}]}, "version": 290, "at": 1721984861.006895}
{"obj": {"type": "LogFloats", "path": ["Gradient norm"], "values": [{"value": 0.0, "step": null, "ts": 1721984861.006895}]}, "version": 291, "at": 1721984861.006895}
{"obj": {"type": "LogFloats", "path": ["Loss (Train)"], "values": [{"value": 5.306872367858887, "step": null, "ts": 1721984861.0778952}]}, "version": 292, "at": 1721984861.0778952}
{"obj": {"type": "LogFloats", "path": ["Gradient norm"], "values": [{"value": 0.0, "step": null, "ts": 1721984861.0778952}]}, "version": 293, "at": 1721984861.0778952}
{"obj": {"type": "LogFloats", "path": ["Loss (Train)"], "values": [{"value": 5.306872367858887, "step": null, "ts": 1721984861.1518953}]}, "version": 294, "at": 1721984861.1518953}
{"obj": {"type": "LogFloats", "path": ["Gradient norm"], "values": [{"value": 0.0, "step": null, "ts": 1721984861.1518953}]}, "version": 295, "at": 1721984861.1518953}
{"obj": {"type": "LogFloats", "path": ["Loss (Train)"], "values": [{"value": 5.306872367858887, "step": null, "ts": 1721984861.2248948}]}, "version": 296, "at": 1721984861.2248948}
{"obj": {"type": "LogFloats", "path": ["Gradient norm"], "values": [{"value": 0.0, "step": null, "ts": 1721984861.2248948}]}, "version": 297, "at": 1721984861.2248948}
{"obj": {"type": "LogFloats", "path": ["Loss (Train)"], "values": [{"value": 5.299059867858887, "step": null, "ts": 1721984861.2998958}]}, "version": 298, "at": 1721984861.2998958}
{"obj": {"type": "LogFloats", "path": ["Gradient norm"], "values": [{"value": 0.0, "step": null, "ts": 1721984861.2998958}]}, "version": 299, "at": 1721984861.2998958}
{"obj": {"type": "LogFloats", "path": ["Loss (Train)"], "values": [{"value": 5.299059867858887, "step": null, "ts": 1721984861.3738947}]}, "version": 300, "at": 1721984861.3738947}
{"obj": {"type": "LogFloats", "path": ["Gradient norm"], "values": [{"value": 0.0, "step": null, "ts": 1721984861.3738947}]}, "version": 301, "at": 1721984861.3738947}
{"obj": {"type": "LogFloats", "path": ["Loss (Train)"], "values": [{"value": 5.291247367858887, "step": null, "ts": 1721984861.4458952}]}, "version": 302, "at": 1721984861.4458952}
{"obj": {"type": "LogFloats", "path": ["Gradient norm"], "values": [{"value": 0.0, "step": null, "ts": 1721984861.4458952}]}, "version": 303, "at": 1721984861.4458952}
{"obj": {"type": "LogFloats", "path": ["Loss (Train)"], "values": [{"value": 5.299059867858887, "step": null, "ts": 1721984861.5158951}]}, "version": 304, "at": 1721984861.5158951}
{"obj": {"type": "LogFloats", "path": ["Gradient norm"], "values": [{"value": 0.0, "step": null, "ts": 1721984861.5158951}]}, "version": 305, "at": 1721984861.5158951}
{"obj": {"type": "LogFloats", "path": ["Loss (Train)"], "values": [{"value": 5.306872367858887, "step": null, "ts": 1721984861.590895}]}, "version": 306, "at": 1721984861.590895}
{"obj": {"type": "LogFloats", "path": ["Gradient norm"], "values": [{"value": 0.0, "step": null, "ts": 1721984861.590895}]}, "version": 307, "at": 1721984861.590895}
{"obj": {"type": "LogFloats", "path": ["Loss (Train)"], "values": [{"value": 5.299059867858887, "step": null, "ts": 1721984861.6618948}]}, "version": 308, "at": 1721984861.6618948}
{"obj": {"type": "LogFloats", "path": ["Gradient norm"], "values": [{"value": 0.0, "step": null, "ts": 1721984861.6618948}]}, "version": 309, "at": 1721984861.6618948}
{"obj": {"type": "LogFloats", "path": ["Loss (Train)"], "values": [{"value": 5.299059867858887, "step": null, "ts": 1721984861.7338948}]}, "version": 310, "at": 1721984861.7338948}
{"obj": {"type": "LogFloats", "path": ["Gradient norm"], "values": [{"value": 0.0, "step": null, "ts": 1721984861.7348948}]}, "version": 311, "at": 1721984861.7348948}
{"obj": {"type": "LogFloats", "path": ["Loss (Train)"], "values": [{"value": 5.306872367858887, "step": null, "ts": 1721984861.8088958}]}, "version": 312, "at": 1721984861.8088958}
{"obj": {"type": "LogFloats", "path": ["Gradient norm"], "values": [{"value": 0.0, "step": null, "ts": 1721984861.8088958}]}, "version": 313, "at": 1721984861.8088958}
{"obj": {"type": "LogFloats", "path": ["Loss (Train)"], "values": [{"value": 5.306872367858887, "step": null, "ts": 1721984861.8878963}]}, "version": 314, "at": 1721984861.8878963}
{"obj": {"type": "LogFloats", "path": ["Gradient norm"], "values": [{"value": 0.0, "step": null, "ts": 1721984861.8878963}]}, "version": 315, "at": 1721984861.8878963}
{"obj": {"type": "LogFloats", "path": ["Loss (Train)"], "values": [{"value": 5.299059867858887, "step": null, "ts": 1721984861.9638956}]}, "version": 316, "at": 1721984861.9638956}
{"obj": {"type": "LogFloats", "path": ["Gradient norm"], "values": [{"value": 0.0, "step": null, "ts": 1721984861.9638956}]}, "version": 317, "at": 1721984861.9638956}
{"obj": {"type": "LogFloats", "path": ["Loss (Train)"], "values": [{"value": 5.299059867858887, "step": null, "ts": 1721984862.042896}]}, "version": 318, "at": 1721984862.042896}
{"obj": {"type": "LogFloats", "path": ["Gradient norm"], "values": [{"value": 0.0, "step": null, "ts": 1721984862.042896}]}, "version": 319, "at": 1721984862.042896}
{"obj": {"type": "LogFloats", "path": ["Loss (Train)"], "values": [{"value": 5.299059867858887, "step": null, "ts": 1721984862.1168966}]}, "version": 320, "at": 1721984862.1168966}
{"obj": {"type": "LogFloats", "path": ["Gradient norm"], "values": [{"value": 0.0, "step": null, "ts": 1721984862.1168966}]}, "version": 321, "at": 1721984862.1168966}
{"obj": {"type": "LogFloats", "path": ["Loss (Train)"], "values": [{"value": 5.299059867858887, "step": null, "ts": 1721984862.1928945}]}, "version": 322, "at": 1721984862.1928945}
{"obj": {"type": "LogFloats", "path": ["Gradient norm"], "values": [{"value": 0.0, "step": null, "ts": 1721984862.1928945}]}, "version": 323, "at": 1721984862.193895}
{"obj": {"type": "LogFloats", "path": ["Loss (Train)"], "values": [{"value": 5.299059867858887, "step": null, "ts": 1721984862.268895}]}, "version": 324, "at": 1721984862.268895}
{"obj": {"type": "LogFloats", "path": ["Gradient norm"], "values": [{"value": 0.0, "step": null, "ts": 1721984862.268895}]}, "version": 325, "at": 1721984862.268895}
{"obj": {"type": "LogFloats", "path": ["Loss (Train)"], "values": [{"value": 5.306872367858887, "step": null, "ts": 1721984862.344895}]}, "version": 326, "at": 1721984862.344895}
{"obj": {"type": "LogFloats", "path": ["Gradient norm"], "values": [{"value": 0.0, "step": null, "ts": 1721984862.344895}]}, "version": 327, "at": 1721984862.344895}
{"obj": {"type": "LogFloats", "path": ["Loss (Train)"], "values": [{"value": 5.306872844696045, "step": null, "ts": 1721984862.4198954}]}, "version": 328, "at": 1721984862.4198954}
{"obj": {"type": "LogFloats", "path": ["Gradient norm"], "values": [{"value": 0.0, "step": null, "ts": 1721984862.4198954}]}, "version": 329, "at": 1721984862.4198954}
{"obj": {"type": "LogFloats", "path": ["Loss (Train)"], "values": [{"value": 5.306872367858887, "step": null, "ts": 1721984862.495896}]}, "version": 330, "at": 1721984862.495896}
{"obj": {"type": "LogFloats", "path": ["Gradient norm"], "values": [{"value": 0.0, "step": null, "ts": 1721984862.495896}]}, "version": 331, "at": 1721984862.495896}
{"obj": {"type": "LogFloats", "path": ["Loss (Train)"], "values": [{"value": 5.299059867858887, "step": null, "ts": 1721984862.566895}]}, "version": 332, "at": 1721984862.5678954}
{"obj": {"type": "LogFloats", "path": ["Gradient norm"], "values": [{"value": 0.0, "step": null, "ts": 1721984862.5678954}]}, "version": 333, "at": 1721984862.5678954}
{"obj": {"type": "LogFloats", "path": ["Loss (Train)"], "values": [{"value": 5.306872367858887, "step": null, "ts": 1721984862.6428955}]}, "version": 334, "at": 1721984862.6428955}
{"obj": {"type": "LogFloats", "path": ["Gradient norm"], "values": [{"value": 0.0, "step": null, "ts": 1721984862.6428955}]}, "version": 335, "at": 1721984862.6428955}
{"obj": {"type": "LogFloats", "path": ["Loss (Train)"], "values": [{"value": 5.306872367858887, "step": null, "ts": 1721984862.714896}]}, "version": 336, "at": 1721984862.714896}
{"obj": {"type": "LogFloats", "path": ["Gradient norm"], "values": [{"value": 0.0, "step": null, "ts": 1721984862.714896}]}, "version": 337, "at": 1721984862.714896}
{"obj": {"type": "LogFloats", "path": ["Loss (Train)"], "values": [{"value": 5.306872367858887, "step": null, "ts": 1721984862.790895}]}, "version": 338, "at": 1721984862.790895}
{"obj": {"type": "LogFloats", "path": ["Gradient norm"], "values": [{"value": 0.0, "step": null, "ts": 1721984862.790895}]}, "version": 339, "at": 1721984862.790895}
{"obj": {"type": "LogFloats", "path": ["Loss (Train)"], "values": [{"value": 5.299059867858887, "step": null, "ts": 1721984862.8628953}]}, "version": 340, "at": 1721984862.8638957}
{"obj": {"type": "LogFloats", "path": ["Gradient norm"], "values": [{"value": 0.0, "step": null, "ts": 1721984862.8638957}]}, "version": 341, "at": 1721984862.8638957}
{"obj": {"type": "LogFloats", "path": ["Loss (Train)"], "values": [{"value": 5.299059867858887, "step": null, "ts": 1721984862.9398959}]}, "version": 342, "at": 1721984862.9398959}
{"obj": {"type": "LogFloats", "path": ["Gradient norm"], "values": [{"value": 0.0, "step": null, "ts": 1721984862.9398959}]}, "version": 343, "at": 1721984862.9398959}
{"obj": {"type": "LogFloats", "path": ["Loss (Train)"], "values": [{"value": 5.306872367858887, "step": null, "ts": 1721984863.0158958}]}, "version": 344, "at": 1721984863.0158958}
{"obj": {"type": "LogFloats", "path": ["Gradient norm"], "values": [{"value": 0.0, "step": null, "ts": 1721984863.0168953}]}, "version": 345, "at": 1721984863.0168953}
{"obj": {"type": "LogFloats", "path": ["Loss (Train)"], "values": [{"value": 5.306872367858887, "step": null, "ts": 1721984863.092895}]}, "version": 346, "at": 1721984863.092895}
{"obj": {"type": "LogFloats", "path": ["Gradient norm"], "values": [{"value": 0.0, "step": null, "ts": 1721984863.092895}]}, "version": 347, "at": 1721984863.092895}
{"obj": {"type": "LogFloats", "path": ["Loss (Train)"], "values": [{"value": 5.299060344696045, "step": null, "ts": 1721984863.1678958}]}, "version": 348, "at": 1721984863.1678958}
{"obj": {"type": "LogFloats", "path": ["Gradient norm"], "values": [{"value": 0.0, "step": null, "ts": 1721984863.1678958}]}, "version": 349, "at": 1721984863.1678958}
{"obj": {"type": "LogFloats", "path": ["Loss (Train)"], "values": [{"value": 5.299060344696045, "step": null, "ts": 1721984863.2428956}]}, "version": 350, "at": 1721984863.2428956}
{"obj": {"type": "LogFloats", "path": ["Gradient norm"], "values": [{"value": 0.0, "step": null, "ts": 1721984863.2428956}]}, "version": 351, "at": 1721984863.2428956}
{"obj": {"type": "LogFloats", "path": ["Loss (Train)"], "values": [{"value": 5.306872367858887, "step": null, "ts": 1721984863.3168945}]}, "version": 352, "at": 1721984863.3168945}
{"obj": {"type": "LogFloats", "path": ["Gradient norm"], "values": [{"value": 0.0, "step": null, "ts": 1721984863.3168945}]}, "version": 353, "at": 1721984863.3168945}
{"obj": {"type": "LogFloats", "path": ["Loss (Train)"], "values": [{"value": 5.306872844696045, "step": null, "ts": 1721984863.392896}]}, "version": 354, "at": 1721984863.392896}
{"obj": {"type": "LogFloats", "path": ["Gradient norm"], "values": [{"value": 0.0, "step": null, "ts": 1721984863.392896}]}, "version": 355, "at": 1721984863.392896}
{"obj": {"type": "LogFloats", "path": ["Loss (Train)"], "values": [{"value": 5.299059867858887, "step": null, "ts": 1721984863.4678957}]}, "version": 356, "at": 1721984863.4678957}
{"obj": {"type": "LogFloats", "path": ["Gradient norm"], "values": [{"value": 0.0, "step": null, "ts": 1721984863.4688952}]}, "version": 357, "at": 1721984863.4688952}
{"obj": {"type": "LogFloats", "path": ["Loss (Train)"], "values": [{"value": 5.283434867858887, "step": null, "ts": 1721984863.545895}]}, "version": 358, "at": 1721984863.545895}
{"obj": {"type": "LogFloats", "path": ["Gradient norm"], "values": [{"value": 0.0, "step": null, "ts": 1721984863.545895}]}, "version": 359, "at": 1721984863.545895}
{"obj": {"type": "LogFloats", "path": ["Loss (Train)"], "values": [{"value": 5.299059867858887, "step": null, "ts": 1721984863.6208951}]}, "version": 360, "at": 1721984863.6208951}
{"obj": {"type": "LogFloats", "path": ["Gradient norm"], "values": [{"value": 0.0, "step": null, "ts": 1721984863.6208951}]}, "version": 361, "at": 1721984863.6208951}
{"obj": {"type": "LogFloats", "path": ["Loss (Train)"], "values": [{"value": 5.306872367858887, "step": null, "ts": 1721984863.6948953}]}, "version": 362, "at": 1721984863.6948953}
{"obj": {"type": "LogFloats", "path": ["Gradient norm"], "values": [{"value": 0.0, "step": null, "ts": 1721984863.6948953}]}, "version": 363, "at": 1721984863.6948953}
{"obj": {"type": "LogFloats", "path": ["Loss (Train)"], "values": [{"value": 5.299059867858887, "step": null, "ts": 1721984863.7668965}]}, "version": 364, "at": 1721984863.7668965}
{"obj": {"type": "LogFloats", "path": ["Gradient norm"], "values": [{"value": 0.0, "step": null, "ts": 1721984863.7668965}]}, "version": 365, "at": 1721984863.7668965}
{"obj": {"type": "LogFloats", "path": ["Loss (Train)"], "values": [{"value": 5.299059867858887, "step": null, "ts": 1721984863.8418953}]}, "version": 366, "at": 1721984863.8428953}
{"obj": {"type": "LogFloats", "path": ["Gradient norm"], "values": [{"value": 0.0, "step": null, "ts": 1721984863.8428953}]}, "version": 367, "at": 1721984863.8428953}
{"obj": {"type": "LogFloats", "path": ["Loss (Train)"], "values": [{"value": 5.299059867858887, "step": null, "ts": 1721984863.916895}]}, "version": 368, "at": 1721984863.916895}
{"obj": {"type": "LogFloats", "path": ["Gradient norm"], "values": [{"value": 0.0, "step": null, "ts": 1721984863.916895}]}, "version": 369, "at": 1721984863.916895}
{"obj": {"type": "LogFloats", "path": ["Loss (Train)"], "values": [{"value": 5.306872367858887, "step": null, "ts": 1721984863.990896}]}, "version": 370, "at": 1721984863.990896}
{"obj": {"type": "LogFloats", "path": ["Gradient norm"], "values": [{"value": 0.0, "step": null, "ts": 1721984863.990896}]}, "version": 371, "at": 1721984863.990896}
{"obj": {"type": "LogFloats", "path": ["Loss (Train)"], "values": [{"value": 5.299059867858887, "step": null, "ts": 1721984864.0678947}]}, "version": 372, "at": 1721984864.0678947}
{"obj": {"type": "LogFloats", "path": ["Gradient norm"], "values": [{"value": 0.0, "step": null, "ts": 1721984864.0678947}]}, "version": 373, "at": 1721984864.0678947}
{"obj": {"type": "LogFloats", "path": ["Loss (Train)"], "values": [{"value": 5.299059867858887, "step": null, "ts": 1721984864.1438963}]}, "version": 374, "at": 1721984864.1438963}
{"obj": {"type": "LogFloats", "path": ["Gradient norm"], "values": [{"value": 0.0, "step": null, "ts": 1721984864.1438963}]}, "version": 375, "at": 1721984864.1438963}
{"obj": {"type": "LogFloats", "path": ["Loss (Train)"], "values": [{"value": 5.306872367858887, "step": null, "ts": 1721984864.2168963}]}, "version": 376, "at": 1721984864.2168963}
{"obj": {"type": "LogFloats", "path": ["Gradient norm"], "values": [{"value": 0.0, "step": null, "ts": 1721984864.2168963}]}, "version": 377, "at": 1721984864.2168963}
{"obj": {"type": "LogFloats", "path": ["Loss (Train)"], "values": [{"value": 5.306872367858887, "step": null, "ts": 1721984864.2918959}]}, "version": 378, "at": 1721984864.2918959}
{"obj": {"type": "LogFloats", "path": ["Gradient norm"], "values": [{"value": 0.0, "step": null, "ts": 1721984864.2918959}]}, "version": 379, "at": 1721984864.2918959}
{"obj": {"type": "LogFloats", "path": ["Loss (Train)"], "values": [{"value": 5.306872367858887, "step": null, "ts": 1721984864.3668962}]}, "version": 380, "at": 1721984864.3668962}
{"obj": {"type": "LogFloats", "path": ["Gradient norm"], "values": [{"value": 0.0, "step": null, "ts": 1721984864.3668962}]}, "version": 381, "at": 1721984864.3668962}
{"obj": {"type": "LogFloats", "path": ["Loss (Train)"], "values": [{"value": 5.306872367858887, "step": null, "ts": 1721984864.442897}]}, "version": 382, "at": 1721984864.442897}
{"obj": {"type": "LogFloats", "path": ["Gradient norm"], "values": [{"value": 0.0, "step": null, "ts": 1721984864.442897}]}, "version": 383, "at": 1721984864.442897}
{"obj": {"type": "LogFloats", "path": ["Loss (Train)"], "values": [{"value": 5.306872367858887, "step": null, "ts": 1721984864.5168953}]}, "version": 384, "at": 1721984864.5168953}
{"obj": {"type": "LogFloats", "path": ["Gradient norm"], "values": [{"value": 0.0, "step": null, "ts": 1721984864.5168953}]}, "version": 385, "at": 1721984864.5168953}
{"obj": {"type": "LogFloats", "path": ["Loss (Train)"], "values": [{"value": 5.299059867858887, "step": null, "ts": 1721984864.5928955}]}, "version": 386, "at": 1721984864.5928955}
{"obj": {"type": "LogFloats", "path": ["Gradient norm"], "values": [{"value": 0.0, "step": null, "ts": 1721984864.5928955}]}, "version": 387, "at": 1721984864.5928955}
{"obj": {"type": "LogFloats", "path": ["Loss (Train)"], "values": [{"value": 5.306872367858887, "step": null, "ts": 1721984864.665895}]}, "version": 388, "at": 1721984864.665895}
{"obj": {"type": "LogFloats", "path": ["Gradient norm"], "values": [{"value": 0.0, "step": null, "ts": 1721984864.665895}]}, "version": 389, "at": 1721984864.665895}
{"obj": {"type": "LogFloats", "path": ["Loss (Train)"], "values": [{"value": 5.306872367858887, "step": null, "ts": 1721984864.7408953}]}, "version": 390, "at": 1721984864.7408953}
{"obj": {"type": "LogFloats", "path": ["Gradient norm"], "values": [{"value": 0.0, "step": null, "ts": 1721984864.7408953}]}, "version": 391, "at": 1721984864.7408953}
{"obj": {"type": "LogFloats", "path": ["Loss (Train)"], "values": [{"value": 5.291247367858887, "step": null, "ts": 1721984864.8148956}]}, "version": 392, "at": 1721984864.8148956}
{"obj": {"type": "LogFloats", "path": ["Gradient norm"], "values": [{"value": 0.0, "step": null, "ts": 1721984864.8148956}]}, "version": 393, "at": 1721984864.8148956}
{"obj": {"type": "LogFloats", "path": ["Loss (Train)"], "values": [{"value": 5.306872367858887, "step": null, "ts": 1721984864.887896}]}, "version": 394, "at": 1721984864.887896}
{"obj": {"type": "LogFloats", "path": ["Gradient norm"], "values": [{"value": 0.0, "step": null, "ts": 1721984864.887896}]}, "version": 395, "at": 1721984864.887896}
{"obj": {"type": "LogFloats", "path": ["Loss (Train)"], "values": [{"value": 5.299059867858887, "step": null, "ts": 1721984864.9618955}]}, "version": 396, "at": 1721984864.9618955}
{"obj": {"type": "LogFloats", "path": ["Gradient norm"], "values": [{"value": 0.0, "step": null, "ts": 1721984864.9618955}]}, "version": 397, "at": 1721984864.9618955}
{"obj": {"type": "LogFloats", "path": ["Loss (Train)"], "values": [{"value": 5.291247367858887, "step": null, "ts": 1721984865.0348947}]}, "version": 398, "at": 1721984865.0348947}
{"obj": {"type": "LogFloats", "path": ["Gradient norm"], "values": [{"value": 0.0, "step": null, "ts": 1721984865.0358953}]}, "version": 399, "at": 1721984865.0358953}
{"obj": {"type": "LogFloats", "path": ["Loss (Train)"], "values": [{"value": 5.299059867858887, "step": null, "ts": 1721984865.1088953}]}, "version": 400, "at": 1721984865.1088953}
{"obj": {"type": "LogFloats", "path": ["Gradient norm"], "values": [{"value": 0.0, "step": null, "ts": 1721984865.1088953}]}, "version": 401, "at": 1721984865.1088953}
{"obj": {"type": "LogFloats", "path": ["Loss (Train)"], "values": [{"value": 5.299059867858887, "step": null, "ts": 1721984865.1828952}]}, "version": 402, "at": 1721984865.1828952}
{"obj": {"type": "LogFloats", "path": ["Gradient norm"], "values": [{"value": 0.0, "step": null, "ts": 1721984865.1828952}]}, "version": 403, "at": 1721984865.1828952}
{"obj": {"type": "LogFloats", "path": ["Loss (Train)"], "values": [{"value": 5.299059867858887, "step": null, "ts": 1721984865.2578964}]}, "version": 404, "at": 1721984865.2578964}
{"obj": {"type": "LogFloats", "path": ["Gradient norm"], "values": [{"value": 0.0, "step": null, "ts": 1721984865.2578964}]}, "version": 405, "at": 1721984865.2578964}
{"obj": {"type": "LogFloats", "path": ["Loss (Train)"], "values": [{"value": 5.306872367858887, "step": null, "ts": 1721984865.333895}]}, "version": 406, "at": 1721984865.333895}
{"obj": {"type": "LogFloats", "path": ["Gradient norm"], "values": [{"value": 0.0, "step": null, "ts": 1721984865.333895}]}, "version": 407, "at": 1721984865.333895}
{"obj": {"type": "LogFloats", "path": ["Loss (Train)"], "values": [{"value": 5.306872367858887, "step": null, "ts": 1721984865.4098947}]}, "version": 408, "at": 1721984865.4098947}
{"obj": {"type": "LogFloats", "path": ["Gradient norm"], "values": [{"value": 0.0, "step": null, "ts": 1721984865.4108956}]}, "version": 409, "at": 1721984865.4108956}
{"obj": {"type": "LogFloats", "path": ["Loss (Train)"], "values": [{"value": 5.291247367858887, "step": null, "ts": 1721984865.4838948}]}, "version": 410, "at": 1721984865.4838948}
{"obj": {"type": "LogFloats", "path": ["Gradient norm"], "values": [{"value": 0.0, "step": null, "ts": 1721984865.4838948}]}, "version": 411, "at": 1721984865.4838948}
{"obj": {"type": "LogFloats", "path": ["Loss (Train)"], "values": [{"value": 5.299059867858887, "step": null, "ts": 1721984865.5538952}]}, "version": 412, "at": 1721984865.5538952}
{"obj": {"type": "LogFloats", "path": ["Gradient norm"], "values": [{"value": 0.0, "step": null, "ts": 1721984865.5538952}]}, "version": 413, "at": 1721984865.5538952}
{"obj": {"type": "LogFloats", "path": ["Loss (Train)"], "values": [{"value": 5.306872367858887, "step": null, "ts": 1721984865.6258981}]}, "version": 414, "at": 1721984865.6258981}
{"obj": {"type": "LogFloats", "path": ["Gradient norm"], "values": [{"value": 0.0, "step": null, "ts": 1721984865.6258981}]}, "version": 415, "at": 1721984865.6258981}
{"obj": {"type": "LogFloats", "path": ["Loss (Train)"], "values": [{"value": 5.299059867858887, "step": null, "ts": 1721984865.696895}]}, "version": 416, "at": 1721984865.696895}
{"obj": {"type": "LogFloats", "path": ["Gradient norm"], "values": [{"value": 0.0, "step": null, "ts": 1721984865.696895}]}, "version": 417, "at": 1721984865.696895}
{"obj": {"type": "LogFloats", "path": ["Loss (Train)"], "values": [{"value": 5.306872367858887, "step": null, "ts": 1721984865.768895}]}, "version": 418, "at": 1721984865.768895}
{"obj": {"type": "LogFloats", "path": ["Gradient norm"], "values": [{"value": 0.0, "step": null, "ts": 1721984865.7698963}]}, "version": 419, "at": 1721984865.7698963}
{"obj": {"type": "LogFloats", "path": ["Loss (Train)"], "values": [{"value": 5.306872367858887, "step": null, "ts": 1721984865.8418956}]}, "version": 420, "at": 1721984865.8418956}
{"obj": {"type": "LogFloats", "path": ["Gradient norm"], "values": [{"value": 0.0, "step": null, "ts": 1721984865.8418956}]}, "version": 421, "at": 1721984865.8418956}
{"obj": {"type": "LogFloats", "path": ["Loss (Train)"], "values": [{"value": 5.299059867858887, "step": null, "ts": 1721984865.9188967}]}, "version": 422, "at": 1721984865.9188967}
{"obj": {"type": "LogFloats", "path": ["Gradient norm"], "values": [{"value": 0.0, "step": null, "ts": 1721984865.9188967}]}, "version": 423, "at": 1721984865.9188967}
{"obj": {"type": "LogFloats", "path": ["Loss (Train)"], "values": [{"value": 5.299059867858887, "step": null, "ts": 1721984865.9918983}]}, "version": 424, "at": 1721984865.9918983}
{"obj": {"type": "LogFloats", "path": ["Gradient norm"], "values": [{"value": 0.0, "step": null, "ts": 1721984865.9918983}]}, "version": 425, "at": 1721984865.9918983}
{"obj": {"type": "LogFloats", "path": ["Loss (Train)"], "values": [{"value": 5.299059867858887, "step": null, "ts": 1721984866.0668962}]}, "version": 426, "at": 1721984866.0668962}
{"obj": {"type": "LogFloats", "path": ["Gradient norm"], "values": [{"value": 0.0, "step": null, "ts": 1721984866.0668962}]}, "version": 427, "at": 1721984866.0668962}
{"obj": {"type": "LogFloats", "path": ["Loss (Train)"], "values": [{"value": 5.306872367858887, "step": null, "ts": 1721984866.1428957}]}, "version": 428, "at": 1721984866.1428957}
{"obj": {"type": "LogFloats", "path": ["Gradient norm"], "values": [{"value": 0.0, "step": null, "ts": 1721984866.1428957}]}, "version": 429, "at": 1721984866.1428957}
{"obj": {"type": "LogFloats", "path": ["Loss (Train)"], "values": [{"value": 5.306872367858887, "step": null, "ts": 1721984866.2188964}]}, "version": 430, "at": 1721984866.2188964}
{"obj": {"type": "LogFloats", "path": ["Gradient norm"], "values": [{"value": 0.0, "step": null, "ts": 1721984866.2188964}]}, "version": 431, "at": 1721984866.2188964}
{"obj": {"type": "LogFloats", "path": ["Loss (Train)"], "values": [{"value": 5.299059867858887, "step": null, "ts": 1721984866.2918954}]}, "version": 432, "at": 1721984866.2918954}
{"obj": {"type": "LogFloats", "path": ["Gradient norm"], "values": [{"value": 0.0, "step": null, "ts": 1721984866.2918954}]}, "version": 433, "at": 1721984866.2918954}
{"obj": {"type": "LogFloats", "path": ["Loss (Train)"], "values": [{"value": 5.291247367858887, "step": null, "ts": 1721984866.3658948}]}, "version": 434, "at": 1721984866.3658948}
{"obj": {"type": "LogFloats", "path": ["Gradient norm"], "values": [{"value": 0.0, "step": null, "ts": 1721984866.3668952}]}, "version": 435, "at": 1721984866.3668952}
{"obj": {"type": "LogFloats", "path": ["Loss (Train)"], "values": [{"value": 5.291247367858887, "step": null, "ts": 1721984866.4399}]}, "version": 436, "at": 1721984866.4399}
{"obj": {"type": "LogFloats", "path": ["Gradient norm"], "values": [{"value": 0.0, "step": null, "ts": 1721984866.4399}]}, "version": 437, "at": 1721984866.4399}
{"obj": {"type": "LogFloats", "path": ["Loss (Train)"], "values": [{"value": 5.299059867858887, "step": null, "ts": 1721984866.5128953}]}, "version": 438, "at": 1721984866.5128953}
{"obj": {"type": "LogFloats", "path": ["Gradient norm"], "values": [{"value": 0.0, "step": null, "ts": 1721984866.5128953}]}, "version": 439, "at": 1721984866.5128953}
{"obj": {"type": "LogFloats", "path": ["Loss (Train)"], "values": [{"value": 5.306872367858887, "step": null, "ts": 1721984866.5878959}]}, "version": 440, "at": 1721984866.5878959}
{"obj": {"type": "LogFloats", "path": ["Gradient norm"], "values": [{"value": 0.0, "step": null, "ts": 1721984866.5878959}]}, "version": 441, "at": 1721984866.5878959}
{"obj": {"type": "LogFloats", "path": ["Loss (Train)"], "values": [{"value": 5.306872367858887, "step": null, "ts": 1721984866.6578948}]}, "version": 442, "at": 1721984866.6578948}
{"obj": {"type": "LogFloats", "path": ["Gradient norm"], "values": [{"value": 0.0, "step": null, "ts": 1721984866.6578948}]}, "version": 443, "at": 1721984866.6578948}
{"obj": {"type": "LogFloats", "path": ["Loss (Train)"], "values": [{"value": 5.299059867858887, "step": null, "ts": 1721984866.724896}]}, "version": 444, "at": 1721984866.724896}
{"obj": {"type": "LogFloats", "path": ["Gradient norm"], "values": [{"value": 0.0, "step": null, "ts": 1721984866.724896}]}, "version": 445, "at": 1721984866.724896}
{"obj": {"type": "LogFloats", "path": ["Loss (Train)"], "values": [{"value": 5.275622367858887, "step": null, "ts": 1721984866.794896}]}, "version": 446, "at": 1721984866.794896}
{"obj": {"type": "LogFloats", "path": ["Gradient norm"], "values": [{"value": 0.0, "step": null, "ts": 1721984866.794896}]}, "version": 447, "at": 1721984866.794896}
{"obj": {"type": "LogFloats", "path": ["Loss (Train)"], "values": [{"value": 5.283434867858887, "step": null, "ts": 1721984866.862896}]}, "version": 448, "at": 1721984866.862896}
{"obj": {"type": "LogFloats", "path": ["Gradient norm"], "values": [{"value": 0.0, "step": null, "ts": 1721984866.862896}]}, "version": 449, "at": 1721984866.862896}
{"obj": {"type": "LogFloats", "path": ["Loss (Train)"], "values": [{"value": 5.306872367858887, "step": null, "ts": 1721984866.9308949}]}, "version": 450, "at": 1721984866.9308949}
{"obj": {"type": "LogFloats", "path": ["Gradient norm"], "values": [{"value": 0.0, "step": null, "ts": 1721984866.9318955}]}, "version": 451, "at": 1721984866.9318955}
{"obj": {"type": "LogFloats", "path": ["Loss (Train)"], "values": [{"value": 5.306872367858887, "step": null, "ts": 1721984866.9978967}]}, "version": 452, "at": 1721984866.9978967}
{"obj": {"type": "LogFloats", "path": ["Gradient norm"], "values": [{"value": 0.0, "step": null, "ts": 1721984866.9978967}]}, "version": 453, "at": 1721984866.998897}
{"obj": {"type": "LogFloats", "path": ["Loss (Train)"], "values": [{"value": 5.306872367858887, "step": null, "ts": 1721984867.0708952}]}, "version": 454, "at": 1721984867.0708952}
{"obj": {"type": "LogFloats", "path": ["Gradient norm"], "values": [{"value": 0.0, "step": null, "ts": 1721984867.0708952}]}, "version": 455, "at": 1721984867.0708952}
{"obj": {"type": "LogFloats", "path": ["Loss (Train)"], "values": [{"value": 5.306872367858887, "step": null, "ts": 1721984867.1368952}]}, "version": 456, "at": 1721984867.1368952}
{"obj": {"type": "LogFloats", "path": ["Gradient norm"], "values": [{"value": 0.0, "step": null, "ts": 1721984867.1368952}]}, "version": 457, "at": 1721984867.1368952}
{"obj": {"type": "LogFloats", "path": ["Loss (Train)"], "values": [{"value": 5.291247367858887, "step": null, "ts": 1721984867.2038953}]}, "version": 458, "at": 1721984867.2038953}
{"obj": {"type": "LogFloats", "path": ["Gradient norm"], "values": [{"value": 0.0, "step": null, "ts": 1721984867.2038953}]}, "version": 459, "at": 1721984867.2038953}
{"obj": {"type": "LogFloats", "path": ["Loss (Train)"], "values": [{"value": 5.299059867858887, "step": null, "ts": 1721984867.271896}]}, "version": 460, "at": 1721984867.271896}
{"obj": {"type": "LogFloats", "path": ["Gradient norm"], "values": [{"value": 0.0, "step": null, "ts": 1721984867.271896}]}, "version": 461, "at": 1721984867.271896}
{"obj": {"type": "LogFloats", "path": ["Loss (Train)"], "values": [{"value": 5.299059867858887, "step": null, "ts": 1721984867.339897}]}, "version": 462, "at": 1721984867.3408976}
{"obj": {"type": "LogFloats", "path": ["Gradient norm"], "values": [{"value": 0.0, "step": null, "ts": 1721984867.3408976}]}, "version": 463, "at": 1721984867.3408976}
