{"obj": {"type": "AssignString", "path": ["sys", "name"], "value": "Untitled"}, "version": 1, "at": 1721981381.2283273}
{"obj": {"type": "AssignString", "path": ["sys", "description"], "value": ""}, "version": 2, "at": 1721981381.2283273}
{"obj": {"type": "AssignString", "path": ["monitoring", "06c893b0", "hostname"], "value": "DESKTOP-SO4DDQB"}, "version": 3, "at": 1721981381.2293284}
{"obj": {"type": "AssignString", "path": ["sys", "hostname"], "value": "DESKTOP-SO4DDQB"}, "version": 4, "at": 1721981381.2293284}
{"obj": {"type": "AssignString", "path": ["monitoring", "06c893b0", "pid"], "value": "24804"}, "version": 5, "at": 1721981381.2293284}
{"obj": {"type": "AssignString", "path": ["monitoring", "06c893b0", "tid"], "value": "7280"}, "version": 6, "at": 1721981381.2293284}
{"obj": {"type": "AssignBool", "path": ["sys", "failed"], "value": false}, "version": 7, "at": 1721981381.2293284}
{"obj": {"type": "LogFloats", "path": ["Loss (Train)"], "values": [{"value": 0.7192825078964233, "step": null, "ts": 1721981381.5563269}]}, "version": 8, "at": 1721981381.5563269}
{"obj": {"type": "LogFloats", "path": ["Gradient norm"], "values": [{"value": 0.9625518052721129, "step": null, "ts": 1721981381.5563269}]}, "version": 9, "at": 1721981381.5563269}
{"obj": {"type": "LogFloats", "path": ["Loss (Train)"], "values": [{"value": 0.635728657245636, "step": null, "ts": 1721981381.643327}]}, "version": 10, "at": 1721981381.643327}
{"obj": {"type": "LogFloats", "path": ["Gradient norm"], "values": [{"value": 0.9071745587704717, "step": null, "ts": 1721981381.643327}]}, "version": 11, "at": 1721981381.643327}
{"obj": {"type": "LogFloats", "path": ["Loss (Train)"], "values": [{"value": 0.5645901560783386, "step": null, "ts": 1721981381.7183273}]}, "version": 12, "at": 1721981381.7183273}
{"obj": {"type": "LogFloats", "path": ["Gradient norm"], "values": [{"value": 0.8947645032343691, "step": null, "ts": 1721981381.7183273}]}, "version": 13, "at": 1721981381.7183273}
{"obj": {"type": "LogFloats", "path": ["Loss (Train)"], "values": [{"value": 0.5042702555656433, "step": null, "ts": 1721981381.7983274}]}, "version": 14, "at": 1721981381.7983274}
{"obj": {"type": "LogFloats", "path": ["Gradient norm"], "values": [{"value": 0.8840265634168607, "step": null, "ts": 1721981381.7983274}]}, "version": 15, "at": 1721981381.7983274}
{"obj": {"type": "LogFloats", "path": ["Loss (Train)"], "values": [{"value": 0.45304054021835327, "step": null, "ts": 1721981381.8773274}]}, "version": 16, "at": 1721981381.8773274}
{"obj": {"type": "LogFloats", "path": ["Gradient norm"], "values": [{"value": 0.8650377778723294, "step": null, "ts": 1721981381.8773274}]}, "version": 17, "at": 1721981381.8773274}
{"obj": {"type": "LogFloats", "path": ["Loss (Train)"], "values": [{"value": 0.4110976457595825, "step": null, "ts": 1721981381.9583273}]}, "version": 18, "at": 1721981381.9583273}
{"obj": {"type": "LogFloats", "path": ["Gradient norm"], "values": [{"value": 0.8355651780905253, "step": null, "ts": 1721981381.9583273}]}, "version": 19, "at": 1721981381.9583273}
{"obj": {"type": "LogFloats", "path": ["Loss (Train)"], "values": [{"value": 0.3766632080078125, "step": null, "ts": 1721981382.0363276}]}, "version": 20, "at": 1721981382.0363276}
{"obj": {"type": "LogFloats", "path": ["Gradient norm"], "values": [{"value": 0.7990739150428323, "step": null, "ts": 1721981382.037327}]}, "version": 21, "at": 1721981382.037327}
{"obj": {"type": "LogFloats", "path": ["Loss (Train)"], "values": [{"value": 0.3495536744594574, "step": null, "ts": 1721981382.1173267}]}, "version": 22, "at": 1721981382.1173267}
{"obj": {"type": "LogFloats", "path": ["Gradient norm"], "values": [{"value": 0.7636516467959832, "step": null, "ts": 1721981382.1173267}]}, "version": 23, "at": 1721981382.1173267}
{"obj": {"type": "LogFloats", "path": ["Loss (Train)"], "values": [{"value": 0.3261595070362091, "step": null, "ts": 1721981382.1933289}]}, "version": 24, "at": 1721981382.1933289}
{"obj": {"type": "LogFloats", "path": ["Gradient norm"], "values": [{"value": 0.730381904378301, "step": null, "ts": 1721981382.1933289}]}, "version": 25, "at": 1721981382.1933289}
{"obj": {"type": "LogFloats", "path": ["Loss (Train)"], "values": [{"value": 0.3068808615207672, "step": null, "ts": 1721981382.276327}]}, "version": 26, "at": 1721981382.276327}
{"obj": {"type": "LogFloats", "path": ["Gradient norm"], "values": [{"value": 0.7027970962392919, "step": null, "ts": 1721981382.276327}]}, "version": 27, "at": 1721981382.276327}
{"obj": {"type": "LogFloats", "path": ["Loss (Train)"], "values": [{"value": 0.2898634970188141, "step": null, "ts": 1721981382.3563275}]}, "version": 28, "at": 1721981382.3563275}
{"obj": {"type": "LogFloats", "path": ["Gradient norm"], "values": [{"value": 0.6789205109868883, "step": null, "ts": 1721981382.3573282}]}, "version": 29, "at": 1721981382.3573282}
{"obj": {"type": "LogFloats", "path": ["Loss (Train)"], "values": [{"value": 0.27546098828315735, "step": null, "ts": 1721981382.439328}]}, "version": 30, "at": 1721981382.439328}
{"obj": {"type": "LogFloats", "path": ["Gradient norm"], "values": [{"value": 0.6594911173524506, "step": null, "ts": 1721981382.439328}]}, "version": 31, "at": 1721981382.439328}
{"obj": {"type": "LogFloats", "path": ["Loss (Train)"], "values": [{"value": 0.26256507635116577, "step": null, "ts": 1721981382.5173275}]}, "version": 32, "at": 1721981382.5173275}
{"obj": {"type": "LogFloats", "path": ["Gradient norm"], "values": [{"value": 0.6416758119785511, "step": null, "ts": 1721981382.5173275}]}, "version": 33, "at": 1721981382.5173275}
{"obj": {"type": "LogFloats", "path": ["Loss (Train)"], "values": [{"value": 0.25104305148124695, "step": null, "ts": 1721981382.5993285}]}, "version": 34, "at": 1721981382.5993285}
{"obj": {"type": "LogFloats", "path": ["Gradient norm"], "values": [{"value": 0.6260553603048438, "step": null, "ts": 1721981382.5993285}]}, "version": 35, "at": 1721981382.5993285}
{"obj": {"type": "LogFloats", "path": ["Loss (Train)"], "values": [{"value": 0.24031314253807068, "step": null, "ts": 1721981382.6783276}]}, "version": 36, "at": 1721981382.6783276}
{"obj": {"type": "LogFloats", "path": ["Gradient norm"], "values": [{"value": 0.611372346334573, "step": null, "ts": 1721981382.679328}]}, "version": 37, "at": 1721981382.679328}
{"obj": {"type": "LogFloats", "path": ["Loss (Train)"], "values": [{"value": 0.22990626096725464, "step": null, "ts": 1721981382.761327}]}, "version": 38, "at": 1721981382.761327}
{"obj": {"type": "LogFloats", "path": ["Gradient norm"], "values": [{"value": 0.5972059208596412, "step": null, "ts": 1721981382.761327}]}, "version": 39, "at": 1721981382.761327}
{"obj": {"type": "LogFloats", "path": ["Loss (Train)"], "values": [{"value": 0.22078827023506165, "step": null, "ts": 1721981382.8413277}]}, "version": 40, "at": 1721981382.8413277}
{"obj": {"type": "LogFloats", "path": ["Gradient norm"], "values": [{"value": 0.5851711998362527, "step": null, "ts": 1721981382.8413277}]}, "version": 41, "at": 1721981382.8413277}
{"obj": {"type": "LogFloats", "path": ["Loss (Train)"], "values": [{"value": 0.21145617961883545, "step": null, "ts": 1721981382.9223273}]}, "version": 42, "at": 1721981382.9223273}
{"obj": {"type": "LogFloats", "path": ["Gradient norm"], "values": [{"value": 0.5727947101121528, "step": null, "ts": 1721981382.9223273}]}, "version": 43, "at": 1721981382.9223273}
{"obj": {"type": "LogFloats", "path": ["Loss (Train)"], "values": [{"value": 0.2030695676803589, "step": null, "ts": 1721981383.0013275}]}, "version": 44, "at": 1721981383.0013275}
{"obj": {"type": "LogFloats", "path": ["Gradient norm"], "values": [{"value": 0.5616843048726107, "step": null, "ts": 1721981383.0013275}]}, "version": 45, "at": 1721981383.0013275}
{"obj": {"type": "LogFloats", "path": ["Loss (Train)"], "values": [{"value": 0.1950543373823166, "step": null, "ts": 1721981383.0823283}]}, "version": 46, "at": 1721981383.0823283}
{"obj": {"type": "LogFloats", "path": ["Gradient norm"], "values": [{"value": 0.5504548638976335, "step": null, "ts": 1721981383.0833292}]}, "version": 47, "at": 1721981383.0833292}
{"obj": {"type": "LogFloats", "path": ["Loss (Train)"], "values": [{"value": 0.18736481666564941, "step": null, "ts": 1721981383.1626937}]}, "version": 48, "at": 1721981383.1626937}
{"obj": {"type": "LogFloats", "path": ["Gradient norm"], "values": [{"value": 0.5396418398087739, "step": null, "ts": 1721981383.1626937}]}, "version": 49, "at": 1721981383.1626937}
{"obj": {"type": "LogFloats", "path": ["Loss (Train)"], "values": [{"value": 0.17965203523635864, "step": null, "ts": 1721981383.2436936}]}, "version": 50, "at": 1721981383.2436936}
{"obj": {"type": "LogFloats", "path": ["Gradient norm"], "values": [{"value": 0.5280363582386536, "step": null, "ts": 1721981383.2436936}]}, "version": 51, "at": 1721981383.2436936}
{"obj": {"type": "LogFloats", "path": ["Loss (Train)"], "values": [{"value": 0.17198924720287323, "step": null, "ts": 1721981383.3223052}]}, "version": 52, "at": 1721981383.3223052}
{"obj": {"type": "LogFloats", "path": ["Gradient norm"], "values": [{"value": 0.5154849831617071, "step": null, "ts": 1721981383.3223052}]}, "version": 53, "at": 1721981383.3223052}
{"obj": {"type": "LogFloats", "path": ["Loss (Train)"], "values": [{"value": 0.16494956612586975, "step": null, "ts": 1721981383.4033027}]}, "version": 54, "at": 1721981383.4033027}
{"obj": {"type": "LogFloats", "path": ["Gradient norm"], "values": [{"value": 0.5038061111798774, "step": null, "ts": 1721981383.4033027}]}, "version": 55, "at": 1721981383.4033027}
{"obj": {"type": "LogFloats", "path": ["Loss (Train)"], "values": [{"value": 0.15789371728897095, "step": null, "ts": 1721981383.482304}]}, "version": 56, "at": 1721981383.482304}
{"obj": {"type": "LogFloats", "path": ["Gradient norm"], "values": [{"value": 0.49125049728699793, "step": null, "ts": 1721981383.482304}]}, "version": 57, "at": 1721981383.482304}
{"obj": {"type": "LogFloats", "path": ["Loss (Train)"], "values": [{"value": 0.15085506439208984, "step": null, "ts": 1721981383.5763042}]}, "version": 58, "at": 1721981383.5763042}
{"obj": {"type": "LogFloats", "path": ["Gradient norm"], "values": [{"value": 0.47803757171576, "step": null, "ts": 1721981383.5763042}]}, "version": 59, "at": 1721981383.5763042}
{"obj": {"type": "LogFloats", "path": ["Loss (Train)"], "values": [{"value": 0.1443559229373932, "step": null, "ts": 1721981383.6583028}]}, "version": 60, "at": 1721981383.6583028}
{"obj": {"type": "LogFloats", "path": ["Gradient norm"], "values": [{"value": 0.46560284469579183, "step": null, "ts": 1721981383.6583028}]}, "version": 61, "at": 1721981383.6583028}
{"obj": {"type": "LogFloats", "path": ["Loss (Train)"], "values": [{"value": 0.1381474882364273, "step": null, "ts": 1721981383.7403033}]}, "version": 62, "at": 1721981383.7403033}
{"obj": {"type": "LogFloats", "path": ["Gradient norm"], "values": [{"value": 0.4529247436524592, "step": null, "ts": 1721981383.741304}]}, "version": 63, "at": 1721981383.741304}
{"obj": {"type": "LogFloats", "path": ["Loss (Train)"], "values": [{"value": 0.13208633661270142, "step": null, "ts": 1721981383.8193038}]}, "version": 64, "at": 1721981383.8193038}
{"obj": {"type": "LogFloats", "path": ["Gradient norm"], "values": [{"value": 0.4402058084487892, "step": null, "ts": 1721981383.8193038}]}, "version": 65, "at": 1721981383.8193038}
{"obj": {"type": "LogFloats", "path": ["Loss (Train)"], "values": [{"value": 0.12613077461719513, "step": null, "ts": 1721981383.8993037}]}, "version": 66, "at": 1721981383.8993037}
{"obj": {"type": "LogFloats", "path": ["Gradient norm"], "values": [{"value": 0.4270019696094906, "step": null, "ts": 1721981383.8993037}]}, "version": 67, "at": 1721981383.8993037}
{"obj": {"type": "LogFloats", "path": ["Loss (Train)"], "values": [{"value": 0.12042144685983658, "step": null, "ts": 1721981383.978303}]}, "version": 68, "at": 1721981383.978303}
{"obj": {"type": "LogFloats", "path": ["Gradient norm"], "values": [{"value": 0.4132352847749831, "step": null, "ts": 1721981383.978303}]}, "version": 69, "at": 1721981383.978303}
{"obj": {"type": "LogFloats", "path": ["Loss (Train)"], "values": [{"value": 0.11442262679338455, "step": null, "ts": 1721981384.0593045}]}, "version": 70, "at": 1721981384.0593045}
{"obj": {"type": "LogFloats", "path": ["Gradient norm"], "values": [{"value": 0.39856936355269595, "step": null, "ts": 1721981384.0593045}]}, "version": 71, "at": 1721981384.0593045}
{"obj": {"type": "LogFloats", "path": ["Loss (Train)"], "values": [{"value": 0.10949885845184326, "step": null, "ts": 1721981384.1543036}]}, "version": 72, "at": 1721981384.1543036}
{"obj": {"type": "LogFloats", "path": ["Gradient norm"], "values": [{"value": 0.38609887266809617, "step": null, "ts": 1721981384.1543036}]}, "version": 73, "at": 1721981384.1543036}
{"obj": {"type": "LogFloats", "path": ["Loss (Train)"], "values": [{"value": 0.10423452407121658, "step": null, "ts": 1721981384.2543035}]}, "version": 74, "at": 1721981384.2543035}
{"obj": {"type": "LogFloats", "path": ["Gradient norm"], "values": [{"value": 0.37169624445421345, "step": null, "ts": 1721981384.2543035}]}, "version": 75, "at": 1721981384.2543035}
{"obj": {"type": "LogFloats", "path": ["Loss (Train)"], "values": [{"value": 0.09928346425294876, "step": null, "ts": 1721981384.3413036}]}, "version": 76, "at": 1721981384.3413036}
{"obj": {"type": "LogFloats", "path": ["Gradient norm"], "values": [{"value": 0.3581368144245396, "step": null, "ts": 1721981384.3413036}]}, "version": 77, "at": 1721981384.3413036}
{"obj": {"type": "LogFloats", "path": ["Loss (Train)"], "values": [{"value": 0.0943850427865982, "step": null, "ts": 1721981384.4293034}]}, "version": 78, "at": 1721981384.4293034}
{"obj": {"type": "LogFloats", "path": ["Gradient norm"], "values": [{"value": 0.34362104012434785, "step": null, "ts": 1721981384.4293034}]}, "version": 79, "at": 1721981384.4293034}
{"obj": {"type": "LogFloats", "path": ["Loss (Train)"], "values": [{"value": 0.09027848392724991, "step": null, "ts": 1721981384.5093033}]}, "version": 80, "at": 1721981384.5093033}
{"obj": {"type": "LogFloats", "path": ["Gradient norm"], "values": [{"value": 0.3309077181655675, "step": null, "ts": 1721981384.5093033}]}, "version": 81, "at": 1721981384.5093033}
{"obj": {"type": "LogFloats", "path": ["Loss (Train)"], "values": [{"value": 0.0860191136598587, "step": null, "ts": 1721981384.5923033}]}, "version": 82, "at": 1721981384.5923033}
{"obj": {"type": "LogFloats", "path": ["Gradient norm"], "values": [{"value": 0.3165929701203464, "step": null, "ts": 1721981384.5923033}]}, "version": 83, "at": 1721981384.5923033}
{"obj": {"type": "LogFloats", "path": ["Loss (Train)"], "values": [{"value": 0.0823170617222786, "step": null, "ts": 1721981384.6743035}]}, "version": 84, "at": 1721981384.6743035}
{"obj": {"type": "LogFloats", "path": ["Gradient norm"], "values": [{"value": 0.3044500805996131, "step": null, "ts": 1721981384.6743035}]}, "version": 85, "at": 1721981384.6743035}
{"obj": {"type": "LogFloats", "path": ["Loss (Train)"], "values": [{"value": 0.07777947932481766, "step": null, "ts": 1721981384.7553034}]}, "version": 86, "at": 1721981384.7553034}
{"obj": {"type": "LogFloats", "path": ["Gradient norm"], "values": [{"value": 0.28941714309818317, "step": null, "ts": 1721981384.7553034}]}, "version": 87, "at": 1721981384.7553034}
{"obj": {"type": "LogFloats", "path": ["Loss (Train)"], "values": [{"value": 0.07492487132549286, "step": null, "ts": 1721981384.8343034}]}, "version": 88, "at": 1721981384.8343034}
{"obj": {"type": "LogFloats", "path": ["Gradient norm"], "values": [{"value": 0.27821207377035007, "step": null, "ts": 1721981384.8343034}]}, "version": 89, "at": 1721981384.8343034}
{"obj": {"type": "LogFloats", "path": ["Loss (Train)"], "values": [{"value": 0.0717923641204834, "step": null, "ts": 1721981384.9143035}]}, "version": 90, "at": 1721981384.9143035}
{"obj": {"type": "LogFloats", "path": ["Gradient norm"], "values": [{"value": 0.26540067411894397, "step": null, "ts": 1721981384.9143035}]}, "version": 91, "at": 1721981384.9143035}
{"obj": {"type": "LogFloats", "path": ["Loss (Train)"], "values": [{"value": 0.06879681348800659, "step": null, "ts": 1721981384.993304}]}, "version": 92, "at": 1721981384.993304}
{"obj": {"type": "LogFloats", "path": ["Gradient norm"], "values": [{"value": 0.2540418238602318, "step": null, "ts": 1721981384.993304}]}, "version": 93, "at": 1721981384.993304}
{"obj": {"type": "LogFloats", "path": ["Loss (Train)"], "values": [{"value": 0.0657363310456276, "step": null, "ts": 1721981385.074305}]}, "version": 94, "at": 1721981385.074305}
{"obj": {"type": "LogFloats", "path": ["Gradient norm"], "values": [{"value": 0.2417089099679174, "step": null, "ts": 1721981385.074305}]}, "version": 95, "at": 1721981385.074305}
{"obj": {"type": "LogFloats", "path": ["Loss (Train)"], "values": [{"value": 0.06259595602750778, "step": null, "ts": 1721981385.1543055}]}, "version": 96, "at": 1721981385.1543055}
{"obj": {"type": "LogFloats", "path": ["Gradient norm"], "values": [{"value": 0.22833241521698983, "step": null, "ts": 1721981385.1543055}]}, "version": 97, "at": 1721981385.1543055}
{"obj": {"type": "LogFloats", "path": ["Loss (Train)"], "values": [{"value": 0.060037169605493546, "step": null, "ts": 1721981385.237305}]}, "version": 98, "at": 1721981385.237305}
{"obj": {"type": "LogFloats", "path": ["Gradient norm"], "values": [{"value": 0.2169567213039449, "step": null, "ts": 1721981385.237305}]}, "version": 99, "at": 1721981385.237305}
{"obj": {"type": "LogFloats", "path": ["Loss (Train)"], "values": [{"value": 0.05743386596441269, "step": null, "ts": 1721981385.3173027}]}, "version": 100, "at": 1721981385.3173027}
{"obj": {"type": "LogFloats", "path": ["Gradient norm"], "values": [{"value": 0.20606872704543924, "step": null, "ts": 1721981385.3173027}]}, "version": 101, "at": 1721981385.3173027}
{"obj": {"type": "LogFloats", "path": ["Loss (Train)"], "values": [{"value": 0.05566709488630295, "step": null, "ts": 1721981385.4003026}]}, "version": 102, "at": 1721981385.4003026}
{"obj": {"type": "LogFloats", "path": ["Gradient norm"], "values": [{"value": 0.19681405742050012, "step": null, "ts": 1721981385.4003026}]}, "version": 103, "at": 1721981385.4003026}
{"obj": {"type": "LogFloats", "path": ["Loss (Train)"], "values": [{"value": 0.053637854754924774, "step": null, "ts": 1721981385.4793048}]}, "version": 104, "at": 1721981385.4793048}
{"obj": {"type": "LogFloats", "path": ["Gradient norm"], "values": [{"value": 0.18733410793092928, "step": null, "ts": 1721981385.4793048}]}, "version": 105, "at": 1721981385.4793048}
{"obj": {"type": "LogFloats", "path": ["Loss (Train)"], "values": [{"value": 0.05185696855187416, "step": null, "ts": 1721981385.5623052}]}, "version": 106, "at": 1721981385.5623052}
{"obj": {"type": "LogFloats", "path": ["Gradient norm"], "values": [{"value": 0.17782726942774132, "step": null, "ts": 1721981385.5623052}]}, "version": 107, "at": 1721981385.5623052}
{"obj": {"type": "LogFloats", "path": ["Loss (Train)"], "values": [{"value": 0.04955904558300972, "step": null, "ts": 1721981385.6423035}]}, "version": 108, "at": 1721981385.6423035}
{"obj": {"type": "LogFloats", "path": ["Gradient norm"], "values": [{"value": 0.16695945899009873, "step": null, "ts": 1721981385.6423035}]}, "version": 109, "at": 1721981385.6423035}
{"obj": {"type": "LogFloats", "path": ["Loss (Train)"], "values": [{"value": 0.04836995154619217, "step": null, "ts": 1721981385.724304}]}, "version": 110, "at": 1721981385.724304}
{"obj": {"type": "LogFloats", "path": ["Gradient norm"], "values": [{"value": 0.15896773690579302, "step": null, "ts": 1721981385.724304}]}, "version": 111, "at": 1721981385.724304}
{"obj": {"type": "LogFloats", "path": ["Loss (Train)"], "values": [{"value": 0.04616289958357811, "step": null, "ts": 1721981385.802304}]}, "version": 112, "at": 1721981385.802304}
{"obj": {"type": "LogFloats", "path": ["Gradient norm"], "values": [{"value": 0.1486519999002906, "step": null, "ts": 1721981385.802304}]}, "version": 113, "at": 1721981385.802304}
{"obj": {"type": "LogFloats", "path": ["Loss (Train)"], "values": [{"value": 0.04517717286944389, "step": null, "ts": 1721981385.8833032}]}, "version": 114, "at": 1721981385.8833032}
{"obj": {"type": "LogFloats", "path": ["Gradient norm"], "values": [{"value": 0.142188742358077, "step": null, "ts": 1721981385.8833032}]}, "version": 115, "at": 1721981385.8833032}
{"obj": {"type": "LogFloats", "path": ["Loss (Train)"], "values": [{"value": 0.04367326572537422, "step": null, "ts": 1721981385.9603045}]}, "version": 116, "at": 1721981385.9603045}
{"obj": {"type": "LogFloats", "path": ["Gradient norm"], "values": [{"value": 0.13316888797737686, "step": null, "ts": 1721981385.9603045}]}, "version": 117, "at": 1721981385.9603045}
{"obj": {"type": "LogFloats", "path": ["Loss (Train)"], "values": [{"value": 0.0433618426322937, "step": null, "ts": 1721981386.0443053}]}, "version": 118, "at": 1721981386.0443053}
{"obj": {"type": "LogFloats", "path": ["Gradient norm"], "values": [{"value": 0.13094962835373888, "step": null, "ts": 1721981386.0443053}]}, "version": 119, "at": 1721981386.0443053}
{"obj": {"type": "LogFloats", "path": ["Loss (Train)"], "values": [{"value": 0.0418354794383049, "step": null, "ts": 1721981386.1363032}]}, "version": 120, "at": 1721981386.1363032}
{"obj": {"type": "LogFloats", "path": ["Gradient norm"], "values": [{"value": 0.12177720817009297, "step": null, "ts": 1721981386.1363032}]}, "version": 121, "at": 1721981386.1363032}
{"obj": {"type": "LogFloats", "path": ["Loss (Train)"], "values": [{"value": 0.040881652384996414, "step": null, "ts": 1721981386.2233038}]}, "version": 122, "at": 1721981386.2233038}
{"obj": {"type": "LogFloats", "path": ["Gradient norm"], "values": [{"value": 0.11541897254311437, "step": null, "ts": 1721981386.2243059}]}, "version": 123, "at": 1721981386.2243059}
{"obj": {"type": "LogFloats", "path": ["Loss (Train)"], "values": [{"value": 0.04004410281777382, "step": null, "ts": 1721981386.309303}]}, "version": 124, "at": 1721981386.309303}
{"obj": {"type": "LogFloats", "path": ["Gradient norm"], "values": [{"value": 0.11051285245364713, "step": null, "ts": 1721981386.309303}]}, "version": 125, "at": 1721981386.309303}
{"obj": {"type": "LogFloats", "path": ["Loss (Train)"], "values": [{"value": 0.03932539001107216, "step": null, "ts": 1721981386.3973033}]}, "version": 126, "at": 1721981386.3973033}
{"obj": {"type": "LogFloats", "path": ["Gradient norm"], "values": [{"value": 0.1057126945965082, "step": null, "ts": 1721981386.3973033}]}, "version": 127, "at": 1721981386.3973033}
{"obj": {"type": "LogFloats", "path": ["Loss (Train)"], "values": [{"value": 0.038419969379901886, "step": null, "ts": 1721981386.4833055}]}, "version": 128, "at": 1721981386.4833055}
{"obj": {"type": "LogFloats", "path": ["Gradient norm"], "values": [{"value": 0.09938657384126895, "step": null, "ts": 1721981386.4833055}]}, "version": 129, "at": 1721981386.4833055}
{"obj": {"type": "LogFloats", "path": ["Loss (Train)"], "values": [{"value": 0.03785824030637741, "step": null, "ts": 1721981386.5703034}]}, "version": 130, "at": 1721981386.5703034}
{"obj": {"type": "LogFloats", "path": ["Gradient norm"], "values": [{"value": 0.09560393691968026, "step": null, "ts": 1721981386.5703034}]}, "version": 131, "at": 1721981386.5703034}
{"obj": {"type": "LogFloats", "path": ["Loss (Train)"], "values": [{"value": 0.03735949844121933, "step": null, "ts": 1721981386.6533039}]}, "version": 132, "at": 1721981386.6533039}
{"obj": {"type": "LogFloats", "path": ["Gradient norm"], "values": [{"value": 0.09101508899734902, "step": null, "ts": 1721981386.6533039}]}, "version": 133, "at": 1721981386.6533039}
{"obj": {"type": "LogFloats", "path": ["Loss (Train)"], "values": [{"value": 0.03672373294830322, "step": null, "ts": 1721981386.743305}]}, "version": 134, "at": 1721981386.743305}
{"obj": {"type": "LogFloats", "path": ["Gradient norm"], "values": [{"value": 0.08591962471352806, "step": null, "ts": 1721981386.743305}]}, "version": 135, "at": 1721981386.743305}
{"obj": {"type": "LogFloats", "path": ["Loss (Train)"], "values": [{"value": 0.036322470754384995, "step": null, "ts": 1721981386.8293054}]}, "version": 136, "at": 1721981386.8293054}
{"obj": {"type": "LogFloats", "path": ["Gradient norm"], "values": [{"value": 0.08360633042778032, "step": null, "ts": 1721981386.8293054}]}, "version": 137, "at": 1721981386.8293054}
{"obj": {"type": "LogFloats", "path": ["Loss (Train)"], "values": [{"value": 0.03577166795730591, "step": null, "ts": 1721981386.9173052}]}, "version": 138, "at": 1721981386.9173052}
{"obj": {"type": "LogFloats", "path": ["Gradient norm"], "values": [{"value": 0.07753300206147017, "step": null, "ts": 1721981386.9173052}]}, "version": 139, "at": 1721981386.9173052}
{"obj": {"type": "LogFloats", "path": ["Loss (Train)"], "values": [{"value": 0.035272810608148575, "step": null, "ts": 1721981387.0043051}]}, "version": 140, "at": 1721981387.0043051}
{"obj": {"type": "LogFloats", "path": ["Gradient norm"], "values": [{"value": 0.07495323076208127, "step": null, "ts": 1721981387.0053058}]}, "version": 141, "at": 1721981387.0053058}
{"obj": {"type": "LogFloats", "path": ["Loss (Train)"], "values": [{"value": 0.0352514386177063, "step": null, "ts": 1721981387.091305}]}, "version": 142, "at": 1721981387.091305}
{"obj": {"type": "LogFloats", "path": ["Gradient norm"], "values": [{"value": 0.07416152038759, "step": null, "ts": 1721981387.091305}]}, "version": 143, "at": 1721981387.091305}
{"obj": {"type": "LogFloats", "path": ["Loss (Train)"], "values": [{"value": 0.03495802357792854, "step": null, "ts": 1721981387.1793053}]}, "version": 144, "at": 1721981387.1793053}
{"obj": {"type": "LogFloats", "path": ["Gradient norm"], "values": [{"value": 0.0709049830988145, "step": null, "ts": 1721981387.1793053}]}, "version": 145, "at": 1721981387.1793053}
{"obj": {"type": "LogFloats", "path": ["Loss (Train)"], "values": [{"value": 0.03461949899792671, "step": null, "ts": 1721981387.2693036}]}, "version": 146, "at": 1721981387.2693036}
{"obj": {"type": "LogFloats", "path": ["Gradient norm"], "values": [{"value": 0.070035157173033, "step": null, "ts": 1721981387.2693036}]}, "version": 147, "at": 1721981387.2693036}
{"obj": {"type": "LogFloats", "path": ["Loss (Train)"], "values": [{"value": 0.03386536240577698, "step": null, "ts": 1721981387.3603034}]}, "version": 148, "at": 1721981387.3603034}
{"obj": {"type": "LogFloats", "path": ["Gradient norm"], "values": [{"value": 0.06347860171909264, "step": null, "ts": 1721981387.3603034}]}, "version": 149, "at": 1721981387.3603034}
{"obj": {"type": "LogFloats", "path": ["Loss (Train)"], "values": [{"value": 0.033649127930402756, "step": null, "ts": 1721981387.4513035}]}, "version": 150, "at": 1721981387.4513035}
{"obj": {"type": "LogFloats", "path": ["Gradient norm"], "values": [{"value": 0.06179495667679149, "step": null, "ts": 1721981387.4513035}]}, "version": 151, "at": 1721981387.4513035}
{"obj": {"type": "LogFloats", "path": ["Loss (Train)"], "values": [{"value": 0.033540304750204086, "step": null, "ts": 1721981387.5403037}]}, "version": 152, "at": 1721981387.5403037}
{"obj": {"type": "LogFloats", "path": ["Gradient norm"], "values": [{"value": 0.05991220748803233, "step": null, "ts": 1721981387.5403037}]}, "version": 153, "at": 1721981387.5403037}
{"obj": {"type": "LogFloats", "path": ["Loss (Train)"], "values": [{"value": 0.03359585627913475, "step": null, "ts": 1721981387.6303053}]}, "version": 154, "at": 1721981387.6303053}
{"obj": {"type": "LogFloats", "path": ["Gradient norm"], "values": [{"value": 0.06048288962622596, "step": null, "ts": 1721981387.6303053}]}, "version": 155, "at": 1721981387.6303053}
{"obj": {"type": "LogFloats", "path": ["Loss (Train)"], "values": [{"value": 0.03357967361807823, "step": null, "ts": 1721981387.7173045}]}, "version": 156, "at": 1721981387.7173045}
{"obj": {"type": "LogFloats", "path": ["Gradient norm"], "values": [{"value": 0.061462090352674935, "step": null, "ts": 1721981387.7173045}]}, "version": 157, "at": 1721981387.7173045}
{"obj": {"type": "LogFloats", "path": ["Loss (Train)"], "values": [{"value": 0.033257320523262024, "step": null, "ts": 1721981387.8093057}]}, "version": 158, "at": 1721981387.8093057}
{"obj": {"type": "LogFloats", "path": ["Gradient norm"], "values": [{"value": 0.05799389819905579, "step": null, "ts": 1721981387.8093057}]}, "version": 159, "at": 1721981387.8093057}
{"obj": {"type": "LogFloats", "path": ["Loss (Train)"], "values": [{"value": 0.033215031027793884, "step": null, "ts": 1721981387.897304}]}, "version": 160, "at": 1721981387.897304}
{"obj": {"type": "LogFloats", "path": ["Gradient norm"], "values": [{"value": 0.057588746724558215, "step": null, "ts": 1721981387.897304}]}, "version": 161, "at": 1721981387.897304}
{"obj": {"type": "LogFloats", "path": ["Loss (Train)"], "values": [{"value": 0.03303591534495354, "step": null, "ts": 1721981387.9893034}]}, "version": 162, "at": 1721981387.9893034}
{"obj": {"type": "LogFloats", "path": ["Gradient norm"], "values": [{"value": 0.05580262809291084, "step": null, "ts": 1721981387.9893034}]}, "version": 163, "at": 1721981387.9893034}
{"obj": {"type": "LogFloats", "path": ["Loss (Train)"], "values": [{"value": 0.032952092587947845, "step": null, "ts": 1721981388.0733044}]}, "version": 164, "at": 1721981388.0733044}
{"obj": {"type": "LogFloats", "path": ["Gradient norm"], "values": [{"value": 0.05602103816462054, "step": null, "ts": 1721981388.0733044}]}, "version": 165, "at": 1721981388.0733044}
{"obj": {"type": "LogFloats", "path": ["Loss (Train)"], "values": [{"value": 0.03287481889128685, "step": null, "ts": 1721981388.1633048}]}, "version": 166, "at": 1721981388.1633048}
{"obj": {"type": "LogFloats", "path": ["Gradient norm"], "values": [{"value": 0.055470357439874225, "step": null, "ts": 1721981388.1633048}]}, "version": 167, "at": 1721981388.1633048}
{"obj": {"type": "LogFloats", "path": ["Loss (Train)"], "values": [{"value": 0.032933738082647324, "step": null, "ts": 1721981388.2503052}]}, "version": 168, "at": 1721981388.2503052}
{"obj": {"type": "LogFloats", "path": ["Gradient norm"], "values": [{"value": 0.054004816218512275, "step": null, "ts": 1721981388.2503052}]}, "version": 169, "at": 1721981388.2503052}
{"obj": {"type": "LogFloats", "path": ["Loss (Train)"], "values": [{"value": 0.032736390829086304, "step": null, "ts": 1721981388.3383052}]}, "version": 170, "at": 1721981388.3383052}
{"obj": {"type": "LogFloats", "path": ["Gradient norm"], "values": [{"value": 0.054773840406999355, "step": null, "ts": 1721981388.3383052}]}, "version": 171, "at": 1721981388.3383052}
{"obj": {"type": "LogFloats", "path": ["Loss (Train)"], "values": [{"value": 0.03254115581512451, "step": null, "ts": 1721981388.427306}]}, "version": 172, "at": 1721981388.427306}
{"obj": {"type": "LogFloats", "path": ["Gradient norm"], "values": [{"value": 0.05304397381403683, "step": null, "ts": 1721981388.427306}]}, "version": 173, "at": 1721981388.427306}
{"obj": {"type": "LogFloats", "path": ["Loss (Train)"], "values": [{"value": 0.0324835479259491, "step": null, "ts": 1721981388.5193045}]}, "version": 174, "at": 1721981388.5193045}
{"obj": {"type": "LogFloats", "path": ["Gradient norm"], "values": [{"value": 0.05079663213048783, "step": null, "ts": 1721981388.5203042}]}, "version": 175, "at": 1721981388.5203042}
{"obj": {"type": "LogFloats", "path": ["Loss (Train)"], "values": [{"value": 0.031972818076610565, "step": null, "ts": 1721981388.6203063}]}, "version": 176, "at": 1721981388.6213033}
{"obj": {"type": "LogFloats", "path": ["Gradient norm"], "values": [{"value": 0.04654067370245835, "step": null, "ts": 1721981388.6213033}]}, "version": 177, "at": 1721981388.6213033}
{"obj": {"type": "LogFloats", "path": ["Loss (Train)"], "values": [{"value": 0.0324486568570137, "step": null, "ts": 1721981388.710309}]}, "version": 178, "at": 1721981388.710309}
{"obj": {"type": "LogFloats", "path": ["Gradient norm"], "values": [{"value": 0.05067157571918455, "step": null, "ts": 1721981388.710309}]}, "version": 179, "at": 1721981388.710309}
{"obj": {"type": "LogFloats", "path": ["Loss (Train)"], "values": [{"value": 0.03212740272283554, "step": null, "ts": 1721981388.7953033}]}, "version": 180, "at": 1721981388.7953033}
{"obj": {"type": "LogFloats", "path": ["Gradient norm"], "values": [{"value": 0.04990937349729197, "step": null, "ts": 1721981388.7963035}]}, "version": 181, "at": 1721981388.7963035}
{"obj": {"type": "LogFloats", "path": ["Loss (Train)"], "values": [{"value": 0.032262172549963, "step": null, "ts": 1721981388.8853054}]}, "version": 182, "at": 1721981388.8853054}
{"obj": {"type": "LogFloats", "path": ["Gradient norm"], "values": [{"value": 0.05109598367743356, "step": null, "ts": 1721981388.8853054}]}, "version": 183, "at": 1721981388.8853054}
{"obj": {"type": "LogFloats", "path": ["Loss (Train)"], "values": [{"value": 0.03223004192113876, "step": null, "ts": 1721981388.9713051}]}, "version": 184, "at": 1721981388.9713051}
{"obj": {"type": "LogFloats", "path": ["Gradient norm"], "values": [{"value": 0.04984741367875449, "step": null, "ts": 1721981388.9713051}]}, "version": 185, "at": 1721981388.9713051}
{"obj": {"type": "LogFloats", "path": ["Loss (Train)"], "values": [{"value": 0.03199400380253792, "step": null, "ts": 1721981389.065304}]}, "version": 186, "at": 1721981389.065304}
{"obj": {"type": "LogFloats", "path": ["Gradient norm"], "values": [{"value": 0.05028279792016786, "step": null, "ts": 1721981389.065304}]}, "version": 187, "at": 1721981389.065304}
{"obj": {"type": "LogFloats", "path": ["Loss (Train)"], "values": [{"value": 0.032149538397789, "step": null, "ts": 1721981389.1763036}]}, "version": 188, "at": 1721981389.1763036}
{"obj": {"type": "LogFloats", "path": ["Gradient norm"], "values": [{"value": 0.048832549356080286, "step": null, "ts": 1721981389.1763036}]}, "version": 189, "at": 1721981389.1763036}
{"obj": {"type": "LogFloats", "path": ["Loss (Train)"], "values": [{"value": 0.03209036588668823, "step": null, "ts": 1721981389.2623036}]}, "version": 190, "at": 1721981389.2623036}
{"obj": {"type": "LogFloats", "path": ["Gradient norm"], "values": [{"value": 0.04678135041388225, "step": null, "ts": 1721981389.2623036}]}, "version": 191, "at": 1721981389.2623036}
{"obj": {"type": "LogFloats", "path": ["Loss (Train)"], "values": [{"value": 0.03238113969564438, "step": null, "ts": 1721981389.3473055}]}, "version": 192, "at": 1721981389.3473055}
{"obj": {"type": "LogFloats", "path": ["Gradient norm"], "values": [{"value": 0.05319997062759013, "step": null, "ts": 1721981389.3473055}]}, "version": 193, "at": 1721981389.3473055}
{"obj": {"type": "LogFloats", "path": ["Loss (Train)"], "values": [{"value": 0.03185202553868294, "step": null, "ts": 1721981389.4423032}]}, "version": 194, "at": 1721981389.4423032}
{"obj": {"type": "LogFloats", "path": ["Gradient norm"], "values": [{"value": 0.046439929976451196, "step": null, "ts": 1721981389.4423032}]}, "version": 195, "at": 1721981389.4423032}
{"obj": {"type": "LogFloats", "path": ["Loss (Train)"], "values": [{"value": 0.031683288514614105, "step": null, "ts": 1721981389.5273032}]}, "version": 196, "at": 1721981389.5273032}
{"obj": {"type": "LogFloats", "path": ["Gradient norm"], "values": [{"value": 0.04969567845003612, "step": null, "ts": 1721981389.5273032}]}, "version": 197, "at": 1721981389.5273032}
{"obj": {"type": "LogFloats", "path": ["Loss (Train)"], "values": [{"value": 0.0319039560854435, "step": null, "ts": 1721981389.6223032}]}, "version": 198, "at": 1721981389.6223032}
{"obj": {"type": "LogFloats", "path": ["Gradient norm"], "values": [{"value": 0.04837716944114731, "step": null, "ts": 1721981389.6223032}]}, "version": 199, "at": 1721981389.6223032}
{"obj": {"type": "LogFloats", "path": ["Loss (Train)"], "values": [{"value": 0.03183835372328758, "step": null, "ts": 1721981389.7103024}]}, "version": 200, "at": 1721981389.7103024}
{"obj": {"type": "LogFloats", "path": ["Gradient norm"], "values": [{"value": 0.04831130675533877, "step": null, "ts": 1721981389.7113032}]}, "version": 201, "at": 1721981389.7113032}
{"obj": {"type": "LogFloats", "path": ["Loss (Train)"], "values": [{"value": 0.03168798238039017, "step": null, "ts": 1721981389.8003044}]}, "version": 202, "at": 1721981389.8003044}
{"obj": {"type": "LogFloats", "path": ["Gradient norm"], "values": [{"value": 0.051141907233432406, "step": null, "ts": 1721981389.8003044}]}, "version": 203, "at": 1721981389.8003044}
{"obj": {"type": "LogFloats", "path": ["Loss (Train)"], "values": [{"value": 0.03163066878914833, "step": null, "ts": 1721981389.8913043}]}, "version": 204, "at": 1721981389.8913043}
{"obj": {"type": "LogFloats", "path": ["Gradient norm"], "values": [{"value": 0.04358159288736219, "step": null, "ts": 1721981389.8913043}]}, "version": 205, "at": 1721981389.8913043}
{"obj": {"type": "LogFloats", "path": ["Loss (Train)"], "values": [{"value": 0.03191663324832916, "step": null, "ts": 1721981389.9863045}]}, "version": 206, "at": 1721981389.9863045}
{"obj": {"type": "LogFloats", "path": ["Gradient norm"], "values": [{"value": 0.049874173545181956, "step": null, "ts": 1721981389.9863045}]}, "version": 207, "at": 1721981389.9863045}
{"obj": {"type": "LogFloats", "path": ["Loss (Train)"], "values": [{"value": 0.03170950710773468, "step": null, "ts": 1721981390.1033037}]}, "version": 208, "at": 1721981390.1033037}
{"obj": {"type": "LogFloats", "path": ["Gradient norm"], "values": [{"value": 0.04650535830634732, "step": null, "ts": 1721981390.1033037}]}, "version": 209, "at": 1721981390.1033037}
{"obj": {"type": "LogFloats", "path": ["Loss (Train)"], "values": [{"value": 0.03192726895213127, "step": null, "ts": 1721981390.219303}]}, "version": 210, "at": 1721981390.219303}
{"obj": {"type": "LogFloats", "path": ["Gradient norm"], "values": [{"value": 0.04607975922367489, "step": null, "ts": 1721981390.219303}]}, "version": 211, "at": 1721981390.219303}
{"obj": {"type": "LogFloats", "path": ["Loss (Train)"], "values": [{"value": 0.03169957548379898, "step": null, "ts": 1721981390.3063035}]}, "version": 212, "at": 1721981390.3063035}
{"obj": {"type": "LogFloats", "path": ["Gradient norm"], "values": [{"value": 0.04675252674807573, "step": null, "ts": 1721981390.3063035}]}, "version": 213, "at": 1721981390.3063035}
{"obj": {"type": "LogFloats", "path": ["Loss (Train)"], "values": [{"value": 0.03188648447394371, "step": null, "ts": 1721981390.4023032}]}, "version": 214, "at": 1721981390.4023032}
{"obj": {"type": "LogFloats", "path": ["Gradient norm"], "values": [{"value": 0.04500485996709205, "step": null, "ts": 1721981390.4023032}]}, "version": 215, "at": 1721981390.4023032}
{"obj": {"type": "LogFloats", "path": ["Loss (Train)"], "values": [{"value": 0.03172592446208, "step": null, "ts": 1721981390.4973037}]}, "version": 216, "at": 1721981390.4973037}
{"obj": {"type": "LogFloats", "path": ["Gradient norm"], "values": [{"value": 0.044594056761465654, "step": null, "ts": 1721981390.4983034}]}, "version": 217, "at": 1721981390.4983034}
{"obj": {"type": "LogFloats", "path": ["Loss (Train)"], "values": [{"value": 0.03194832429289818, "step": null, "ts": 1721981390.5883043}]}, "version": 218, "at": 1721981390.5883043}
{"obj": {"type": "LogFloats", "path": ["Gradient norm"], "values": [{"value": 0.05199179412710022, "step": null, "ts": 1721981390.5883043}]}, "version": 219, "at": 1721981390.5883043}
{"obj": {"type": "LogFloats", "path": ["Loss (Train)"], "values": [{"value": 0.031829092651605606, "step": null, "ts": 1721981390.6933038}]}, "version": 220, "at": 1721981390.6933038}
{"obj": {"type": "LogFloats", "path": ["Gradient norm"], "values": [{"value": 0.04658151582160473, "step": null, "ts": 1721981390.6933038}]}, "version": 221, "at": 1721981390.6933038}
{"obj": {"type": "LogFloats", "path": ["Loss (Train)"], "values": [{"value": 0.03137406334280968, "step": null, "ts": 1721981390.7843032}]}, "version": 222, "at": 1721981390.7843032}
{"obj": {"type": "LogFloats", "path": ["Gradient norm"], "values": [{"value": 0.04481475804958936, "step": null, "ts": 1721981390.7843032}]}, "version": 223, "at": 1721981390.7843032}
{"obj": {"type": "LogFloats", "path": ["Loss (Train)"], "values": [{"value": 0.031847722828388214, "step": null, "ts": 1721981390.8703032}]}, "version": 224, "at": 1721981390.8703032}
{"obj": {"type": "LogFloats", "path": ["Gradient norm"], "values": [{"value": 0.04533360502877524, "step": null, "ts": 1721981390.8703032}]}, "version": 225, "at": 1721981390.8703032}
{"obj": {"type": "LogFloats", "path": ["Loss (Train)"], "values": [{"value": 0.031841766089200974, "step": null, "ts": 1721981390.961303}]}, "version": 226, "at": 1721981390.961303}
{"obj": {"type": "LogFloats", "path": ["Gradient norm"], "values": [{"value": 0.04602076181164766, "step": null, "ts": 1721981390.961303}]}, "version": 227, "at": 1721981390.961303}
{"obj": {"type": "LogFloats", "path": ["Loss (Train)"], "values": [{"value": 0.03167523443698883, "step": null, "ts": 1721981391.079303}]}, "version": 228, "at": 1721981391.079303}
{"obj": {"type": "LogFloats", "path": ["Gradient norm"], "values": [{"value": 0.047791645033755395, "step": null, "ts": 1721981391.079303}]}, "version": 229, "at": 1721981391.079303}
{"obj": {"type": "LogFloats", "path": ["Loss (Train)"], "values": [{"value": 0.03170264512300491, "step": null, "ts": 1721981391.1703029}]}, "version": 230, "at": 1721981391.1703029}
{"obj": {"type": "LogFloats", "path": ["Gradient norm"], "values": [{"value": 0.04262387650544846, "step": null, "ts": 1721981391.1703029}]}, "version": 231, "at": 1721981391.1703029}
{"obj": {"type": "LogFloats", "path": ["Loss (Train)"], "values": [{"value": 0.03177865594625473, "step": null, "ts": 1721981391.2553031}]}, "version": 232, "at": 1721981391.2553031}
{"obj": {"type": "LogFloats", "path": ["Gradient norm"], "values": [{"value": 0.0486546507209676, "step": null, "ts": 1721981391.2553031}]}, "version": 233, "at": 1721981391.2553031}
{"obj": {"type": "LogFloats", "path": ["Loss (Train)"], "values": [{"value": 0.03191077336668968, "step": null, "ts": 1721981391.3433034}]}, "version": 234, "at": 1721981391.3433034}
{"obj": {"type": "LogFloats", "path": ["Gradient norm"], "values": [{"value": 0.046950965424594746, "step": null, "ts": 1721981391.3433034}]}, "version": 235, "at": 1721981391.3433034}
{"obj": {"type": "LogFloats", "path": ["Loss (Train)"], "values": [{"value": 0.031581468880176544, "step": null, "ts": 1721981391.4283037}]}, "version": 236, "at": 1721981391.4283037}
{"obj": {"type": "LogFloats", "path": ["Gradient norm"], "values": [{"value": 0.0434380145161119, "step": null, "ts": 1721981391.4283037}]}, "version": 237, "at": 1721981391.4283037}
{"obj": {"type": "LogFloats", "path": ["Loss (Train)"], "values": [{"value": 0.03170091658830643, "step": null, "ts": 1721981391.5173032}]}, "version": 238, "at": 1721981391.5173032}
{"obj": {"type": "LogFloats", "path": ["Gradient norm"], "values": [{"value": 0.04795971031442034, "step": null, "ts": 1721981391.5173032}]}, "version": 239, "at": 1721981391.5173032}
{"obj": {"type": "LogFloats", "path": ["Loss (Train)"], "values": [{"value": 0.03156760707497597, "step": null, "ts": 1721981391.6343043}]}, "version": 240, "at": 1721981391.6343043}
{"obj": {"type": "LogFloats", "path": ["Gradient norm"], "values": [{"value": 0.046142654414525884, "step": null, "ts": 1721981391.6343043}]}, "version": 241, "at": 1721981391.6343043}
{"obj": {"type": "LogFloats", "path": ["Loss (Train)"], "values": [{"value": 0.031644999980926514, "step": null, "ts": 1721981391.7213035}]}, "version": 242, "at": 1721981391.7213035}
{"obj": {"type": "LogFloats", "path": ["Gradient norm"], "values": [{"value": 0.04715316583906051, "step": null, "ts": 1721981391.7213035}]}, "version": 243, "at": 1721981391.7213035}
{"obj": {"type": "LogFloats", "path": ["Loss (Train)"], "values": [{"value": 0.03170686587691307, "step": null, "ts": 1721981391.8053038}]}, "version": 244, "at": 1721981391.8053038}
{"obj": {"type": "LogFloats", "path": ["Gradient norm"], "values": [{"value": 0.04486455169992704, "step": null, "ts": 1721981391.8053038}]}, "version": 245, "at": 1721981391.8053038}
{"obj": {"type": "LogFloats", "path": ["Loss (Train)"], "values": [{"value": 0.03158595785498619, "step": null, "ts": 1721981391.8923037}]}, "version": 246, "at": 1721981391.8923037}
{"obj": {"type": "LogFloats", "path": ["Gradient norm"], "values": [{"value": 0.04455945795957544, "step": null, "ts": 1721981391.8923037}]}, "version": 247, "at": 1721981391.8923037}
{"obj": {"type": "LogFloats", "path": ["Loss (Train)"], "values": [{"value": 0.03169425576925278, "step": null, "ts": 1721981391.9773035}]}, "version": 248, "at": 1721981391.9773035}
{"obj": {"type": "LogFloats", "path": ["Gradient norm"], "values": [{"value": 0.04467397334892192, "step": null, "ts": 1721981391.9773035}]}, "version": 249, "at": 1721981391.9773035}
{"obj": {"type": "LogFloats", "path": ["Loss (Train)"], "values": [{"value": 0.03182519972324371, "step": null, "ts": 1721981392.0833032}]}, "version": 250, "at": 1721981392.0833032}
{"obj": {"type": "LogFloats", "path": ["Gradient norm"], "values": [{"value": 0.045801254415039315, "step": null, "ts": 1721981392.0833032}]}, "version": 251, "at": 1721981392.0833032}
{"obj": {"type": "LogFloats", "path": ["Loss (Train)"], "values": [{"value": 0.0317249521613121, "step": null, "ts": 1721981392.1663032}]}, "version": 252, "at": 1721981392.167303}
{"obj": {"type": "LogFloats", "path": ["Gradient norm"], "values": [{"value": 0.04695129112075462, "step": null, "ts": 1721981392.167303}]}, "version": 253, "at": 1721981392.167303}
{"obj": {"type": "LogFloats", "path": ["Loss (Train)"], "values": [{"value": 0.03171190991997719, "step": null, "ts": 1721981392.2553034}]}, "version": 254, "at": 1721981392.2553034}
{"obj": {"type": "LogFloats", "path": ["Gradient norm"], "values": [{"value": 0.04560162789946178, "step": null, "ts": 1721981392.2553034}]}, "version": 255, "at": 1721981392.2553034}
{"obj": {"type": "LogFloats", "path": ["Loss (Train)"], "values": [{"value": 0.03160063549876213, "step": null, "ts": 1721981392.3373039}]}, "version": 256, "at": 1721981392.3373039}
{"obj": {"type": "LogFloats", "path": ["Gradient norm"], "values": [{"value": 0.05080951979355973, "step": null, "ts": 1721981392.3373039}]}, "version": 257, "at": 1721981392.3373039}
{"obj": {"type": "LogFloats", "path": ["Loss (Train)"], "values": [{"value": 0.0318216048181057, "step": null, "ts": 1721981392.4253035}]}, "version": 258, "at": 1721981392.4253035}
{"obj": {"type": "LogFloats", "path": ["Gradient norm"], "values": [{"value": 0.04557255115531222, "step": null, "ts": 1721981392.4253035}]}, "version": 259, "at": 1721981392.4253035}
{"obj": {"type": "LogFloats", "path": ["Loss (Train)"], "values": [{"value": 0.03156837075948715, "step": null, "ts": 1721981392.5093033}]}, "version": 260, "at": 1721981392.5093033}
{"obj": {"type": "LogFloats", "path": ["Gradient norm"], "values": [{"value": 0.04284496661581446, "step": null, "ts": 1721981392.5093033}]}, "version": 261, "at": 1721981392.5093033}
{"obj": {"type": "LogFloats", "path": ["Loss (Train)"], "values": [{"value": 0.0316297821700573, "step": null, "ts": 1721981392.5953035}]}, "version": 262, "at": 1721981392.5953035}
{"obj": {"type": "LogFloats", "path": ["Gradient norm"], "values": [{"value": 0.046135671049087695, "step": null, "ts": 1721981392.5953035}]}, "version": 263, "at": 1721981392.5953035}
{"obj": {"type": "LogFloats", "path": ["Loss (Train)"], "values": [{"value": 0.03177390247583389, "step": null, "ts": 1721981392.6773033}]}, "version": 264, "at": 1721981392.6773033}
{"obj": {"type": "LogFloats", "path": ["Gradient norm"], "values": [{"value": 0.05371434952092729, "step": null, "ts": 1721981392.6773033}]}, "version": 265, "at": 1721981392.6773033}
{"obj": {"type": "LogFloats", "path": ["Loss (Train)"], "values": [{"value": 0.03174048289656639, "step": null, "ts": 1721981392.7633038}]}, "version": 266, "at": 1721981392.7633038}
{"obj": {"type": "LogFloats", "path": ["Gradient norm"], "values": [{"value": 0.047633588609579045, "step": null, "ts": 1721981392.7633038}]}, "version": 267, "at": 1721981392.7633038}
{"obj": {"type": "LogFloats", "path": ["Loss (Train)"], "values": [{"value": 0.03157055750489235, "step": null, "ts": 1721981392.8453038}]}, "version": 268, "at": 1721981392.8453038}
{"obj": {"type": "LogFloats", "path": ["Gradient norm"], "values": [{"value": 0.046434898490131694, "step": null, "ts": 1721981392.8453038}]}, "version": 269, "at": 1721981392.8453038}
{"obj": {"type": "LogFloats", "path": ["Loss (Train)"], "values": [{"value": 0.03157956898212433, "step": null, "ts": 1721981392.9313042}]}, "version": 270, "at": 1721981392.9313042}
{"obj": {"type": "LogFloats", "path": ["Gradient norm"], "values": [{"value": 0.04421055957192555, "step": null, "ts": 1721981392.9313042}]}, "version": 271, "at": 1721981392.9313042}
{"obj": {"type": "LogFloats", "path": ["Loss (Train)"], "values": [{"value": 0.03161334618926048, "step": null, "ts": 1721981393.0183024}]}, "version": 272, "at": 1721981393.0183024}
{"obj": {"type": "LogFloats", "path": ["Gradient norm"], "values": [{"value": 0.0486939445433979, "step": null, "ts": 1721981393.0183024}]}, "version": 273, "at": 1721981393.0183024}
{"obj": {"type": "LogFloats", "path": ["Loss (Train)"], "values": [{"value": 0.03159811347723007, "step": null, "ts": 1721981393.1033027}]}, "version": 274, "at": 1721981393.1033027}
{"obj": {"type": "LogFloats", "path": ["Gradient norm"], "values": [{"value": 0.0465269983634272, "step": null, "ts": 1721981393.1033027}]}, "version": 275, "at": 1721981393.1033027}
{"obj": {"type": "LogFloats", "path": ["Loss (Train)"], "values": [{"value": 0.031760092824697495, "step": null, "ts": 1721981393.1863732}]}, "version": 276, "at": 1721981393.1863732}
{"obj": {"type": "LogFloats", "path": ["Gradient norm"], "values": [{"value": 0.0462520789752327, "step": null, "ts": 1721981393.1863732}]}, "version": 277, "at": 1721981393.1863732}
{"obj": {"type": "LogFloats", "path": ["Loss (Train)"], "values": [{"value": 0.03170323744416237, "step": null, "ts": 1721981393.2733738}]}, "version": 278, "at": 1721981393.2733738}
{"obj": {"type": "LogFloats", "path": ["Gradient norm"], "values": [{"value": 0.0464695765771997, "step": null, "ts": 1721981393.2733738}]}, "version": 279, "at": 1721981393.2733738}
{"obj": {"type": "LogFloats", "path": ["Loss (Train)"], "values": [{"value": 0.03155627101659775, "step": null, "ts": 1721981393.3553734}]}, "version": 280, "at": 1721981393.3563735}
{"obj": {"type": "LogFloats", "path": ["Gradient norm"], "values": [{"value": 0.04294698001142868, "step": null, "ts": 1721981393.3563735}]}, "version": 281, "at": 1721981393.3563735}
{"obj": {"type": "LogFloats", "path": ["Loss (Train)"], "values": [{"value": 0.03159763664007187, "step": null, "ts": 1721981393.4439673}]}, "version": 282, "at": 1721981393.4439673}
{"obj": {"type": "LogFloats", "path": ["Gradient norm"], "values": [{"value": 0.04491569719861513, "step": null, "ts": 1721981393.4439673}]}, "version": 283, "at": 1721981393.4439673}
{"obj": {"type": "LogFloats", "path": ["Loss (Train)"], "values": [{"value": 0.031555965542793274, "step": null, "ts": 1721981393.5269673}]}, "version": 284, "at": 1721981393.5269673}
{"obj": {"type": "LogFloats", "path": ["Gradient norm"], "values": [{"value": 0.04720245331740548, "step": null, "ts": 1721981393.5269673}]}, "version": 285, "at": 1721981393.5269673}
{"obj": {"type": "LogFloats", "path": ["Loss (Train)"], "values": [{"value": 0.03144889324903488, "step": null, "ts": 1721981393.612967}]}, "version": 286, "at": 1721981393.612967}
{"obj": {"type": "LogFloats", "path": ["Gradient norm"], "values": [{"value": 0.043298602531529014, "step": null, "ts": 1721981393.612967}]}, "version": 287, "at": 1721981393.612967}
{"obj": {"type": "LogFloats", "path": ["Loss (Train)"], "values": [{"value": 0.03149344399571419, "step": null, "ts": 1721981393.697967}]}, "version": 288, "at": 1721981393.697967}
{"obj": {"type": "LogFloats", "path": ["Gradient norm"], "values": [{"value": 0.04139931590034319, "step": null, "ts": 1721981393.697967}]}, "version": 289, "at": 1721981393.697967}
{"obj": {"type": "LogFloats", "path": ["Loss (Train)"], "values": [{"value": 0.03154939040541649, "step": null, "ts": 1721981393.7899673}]}, "version": 290, "at": 1721981393.7899673}
{"obj": {"type": "LogFloats", "path": ["Gradient norm"], "values": [{"value": 0.04553550014843675, "step": null, "ts": 1721981393.7899673}]}, "version": 291, "at": 1721981393.7899673}
{"obj": {"type": "LogFloats", "path": ["Loss (Train)"], "values": [{"value": 0.031551096588373184, "step": null, "ts": 1721981393.8719676}]}, "version": 292, "at": 1721981393.8719676}
{"obj": {"type": "LogFloats", "path": ["Gradient norm"], "values": [{"value": 0.044636246779955015, "step": null, "ts": 1721981393.8719676}]}, "version": 293, "at": 1721981393.8719676}
{"obj": {"type": "LogFloats", "path": ["Loss (Train)"], "values": [{"value": 0.03169796243309975, "step": null, "ts": 1721981393.958967}]}, "version": 294, "at": 1721981393.958967}
{"obj": {"type": "LogFloats", "path": ["Gradient norm"], "values": [{"value": 0.047838529706377954, "step": null, "ts": 1721981393.958967}]}, "version": 295, "at": 1721981393.958967}
{"obj": {"type": "LogFloats", "path": ["Loss (Train)"], "values": [{"value": 0.031794119626283646, "step": null, "ts": 1721981394.0429676}]}, "version": 296, "at": 1721981394.0429676}
{"obj": {"type": "LogFloats", "path": ["Gradient norm"], "values": [{"value": 0.04743257226843791, "step": null, "ts": 1721981394.0429676}]}, "version": 297, "at": 1721981394.0429676}
{"obj": {"type": "LogFloats", "path": ["Loss (Train)"], "values": [{"value": 0.03150800243020058, "step": null, "ts": 1721981394.1289673}]}, "version": 298, "at": 1721981394.1289673}
{"obj": {"type": "LogFloats", "path": ["Gradient norm"], "values": [{"value": 0.04379576985930372, "step": null, "ts": 1721981394.1299672}]}, "version": 299, "at": 1721981394.1299672}
{"obj": {"type": "LogFloats", "path": ["Loss (Train)"], "values": [{"value": 0.03162255510687828, "step": null, "ts": 1721981394.2139673}]}, "version": 300, "at": 1721981394.2139673}
{"obj": {"type": "LogFloats", "path": ["Gradient norm"], "values": [{"value": 0.04530737398247862, "step": null, "ts": 1721981394.2139673}]}, "version": 301, "at": 1721981394.2139673}
{"obj": {"type": "LogFloats", "path": ["Loss (Train)"], "values": [{"value": 0.031482864171266556, "step": null, "ts": 1721981394.3029675}]}, "version": 302, "at": 1721981394.3029675}
{"obj": {"type": "LogFloats", "path": ["Gradient norm"], "values": [{"value": 0.04547303593138386, "step": null, "ts": 1721981394.3029675}]}, "version": 303, "at": 1721981394.3029675}
{"obj": {"type": "LogFloats", "path": ["Loss (Train)"], "values": [{"value": 0.031550247222185135, "step": null, "ts": 1721981394.4129674}]}, "version": 304, "at": 1721981394.4129674}
{"obj": {"type": "LogFloats", "path": ["Gradient norm"], "values": [{"value": 0.04575368687772949, "step": null, "ts": 1721981394.4129674}]}, "version": 305, "at": 1721981394.4129674}
{"obj": {"type": "LogFloats", "path": ["Loss (Train)"], "values": [{"value": 0.031508322805166245, "step": null, "ts": 1721981394.4999685}]}, "version": 306, "at": 1721981394.4999685}
{"obj": {"type": "LogFloats", "path": ["Gradient norm"], "values": [{"value": 0.04696230840096208, "step": null, "ts": 1721981394.4999685}]}, "version": 307, "at": 1721981394.4999685}
{"obj": {"type": "LogFloats", "path": ["Loss (Train)"], "values": [{"value": 0.031519267708063126, "step": null, "ts": 1721981394.5839665}]}, "version": 308, "at": 1721981394.5839665}
{"obj": {"type": "LogFloats", "path": ["Gradient norm"], "values": [{"value": 0.046620192589577926, "step": null, "ts": 1721981394.5839665}]}, "version": 309, "at": 1721981394.5839665}
{"obj": {"type": "LogFloats", "path": ["Loss (Train)"], "values": [{"value": 0.03170854225754738, "step": null, "ts": 1721981394.6709673}]}, "version": 310, "at": 1721981394.6709673}
{"obj": {"type": "LogFloats", "path": ["Gradient norm"], "values": [{"value": 0.04552523221064343, "step": null, "ts": 1721981394.6709673}]}, "version": 311, "at": 1721981394.6709673}
{"obj": {"type": "LogFloats", "path": ["Loss (Train)"], "values": [{"value": 0.031497061252593994, "step": null, "ts": 1721981394.7849674}]}, "version": 312, "at": 1721981394.7849674}
{"obj": {"type": "LogFloats", "path": ["Gradient norm"], "values": [{"value": 0.04745031019084236, "step": null, "ts": 1721981394.7849674}]}, "version": 313, "at": 1721981394.7849674}
{"obj": {"type": "LogFloats", "path": ["Loss (Train)"], "values": [{"value": 0.031523074954748154, "step": null, "ts": 1721981394.8709679}]}, "version": 314, "at": 1721981394.8709679}
{"obj": {"type": "LogFloats", "path": ["Gradient norm"], "values": [{"value": 0.0429317190735373, "step": null, "ts": 1721981394.8709679}]}, "version": 315, "at": 1721981394.8709679}
{"obj": {"type": "LogFloats", "path": ["Loss (Train)"], "values": [{"value": 0.03153615444898605, "step": null, "ts": 1721981394.9579685}]}, "version": 316, "at": 1721981394.9579685}
{"obj": {"type": "LogFloats", "path": ["Gradient norm"], "values": [{"value": 0.04563139483410404, "step": null, "ts": 1721981394.9589674}]}, "version": 317, "at": 1721981394.9589674}
{"obj": {"type": "LogFloats", "path": ["Loss (Train)"], "values": [{"value": 0.031557124108076096, "step": null, "ts": 1721981395.0469682}]}, "version": 318, "at": 1721981395.0469682}
{"obj": {"type": "LogFloats", "path": ["Gradient norm"], "values": [{"value": 0.04944682871066839, "step": null, "ts": 1721981395.0469682}]}, "version": 319, "at": 1721981395.0469682}
{"obj": {"type": "LogFloats", "path": ["Loss (Train)"], "values": [{"value": 0.03147869184613228, "step": null, "ts": 1721981395.1299672}]}, "version": 320, "at": 1721981395.1299672}
{"obj": {"type": "LogFloats", "path": ["Gradient norm"], "values": [{"value": 0.04686691707385526, "step": null, "ts": 1721981395.1299672}]}, "version": 321, "at": 1721981395.1299672}
{"obj": {"type": "LogFloats", "path": ["Loss (Train)"], "values": [{"value": 0.03173055872321129, "step": null, "ts": 1721981395.2199667}]}, "version": 322, "at": 1721981395.2199667}
{"obj": {"type": "LogFloats", "path": ["Gradient norm"], "values": [{"value": 0.044966057309988414, "step": null, "ts": 1721981395.2199667}]}, "version": 323, "at": 1721981395.2199667}
{"obj": {"type": "LogFloats", "path": ["Loss (Train)"], "values": [{"value": 0.031623054295778275, "step": null, "ts": 1721981395.3029675}]}, "version": 324, "at": 1721981395.3029675}
{"obj": {"type": "LogFloats", "path": ["Gradient norm"], "values": [{"value": 0.045985210730637334, "step": null, "ts": 1721981395.3039672}]}, "version": 325, "at": 1721981395.3039672}
{"obj": {"type": "LogFloats", "path": ["Loss (Train)"], "values": [{"value": 0.03148391470313072, "step": null, "ts": 1721981395.3893}]}, "version": 326, "at": 1721981395.3893}
{"obj": {"type": "LogFloats", "path": ["Gradient norm"], "values": [{"value": 0.047526862563259324, "step": null, "ts": 1721981395.3893}]}, "version": 327, "at": 1721981395.3893}
{"obj": {"type": "LogFloats", "path": ["Loss (Train)"], "values": [{"value": 0.031485505402088165, "step": null, "ts": 1721981395.4783006}]}, "version": 328, "at": 1721981395.4783006}
{"obj": {"type": "LogFloats", "path": ["Gradient norm"], "values": [{"value": 0.043145930639872876, "step": null, "ts": 1721981395.4783006}]}, "version": 329, "at": 1721981395.4783006}
{"obj": {"type": "LogFloats", "path": ["Loss (Train)"], "values": [{"value": 0.031682610511779785, "step": null, "ts": 1721981395.569302}]}, "version": 330, "at": 1721981395.569302}
{"obj": {"type": "LogFloats", "path": ["Gradient norm"], "values": [{"value": 0.04832969990656072, "step": null, "ts": 1721981395.569302}]}, "version": 331, "at": 1721981395.569302}
{"obj": {"type": "LogFloats", "path": ["Loss (Train)"], "values": [{"value": 0.031524933874607086, "step": null, "ts": 1721981395.659301}]}, "version": 332, "at": 1721981395.659301}
{"obj": {"type": "LogFloats", "path": ["Gradient norm"], "values": [{"value": 0.04379278889951086, "step": null, "ts": 1721981395.659301}]}, "version": 333, "at": 1721981395.659301}
{"obj": {"type": "LogFloats", "path": ["Loss (Train)"], "values": [{"value": 0.0315563939511776, "step": null, "ts": 1721981395.748301}]}, "version": 334, "at": 1721981395.748301}
{"obj": {"type": "LogFloats", "path": ["Gradient norm"], "values": [{"value": 0.0446238960116989, "step": null, "ts": 1721981395.748301}]}, "version": 335, "at": 1721981395.748301}
{"obj": {"type": "LogFloats", "path": ["Loss (Train)"], "values": [{"value": 0.03152038902044296, "step": null, "ts": 1721981395.8323019}]}, "version": 336, "at": 1721981395.8323019}
{"obj": {"type": "LogFloats", "path": ["Gradient norm"], "values": [{"value": 0.043999733515610526, "step": null, "ts": 1721981395.8323019}]}, "version": 337, "at": 1721981395.8323019}
{"obj": {"type": "LogFloats", "path": ["Loss (Train)"], "values": [{"value": 0.03148653358221054, "step": null, "ts": 1721981395.9202998}]}, "version": 338, "at": 1721981395.9202998}
{"obj": {"type": "LogFloats", "path": ["Gradient norm"], "values": [{"value": 0.047106729593596235, "step": null, "ts": 1721981395.9202998}]}, "version": 339, "at": 1721981395.9202998}
{"obj": {"type": "LogFloats", "path": ["Loss (Train)"], "values": [{"value": 0.031484637409448624, "step": null, "ts": 1721981396.0043006}]}, "version": 340, "at": 1721981396.0043006}
{"obj": {"type": "LogFloats", "path": ["Gradient norm"], "values": [{"value": 0.049219871202481925, "step": null, "ts": 1721981396.0043006}]}, "version": 341, "at": 1721981396.0043006}
{"obj": {"type": "LogFloats", "path": ["Loss (Train)"], "values": [{"value": 0.03144527226686478, "step": null, "ts": 1721981396.1173012}]}, "version": 342, "at": 1721981396.1173012}
{"obj": {"type": "LogFloats", "path": ["Gradient norm"], "values": [{"value": 0.04568379340039256, "step": null, "ts": 1721981396.1173012}]}, "version": 343, "at": 1721981396.1173012}
{"obj": {"type": "LogFloats", "path": ["Loss (Train)"], "values": [{"value": 0.03157325088977814, "step": null, "ts": 1721981396.2013001}]}, "version": 344, "at": 1721981396.2013001}
{"obj": {"type": "LogFloats", "path": ["Gradient norm"], "values": [{"value": 0.048264422632609195, "step": null, "ts": 1721981396.2013001}]}, "version": 345, "at": 1721981396.2013001}
{"obj": {"type": "LogFloats", "path": ["Loss (Train)"], "values": [{"value": 0.03163301199674606, "step": null, "ts": 1721981396.2883003}]}, "version": 346, "at": 1721981396.2883003}
{"obj": {"type": "LogFloats", "path": ["Gradient norm"], "values": [{"value": 0.04776436048489615, "step": null, "ts": 1721981396.2883003}]}, "version": 347, "at": 1721981396.2883003}
{"obj": {"type": "LogFloats", "path": ["Loss (Train)"], "values": [{"value": 0.03156893700361252, "step": null, "ts": 1721981396.3783007}]}, "version": 348, "at": 1721981396.3783007}
{"obj": {"type": "LogFloats", "path": ["Gradient norm"], "values": [{"value": 0.04700775827610304, "step": null, "ts": 1721981396.3783007}]}, "version": 349, "at": 1721981396.3783007}
{"obj": {"type": "LogFloats", "path": ["Loss (Train)"], "values": [{"value": 0.031630419194698334, "step": null, "ts": 1721981396.469301}]}, "version": 350, "at": 1721981396.469301}
{"obj": {"type": "LogFloats", "path": ["Gradient norm"], "values": [{"value": 0.04815455008955309, "step": null, "ts": 1721981396.469301}]}, "version": 351, "at": 1721981396.469301}
{"obj": {"type": "LogFloats", "path": ["Loss (Train)"], "values": [{"value": 0.03161153569817543, "step": null, "ts": 1721981396.5553}]}, "version": 352, "at": 1721981396.5553}
{"obj": {"type": "LogFloats", "path": ["Gradient norm"], "values": [{"value": 0.044671304787773564, "step": null, "ts": 1721981396.5553}]}, "version": 353, "at": 1721981396.5553}
{"obj": {"type": "LogFloats", "path": ["Loss (Train)"], "values": [{"value": 0.03147600591182709, "step": null, "ts": 1721981396.6463003}]}, "version": 354, "at": 1721981396.6463003}
{"obj": {"type": "LogFloats", "path": ["Gradient norm"], "values": [{"value": 0.04188392229707784, "step": null, "ts": 1721981396.6463003}]}, "version": 355, "at": 1721981396.6463003}
{"obj": {"type": "LogFloats", "path": ["Loss (Train)"], "values": [{"value": 0.031544942408800125, "step": null, "ts": 1721981396.7283006}]}, "version": 356, "at": 1721981396.7283006}
{"obj": {"type": "LogFloats", "path": ["Gradient norm"], "values": [{"value": 0.046466604755712744, "step": null, "ts": 1721981396.7283006}]}, "version": 357, "at": 1721981396.7283006}
{"obj": {"type": "LogFloats", "path": ["Loss (Train)"], "values": [{"value": 0.031580861657857895, "step": null, "ts": 1721981396.8142998}]}, "version": 358, "at": 1721981396.8142998}
{"obj": {"type": "LogFloats", "path": ["Gradient norm"], "values": [{"value": 0.046119934372020395, "step": null, "ts": 1721981396.8142998}]}, "version": 359, "at": 1721981396.8142998}
{"obj": {"type": "LogFloats", "path": ["Loss (Train)"], "values": [{"value": 0.031583208590745926, "step": null, "ts": 1721981396.8983006}]}, "version": 360, "at": 1721981396.8983006}
{"obj": {"type": "LogFloats", "path": ["Gradient norm"], "values": [{"value": 0.04646708224460841, "step": null, "ts": 1721981396.8993013}]}, "version": 361, "at": 1721981396.8993013}
{"obj": {"type": "LogFloats", "path": ["Loss (Train)"], "values": [{"value": 0.031588394194841385, "step": null, "ts": 1721981397.0143003}]}, "version": 362, "at": 1721981397.0143003}
{"obj": {"type": "LogFloats", "path": ["Gradient norm"], "values": [{"value": 0.04799781850859479, "step": null, "ts": 1721981397.0143003}]}, "version": 363, "at": 1721981397.0143003}
{"obj": {"type": "LogFloats", "path": ["Loss (Train)"], "values": [{"value": 0.031591713428497314, "step": null, "ts": 1721981397.1203027}]}, "version": 364, "at": 1721981397.1203027}
{"obj": {"type": "LogFloats", "path": ["Gradient norm"], "values": [{"value": 0.04624852430941005, "step": null, "ts": 1721981397.1203027}]}, "version": 365, "at": 1721981397.1203027}
{"obj": {"type": "LogFloats", "path": ["Loss (Train)"], "values": [{"value": 0.03157230466604233, "step": null, "ts": 1721981397.2093005}]}, "version": 366, "at": 1721981397.2093005}
{"obj": {"type": "LogFloats", "path": ["Gradient norm"], "values": [{"value": 0.04647411506944775, "step": null, "ts": 1721981397.2093005}]}, "version": 367, "at": 1721981397.2093005}
{"obj": {"type": "LogFloats", "path": ["Loss (Train)"], "values": [{"value": 0.031555239111185074, "step": null, "ts": 1721981397.2943003}]}, "version": 368, "at": 1721981397.2943003}
{"obj": {"type": "LogFloats", "path": ["Gradient norm"], "values": [{"value": 0.045087758163511966, "step": null, "ts": 1721981397.2953}]}, "version": 369, "at": 1721981397.2953}
{"obj": {"type": "LogFloats", "path": ["Loss (Train)"], "values": [{"value": 0.03158581256866455, "step": null, "ts": 1721981397.4102995}]}, "version": 370, "at": 1721981397.4102995}
{"obj": {"type": "LogFloats", "path": ["Gradient norm"], "values": [{"value": 0.05169883457225723, "step": null, "ts": 1721981397.4102995}]}, "version": 371, "at": 1721981397.4102995}
{"obj": {"type": "LogFloats", "path": ["Loss (Train)"], "values": [{"value": 0.031682319939136505, "step": null, "ts": 1721981397.4953349}]}, "version": 372, "at": 1721981397.4953349}
{"obj": {"type": "LogFloats", "path": ["Gradient norm"], "values": [{"value": 0.04839256954098269, "step": null, "ts": 1721981397.4953349}]}, "version": 373, "at": 1721981397.4953349}
{"obj": {"type": "LogFloats", "path": ["Loss (Train)"], "values": [{"value": 0.0315806046128273, "step": null, "ts": 1721981397.5833004}]}, "version": 374, "at": 1721981397.5833004}
{"obj": {"type": "LogFloats", "path": ["Gradient norm"], "values": [{"value": 0.04564984007784788, "step": null, "ts": 1721981397.5833004}]}, "version": 375, "at": 1721981397.5833004}
{"obj": {"type": "LogFloats", "path": ["Loss (Train)"], "values": [{"value": 0.03148382902145386, "step": null, "ts": 1721981397.6663015}]}, "version": 376, "at": 1721981397.6673012}
{"obj": {"type": "LogFloats", "path": ["Gradient norm"], "values": [{"value": 0.04637519150826877, "step": null, "ts": 1721981397.6673012}]}, "version": 377, "at": 1721981397.6673012}
{"obj": {"type": "LogFloats", "path": ["Loss (Train)"], "values": [{"value": 0.03155524283647537, "step": null, "ts": 1721981397.7563004}]}, "version": 378, "at": 1721981397.7563004}
{"obj": {"type": "LogFloats", "path": ["Gradient norm"], "values": [{"value": 0.0410675265107501, "step": null, "ts": 1721981397.7563004}]}, "version": 379, "at": 1721981397.7563004}
{"obj": {"type": "LogFloats", "path": ["Loss (Train)"], "values": [{"value": 0.031498633325099945, "step": null, "ts": 1721981397.8393016}]}, "version": 380, "at": 1721981397.8393016}
{"obj": {"type": "LogFloats", "path": ["Gradient norm"], "values": [{"value": 0.0514318903097394, "step": null, "ts": 1721981397.8393016}]}, "version": 381, "at": 1721981397.8393016}
{"obj": {"type": "LogFloats", "path": ["Loss (Train)"], "values": [{"value": 0.0315869003534317, "step": null, "ts": 1721981397.9283006}]}, "version": 382, "at": 1721981397.9283006}
{"obj": {"type": "LogFloats", "path": ["Gradient norm"], "values": [{"value": 0.04516503441770552, "step": null, "ts": 1721981397.9283006}]}, "version": 383, "at": 1721981397.9283006}
{"obj": {"type": "LogFloats", "path": ["Loss (Train)"], "values": [{"value": 0.031593453139066696, "step": null, "ts": 1721981398.0363002}]}, "version": 384, "at": 1721981398.0363002}
{"obj": {"type": "LogFloats", "path": ["Gradient norm"], "values": [{"value": 0.04387148761922004, "step": null, "ts": 1721981398.0363002}]}, "version": 385, "at": 1721981398.0363002}
{"obj": {"type": "LogFloats", "path": ["Loss (Train)"], "values": [{"value": 0.031525321304798126, "step": null, "ts": 1721981398.143303}]}, "version": 386, "at": 1721981398.143303}
{"obj": {"type": "LogFloats", "path": ["Gradient norm"], "values": [{"value": 0.04738042208626821, "step": null, "ts": 1721981398.143303}]}, "version": 387, "at": 1721981398.143303}
{"obj": {"type": "LogFloats", "path": ["Loss (Train)"], "values": [{"value": 0.03156876564025879, "step": null, "ts": 1721981398.2263007}]}, "version": 388, "at": 1721981398.2263007}
{"obj": {"type": "LogFloats", "path": ["Gradient norm"], "values": [{"value": 0.04275764374293819, "step": null, "ts": 1721981398.2263007}]}, "version": 389, "at": 1721981398.2263007}
{"obj": {"type": "LogFloats", "path": ["Loss (Train)"], "values": [{"value": 0.03159351646900177, "step": null, "ts": 1721981398.3123014}]}, "version": 390, "at": 1721981398.3123014}
{"obj": {"type": "LogFloats", "path": ["Gradient norm"], "values": [{"value": 0.047478933442163584, "step": null, "ts": 1721981398.3123014}]}, "version": 391, "at": 1721981398.3123014}
{"obj": {"type": "LogFloats", "path": ["Loss (Train)"], "values": [{"value": 0.03161870315670967, "step": null, "ts": 1721981398.397301}]}, "version": 392, "at": 1721981398.397301}
{"obj": {"type": "LogFloats", "path": ["Gradient norm"], "values": [{"value": 0.04495964649238745, "step": null, "ts": 1721981398.397301}]}, "version": 393, "at": 1721981398.397301}
{"obj": {"type": "LogFloats", "path": ["Loss (Train)"], "values": [{"value": 0.03151049092411995, "step": null, "ts": 1721981398.4833012}]}, "version": 394, "at": 1721981398.4833012}
{"obj": {"type": "LogFloats", "path": ["Gradient norm"], "values": [{"value": 0.04782559531230813, "step": null, "ts": 1721981398.4833012}]}, "version": 395, "at": 1721981398.4833012}
{"obj": {"type": "LogFloats", "path": ["Loss (Train)"], "values": [{"value": 0.03148500993847847, "step": null, "ts": 1721981398.5663004}]}, "version": 396, "at": 1721981398.5663004}
{"obj": {"type": "LogFloats", "path": ["Gradient norm"], "values": [{"value": 0.04310064144109516, "step": null, "ts": 1721981398.5663004}]}, "version": 397, "at": 1721981398.5663004}
{"obj": {"type": "LogFloats", "path": ["Loss (Train)"], "values": [{"value": 0.03161517530679703, "step": null, "ts": 1721981398.6523008}]}, "version": 398, "at": 1721981398.6523008}
{"obj": {"type": "LogFloats", "path": ["Gradient norm"], "values": [{"value": 0.04844745573364953, "step": null, "ts": 1721981398.6523008}]}, "version": 399, "at": 1721981398.6523008}
{"obj": {"type": "LogFloats", "path": ["Loss (Train)"], "values": [{"value": 0.03151794150471687, "step": null, "ts": 1721981398.7363007}]}, "version": 400, "at": 1721981398.7363007}
{"obj": {"type": "LogFloats", "path": ["Gradient norm"], "values": [{"value": 0.043947607239846906, "step": null, "ts": 1721981398.7373006}]}, "version": 401, "at": 1721981398.7373006}
{"obj": {"type": "LogFloats", "path": ["Loss (Train)"], "values": [{"value": 0.03158237040042877, "step": null, "ts": 1721981398.8272996}]}, "version": 402, "at": 1721981398.8272996}
{"obj": {"type": "LogFloats", "path": ["Gradient norm"], "values": [{"value": 0.0475502204304399, "step": null, "ts": 1721981398.8272996}]}, "version": 403, "at": 1721981398.8272996}
{"obj": {"type": "LogFloats", "path": ["Loss (Train)"], "values": [{"value": 0.03162263706326485, "step": null, "ts": 1721981398.9113004}]}, "version": 404, "at": 1721981398.9113004}
{"obj": {"type": "LogFloats", "path": ["Gradient norm"], "values": [{"value": 0.04876387369617204, "step": null, "ts": 1721981398.9113004}]}, "version": 405, "at": 1721981398.9113004}
{"obj": {"type": "LogFloats", "path": ["Loss (Train)"], "values": [{"value": 0.031436171382665634, "step": null, "ts": 1721981398.9993007}]}, "version": 406, "at": 1721981398.9993007}
{"obj": {"type": "LogFloats", "path": ["Gradient norm"], "values": [{"value": 0.044756986647626076, "step": null, "ts": 1721981398.9993007}]}, "version": 407, "at": 1721981398.9993007}
{"obj": {"type": "LogFloats", "path": ["Loss (Train)"], "values": [{"value": 0.03165338933467865, "step": null, "ts": 1721981399.0853012}]}, "version": 408, "at": 1721981399.0853012}
{"obj": {"type": "LogFloats", "path": ["Gradient norm"], "values": [{"value": 0.05147916641589686, "step": null, "ts": 1721981399.0863}]}, "version": 409, "at": 1721981399.0863}
{"obj": {"type": "LogFloats", "path": ["Loss (Train)"], "values": [{"value": 0.0316205732524395, "step": null, "ts": 1721981399.1793003}]}, "version": 410, "at": 1721981399.1793003}
{"obj": {"type": "LogFloats", "path": ["Gradient norm"], "values": [{"value": 0.04470234774801898, "step": null, "ts": 1721981399.1793003}]}, "version": 411, "at": 1721981399.1793003}
{"obj": {"type": "LogFloats", "path": ["Loss (Train)"], "values": [{"value": 0.03144959732890129, "step": null, "ts": 1721981399.2543006}]}, "version": 412, "at": 1721981399.2543006}
{"obj": {"type": "LogFloats", "path": ["Gradient norm"], "values": [{"value": 0.048042987083966295, "step": null, "ts": 1721981399.2543006}]}, "version": 413, "at": 1721981399.2543006}
{"obj": {"type": "LogFloats", "path": ["Loss (Train)"], "values": [{"value": 0.031469691544771194, "step": null, "ts": 1721981399.3353007}]}, "version": 414, "at": 1721981399.3353007}
{"obj": {"type": "LogFloats", "path": ["Gradient norm"], "values": [{"value": 0.04305086457739196, "step": null, "ts": 1721981399.3353007}]}, "version": 415, "at": 1721981399.3353007}
{"obj": {"type": "LogFloats", "path": ["Loss (Train)"], "values": [{"value": 0.03164614737033844, "step": null, "ts": 1721981399.4133005}]}, "version": 416, "at": 1721981399.4133005}
{"obj": {"type": "LogFloats", "path": ["Gradient norm"], "values": [{"value": 0.05028263252741014, "step": null, "ts": 1721981399.4133005}]}, "version": 417, "at": 1721981399.4133005}
{"obj": {"type": "LogFloats", "path": ["Loss (Train)"], "values": [{"value": 0.031502313911914825, "step": null, "ts": 1721981399.4962997}]}, "version": 418, "at": 1721981399.4962997}
{"obj": {"type": "LogFloats", "path": ["Gradient norm"], "values": [{"value": 0.04850249769143954, "step": null, "ts": 1721981399.4962997}]}, "version": 419, "at": 1721981399.4962997}
{"obj": {"type": "LogFloats", "path": ["Loss (Train)"], "values": [{"value": 0.031599048525094986, "step": null, "ts": 1721981399.5712996}]}, "version": 420, "at": 1721981399.5712996}
{"obj": {"type": "LogFloats", "path": ["Gradient norm"], "values": [{"value": 0.04448782511805843, "step": null, "ts": 1721981399.5712996}]}, "version": 421, "at": 1721981399.5712996}
{"obj": {"type": "LogFloats", "path": ["Loss (Train)"], "values": [{"value": 0.03161556273698807, "step": null, "ts": 1721981399.6513007}]}, "version": 422, "at": 1721981399.6513007}
{"obj": {"type": "LogFloats", "path": ["Gradient norm"], "values": [{"value": 0.04689985706886054, "step": null, "ts": 1721981399.6513007}]}, "version": 423, "at": 1721981399.6513007}
{"obj": {"type": "LogFloats", "path": ["Loss (Train)"], "values": [{"value": 0.03159600496292114, "step": null, "ts": 1721981399.7293005}]}, "version": 424, "at": 1721981399.7293005}
{"obj": {"type": "LogFloats", "path": ["Gradient norm"], "values": [{"value": 0.048647258568519154, "step": null, "ts": 1721981399.7293005}]}, "version": 425, "at": 1721981399.7293005}
{"obj": {"type": "LogFloats", "path": ["Loss (Train)"], "values": [{"value": 0.03154569864273071, "step": null, "ts": 1721981399.8103004}]}, "version": 426, "at": 1721981399.8103004}
{"obj": {"type": "LogFloats", "path": ["Gradient norm"], "values": [{"value": 0.04556711187349869, "step": null, "ts": 1721981399.8103004}]}, "version": 427, "at": 1721981399.8103004}
{"obj": {"type": "LogFloats", "path": ["Loss (Train)"], "values": [{"value": 0.031611524522304535, "step": null, "ts": 1721981399.8873}]}, "version": 428, "at": 1721981399.8873}
{"obj": {"type": "LogFloats", "path": ["Gradient norm"], "values": [{"value": 0.049960738698905334, "step": null, "ts": 1721981399.8873}]}, "version": 429, "at": 1721981399.8873}
{"obj": {"type": "LogFloats", "path": ["Loss (Train)"], "values": [{"value": 0.031531594693660736, "step": null, "ts": 1721981399.9673014}]}, "version": 430, "at": 1721981399.9673014}
{"obj": {"type": "LogFloats", "path": ["Gradient norm"], "values": [{"value": 0.042262678904976626, "step": null, "ts": 1721981399.9673014}]}, "version": 431, "at": 1721981399.9673014}
{"obj": {"type": "LogFloats", "path": ["Loss (Train)"], "values": [{"value": 0.031597137451171875, "step": null, "ts": 1721981400.0443003}]}, "version": 432, "at": 1721981400.0443003}
{"obj": {"type": "LogFloats", "path": ["Gradient norm"], "values": [{"value": 0.04933414520502016, "step": null, "ts": 1721981400.0443003}]}, "version": 433, "at": 1721981400.0443003}
{"obj": {"type": "LogFloats", "path": ["Loss (Train)"], "values": [{"value": 0.031469617038965225, "step": null, "ts": 1721981400.1263006}]}, "version": 434, "at": 1721981400.1263006}
{"obj": {"type": "LogFloats", "path": ["Gradient norm"], "values": [{"value": 0.0448131284976431, "step": null, "ts": 1721981400.1263006}]}, "version": 435, "at": 1721981400.1263006}
{"obj": {"type": "LogFloats", "path": ["Loss (Train)"], "values": [{"value": 0.03144792467355728, "step": null, "ts": 1721981400.2043018}]}, "version": 436, "at": 1721981400.2043018}
{"obj": {"type": "LogFloats", "path": ["Gradient norm"], "values": [{"value": 0.04643769914246829, "step": null, "ts": 1721981400.2043018}]}, "version": 437, "at": 1721981400.2043018}
{"obj": {"type": "LogFloats", "path": ["Loss (Train)"], "values": [{"value": 0.031680963933467865, "step": null, "ts": 1721981400.2853003}]}, "version": 438, "at": 1721981400.2853003}
{"obj": {"type": "LogFloats", "path": ["Gradient norm"], "values": [{"value": 0.046679325272193754, "step": null, "ts": 1721981400.2853003}]}, "version": 439, "at": 1721981400.2853003}
{"obj": {"type": "LogFloats", "path": ["Loss (Train)"], "values": [{"value": 0.0316208079457283, "step": null, "ts": 1721981400.3633003}]}, "version": 440, "at": 1721981400.3633003}
{"obj": {"type": "LogFloats", "path": ["Gradient norm"], "values": [{"value": 0.046531103604355376, "step": null, "ts": 1721981400.3633003}]}, "version": 441, "at": 1721981400.3633003}
{"obj": {"type": "LogFloats", "path": ["Loss (Train)"], "values": [{"value": 0.03161460906267166, "step": null, "ts": 1721981400.4453003}]}, "version": 442, "at": 1721981400.4453003}
{"obj": {"type": "LogFloats", "path": ["Gradient norm"], "values": [{"value": 0.04777574624954916, "step": null, "ts": 1721981400.4453003}]}, "version": 443, "at": 1721981400.4453003}
{"obj": {"type": "LogFloats", "path": ["Loss (Train)"], "values": [{"value": 0.031648121774196625, "step": null, "ts": 1721981400.524301}]}, "version": 444, "at": 1721981400.524301}
{"obj": {"type": "LogFloats", "path": ["Gradient norm"], "values": [{"value": 0.043060897395825255, "step": null, "ts": 1721981400.524301}]}, "version": 445, "at": 1721981400.524301}
{"obj": {"type": "LogFloats", "path": ["Loss (Train)"], "values": [{"value": 0.03153688460588455, "step": null, "ts": 1721981400.6023004}]}, "version": 446, "at": 1721981400.6023004}
{"obj": {"type": "LogFloats", "path": ["Gradient norm"], "values": [{"value": 0.04555491016783218, "step": null, "ts": 1721981400.6023004}]}, "version": 447, "at": 1721981400.6023004}
{"obj": {"type": "LogFloats", "path": ["Loss (Train)"], "values": [{"value": 0.03155120834708214, "step": null, "ts": 1721981400.6813002}]}, "version": 448, "at": 1721981400.6813002}
{"obj": {"type": "LogFloats", "path": ["Gradient norm"], "values": [{"value": 0.0484117828543756, "step": null, "ts": 1721981400.6813002}]}, "version": 449, "at": 1721981400.6813002}
{"obj": {"type": "LogFloats", "path": ["Loss (Train)"], "values": [{"value": 0.031568605452775955, "step": null, "ts": 1721981400.7623005}]}, "version": 450, "at": 1721981400.7623005}
{"obj": {"type": "LogFloats", "path": ["Gradient norm"], "values": [{"value": 0.043299525899851456, "step": null, "ts": 1721981400.7623005}]}, "version": 451, "at": 1721981400.7623005}
{"obj": {"type": "LogFloats", "path": ["Loss (Train)"], "values": [{"value": 0.031530335545539856, "step": null, "ts": 1721981400.8413017}]}, "version": 452, "at": 1721981400.8413017}
{"obj": {"type": "LogFloats", "path": ["Gradient norm"], "values": [{"value": 0.046580595503286235, "step": null, "ts": 1721981400.8413017}]}, "version": 453, "at": 1721981400.8413017}
