{"obj": {"type": "AssignString", "path": ["sys", "name"], "value": "Untitled"}, "version": 1, "at": 1721981145.1662128}
{"obj": {"type": "AssignString", "path": ["sys", "description"], "value": ""}, "version": 2, "at": 1721981145.1662128}
{"obj": {"type": "AssignString", "path": ["monitoring", "50f081b8", "hostname"], "value": "DESKTOP-SO4DDQB"}, "version": 3, "at": 1721981145.1662128}
{"obj": {"type": "AssignString", "path": ["sys", "hostname"], "value": "DESKTOP-SO4DDQB"}, "version": 4, "at": 1721981145.1662128}
{"obj": {"type": "AssignString", "path": ["monitoring", "50f081b8", "pid"], "value": "24620"}, "version": 5, "at": 1721981145.1662128}
{"obj": {"type": "AssignString", "path": ["monitoring", "50f081b8", "tid"], "value": "10536"}, "version": 6, "at": 1721981145.1662128}
{"obj": {"type": "AssignBool", "path": ["sys", "failed"], "value": false}, "version": 7, "at": 1721981145.1662128}
{"obj": {"type": "LogFloats", "path": ["Loss (Train)"], "values": [{"value": 0.775599479675293, "step": null, "ts": 1721981145.727211}]}, "version": 8, "at": 1721981145.727211}
{"obj": {"type": "LogFloats", "path": ["Gradient norm"], "values": [{"value": 3.0922028427892023, "step": null, "ts": 1721981145.727211}]}, "version": 9, "at": 1721981145.727211}
{"obj": {"type": "LogFloats", "path": ["Loss (Train)"], "values": [{"value": 0.6892326474189758, "step": null, "ts": 1721981146.0892189}]}, "version": 10, "at": 1721981146.0892189}
{"obj": {"type": "LogFloats", "path": ["Gradient norm"], "values": [{"value": 2.6217860741631944, "step": null, "ts": 1721981146.0892189}]}, "version": 11, "at": 1721981146.0892189}
{"obj": {"type": "LogFloats", "path": ["Loss (Train)"], "values": [{"value": 0.6316872239112854, "step": null, "ts": 1721981146.308206}]}, "version": 12, "at": 1721981146.308206}
{"obj": {"type": "LogFloats", "path": ["Gradient norm"], "values": [{"value": 2.245351918530433, "step": null, "ts": 1721981146.308206}]}, "version": 13, "at": 1721981146.308206}
{"obj": {"type": "LogFloats", "path": ["Loss (Train)"], "values": [{"value": 0.590543270111084, "step": null, "ts": 1721981146.529206}]}, "version": 14, "at": 1721981146.529206}
{"obj": {"type": "LogFloats", "path": ["Gradient norm"], "values": [{"value": 2.0806802844378045, "step": null, "ts": 1721981146.529206}]}, "version": 15, "at": 1721981146.529206}
{"obj": {"type": "LogFloats", "path": ["Loss (Train)"], "values": [{"value": 0.5529953837394714, "step": null, "ts": 1721981146.7492065}]}, "version": 16, "at": 1721981146.7492065}
{"obj": {"type": "LogFloats", "path": ["Gradient norm"], "values": [{"value": 1.9040418380943736, "step": null, "ts": 1721981146.7492065}]}, "version": 17, "at": 1721981146.7492065}
{"obj": {"type": "LogFloats", "path": ["Loss (Train)"], "values": [{"value": 0.5153951048851013, "step": null, "ts": 1721981146.9692066}]}, "version": 18, "at": 1721981146.9692066}
{"obj": {"type": "LogFloats", "path": ["Gradient norm"], "values": [{"value": 1.7187039915854143, "step": null, "ts": 1721981146.9692066}]}, "version": 19, "at": 1721981146.9692066}
{"obj": {"type": "LogFloats", "path": ["Loss (Train)"], "values": [{"value": 0.4849632978439331, "step": null, "ts": 1721981147.1872058}]}, "version": 20, "at": 1721981147.1872058}
{"obj": {"type": "LogFloats", "path": ["Gradient norm"], "values": [{"value": 1.6300710223868211, "step": null, "ts": 1721981147.1872058}]}, "version": 21, "at": 1721981147.1872058}
{"obj": {"type": "LogFloats", "path": ["Loss (Train)"], "values": [{"value": 0.4536944031715393, "step": null, "ts": 1721981147.4042075}]}, "version": 22, "at": 1721981147.4042075}
{"obj": {"type": "LogFloats", "path": ["Gradient norm"], "values": [{"value": 1.5357791111280081, "step": null, "ts": 1721981147.4042075}]}, "version": 23, "at": 1721981147.4052072}
{"obj": {"type": "LogFloats", "path": ["Loss (Train)"], "values": [{"value": 0.4226979613304138, "step": null, "ts": 1721981147.6242058}]}, "version": 24, "at": 1721981147.6242058}
{"obj": {"type": "LogFloats", "path": ["Gradient norm"], "values": [{"value": 1.4559691631709044, "step": null, "ts": 1721981147.6242058}]}, "version": 25, "at": 1721981147.6242058}
{"obj": {"type": "LogFloats", "path": ["Loss (Train)"], "values": [{"value": 0.38722291588783264, "step": null, "ts": 1721981147.845206}]}, "version": 26, "at": 1721981147.845206}
{"obj": {"type": "LogFloats", "path": ["Gradient norm"], "values": [{"value": 1.2840935488367484, "step": null, "ts": 1721981147.845206}]}, "version": 27, "at": 1721981147.845206}
{"obj": {"type": "LogFloats", "path": ["Loss (Train)"], "values": [{"value": 0.3600274920463562, "step": null, "ts": 1721981148.064206}]}, "version": 28, "at": 1721981148.064206}
{"obj": {"type": "LogFloats", "path": ["Gradient norm"], "values": [{"value": 1.2009001570471778, "step": null, "ts": 1721981148.064206}]}, "version": 29, "at": 1721981148.064206}
{"obj": {"type": "LogFloats", "path": ["Loss (Train)"], "values": [{"value": 0.33092474937438965, "step": null, "ts": 1721981148.2922065}]}, "version": 30, "at": 1721981148.2922065}
{"obj": {"type": "LogFloats", "path": ["Gradient norm"], "values": [{"value": 1.1148663561433585, "step": null, "ts": 1721981148.2922065}]}, "version": 31, "at": 1721981148.2922065}
{"obj": {"type": "LogFloats", "path": ["Loss (Train)"], "values": [{"value": 0.3040730357170105, "step": null, "ts": 1721981148.510206}]}, "version": 32, "at": 1721981148.510206}
{"obj": {"type": "LogFloats", "path": ["Gradient norm"], "values": [{"value": 1.024193353806749, "step": null, "ts": 1721981148.510206}]}, "version": 33, "at": 1721981148.510206}
{"obj": {"type": "LogFloats", "path": ["Loss (Train)"], "values": [{"value": 0.2786785960197449, "step": null, "ts": 1721981148.732206}]}, "version": 34, "at": 1721981148.732206}
{"obj": {"type": "LogFloats", "path": ["Gradient norm"], "values": [{"value": 0.9536635908311174, "step": null, "ts": 1721981148.732206}]}, "version": 35, "at": 1721981148.732206}
{"obj": {"type": "LogFloats", "path": ["Loss (Train)"], "values": [{"value": 0.2561148405075073, "step": null, "ts": 1721981148.956206}]}, "version": 36, "at": 1721981148.956206}
{"obj": {"type": "LogFloats", "path": ["Gradient norm"], "values": [{"value": 0.8844643577367073, "step": null, "ts": 1721981148.9572065}]}, "version": 37, "at": 1721981148.9572065}
{"obj": {"type": "LogFloats", "path": ["Loss (Train)"], "values": [{"value": 0.23506583273410797, "step": null, "ts": 1721981149.1802058}]}, "version": 38, "at": 1721981149.1802058}
{"obj": {"type": "LogFloats", "path": ["Gradient norm"], "values": [{"value": 0.8197671682961718, "step": null, "ts": 1721981149.1802058}]}, "version": 39, "at": 1721981149.1802058}
{"obj": {"type": "LogFloats", "path": ["Loss (Train)"], "values": [{"value": 0.2162342369556427, "step": null, "ts": 1721981149.3972077}]}, "version": 40, "at": 1721981149.3972077}
{"obj": {"type": "LogFloats", "path": ["Gradient norm"], "values": [{"value": 0.7734226864464044, "step": null, "ts": 1721981149.3972077}]}, "version": 41, "at": 1721981149.3972077}
{"obj": {"type": "LogFloats", "path": ["Loss (Train)"], "values": [{"value": 0.19940049946308136, "step": null, "ts": 1721981149.6142058}]}, "version": 42, "at": 1721981149.6142058}
{"obj": {"type": "LogFloats", "path": ["Gradient norm"], "values": [{"value": 0.720598913304634, "step": null, "ts": 1721981149.6142058}]}, "version": 43, "at": 1721981149.6142058}
{"obj": {"type": "LogFloats", "path": ["Loss (Train)"], "values": [{"value": 0.18484649062156677, "step": null, "ts": 1721981149.8302062}]}, "version": 44, "at": 1721981149.8302062}
{"obj": {"type": "LogFloats", "path": ["Gradient norm"], "values": [{"value": 0.6837497954184499, "step": null, "ts": 1721981149.8302062}]}, "version": 45, "at": 1721981149.8302062}
{"obj": {"type": "LogFloats", "path": ["Loss (Train)"], "values": [{"value": 0.17051655054092407, "step": null, "ts": 1721981150.0472064}]}, "version": 46, "at": 1721981150.0472064}
{"obj": {"type": "LogFloats", "path": ["Gradient norm"], "values": [{"value": 0.6383999093261775, "step": null, "ts": 1721981150.0472064}]}, "version": 47, "at": 1721981150.0472064}
{"obj": {"type": "LogFloats", "path": ["Loss (Train)"], "values": [{"value": 0.15885329246520996, "step": null, "ts": 1721981150.270206}]}, "version": 48, "at": 1721981150.270206}
{"obj": {"type": "LogFloats", "path": ["Gradient norm"], "values": [{"value": 0.6027873646177049, "step": null, "ts": 1721981150.270206}]}, "version": 49, "at": 1721981150.270206}
{"obj": {"type": "LogFloats", "path": ["Loss (Train)"], "values": [{"value": 0.14703266322612762, "step": null, "ts": 1721981150.4882064}]}, "version": 50, "at": 1721981150.4882064}
{"obj": {"type": "LogFloats", "path": ["Gradient norm"], "values": [{"value": 0.5641922071521587, "step": null, "ts": 1721981150.4882064}]}, "version": 51, "at": 1721981150.4882064}
{"obj": {"type": "LogFloats", "path": ["Loss (Train)"], "values": [{"value": 0.1378428190946579, "step": null, "ts": 1721981150.7052057}]}, "version": 52, "at": 1721981150.7052057}
{"obj": {"type": "LogFloats", "path": ["Gradient norm"], "values": [{"value": 0.533586376146016, "step": null, "ts": 1721981150.7052057}]}, "version": 53, "at": 1721981150.7052057}
{"obj": {"type": "LogFloats", "path": ["Loss (Train)"], "values": [{"value": 0.12867602705955505, "step": null, "ts": 1721981150.9192054}]}, "version": 54, "at": 1721981150.9192054}
{"obj": {"type": "LogFloats", "path": ["Gradient norm"], "values": [{"value": 0.5012505091758646, "step": null, "ts": 1721981150.9192054}]}, "version": 55, "at": 1721981150.9192054}
{"obj": {"type": "LogFloats", "path": ["Loss (Train)"], "values": [{"value": 0.12094966322183609, "step": null, "ts": 1721981151.136206}]}, "version": 56, "at": 1721981151.136206}
{"obj": {"type": "LogFloats", "path": ["Gradient norm"], "values": [{"value": 0.4733358388190063, "step": null, "ts": 1721981151.136206}]}, "version": 57, "at": 1721981151.136206}
{"obj": {"type": "LogFloats", "path": ["Loss (Train)"], "values": [{"value": 0.11393172293901443, "step": null, "ts": 1721981151.372206}]}, "version": 58, "at": 1721981151.372206}
{"obj": {"type": "LogFloats", "path": ["Gradient norm"], "values": [{"value": 0.4474781317195992, "step": null, "ts": 1721981151.372206}]}, "version": 59, "at": 1721981151.372206}
{"obj": {"type": "LogFloats", "path": ["Loss (Train)"], "values": [{"value": 0.1068924143910408, "step": null, "ts": 1721981151.6172078}]}, "version": 60, "at": 1721981151.6172078}
{"obj": {"type": "LogFloats", "path": ["Gradient norm"], "values": [{"value": 0.4205174136993962, "step": null, "ts": 1721981151.6172078}]}, "version": 61, "at": 1721981151.6172078}
{"obj": {"type": "LogFloats", "path": ["Loss (Train)"], "values": [{"value": 0.10132213681936264, "step": null, "ts": 1721981151.859206}]}, "version": 62, "at": 1721981151.859206}
{"obj": {"type": "LogFloats", "path": ["Gradient norm"], "values": [{"value": 0.39878271608814714, "step": null, "ts": 1721981151.859206}]}, "version": 63, "at": 1721981151.859206}
{"obj": {"type": "LogFloats", "path": ["Loss (Train)"], "values": [{"value": 0.09551109373569489, "step": null, "ts": 1721981152.1072063}]}, "version": 64, "at": 1721981152.1072063}
{"obj": {"type": "LogFloats", "path": ["Gradient norm"], "values": [{"value": 0.37578687464378174, "step": null, "ts": 1721981152.1072063}]}, "version": 65, "at": 1721981152.1072063}
{"obj": {"type": "LogFloats", "path": ["Loss (Train)"], "values": [{"value": 0.09073735773563385, "step": null, "ts": 1721981152.358207}]}, "version": 66, "at": 1721981152.358207}
{"obj": {"type": "LogFloats", "path": ["Gradient norm"], "values": [{"value": 0.35680761711106507, "step": null, "ts": 1721981152.358207}]}, "version": 67, "at": 1721981152.358207}
{"obj": {"type": "LogFloats", "path": ["Loss (Train)"], "values": [{"value": 0.08670790493488312, "step": null, "ts": 1721981152.6062064}]}, "version": 68, "at": 1721981152.6062064}
{"obj": {"type": "LogFloats", "path": ["Gradient norm"], "values": [{"value": 0.3391626355119736, "step": null, "ts": 1721981152.6062064}]}, "version": 69, "at": 1721981152.6062064}
{"obj": {"type": "LogFloats", "path": ["Loss (Train)"], "values": [{"value": 0.08236756920814514, "step": null, "ts": 1721981152.8552077}]}, "version": 70, "at": 1721981152.8552077}
{"obj": {"type": "LogFloats", "path": ["Gradient norm"], "values": [{"value": 0.320457033156024, "step": null, "ts": 1721981152.8552077}]}, "version": 71, "at": 1721981152.8552077}
{"obj": {"type": "LogFloats", "path": ["Loss (Train)"], "values": [{"value": 0.07866617292165756, "step": null, "ts": 1721981153.10228}]}, "version": 72, "at": 1721981153.10228}
{"obj": {"type": "LogFloats", "path": ["Gradient norm"], "values": [{"value": 0.30439424321945335, "step": null, "ts": 1721981153.1032786}]}, "version": 73, "at": 1721981153.1032786}
{"obj": {"type": "LogFloats", "path": ["Loss (Train)"], "values": [{"value": 0.07525613903999329, "step": null, "ts": 1721981153.3508916}]}, "version": 74, "at": 1721981153.3508916}
{"obj": {"type": "LogFloats", "path": ["Gradient norm"], "values": [{"value": 0.2894094224074102, "step": null, "ts": 1721981153.3508916}]}, "version": 75, "at": 1721981153.3508916}
{"obj": {"type": "LogFloats", "path": ["Loss (Train)"], "values": [{"value": 0.07157352566719055, "step": null, "ts": 1721981153.5938926}]}, "version": 76, "at": 1721981153.5938926}
{"obj": {"type": "LogFloats", "path": ["Gradient norm"], "values": [{"value": 0.27320279238173234, "step": null, "ts": 1721981153.5938926}]}, "version": 77, "at": 1721981153.5938926}
{"obj": {"type": "LogFloats", "path": ["Loss (Train)"], "values": [{"value": 0.069244384765625, "step": null, "ts": 1721981153.839892}]}, "version": 78, "at": 1721981153.839892}
{"obj": {"type": "LogFloats", "path": ["Gradient norm"], "values": [{"value": 0.26242304281428025, "step": null, "ts": 1721981153.839892}]}, "version": 79, "at": 1721981153.839892}
{"obj": {"type": "LogFloats", "path": ["Loss (Train)"], "values": [{"value": 0.06634663790464401, "step": null, "ts": 1721981154.0848927}]}, "version": 80, "at": 1721981154.0848927}
{"obj": {"type": "LogFloats", "path": ["Gradient norm"], "values": [{"value": 0.24878055159700102, "step": null, "ts": 1721981154.0848927}]}, "version": 81, "at": 1721981154.0848927}
{"obj": {"type": "LogFloats", "path": ["Loss (Train)"], "values": [{"value": 0.0641775131225586, "step": null, "ts": 1721981154.3308923}]}, "version": 82, "at": 1721981154.3308923}
{"obj": {"type": "LogFloats", "path": ["Gradient norm"], "values": [{"value": 0.23874897590868618, "step": null, "ts": 1721981154.3308923}]}, "version": 83, "at": 1721981154.3308923}
{"obj": {"type": "LogFloats", "path": ["Loss (Train)"], "values": [{"value": 0.061535224318504333, "step": null, "ts": 1721981154.5748918}]}, "version": 84, "at": 1721981154.5748918}
{"obj": {"type": "LogFloats", "path": ["Gradient norm"], "values": [{"value": 0.22579978440484694, "step": null, "ts": 1721981154.5748918}]}, "version": 85, "at": 1721981154.5748918}
{"obj": {"type": "LogFloats", "path": ["Loss (Train)"], "values": [{"value": 0.0596977137029171, "step": null, "ts": 1721981154.8168921}]}, "version": 86, "at": 1721981154.8168921}
{"obj": {"type": "LogFloats", "path": ["Gradient norm"], "values": [{"value": 0.2171201046321149, "step": null, "ts": 1721981154.8168921}]}, "version": 87, "at": 1721981154.8168921}
{"obj": {"type": "LogFloats", "path": ["Loss (Train)"], "values": [{"value": 0.05780712887644768, "step": null, "ts": 1721981155.0618935}]}, "version": 88, "at": 1721981155.0618935}
{"obj": {"type": "LogFloats", "path": ["Gradient norm"], "values": [{"value": 0.20831784655606797, "step": null, "ts": 1721981155.0618935}]}, "version": 89, "at": 1721981155.0618935}
{"obj": {"type": "LogFloats", "path": ["Loss (Train)"], "values": [{"value": 0.0561734177172184, "step": null, "ts": 1721981155.3108807}]}, "version": 90, "at": 1721981155.3108807}
{"obj": {"type": "LogFloats", "path": ["Gradient norm"], "values": [{"value": 0.19927819856758444, "step": null, "ts": 1721981155.3108807}]}, "version": 91, "at": 1721981155.3108807}
{"obj": {"type": "LogFloats", "path": ["Loss (Train)"], "values": [{"value": 0.0546441450715065, "step": null, "ts": 1721981155.555881}]}, "version": 92, "at": 1721981155.555881}
{"obj": {"type": "LogFloats", "path": ["Gradient norm"], "values": [{"value": 0.19054761906912196, "step": null, "ts": 1721981155.555881}]}, "version": 93, "at": 1721981155.555881}
{"obj": {"type": "LogFloats", "path": ["Loss (Train)"], "values": [{"value": 0.05267731472849846, "step": null, "ts": 1721981155.8038805}]}, "version": 94, "at": 1721981155.8038805}
{"obj": {"type": "LogFloats", "path": ["Gradient norm"], "values": [{"value": 0.1823205308844859, "step": null, "ts": 1721981155.8038805}]}, "version": 95, "at": 1721981155.8038805}
{"obj": {"type": "LogFloats", "path": ["Loss (Train)"], "values": [{"value": 0.05137510597705841, "step": null, "ts": 1721981156.0688815}]}, "version": 96, "at": 1721981156.0688815}
{"obj": {"type": "LogFloats", "path": ["Gradient norm"], "values": [{"value": 0.17358065359391597, "step": null, "ts": 1721981156.0688815}]}, "version": 97, "at": 1721981156.0688815}
{"obj": {"type": "LogFloats", "path": ["Loss (Train)"], "values": [{"value": 0.049937982112169266, "step": null, "ts": 1721981156.3068812}]}, "version": 98, "at": 1721981156.3068812}
{"obj": {"type": "LogFloats", "path": ["Gradient norm"], "values": [{"value": 0.16612717131600716, "step": null, "ts": 1721981156.3068812}]}, "version": 99, "at": 1721981156.3068812}
{"obj": {"type": "LogFloats", "path": ["Loss (Train)"], "values": [{"value": 0.04862513765692711, "step": null, "ts": 1721981156.5778818}]}, "version": 100, "at": 1721981156.5778818}
{"obj": {"type": "LogFloats", "path": ["Gradient norm"], "values": [{"value": 0.15848059088986038, "step": null, "ts": 1721981156.5778818}]}, "version": 101, "at": 1721981156.5778818}
{"obj": {"type": "LogFloats", "path": ["Loss (Train)"], "values": [{"value": 0.047102369368076324, "step": null, "ts": 1721981156.8168805}]}, "version": 102, "at": 1721981156.8168805}
{"obj": {"type": "LogFloats", "path": ["Gradient norm"], "values": [{"value": 0.15063625786163065, "step": null, "ts": 1721981156.8168805}]}, "version": 103, "at": 1721981156.8168805}
{"obj": {"type": "LogFloats", "path": ["Loss (Train)"], "values": [{"value": 0.04675241932272911, "step": null, "ts": 1721981157.0498805}]}, "version": 104, "at": 1721981157.0498805}
{"obj": {"type": "LogFloats", "path": ["Gradient norm"], "values": [{"value": 0.14773523332531563, "step": null, "ts": 1721981157.0498805}]}, "version": 105, "at": 1721981157.0498805}
{"obj": {"type": "LogFloats", "path": ["Loss (Train)"], "values": [{"value": 0.04590355604887009, "step": null, "ts": 1721981157.2868807}]}, "version": 106, "at": 1721981157.2868807}
{"obj": {"type": "LogFloats", "path": ["Gradient norm"], "values": [{"value": 0.14212990957637717, "step": null, "ts": 1721981157.2868807}]}, "version": 107, "at": 1721981157.2868807}
{"obj": {"type": "LogFloats", "path": ["Loss (Train)"], "values": [{"value": 0.04436511546373367, "step": null, "ts": 1721981157.5218806}]}, "version": 108, "at": 1721981157.5218806}
{"obj": {"type": "LogFloats", "path": ["Gradient norm"], "values": [{"value": 0.13432469717197867, "step": null, "ts": 1721981157.5228808}]}, "version": 109, "at": 1721981157.5228808}
{"obj": {"type": "LogFloats", "path": ["Loss (Train)"], "values": [{"value": 0.04392367601394653, "step": null, "ts": 1721981157.7618804}]}, "version": 110, "at": 1721981157.7618804}
{"obj": {"type": "LogFloats", "path": ["Gradient norm"], "values": [{"value": 0.13174537352644644, "step": null, "ts": 1721981157.7618804}]}, "version": 111, "at": 1721981157.7618804}
{"obj": {"type": "LogFloats", "path": ["Loss (Train)"], "values": [{"value": 0.043241143226623535, "step": null, "ts": 1721981157.9978795}]}, "version": 112, "at": 1721981157.9978795}
{"obj": {"type": "LogFloats", "path": ["Gradient norm"], "values": [{"value": 0.12688934403683494, "step": null, "ts": 1721981157.9978795}]}, "version": 113, "at": 1721981157.9978795}
{"obj": {"type": "LogFloats", "path": ["Loss (Train)"], "values": [{"value": 0.04208533093333244, "step": null, "ts": 1721981158.2358806}]}, "version": 114, "at": 1721981158.2358806}
{"obj": {"type": "LogFloats", "path": ["Gradient norm"], "values": [{"value": 0.1193667950153411, "step": null, "ts": 1721981158.2358806}]}, "version": 115, "at": 1721981158.2358806}
{"obj": {"type": "LogFloats", "path": ["Loss (Train)"], "values": [{"value": 0.04169711098074913, "step": null, "ts": 1721981158.478881}]}, "version": 116, "at": 1721981158.478881}
{"obj": {"type": "LogFloats", "path": ["Gradient norm"], "values": [{"value": 0.11704897172471958, "step": null, "ts": 1721981158.478881}]}, "version": 117, "at": 1721981158.478881}
{"obj": {"type": "LogFloats", "path": ["Loss (Train)"], "values": [{"value": 0.04071919247508049, "step": null, "ts": 1721981158.7138815}]}, "version": 118, "at": 1721981158.7138815}
{"obj": {"type": "LogFloats", "path": ["Gradient norm"], "values": [{"value": 0.11078419165671763, "step": null, "ts": 1721981158.7138815}]}, "version": 119, "at": 1721981158.7138815}
{"obj": {"type": "LogFloats", "path": ["Loss (Train)"], "values": [{"value": 0.04012986272573471, "step": null, "ts": 1721981158.9508805}]}, "version": 120, "at": 1721981158.9508805}
{"obj": {"type": "LogFloats", "path": ["Gradient norm"], "values": [{"value": 0.10722665101311883, "step": null, "ts": 1721981158.9508805}]}, "version": 121, "at": 1721981158.9508805}
{"obj": {"type": "LogFloats", "path": ["Loss (Train)"], "values": [{"value": 0.040013980120420456, "step": null, "ts": 1721981159.1868806}]}, "version": 122, "at": 1721981159.1878815}
{"obj": {"type": "LogFloats", "path": ["Gradient norm"], "values": [{"value": 0.10504010856097545, "step": null, "ts": 1721981159.1878815}]}, "version": 123, "at": 1721981159.1878815}
{"obj": {"type": "LogFloats", "path": ["Loss (Train)"], "values": [{"value": 0.03939364477992058, "step": null, "ts": 1721981159.4308808}]}, "version": 124, "at": 1721981159.4308808}
{"obj": {"type": "LogFloats", "path": ["Gradient norm"], "values": [{"value": 0.1015218681024596, "step": null, "ts": 1721981159.4308808}]}, "version": 125, "at": 1721981159.4308808}
{"obj": {"type": "LogFloats", "path": ["Loss (Train)"], "values": [{"value": 0.03895340859889984, "step": null, "ts": 1721981159.6678813}]}, "version": 126, "at": 1721981159.6678813}
{"obj": {"type": "LogFloats", "path": ["Gradient norm"], "values": [{"value": 0.09878342788973009, "step": null, "ts": 1721981159.6678813}]}, "version": 127, "at": 1721981159.6678813}
{"obj": {"type": "LogFloats", "path": ["Loss (Train)"], "values": [{"value": 0.03838169947266579, "step": null, "ts": 1721981159.9048803}]}, "version": 128, "at": 1721981159.9048803}
{"obj": {"type": "LogFloats", "path": ["Gradient norm"], "values": [{"value": 0.09557209692609087, "step": null, "ts": 1721981159.9048803}]}, "version": 129, "at": 1721981159.9048803}
{"obj": {"type": "LogFloats", "path": ["Loss (Train)"], "values": [{"value": 0.037592045962810516, "step": null, "ts": 1721981160.1438813}]}, "version": 130, "at": 1721981160.1438813}
{"obj": {"type": "LogFloats", "path": ["Gradient norm"], "values": [{"value": 0.09282540044062888, "step": null, "ts": 1721981160.1438813}]}, "version": 131, "at": 1721981160.1438813}
{"obj": {"type": "LogFloats", "path": ["Loss (Train)"], "values": [{"value": 0.03745589777827263, "step": null, "ts": 1721981160.3788807}]}, "version": 132, "at": 1721981160.3788807}
{"obj": {"type": "LogFloats", "path": ["Gradient norm"], "values": [{"value": 0.09104690143020658, "step": null, "ts": 1721981160.3788807}]}, "version": 133, "at": 1721981160.3788807}
{"obj": {"type": "LogFloats", "path": ["Loss (Train)"], "values": [{"value": 0.03715262934565544, "step": null, "ts": 1721981160.6128802}]}, "version": 134, "at": 1721981160.6128802}
{"obj": {"type": "LogFloats", "path": ["Gradient norm"], "values": [{"value": 0.08756781770514716, "step": null, "ts": 1721981160.6128802}]}, "version": 135, "at": 1721981160.6128802}
{"obj": {"type": "LogFloats", "path": ["Loss (Train)"], "values": [{"value": 0.036598265171051025, "step": null, "ts": 1721981160.8578804}]}, "version": 136, "at": 1721981160.8578804}
{"obj": {"type": "LogFloats", "path": ["Gradient norm"], "values": [{"value": 0.08339878851897617, "step": null, "ts": 1721981160.8578804}]}, "version": 137, "at": 1721981160.8578804}
{"obj": {"type": "LogFloats", "path": ["Loss (Train)"], "values": [{"value": 0.036644913256168365, "step": null, "ts": 1721981161.1228802}]}, "version": 138, "at": 1721981161.1228802}
{"obj": {"type": "LogFloats", "path": ["Gradient norm"], "values": [{"value": 0.0828570712202544, "step": null, "ts": 1721981161.1228802}]}, "version": 139, "at": 1721981161.1228802}
{"obj": {"type": "LogFloats", "path": ["Loss (Train)"], "values": [{"value": 0.0360441617667675, "step": null, "ts": 1721981161.3648806}]}, "version": 140, "at": 1721981161.3648806}
{"obj": {"type": "LogFloats", "path": ["Gradient norm"], "values": [{"value": 0.08136800795127287, "step": null, "ts": 1721981161.3648806}]}, "version": 141, "at": 1721981161.3648806}
{"obj": {"type": "LogFloats", "path": ["Loss (Train)"], "values": [{"value": 0.035535216331481934, "step": null, "ts": 1721981161.6048815}]}, "version": 142, "at": 1721981161.6048815}
{"obj": {"type": "LogFloats", "path": ["Gradient norm"], "values": [{"value": 0.07603918993002334, "step": null, "ts": 1721981161.605881}]}, "version": 143, "at": 1721981161.605881}
{"obj": {"type": "LogFloats", "path": ["Loss (Train)"], "values": [{"value": 0.03566037118434906, "step": null, "ts": 1721981161.8448806}]}, "version": 144, "at": 1721981161.8448806}
{"obj": {"type": "LogFloats", "path": ["Gradient norm"], "values": [{"value": 0.07619333926123471, "step": null, "ts": 1721981161.8448806}]}, "version": 145, "at": 1721981161.8448806}
{"obj": {"type": "LogFloats", "path": ["Loss (Train)"], "values": [{"value": 0.035665467381477356, "step": null, "ts": 1721981162.0868804}]}, "version": 146, "at": 1721981162.0868804}
{"obj": {"type": "LogFloats", "path": ["Gradient norm"], "values": [{"value": 0.07738395578441841, "step": null, "ts": 1721981162.0868804}]}, "version": 147, "at": 1721981162.0868804}
{"obj": {"type": "LogFloats", "path": ["Loss (Train)"], "values": [{"value": 0.03533414751291275, "step": null, "ts": 1721981162.326882}]}, "version": 148, "at": 1721981162.326882}
{"obj": {"type": "LogFloats", "path": ["Gradient norm"], "values": [{"value": 0.0740477930529983, "step": null, "ts": 1721981162.326882}]}, "version": 149, "at": 1721981162.326882}
{"obj": {"type": "LogFloats", "path": ["Loss (Train)"], "values": [{"value": 0.03512252867221832, "step": null, "ts": 1721981162.5668812}]}, "version": 150, "at": 1721981162.5668812}
{"obj": {"type": "LogFloats", "path": ["Gradient norm"], "values": [{"value": 0.07271484270205154, "step": null, "ts": 1721981162.5668812}]}, "version": 151, "at": 1721981162.5668812}
{"obj": {"type": "LogFloats", "path": ["Loss (Train)"], "values": [{"value": 0.03463893383741379, "step": null, "ts": 1721981162.800881}]}, "version": 152, "at": 1721981162.800881}
{"obj": {"type": "LogFloats", "path": ["Gradient norm"], "values": [{"value": 0.06876906714609334, "step": null, "ts": 1721981162.800881}]}, "version": 153, "at": 1721981162.800881}
{"obj": {"type": "LogFloats", "path": ["Loss (Train)"], "values": [{"value": 0.03447817265987396, "step": null, "ts": 1721981163.0395494}]}, "version": 154, "at": 1721981163.0395494}
{"obj": {"type": "LogFloats", "path": ["Gradient norm"], "values": [{"value": 0.06775337668812645, "step": null, "ts": 1721981163.0395494}]}, "version": 155, "at": 1721981163.0395494}
{"obj": {"type": "LogFloats", "path": ["Loss (Train)"], "values": [{"value": 0.03419996052980423, "step": null, "ts": 1721981163.2831495}]}, "version": 156, "at": 1721981163.2831495}
{"obj": {"type": "LogFloats", "path": ["Gradient norm"], "values": [{"value": 0.0676908149911158, "step": null, "ts": 1721981163.2831495}]}, "version": 157, "at": 1721981163.2831495}
{"obj": {"type": "LogFloats", "path": ["Loss (Train)"], "values": [{"value": 0.03417619317770004, "step": null, "ts": 1721981163.5241494}]}, "version": 158, "at": 1721981163.5241494}
{"obj": {"type": "LogFloats", "path": ["Gradient norm"], "values": [{"value": 0.06433079555274554, "step": null, "ts": 1721981163.5241494}]}, "version": 159, "at": 1721981163.5241494}
{"obj": {"type": "LogFloats", "path": ["Loss (Train)"], "values": [{"value": 0.0341801792383194, "step": null, "ts": 1721981163.765149}]}, "version": 160, "at": 1721981163.765149}
{"obj": {"type": "LogFloats", "path": ["Gradient norm"], "values": [{"value": 0.06364521582185766, "step": null, "ts": 1721981163.765149}]}, "version": 161, "at": 1721981163.765149}
{"obj": {"type": "LogFloats", "path": ["Loss (Train)"], "values": [{"value": 0.034095101058483124, "step": null, "ts": 1721981164.0051486}]}, "version": 162, "at": 1721981164.0051486}
{"obj": {"type": "LogFloats", "path": ["Gradient norm"], "values": [{"value": 0.06520123147027514, "step": null, "ts": 1721981164.0051486}]}, "version": 163, "at": 1721981164.0051486}
{"obj": {"type": "LogFloats", "path": ["Loss (Train)"], "values": [{"value": 0.033514391630887985, "step": null, "ts": 1721981164.262149}]}, "version": 164, "at": 1721981164.262149}
{"obj": {"type": "LogFloats", "path": ["Gradient norm"], "values": [{"value": 0.06292742291143509, "step": null, "ts": 1721981164.2631488}]}, "version": 165, "at": 1721981164.2631488}
{"obj": {"type": "LogFloats", "path": ["Loss (Train)"], "values": [{"value": 0.03344765678048134, "step": null, "ts": 1721981164.5011487}]}, "version": 166, "at": 1721981164.5011487}
{"obj": {"type": "LogFloats", "path": ["Gradient norm"], "values": [{"value": 0.060313920014522154, "step": null, "ts": 1721981164.5011487}]}, "version": 167, "at": 1721981164.5011487}
{"obj": {"type": "LogFloats", "path": ["Loss (Train)"], "values": [{"value": 0.033564243465662, "step": null, "ts": 1721981164.754149}]}, "version": 168, "at": 1721981164.755149}
{"obj": {"type": "LogFloats", "path": ["Gradient norm"], "values": [{"value": 0.0615113577965833, "step": null, "ts": 1721981164.755149}]}, "version": 169, "at": 1721981164.755149}
{"obj": {"type": "LogFloats", "path": ["Loss (Train)"], "values": [{"value": 0.033546920865774155, "step": null, "ts": 1721981164.9941506}]}, "version": 170, "at": 1721981164.9941506}
{"obj": {"type": "LogFloats", "path": ["Gradient norm"], "values": [{"value": 0.059440670064375034, "step": null, "ts": 1721981164.9951506}]}, "version": 171, "at": 1721981164.9951506}
{"obj": {"type": "LogFloats", "path": ["Loss (Train)"], "values": [{"value": 0.03331797197461128, "step": null, "ts": 1721981165.2181494}]}, "version": 172, "at": 1721981165.2181494}
{"obj": {"type": "LogFloats", "path": ["Gradient norm"], "values": [{"value": 0.06004527150774231, "step": null, "ts": 1721981165.2181494}]}, "version": 173, "at": 1721981165.2181494}
{"obj": {"type": "LogFloats", "path": ["Loss (Train)"], "values": [{"value": 0.03323652967810631, "step": null, "ts": 1721981165.4382844}]}, "version": 174, "at": 1721981165.4382844}
{"obj": {"type": "LogFloats", "path": ["Gradient norm"], "values": [{"value": 0.05919274453052496, "step": null, "ts": 1721981165.4382844}]}, "version": 175, "at": 1721981165.4382844}
{"obj": {"type": "LogFloats", "path": ["Loss (Train)"], "values": [{"value": 0.03290729597210884, "step": null, "ts": 1721981165.647296}]}, "version": 176, "at": 1721981165.647296}
{"obj": {"type": "LogFloats", "path": ["Gradient norm"], "values": [{"value": 0.05648944648873924, "step": null, "ts": 1721981165.647296}]}, "version": 177, "at": 1721981165.647296}
{"obj": {"type": "LogFloats", "path": ["Loss (Train)"], "values": [{"value": 0.033160243183374405, "step": null, "ts": 1721981165.857307}]}, "version": 178, "at": 1721981165.857307}
{"obj": {"type": "LogFloats", "path": ["Gradient norm"], "values": [{"value": 0.06040701527244437, "step": null, "ts": 1721981165.857307}]}, "version": 179, "at": 1721981165.857307}
{"obj": {"type": "LogFloats", "path": ["Loss (Train)"], "values": [{"value": 0.033035386353731155, "step": null, "ts": 1721981166.069317}]}, "version": 180, "at": 1721981166.069317}
{"obj": {"type": "LogFloats", "path": ["Gradient norm"], "values": [{"value": 0.05594655653826241, "step": null, "ts": 1721981166.069317}]}, "version": 181, "at": 1721981166.069317}
{"obj": {"type": "LogFloats", "path": ["Loss (Train)"], "values": [{"value": 0.03286806493997574, "step": null, "ts": 1721981166.280323}]}, "version": 182, "at": 1721981166.280323}
{"obj": {"type": "LogFloats", "path": ["Gradient norm"], "values": [{"value": 0.0581723119822881, "step": null, "ts": 1721981166.280323}]}, "version": 183, "at": 1721981166.280323}
{"obj": {"type": "LogFloats", "path": ["Loss (Train)"], "values": [{"value": 0.03281392157077789, "step": null, "ts": 1721981166.48964}]}, "version": 184, "at": 1721981166.48964}
{"obj": {"type": "LogFloats", "path": ["Gradient norm"], "values": [{"value": 0.053750306561708386, "step": null, "ts": 1721981166.48964}]}, "version": 185, "at": 1721981166.48964}
{"obj": {"type": "LogFloats", "path": ["Loss (Train)"], "values": [{"value": 0.03299150615930557, "step": null, "ts": 1721981166.7026398}]}, "version": 186, "at": 1721981166.7026398}
{"obj": {"type": "LogFloats", "path": ["Gradient norm"], "values": [{"value": 0.056315957261898475, "step": null, "ts": 1721981166.7026398}]}, "version": 187, "at": 1721981166.7026398}
{"obj": {"type": "LogFloats", "path": ["Loss (Train)"], "values": [{"value": 0.03277960047125816, "step": null, "ts": 1721981166.9136367}]}, "version": 188, "at": 1721981166.9136367}
{"obj": {"type": "LogFloats", "path": ["Gradient norm"], "values": [{"value": 0.059158356818897355, "step": null, "ts": 1721981166.9136367}]}, "version": 189, "at": 1721981166.9136367}
{"obj": {"type": "LogFloats", "path": ["Loss (Train)"], "values": [{"value": 0.0327383428812027, "step": null, "ts": 1721981167.1246552}]}, "version": 190, "at": 1721981167.1246552}
{"obj": {"type": "LogFloats", "path": ["Gradient norm"], "values": [{"value": 0.055550774717462705, "step": null, "ts": 1721981167.1246552}]}, "version": 191, "at": 1721981167.1246552}
{"obj": {"type": "LogFloats", "path": ["Loss (Train)"], "values": [{"value": 0.032434478402137756, "step": null, "ts": 1721981167.3396537}]}, "version": 192, "at": 1721981167.3396537}
{"obj": {"type": "LogFloats", "path": ["Gradient norm"], "values": [{"value": 0.05222580585023521, "step": null, "ts": 1721981167.3396537}]}, "version": 193, "at": 1721981167.3396537}
{"obj": {"type": "LogFloats", "path": ["Loss (Train)"], "values": [{"value": 0.03249549865722656, "step": null, "ts": 1721981167.553656}]}, "version": 194, "at": 1721981167.553656}
{"obj": {"type": "LogFloats", "path": ["Gradient norm"], "values": [{"value": 0.0550618677273625, "step": null, "ts": 1721981167.5546565}]}, "version": 195, "at": 1721981167.5546565}
{"obj": {"type": "LogFloats", "path": ["Loss (Train)"], "values": [{"value": 0.032473646104335785, "step": null, "ts": 1721981167.766175}]}, "version": 196, "at": 1721981167.766175}
{"obj": {"type": "LogFloats", "path": ["Gradient norm"], "values": [{"value": 0.05252761988578041, "step": null, "ts": 1721981167.766175}]}, "version": 197, "at": 1721981167.766175}
