{"obj": {"type": "AssignString", "path": ["sys", "name"], "value": "Untitled"}, "version": 1, "at": 1721936824.934093}
{"obj": {"type": "AssignString", "path": ["sys", "description"], "value": ""}, "version": 2, "at": 1721936824.934093}
{"obj": {"type": "AssignString", "path": ["monitoring", "3f773f9b", "hostname"], "value": "DESKTOP-SO4DDQB"}, "version": 3, "at": 1721936824.935094}
{"obj": {"type": "AssignString", "path": ["sys", "hostname"], "value": "DESKTOP-SO4DDQB"}, "version": 4, "at": 1721936824.935094}
{"obj": {"type": "AssignString", "path": ["monitoring", "3f773f9b", "pid"], "value": "17800"}, "version": 5, "at": 1721936824.935094}
{"obj": {"type": "AssignString", "path": ["monitoring", "3f773f9b", "tid"], "value": "4440"}, "version": 6, "at": 1721936824.935094}
{"obj": {"type": "AssignBool", "path": ["sys", "failed"], "value": false}, "version": 7, "at": 1721936824.935094}
{"obj": {"type": "LogFloats", "path": ["Loss (Train)"], "values": [{"value": 0.8887611031532288, "step": null, "ts": 1721936825.3260922}]}, "version": 8, "at": 1721936825.3260922}
{"obj": {"type": "LogFloats", "path": ["Loss (Train)"], "values": [{"value": 6.405720233917236, "step": null, "ts": 1721936825.4250925}]}, "version": 9, "at": 1721936825.4250925}
{"obj": {"type": "LogFloats", "path": ["Loss (Train)"], "values": [{"value": 320.64324951171875, "step": null, "ts": 1721936825.511093}]}, "version": 10, "at": 1721936825.511093}
{"obj": {"type": "LogFloats", "path": ["Loss (Train)"], "values": [{"value": 8.291373252868652, "step": null, "ts": 1721936825.5950944}]}, "version": 11, "at": 1721936825.5950944}
{"obj": {"type": "LogFloats", "path": ["Loss (Train)"], "values": [{"value": 3.7012438774108887, "step": null, "ts": 1721936825.682094}]}, "version": 12, "at": 1721936825.682094}
{"obj": {"type": "LogFloats", "path": ["Loss (Train)"], "values": [{"value": 109.1495361328125, "step": null, "ts": 1721936825.7710936}]}, "version": 13, "at": 1721936825.7710936}
{"obj": {"type": "LogFloats", "path": ["Loss (Train)"], "values": [{"value": 9.030207633972168, "step": null, "ts": 1721936825.860093}]}, "version": 14, "at": 1721936825.860093}
{"obj": {"type": "LogFloats", "path": ["Loss (Train)"], "values": [{"value": 7.636991500854492, "step": null, "ts": 1721936825.951094}]}, "version": 15, "at": 1721936825.951094}
{"obj": {"type": "LogFloats", "path": ["Loss (Train)"], "values": [{"value": 19.120878219604492, "step": null, "ts": 1721936826.0390923}]}, "version": 16, "at": 1721936826.0390923}
{"obj": {"type": "LogFloats", "path": ["Loss (Train)"], "values": [{"value": 16.048175811767578, "step": null, "ts": 1721936826.1280932}]}, "version": 17, "at": 1721936826.1280932}
{"obj": {"type": "LogFloats", "path": ["Loss (Train)"], "values": [{"value": 77.43566131591797, "step": null, "ts": 1721936826.2140932}]}, "version": 18, "at": 1721936826.2140932}
{"obj": {"type": "LogFloats", "path": ["Loss (Train)"], "values": [{"value": 19.282663345336914, "step": null, "ts": 1721936826.3040934}]}, "version": 19, "at": 1721936826.3040934}
{"obj": {"type": "LogFloats", "path": ["Loss (Train)"], "values": [{"value": 334.58319091796875, "step": null, "ts": 1721936826.3920925}]}, "version": 20, "at": 1721936826.3920925}
{"obj": {"type": "LogFloats", "path": ["Loss (Train)"], "values": [{"value": 104.20598602294922, "step": null, "ts": 1721936826.4810925}]}, "version": 21, "at": 1721936826.4810925}
{"obj": {"type": "LogFloats", "path": ["Loss (Train)"], "values": [{"value": 223.69461059570312, "step": null, "ts": 1721936826.5700922}]}, "version": 22, "at": 1721936826.5700922}
{"obj": {"type": "LogFloats", "path": ["Loss (Train)"], "values": [{"value": 124.39917755126953, "step": null, "ts": 1721936826.6610932}]}, "version": 23, "at": 1721936826.6610932}
{"obj": {"type": "LogFloats", "path": ["Loss (Train)"], "values": [{"value": 156.62118530273438, "step": null, "ts": 1721936826.747093}]}, "version": 24, "at": 1721936826.747093}
{"obj": {"type": "LogFloats", "path": ["Loss (Train)"], "values": [{"value": 110.83174896240234, "step": null, "ts": 1721936826.836093}]}, "version": 25, "at": 1721936826.837093}
{"obj": {"type": "LogFloats", "path": ["Loss (Train)"], "values": [{"value": 92.61196899414062, "step": null, "ts": 1721936826.9240987}]}, "version": 26, "at": 1721936826.9240987}
{"obj": {"type": "LogFloats", "path": ["Loss (Train)"], "values": [{"value": 3604.41064453125, "step": null, "ts": 1721936827.012093}]}, "version": 27, "at": 1721936827.012093}
{"obj": {"type": "LogFloats", "path": ["Loss (Train)"], "values": [{"value": 157.02780151367188, "step": null, "ts": 1721936827.0990937}]}, "version": 28, "at": 1721936827.0990937}
{"obj": {"type": "LogFloats", "path": ["Loss (Train)"], "values": [{"value": 274.0475769042969, "step": null, "ts": 1721936827.1890929}]}, "version": 29, "at": 1721936827.1890929}
{"obj": {"type": "LogFloats", "path": ["Loss (Train)"], "values": [{"value": 319.6726379394531, "step": null, "ts": 1721936827.2760925}]}, "version": 30, "at": 1721936827.2760925}
{"obj": {"type": "LogFloats", "path": ["Loss (Train)"], "values": [{"value": 383.8059997558594, "step": null, "ts": 1721936827.3670928}]}, "version": 31, "at": 1721936827.3670928}
{"obj": {"type": "LogFloats", "path": ["Loss (Train)"], "values": [{"value": 406.7832336425781, "step": null, "ts": 1721936827.454093}]}, "version": 32, "at": 1721936827.454093}
{"obj": {"type": "LogFloats", "path": ["Loss (Train)"], "values": [{"value": 445.0331115722656, "step": null, "ts": 1721936827.5450923}]}, "version": 33, "at": 1721936827.5450923}
{"obj": {"type": "LogFloats", "path": ["Loss (Train)"], "values": [{"value": 448.00506591796875, "step": null, "ts": 1721936827.6330934}]}, "version": 34, "at": 1721936827.6330934}
{"obj": {"type": "LogFloats", "path": ["Loss (Train)"], "values": [{"value": 446.0247802734375, "step": null, "ts": 1721936827.7230923}]}, "version": 35, "at": 1721936827.7230923}
{"obj": {"type": "LogFloats", "path": ["Loss (Train)"], "values": [{"value": 338.6365051269531, "step": null, "ts": 1721936827.8120933}]}, "version": 36, "at": 1721936827.8120933}
{"obj": {"type": "LogFloats", "path": ["Loss (Train)"], "values": [{"value": 347.3934326171875, "step": null, "ts": 1721936827.9040933}]}, "version": 37, "at": 1721936827.9040933}
{"obj": {"type": "LogFloats", "path": ["Loss (Train)"], "values": [{"value": 261.00396728515625, "step": null, "ts": 1721936827.9880924}]}, "version": 38, "at": 1721936827.9880924}
{"obj": {"type": "LogFloats", "path": ["Loss (Train)"], "values": [{"value": 237.58921813964844, "step": null, "ts": 1721936828.079093}]}, "version": 39, "at": 1721936828.079093}
{"obj": {"type": "LogFloats", "path": ["Loss (Train)"], "values": [{"value": 194.926513671875, "step": null, "ts": 1721936828.1670933}]}, "version": 40, "at": 1721936828.1670933}
{"obj": {"type": "LogFloats", "path": ["Loss (Train)"], "values": [{"value": 153.46514892578125, "step": null, "ts": 1721936828.2570941}]}, "version": 41, "at": 1721936828.2570941}
{"obj": {"type": "LogFloats", "path": ["Loss (Train)"], "values": [{"value": 134.92930603027344, "step": null, "ts": 1721936828.3470933}]}, "version": 42, "at": 1721936828.3470933}
{"obj": {"type": "LogFloats", "path": ["Loss (Train)"], "values": [{"value": 110.27005767822266, "step": null, "ts": 1721936828.437093}]}, "version": 43, "at": 1721936828.437093}
{"obj": {"type": "LogFloats", "path": ["Loss (Train)"], "values": [{"value": 104.2574462890625, "step": null, "ts": 1721936828.5232797}]}, "version": 44, "at": 1721936828.5232797}
{"obj": {"type": "LogFloats", "path": ["Loss (Train)"], "values": [{"value": 88.1576156616211, "step": null, "ts": 1721936828.61328}]}, "version": 45, "at": 1721936828.61328}
{"obj": {"type": "LogFloats", "path": ["Loss (Train)"], "values": [{"value": 87.32737731933594, "step": null, "ts": 1721936828.7002795}]}, "version": 46, "at": 1721936828.7002795}
{"obj": {"type": "LogFloats", "path": ["Loss (Train)"], "values": [{"value": 96.04896545410156, "step": null, "ts": 1721936828.7918873}]}, "version": 47, "at": 1721936828.7918873}
{"obj": {"type": "LogFloats", "path": ["Loss (Train)"], "values": [{"value": 70.4115219116211, "step": null, "ts": 1721936828.8778868}]}, "version": 48, "at": 1721936828.8778868}
{"obj": {"type": "LogFloats", "path": ["Loss (Train)"], "values": [{"value": 71.1419448852539, "step": null, "ts": 1721936828.9668872}]}, "version": 49, "at": 1721936828.9668872}
{"obj": {"type": "LogFloats", "path": ["Loss (Train)"], "values": [{"value": 56.86331558227539, "step": null, "ts": 1721936829.0528867}]}, "version": 50, "at": 1721936829.0528867}
{"obj": {"type": "LogFloats", "path": ["Loss (Train)"], "values": [{"value": 154.86190795898438, "step": null, "ts": 1721936829.1448867}]}, "version": 51, "at": 1721936829.1448867}
{"obj": {"type": "LogFloats", "path": ["Loss (Train)"], "values": [{"value": 1986.6141357421875, "step": null, "ts": 1721936829.2388868}]}, "version": 52, "at": 1721936829.2388868}
{"obj": {"type": "LogFloats", "path": ["Loss (Train)"], "values": [{"value": 417.82318115234375, "step": null, "ts": 1721936829.332887}]}, "version": 53, "at": 1721936829.332887}
{"obj": {"type": "LogFloats", "path": ["Loss (Train)"], "values": [{"value": 333.6423645019531, "step": null, "ts": 1721936829.4268868}]}, "version": 54, "at": 1721936829.4268868}
{"obj": {"type": "LogFloats", "path": ["Loss (Train)"], "values": [{"value": 418.62164306640625, "step": null, "ts": 1721936829.5218873}]}, "version": 55, "at": 1721936829.5218873}
{"obj": {"type": "LogFloats", "path": ["Loss (Train)"], "values": [{"value": 582.2859497070312, "step": null, "ts": 1721936829.611886}]}, "version": 56, "at": 1721936829.611886}
{"obj": {"type": "LogFloats", "path": ["Loss (Train)"], "values": [{"value": 543.8981323242188, "step": null, "ts": 1721936829.7138865}]}, "version": 57, "at": 1721936829.7138865}
{"obj": {"type": "LogFloats", "path": ["Loss (Train)"], "values": [{"value": 585.985595703125, "step": null, "ts": 1721936829.802887}]}, "version": 58, "at": 1721936829.802887}
{"obj": {"type": "LogFloats", "path": ["Loss (Train)"], "values": [{"value": 558.5944213867188, "step": null, "ts": 1721936829.8938866}]}, "version": 59, "at": 1721936829.8938866}
{"obj": {"type": "LogFloats", "path": ["Loss (Train)"], "values": [{"value": 700.4461669921875, "step": null, "ts": 1721936829.979887}]}, "version": 60, "at": 1721936829.979887}
{"obj": {"type": "LogFloats", "path": ["Loss (Train)"], "values": [{"value": 534.8796997070312, "step": null, "ts": 1721936830.0718865}]}, "version": 61, "at": 1721936830.0718865}
{"obj": {"type": "LogFloats", "path": ["Loss (Train)"], "values": [{"value": 514.5579223632812, "step": null, "ts": 1721936830.1598868}]}, "version": 62, "at": 1721936830.1598868}
{"obj": {"type": "LogFloats", "path": ["Loss (Train)"], "values": [{"value": 470.8965148925781, "step": null, "ts": 1721936830.2558863}]}, "version": 63, "at": 1721936830.2558863}
{"obj": {"type": "LogFloats", "path": ["Loss (Train)"], "values": [{"value": 568.8770141601562, "step": null, "ts": 1721936830.3428864}]}, "version": 64, "at": 1721936830.3428864}
{"obj": {"type": "LogFloats", "path": ["Loss (Train)"], "values": [{"value": 439.9405517578125, "step": null, "ts": 1721936830.4298866}]}, "version": 65, "at": 1721936830.4298866}
{"obj": {"type": "LogFloats", "path": ["Loss (Train)"], "values": [{"value": 434.99066162109375, "step": null, "ts": 1721936830.5198867}]}, "version": 66, "at": 1721936830.5198867}
{"obj": {"type": "LogFloats", "path": ["Loss (Train)"], "values": [{"value": 416.1969909667969, "step": null, "ts": 1721936830.608887}]}, "version": 67, "at": 1721936830.608887}
{"obj": {"type": "LogFloats", "path": ["Loss (Train)"], "values": [{"value": 371.9742126464844, "step": null, "ts": 1721936830.6958864}]}, "version": 68, "at": 1721936830.6958864}
{"obj": {"type": "LogFloats", "path": ["Loss (Train)"], "values": [{"value": 297.7538757324219, "step": null, "ts": 1721936830.7834315}]}, "version": 69, "at": 1721936830.784432}
{"obj": {"type": "LogFloats", "path": ["Loss (Train)"], "values": [{"value": 220.43206787109375, "step": null, "ts": 1721936830.8714309}]}, "version": 70, "at": 1721936830.8714309}
{"obj": {"type": "LogFloats", "path": ["Loss (Train)"], "values": [{"value": 632.010009765625, "step": null, "ts": 1721936830.9614317}]}, "version": 71, "at": 1721936830.9614317}
{"obj": {"type": "LogFloats", "path": ["Loss (Train)"], "values": [{"value": 299.4271240234375, "step": null, "ts": 1721936831.0484312}]}, "version": 72, "at": 1721936831.0484312}
{"obj": {"type": "LogFloats", "path": ["Loss (Train)"], "values": [{"value": 407.8464660644531, "step": null, "ts": 1721936831.1364312}]}, "version": 73, "at": 1721936831.1364312}
{"obj": {"type": "LogFloats", "path": ["Loss (Train)"], "values": [{"value": 486.602294921875, "step": null, "ts": 1721936831.2224312}]}, "version": 74, "at": 1721936831.2224312}
{"obj": {"type": "LogFloats", "path": ["Loss (Train)"], "values": [{"value": 485.6672668457031, "step": null, "ts": 1721936831.312431}]}, "version": 75, "at": 1721936831.312431}
{"obj": {"type": "LogFloats", "path": ["Loss (Train)"], "values": [{"value": 492.37921142578125, "step": null, "ts": 1721936831.399432}]}, "version": 76, "at": 1721936831.399432}
{"obj": {"type": "LogFloats", "path": ["Loss (Train)"], "values": [{"value": 496.7578125, "step": null, "ts": 1721936831.4884307}]}, "version": 77, "at": 1721936831.4884307}
{"obj": {"type": "LogFloats", "path": ["Loss (Train)"], "values": [{"value": 413.6087341308594, "step": null, "ts": 1721936831.574433}]}, "version": 78, "at": 1721936831.574433}
{"obj": {"type": "LogFloats", "path": ["Loss (Train)"], "values": [{"value": 329.58294677734375, "step": null, "ts": 1721936831.6644309}]}, "version": 79, "at": 1721936831.6644309}
{"obj": {"type": "LogFloats", "path": ["Loss (Train)"], "values": [{"value": 349.5072937011719, "step": null, "ts": 1721936831.7504318}]}, "version": 80, "at": 1721936831.7504318}
{"obj": {"type": "LogFloats", "path": ["Loss (Train)"], "values": [{"value": 233.59754943847656, "step": null, "ts": 1721936831.8384311}]}, "version": 81, "at": 1721936831.8384311}
{"obj": {"type": "LogFloats", "path": ["Loss (Train)"], "values": [{"value": 173.50747680664062, "step": null, "ts": 1721936831.9234316}]}, "version": 82, "at": 1721936831.9234316}
{"obj": {"type": "LogFloats", "path": ["Loss (Train)"], "values": [{"value": 126.62152099609375, "step": null, "ts": 1721936832.0124311}]}, "version": 83, "at": 1721936832.0124311}
{"obj": {"type": "LogFloats", "path": ["Loss (Train)"], "values": [{"value": 98.26810455322266, "step": null, "ts": 1721936832.0984318}]}, "version": 84, "at": 1721936832.0984318}
{"obj": {"type": "LogFloats", "path": ["Loss (Train)"], "values": [{"value": 91.71315002441406, "step": null, "ts": 1721936832.1874313}]}, "version": 85, "at": 1721936832.1874313}
{"obj": {"type": "LogFloats", "path": ["Loss (Train)"], "values": [{"value": 72.65897369384766, "step": null, "ts": 1721936832.272431}]}, "version": 86, "at": 1721936832.272431}
{"obj": {"type": "LogFloats", "path": ["Loss (Train)"], "values": [{"value": 156.961181640625, "step": null, "ts": 1721936832.3624318}]}, "version": 87, "at": 1721936832.3624318}
{"obj": {"type": "LogFloats", "path": ["Loss (Train)"], "values": [{"value": 134.298095703125, "step": null, "ts": 1721936832.4514306}]}, "version": 88, "at": 1721936832.4514306}
{"obj": {"type": "LogFloats", "path": ["Loss (Train)"], "values": [{"value": 188.2343292236328, "step": null, "ts": 1721936832.540434}]}, "version": 89, "at": 1721936832.540434}
{"obj": {"type": "LogFloats", "path": ["Loss (Train)"], "values": [{"value": 228.19448852539062, "step": null, "ts": 1721936832.6254303}]}, "version": 90, "at": 1721936832.6254303}
{"obj": {"type": "LogFloats", "path": ["Loss (Train)"], "values": [{"value": 223.68017578125, "step": null, "ts": 1721936832.7154322}]}, "version": 91, "at": 1721936832.7154322}
{"obj": {"type": "LogFloats", "path": ["Loss (Train)"], "values": [{"value": 244.5134735107422, "step": null, "ts": 1721936832.8014312}]}, "version": 92, "at": 1721936832.8014312}
{"obj": {"type": "LogFloats", "path": ["Loss (Train)"], "values": [{"value": 236.8643341064453, "step": null, "ts": 1721936832.8884308}]}, "version": 93, "at": 1721936832.8884308}
{"obj": {"type": "LogFloats", "path": ["Loss (Train)"], "values": [{"value": 193.71072387695312, "step": null, "ts": 1721936832.9744325}]}, "version": 94, "at": 1721936832.9744325}
{"obj": {"type": "LogFloats", "path": ["Loss (Train)"], "values": [{"value": 177.27239990234375, "step": null, "ts": 1721936833.0634313}]}, "version": 95, "at": 1721936833.0634313}
{"obj": {"type": "LogFloats", "path": ["Loss (Train)"], "values": [{"value": 144.43881225585938, "step": null, "ts": 1721936833.1484315}]}, "version": 96, "at": 1721936833.1484315}
{"obj": {"type": "LogFloats", "path": ["Loss (Train)"], "values": [{"value": 148.71766662597656, "step": null, "ts": 1721936833.2374313}]}, "version": 97, "at": 1721936833.2374313}
{"obj": {"type": "LogFloats", "path": ["Loss (Train)"], "values": [{"value": 252.0907745361328, "step": null, "ts": 1721936833.3234386}]}, "version": 98, "at": 1721936833.3234386}
{"obj": {"type": "LogFloats", "path": ["Loss (Train)"], "values": [{"value": 272.29803466796875, "step": null, "ts": 1721936833.408438}]}, "version": 99, "at": 1721936833.408438}
{"obj": {"type": "LogFloats", "path": ["Loss (Train)"], "values": [{"value": 290.887939453125, "step": null, "ts": 1721936833.497438}]}, "version": 100, "at": 1721936833.497438}
{"obj": {"type": "LogFloats", "path": ["Loss (Train)"], "values": [{"value": 299.470458984375, "step": null, "ts": 1721936833.588439}]}, "version": 101, "at": 1721936833.588439}
{"obj": {"type": "LogFloats", "path": ["Loss (Train)"], "values": [{"value": 295.8121337890625, "step": null, "ts": 1721936833.674439}]}, "version": 102, "at": 1721936833.674439}
{"obj": {"type": "LogFloats", "path": ["Loss (Train)"], "values": [{"value": 289.55328369140625, "step": null, "ts": 1721936833.7634382}]}, "version": 103, "at": 1721936833.7634382}
{"obj": {"type": "LogFloats", "path": ["Loss (Train)"], "values": [{"value": 256.5594787597656, "step": null, "ts": 1721936833.8484392}]}, "version": 104, "at": 1721936833.8484392}
{"obj": {"type": "LogFloats", "path": ["Loss (Train)"], "values": [{"value": 201.29345703125, "step": null, "ts": 1721936833.936439}]}, "version": 105, "at": 1721936833.936439}
{"obj": {"type": "LogFloats", "path": ["Loss (Train)"], "values": [{"value": 185.7665557861328, "step": null, "ts": 1721936834.0334387}]}, "version": 106, "at": 1721936834.0334387}
{"obj": {"type": "LogFloats", "path": ["Loss (Train)"], "values": [{"value": 167.7138671875, "step": null, "ts": 1721936834.1254387}]}, "version": 107, "at": 1721936834.1254387}
{"obj": {"type": "LogFloats", "path": ["Loss (Train)"], "values": [{"value": 126.63833618164062, "step": null, "ts": 1721936834.2124386}]}, "version": 108, "at": 1721936834.2124386}
{"obj": {"type": "LogFloats", "path": ["Loss (Train)"], "values": [{"value": 123.81009674072266, "step": null, "ts": 1721936834.307439}]}, "version": 109, "at": 1721936834.307439}
{"obj": {"type": "LogFloats", "path": ["Loss (Train)"], "values": [{"value": 100.81157684326172, "step": null, "ts": 1721936834.3944376}]}, "version": 110, "at": 1721936834.3944376}
{"obj": {"type": "LogFloats", "path": ["Loss (Train)"], "values": [{"value": 92.66990661621094, "step": null, "ts": 1721936834.4844375}]}, "version": 111, "at": 1721936834.4844375}
{"obj": {"type": "LogFloats", "path": ["Loss (Train)"], "values": [{"value": 78.64717864990234, "step": null, "ts": 1721936834.5694375}]}, "version": 112, "at": 1721936834.5694375}
{"obj": {"type": "LogFloats", "path": ["Loss (Train)"], "values": [{"value": 69.3412094116211, "step": null, "ts": 1721936834.6574373}]}, "version": 113, "at": 1721936834.6574373}
{"obj": {"type": "LogFloats", "path": ["Loss (Train)"], "values": [{"value": 78.3693618774414, "step": null, "ts": 1721936834.7434385}]}, "version": 114, "at": 1721936834.7434385}
{"obj": {"type": "LogFloats", "path": ["Loss (Train)"], "values": [{"value": 66.05939483642578, "step": null, "ts": 1721936834.8294377}]}, "version": 115, "at": 1721936834.8294377}
{"obj": {"type": "LogFloats", "path": ["Loss (Train)"], "values": [{"value": 59.44361114501953, "step": null, "ts": 1721936834.91544}]}, "version": 116, "at": 1721936834.91544}
{"obj": {"type": "LogFloats", "path": ["Loss (Train)"], "values": [{"value": 73.39398956298828, "step": null, "ts": 1721936835.0034378}]}, "version": 117, "at": 1721936835.0034378}
{"obj": {"type": "LogFloats", "path": ["Loss (Train)"], "values": [{"value": 69.03018188476562, "step": null, "ts": 1721936835.089439}]}, "version": 118, "at": 1721936835.089439}
{"obj": {"type": "LogFloats", "path": ["Loss (Train)"], "values": [{"value": 252.98252868652344, "step": null, "ts": 1721936835.1794379}]}, "version": 119, "at": 1721936835.1794379}
{"obj": {"type": "LogFloats", "path": ["Loss (Train)"], "values": [{"value": 207.76715087890625, "step": null, "ts": 1721936835.2644384}]}, "version": 120, "at": 1721936835.2644384}
{"obj": {"type": "LogFloats", "path": ["Loss (Train)"], "values": [{"value": 231.90115356445312, "step": null, "ts": 1721936835.3534384}]}, "version": 121, "at": 1721936835.3534384}
{"obj": {"type": "LogFloats", "path": ["Loss (Train)"], "values": [{"value": 237.80758666992188, "step": null, "ts": 1721936835.4364376}]}, "version": 122, "at": 1721936835.4364376}
{"obj": {"type": "LogFloats", "path": ["Loss (Train)"], "values": [{"value": 231.71554565429688, "step": null, "ts": 1721936835.5254374}]}, "version": 123, "at": 1721936835.5254374}
{"obj": {"type": "LogFloats", "path": ["Loss (Train)"], "values": [{"value": 211.55252075195312, "step": null, "ts": 1721936835.610438}]}, "version": 124, "at": 1721936835.610438}
{"obj": {"type": "LogFloats", "path": ["Loss (Train)"], "values": [{"value": 180.40679931640625, "step": null, "ts": 1721936835.6974387}]}, "version": 125, "at": 1721936835.6974387}
{"obj": {"type": "LogFloats", "path": ["Loss (Train)"], "values": [{"value": 266.04583740234375, "step": null, "ts": 1721936835.7854385}]}, "version": 126, "at": 1721936835.7854385}
{"obj": {"type": "LogFloats", "path": ["Loss (Train)"], "values": [{"value": 159.18763732910156, "step": null, "ts": 1721936835.8704374}]}, "version": 127, "at": 1721936835.8704374}
{"obj": {"type": "LogFloats", "path": ["Loss (Train)"], "values": [{"value": 229.59413146972656, "step": null, "ts": 1721936835.9584384}]}, "version": 128, "at": 1721936835.9584384}
{"obj": {"type": "LogFloats", "path": ["Loss (Train)"], "values": [{"value": 210.3544464111328, "step": null, "ts": 1721936836.0464382}]}, "version": 129, "at": 1721936836.0464382}
{"obj": {"type": "LogFloats", "path": ["Loss (Train)"], "values": [{"value": 238.40042114257812, "step": null, "ts": 1721936836.1294386}]}, "version": 130, "at": 1721936836.1294386}
{"obj": {"type": "LogFloats", "path": ["Loss (Train)"], "values": [{"value": 215.68655395507812, "step": null, "ts": 1721936836.2164376}]}, "version": 131, "at": 1721936836.2164376}
{"obj": {"type": "LogFloats", "path": ["Loss (Train)"], "values": [{"value": 188.5087890625, "step": null, "ts": 1721936836.3014374}]}, "version": 132, "at": 1721936836.3014374}
{"obj": {"type": "LogFloats", "path": ["Loss (Train)"], "values": [{"value": 175.85104370117188, "step": null, "ts": 1721936836.3904376}]}, "version": 133, "at": 1721936836.3904376}
{"obj": {"type": "LogFloats", "path": ["Loss (Train)"], "values": [{"value": 124.09575653076172, "step": null, "ts": 1721936836.4734375}]}, "version": 134, "at": 1721936836.4734375}
{"obj": {"type": "LogFloats", "path": ["Loss (Train)"], "values": [{"value": 127.18179321289062, "step": null, "ts": 1721936836.5604393}]}, "version": 135, "at": 1721936836.5604393}
{"obj": {"type": "LogFloats", "path": ["Loss (Train)"], "values": [{"value": 109.61097717285156, "step": null, "ts": 1721936836.6434383}]}, "version": 136, "at": 1721936836.6434383}
{"obj": {"type": "LogFloats", "path": ["Loss (Train)"], "values": [{"value": 79.04788970947266, "step": null, "ts": 1721936836.7314386}]}, "version": 137, "at": 1721936836.7314386}
{"obj": {"type": "LogFloats", "path": ["Loss (Train)"], "values": [{"value": 89.79855346679688, "step": null, "ts": 1721936836.8134487}]}, "version": 138, "at": 1721936836.8134487}
{"obj": {"type": "LogFloats", "path": ["Loss (Train)"], "values": [{"value": 97.75914001464844, "step": null, "ts": 1721936836.9004493}]}, "version": 139, "at": 1721936836.9004493}
{"obj": {"type": "LogFloats", "path": ["Loss (Train)"], "values": [{"value": 93.24031066894531, "step": null, "ts": 1721936836.9834611}]}, "version": 140, "at": 1721936836.9834611}
{"obj": {"type": "LogFloats", "path": ["Loss (Train)"], "values": [{"value": 90.94013214111328, "step": null, "ts": 1721936837.0694687}]}, "version": 141, "at": 1721936837.0694687}
{"obj": {"type": "LogFloats", "path": ["Loss (Train)"], "values": [{"value": 137.09500122070312, "step": null, "ts": 1721936837.1514678}]}, "version": 142, "at": 1721936837.1514678}
{"obj": {"type": "LogFloats", "path": ["Loss (Train)"], "values": [{"value": 150.96881103515625, "step": null, "ts": 1721936837.2374685}]}, "version": 143, "at": 1721936837.2374685}
{"obj": {"type": "LogFloats", "path": ["Loss (Train)"], "values": [{"value": 158.09164428710938, "step": null, "ts": 1721936837.319508}]}, "version": 144, "at": 1721936837.319508}
{"obj": {"type": "LogFloats", "path": ["Loss (Train)"], "values": [{"value": 131.47900390625, "step": null, "ts": 1721936837.405507}]}, "version": 145, "at": 1721936837.405507}
{"obj": {"type": "LogFloats", "path": ["Loss (Train)"], "values": [{"value": 116.00226593017578, "step": null, "ts": 1721936837.4875073}]}, "version": 146, "at": 1721936837.4875073}
{"obj": {"type": "LogFloats", "path": ["Loss (Train)"], "values": [{"value": 79.87407684326172, "step": null, "ts": 1721936837.5735085}]}, "version": 147, "at": 1721936837.5744169}
{"obj": {"type": "LogFloats", "path": ["Loss (Train)"], "values": [{"value": 104.76985931396484, "step": null, "ts": 1721936837.6555207}]}, "version": 148, "at": 1721936837.6555207}
{"obj": {"type": "LogFloats", "path": ["Loss (Train)"], "values": [{"value": 126.48603057861328, "step": null, "ts": 1721936837.742521}]}, "version": 149, "at": 1721936837.742521}
{"obj": {"type": "LogFloats", "path": ["Loss (Train)"], "values": [{"value": 125.28697967529297, "step": null, "ts": 1721936837.8275206}]}, "version": 150, "at": 1721936837.8275206}
{"obj": {"type": "LogFloats", "path": ["Loss (Train)"], "values": [{"value": 127.49396514892578, "step": null, "ts": 1721936837.9165223}]}, "version": 151, "at": 1721936837.9165223}
{"obj": {"type": "LogFloats", "path": ["Loss (Train)"], "values": [{"value": 120.70240020751953, "step": null, "ts": 1721936838.0035205}]}, "version": 152, "at": 1721936838.0035205}
{"obj": {"type": "LogFloats", "path": ["Loss (Train)"], "values": [{"value": 102.81678771972656, "step": null, "ts": 1721936838.0945208}]}, "version": 153, "at": 1721936838.0945208}
{"obj": {"type": "LogFloats", "path": ["Loss (Train)"], "values": [{"value": 104.46880340576172, "step": null, "ts": 1721936838.1805212}]}, "version": 154, "at": 1721936838.1805212}
{"obj": {"type": "LogFloats", "path": ["Loss (Train)"], "values": [{"value": 78.23470306396484, "step": null, "ts": 1721936838.2675214}]}, "version": 155, "at": 1721936838.2675214}
{"obj": {"type": "LogFloats", "path": ["Loss (Train)"], "values": [{"value": 65.85986328125, "step": null, "ts": 1721936838.3525207}]}, "version": 156, "at": 1721936838.3525207}
{"obj": {"type": "LogFloats", "path": ["Loss (Train)"], "values": [{"value": 52.953006744384766, "step": null, "ts": 1721936838.437521}]}, "version": 157, "at": 1721936838.437521}
{"obj": {"type": "LogFloats", "path": ["Loss (Train)"], "values": [{"value": 75.1946792602539, "step": null, "ts": 1721936838.5195858}]}, "version": 158, "at": 1721936838.5195858}
{"obj": {"type": "LogFloats", "path": ["Loss (Train)"], "values": [{"value": 90.6357192993164, "step": null, "ts": 1721936838.6086748}]}, "version": 159, "at": 1721936838.6086748}
{"obj": {"type": "LogFloats", "path": ["Loss (Train)"], "values": [{"value": 100.85853576660156, "step": null, "ts": 1721936838.693185}]}, "version": 160, "at": 1721936838.693185}
{"obj": {"type": "LogFloats", "path": ["Loss (Train)"], "values": [{"value": 109.43143463134766, "step": null, "ts": 1721936838.7797964}]}, "version": 161, "at": 1721936838.7797964}
{"obj": {"type": "LogFloats", "path": ["Loss (Train)"], "values": [{"value": 104.70877075195312, "step": null, "ts": 1721936838.862842}]}, "version": 162, "at": 1721936838.862842}
{"obj": {"type": "LogFloats", "path": ["Loss (Train)"], "values": [{"value": 101.50074768066406, "step": null, "ts": 1721936838.950805}]}, "version": 163, "at": 1721936838.950805}
{"obj": {"type": "LogFloats", "path": ["Loss (Train)"], "values": [{"value": 103.1243896484375, "step": null, "ts": 1721936839.0378108}]}, "version": 164, "at": 1721936839.0378108}
{"obj": {"type": "LogFloats", "path": ["Loss (Train)"], "values": [{"value": 87.19949340820312, "step": null, "ts": 1721936839.1275327}]}, "version": 165, "at": 1721936839.1275327}
{"obj": {"type": "LogFloats", "path": ["Loss (Train)"], "values": [{"value": 71.3954086303711, "step": null, "ts": 1721936839.215535}]}, "version": 166, "at": 1721936839.215535}
{"obj": {"type": "LogFloats", "path": ["Loss (Train)"], "values": [{"value": 75.7004165649414, "step": null, "ts": 1721936839.3045335}]}, "version": 167, "at": 1721936839.3045335}
{"obj": {"type": "LogFloats", "path": ["Loss (Train)"], "values": [{"value": 71.82691192626953, "step": null, "ts": 1721936839.3915336}]}, "version": 168, "at": 1721936839.3915336}
{"obj": {"type": "LogFloats", "path": ["Loss (Train)"], "values": [{"value": 68.23714447021484, "step": null, "ts": 1721936839.4815328}]}, "version": 169, "at": 1721936839.4815328}
{"obj": {"type": "LogFloats", "path": ["Loss (Train)"], "values": [{"value": 56.66551971435547, "step": null, "ts": 1721936839.569533}]}, "version": 170, "at": 1721936839.569533}
{"obj": {"type": "LogFloats", "path": ["Loss (Train)"], "values": [{"value": 46.88314437866211, "step": null, "ts": 1721936839.6615334}]}, "version": 171, "at": 1721936839.6615334}
{"obj": {"type": "LogFloats", "path": ["Loss (Train)"], "values": [{"value": 42.84775161743164, "step": null, "ts": 1721936839.747537}]}, "version": 172, "at": 1721936839.747537}
{"obj": {"type": "LogFloats", "path": ["Loss (Train)"], "values": [{"value": 36.60861587524414, "step": null, "ts": 1721936839.8365328}]}, "version": 173, "at": 1721936839.8365328}
{"obj": {"type": "LogFloats", "path": ["Loss (Train)"], "values": [{"value": 37.03496551513672, "step": null, "ts": 1721936839.9265335}]}, "version": 174, "at": 1721936839.9265335}
{"obj": {"type": "LogFloats", "path": ["Loss (Train)"], "values": [{"value": 38.890953063964844, "step": null, "ts": 1721936840.0175343}]}, "version": 175, "at": 1721936840.0185351}
{"obj": {"type": "LogFloats", "path": ["Loss (Train)"], "values": [{"value": 35.592079162597656, "step": null, "ts": 1721936840.1075332}]}, "version": 176, "at": 1721936840.1075332}
{"obj": {"type": "LogFloats", "path": ["Loss (Train)"], "values": [{"value": 52.64255142211914, "step": null, "ts": 1721936840.2025335}]}, "version": 177, "at": 1721936840.2025335}
{"obj": {"type": "LogFloats", "path": ["Loss (Train)"], "values": [{"value": 56.67616653442383, "step": null, "ts": 1721936840.286546}]}, "version": 178, "at": 1721936840.286546}
