{"obj": {"type": "AssignString", "path": ["sys", "name"], "value": "Untitled"}, "version": 1, "at": 1721937619.2908545}
{"obj": {"type": "AssignString", "path": ["sys", "description"], "value": ""}, "version": 2, "at": 1721937619.2908545}
{"obj": {"type": "AssignString", "path": ["monitoring", "e3296fad", "hostname"], "value": "DESKTOP-SO4DDQB"}, "version": 3, "at": 1721937619.2908545}
{"obj": {"type": "AssignString", "path": ["sys", "hostname"], "value": "DESKTOP-SO4DDQB"}, "version": 4, "at": 1721937619.291855}
{"obj": {"type": "AssignString", "path": ["monitoring", "e3296fad", "pid"], "value": "23700"}, "version": 5, "at": 1721937619.291855}
{"obj": {"type": "AssignString", "path": ["monitoring", "e3296fad", "tid"], "value": "21280"}, "version": 6, "at": 1721937619.291855}
{"obj": {"type": "AssignBool", "path": ["sys", "failed"], "value": false}, "version": 7, "at": 1721937619.291855}
{"obj": {"type": "LogFloats", "path": ["Loss (Train)"], "values": [{"value": 0.7310404777526855, "step": null, "ts": 1721937619.7148328}]}, "version": 8, "at": 1721937619.7148328}
{"obj": {"type": "LogFloats", "path": ["Gradient norm"], "values": [{"value": 0.6897125812336822, "step": null, "ts": 1721937619.7148328}]}, "version": 9, "at": 1721937619.7148328}
{"obj": {"type": "LogFloats", "path": ["Loss (Train)"], "values": [{"value": 0.2958768308162689, "step": null, "ts": 1721937619.8370693}]}, "version": 10, "at": 1721937619.838069}
{"obj": {"type": "LogFloats", "path": ["Gradient norm"], "values": [{"value": 1.0053841869880797, "step": null, "ts": 1721937619.838069}]}, "version": 11, "at": 1721937619.838069}
{"obj": {"type": "LogFloats", "path": ["Loss (Train)"], "values": [{"value": 0.048512838780879974, "step": null, "ts": 1721937619.9520676}]}, "version": 12, "at": 1721937619.9520676}
{"obj": {"type": "LogFloats", "path": ["Gradient norm"], "values": [{"value": 0.1504428996858547, "step": null, "ts": 1721937619.9520676}]}, "version": 13, "at": 1721937619.9520676}
{"obj": {"type": "LogFloats", "path": ["Loss (Train)"], "values": [{"value": 0.07670764625072479, "step": null, "ts": 1721937620.0590692}]}, "version": 14, "at": 1721937620.0600686}
{"obj": {"type": "LogFloats", "path": ["Gradient norm"], "values": [{"value": 0.12140020584778892, "step": null, "ts": 1721937620.0600686}]}, "version": 15, "at": 1721937620.0600686}
{"obj": {"type": "LogFloats", "path": ["Loss (Train)"], "values": [{"value": 0.07270300388336182, "step": null, "ts": 1721937620.1620681}]}, "version": 16, "at": 1721937620.1620681}
{"obj": {"type": "LogFloats", "path": ["Gradient norm"], "values": [{"value": 0.11423286680734596, "step": null, "ts": 1721937620.1620681}]}, "version": 17, "at": 1721937620.1620681}
{"obj": {"type": "LogFloats", "path": ["Loss (Train)"], "values": [{"value": 0.04590436816215515, "step": null, "ts": 1721937620.2680693}]}, "version": 18, "at": 1721937620.2680693}
{"obj": {"type": "LogFloats", "path": ["Gradient norm"], "values": [{"value": 0.2622812579399547, "step": null, "ts": 1721937620.2690692}]}, "version": 19, "at": 1721937620.2690692}
{"obj": {"type": "LogFloats", "path": ["Loss (Train)"], "values": [{"value": 0.06507953256368637, "step": null, "ts": 1721937620.3880682}]}, "version": 20, "at": 1721937620.3880682}
{"obj": {"type": "LogFloats", "path": ["Gradient norm"], "values": [{"value": 0.30840487065193684, "step": null, "ts": 1721937620.3880682}]}, "version": 21, "at": 1721937620.3880682}
{"obj": {"type": "LogFloats", "path": ["Loss (Train)"], "values": [{"value": 0.0459168516099453, "step": null, "ts": 1721937620.5420685}]}, "version": 22, "at": 1721937620.5420685}
{"obj": {"type": "LogFloats", "path": ["Gradient norm"], "values": [{"value": 0.06718752345836357, "step": null, "ts": 1721937620.5420685}]}, "version": 23, "at": 1721937620.5420685}
{"obj": {"type": "LogFloats", "path": ["Loss (Train)"], "values": [{"value": 0.06183374300599098, "step": null, "ts": 1721937620.6470754}]}, "version": 24, "at": 1721937620.6470754}
{"obj": {"type": "LogFloats", "path": ["Gradient norm"], "values": [{"value": 0.08513724820184954, "step": null, "ts": 1721937620.6470754}]}, "version": 25, "at": 1721937620.6470754}
{"obj": {"type": "LogFloats", "path": ["Loss (Train)"], "values": [{"value": 0.06225878745317459, "step": null, "ts": 1721937620.7520754}]}, "version": 26, "at": 1721937620.7520754}
{"obj": {"type": "LogFloats", "path": ["Gradient norm"], "values": [{"value": 0.08394304999018343, "step": null, "ts": 1721937620.7520754}]}, "version": 27, "at": 1721937620.7520754}
{"obj": {"type": "LogFloats", "path": ["Loss (Train)"], "values": [{"value": 0.053916819393634796, "step": null, "ts": 1721937620.8560755}]}, "version": 28, "at": 1721937620.8560755}
{"obj": {"type": "LogFloats", "path": ["Gradient norm"], "values": [{"value": 0.07050214790951938, "step": null, "ts": 1721937620.8560755}]}, "version": 29, "at": 1721937620.8560755}
{"obj": {"type": "LogFloats", "path": ["Loss (Train)"], "values": [{"value": 0.04300513118505478, "step": null, "ts": 1721937620.9590762}]}, "version": 30, "at": 1721937620.9590762}
{"obj": {"type": "LogFloats", "path": ["Gradient norm"], "values": [{"value": 0.05264927761538495, "step": null, "ts": 1721937620.960076}]}, "version": 31, "at": 1721937620.960076}
{"obj": {"type": "LogFloats", "path": ["Loss (Train)"], "values": [{"value": 0.03426218777894974, "step": null, "ts": 1721937621.1108527}]}, "version": 32, "at": 1721937621.1108527}
{"obj": {"type": "LogFloats", "path": ["Gradient norm"], "values": [{"value": 0.02844066703271357, "step": null, "ts": 1721937621.1108527}]}, "version": 33, "at": 1721937621.1108527}
{"obj": {"type": "LogFloats", "path": ["Loss (Train)"], "values": [{"value": 0.03740500658750534, "step": null, "ts": 1721937621.217365}]}, "version": 34, "at": 1721937621.2183647}
{"obj": {"type": "LogFloats", "path": ["Gradient norm"], "values": [{"value": 0.04948835986725537, "step": null, "ts": 1721937621.2183647}]}, "version": 35, "at": 1721937621.2183647}
{"obj": {"type": "LogFloats", "path": ["Loss (Train)"], "values": [{"value": 0.03671223670244217, "step": null, "ts": 1721937621.3223634}]}, "version": 36, "at": 1721937621.3223634}
{"obj": {"type": "LogFloats", "path": ["Gradient norm"], "values": [{"value": 0.04521277059338614, "step": null, "ts": 1721937621.3223634}]}, "version": 37, "at": 1721937621.3233645}
{"obj": {"type": "LogFloats", "path": ["Loss (Train)"], "values": [{"value": 0.033651042729616165, "step": null, "ts": 1721937621.4474094}]}, "version": 38, "at": 1721937621.4474094}
{"obj": {"type": "LogFloats", "path": ["Gradient norm"], "values": [{"value": 0.0278889549982489, "step": null, "ts": 1721937621.4484048}]}, "version": 39, "at": 1721937621.4484048}
{"obj": {"type": "LogFloats", "path": ["Loss (Train)"], "values": [{"value": 0.03312036767601967, "step": null, "ts": 1721937621.5874045}]}, "version": 40, "at": 1721937621.5874045}
{"obj": {"type": "LogFloats", "path": ["Gradient norm"], "values": [{"value": 0.02172326927575102, "step": null, "ts": 1721937621.5874045}]}, "version": 41, "at": 1721937621.5874045}
{"obj": {"type": "LogFloats", "path": ["Loss (Train)"], "values": [{"value": 0.033635951578617096, "step": null, "ts": 1721937621.7504148}]}, "version": 42, "at": 1721937621.7504148}
{"obj": {"type": "LogFloats", "path": ["Gradient norm"], "values": [{"value": 0.02485010823723618, "step": null, "ts": 1721937621.7504148}]}, "version": 43, "at": 1721937621.7504148}
{"obj": {"type": "LogFloats", "path": ["Loss (Train)"], "values": [{"value": 0.033110227435827255, "step": null, "ts": 1721937621.9054124}]}, "version": 44, "at": 1721937621.9054124}
{"obj": {"type": "LogFloats", "path": ["Gradient norm"], "values": [{"value": 0.024283753991627754, "step": null, "ts": 1721937621.9054124}]}, "version": 45, "at": 1721937621.9054124}
{"obj": {"type": "LogFloats", "path": ["Loss (Train)"], "values": [{"value": 0.032315559685230255, "step": null, "ts": 1721937622.0294132}]}, "version": 46, "at": 1721937622.0294132}
{"obj": {"type": "LogFloats", "path": ["Gradient norm"], "values": [{"value": 0.01993563445863989, "step": null, "ts": 1721937622.0294132}]}, "version": 47, "at": 1721937622.0294132}
{"obj": {"type": "LogFloats", "path": ["Loss (Train)"], "values": [{"value": 0.0337965153157711, "step": null, "ts": 1721937622.169413}]}, "version": 48, "at": 1721937622.169413}
{"obj": {"type": "LogFloats", "path": ["Gradient norm"], "values": [{"value": 0.045229186225894336, "step": null, "ts": 1721937622.169413}]}, "version": 49, "at": 1721937622.169413}
{"obj": {"type": "LogFloats", "path": ["Loss (Train)"], "values": [{"value": 0.03278788924217224, "step": null, "ts": 1721937622.286412}]}, "version": 50, "at": 1721937622.286412}
{"obj": {"type": "LogFloats", "path": ["Gradient norm"], "values": [{"value": 0.01939474547580353, "step": null, "ts": 1721937622.2874126}]}, "version": 51, "at": 1721937622.2874126}
{"obj": {"type": "LogFloats", "path": ["Loss (Train)"], "values": [{"value": 0.03308624029159546, "step": null, "ts": 1721937622.412413}]}, "version": 52, "at": 1721937622.412413}
{"obj": {"type": "LogFloats", "path": ["Gradient norm"], "values": [{"value": 0.022475917070142928, "step": null, "ts": 1721937622.412413}]}, "version": 53, "at": 1721937622.412413}
{"obj": {"type": "LogFloats", "path": ["Loss (Train)"], "values": [{"value": 0.03295862302184105, "step": null, "ts": 1721937622.5274136}]}, "version": 54, "at": 1721937622.5274136}
{"obj": {"type": "LogFloats", "path": ["Gradient norm"], "values": [{"value": 0.021053783325096304, "step": null, "ts": 1721937622.5274136}]}, "version": 55, "at": 1721937622.5274136}
{"obj": {"type": "LogFloats", "path": ["Loss (Train)"], "values": [{"value": 0.03230740502476692, "step": null, "ts": 1721937622.6374116}]}, "version": 56, "at": 1721937622.6374116}
{"obj": {"type": "LogFloats", "path": ["Gradient norm"], "values": [{"value": 0.01773783745000976, "step": null, "ts": 1721937622.6374116}]}, "version": 57, "at": 1721937622.6374116}
{"obj": {"type": "LogFloats", "path": ["Loss (Train)"], "values": [{"value": 0.03224071115255356, "step": null, "ts": 1721937622.7514114}]}, "version": 58, "at": 1721937622.7514114}
{"obj": {"type": "LogFloats", "path": ["Gradient norm"], "values": [{"value": 0.018212583152749644, "step": null, "ts": 1721937622.7514114}]}, "version": 59, "at": 1721937622.7514114}
{"obj": {"type": "LogFloats", "path": ["Loss (Train)"], "values": [{"value": 0.03257061541080475, "step": null, "ts": 1721937622.8694122}]}, "version": 60, "at": 1721937622.8694122}
{"obj": {"type": "LogFloats", "path": ["Gradient norm"], "values": [{"value": 0.020595681973999524, "step": null, "ts": 1721937622.8694122}]}, "version": 61, "at": 1721937622.8694122}
{"obj": {"type": "LogFloats", "path": ["Loss (Train)"], "values": [{"value": 0.032505929470062256, "step": null, "ts": 1721937623.0014117}]}, "version": 62, "at": 1721937623.0024116}
{"obj": {"type": "LogFloats", "path": ["Gradient norm"], "values": [{"value": 0.018692530733838354, "step": null, "ts": 1721937623.0024116}]}, "version": 63, "at": 1721937623.0024116}
{"obj": {"type": "LogFloats", "path": ["Loss (Train)"], "values": [{"value": 0.03207084909081459, "step": null, "ts": 1721937623.1174128}]}, "version": 64, "at": 1721937623.1174128}
{"obj": {"type": "LogFloats", "path": ["Gradient norm"], "values": [{"value": 0.01837698001071099, "step": null, "ts": 1721937623.1174128}]}, "version": 65, "at": 1721937623.1174128}
{"obj": {"type": "LogFloats", "path": ["Loss (Train)"], "values": [{"value": 0.0321536548435688, "step": null, "ts": 1721937623.2624128}]}, "version": 66, "at": 1721937623.2624128}
{"obj": {"type": "LogFloats", "path": ["Gradient norm"], "values": [{"value": 0.01786314946030653, "step": null, "ts": 1721937623.2624128}]}, "version": 67, "at": 1721937623.2624128}
{"obj": {"type": "LogFloats", "path": ["Loss (Train)"], "values": [{"value": 0.03281917795538902, "step": null, "ts": 1721937623.3924124}]}, "version": 68, "at": 1721937623.3924124}
{"obj": {"type": "LogFloats", "path": ["Gradient norm"], "values": [{"value": 0.018376701973492147, "step": null, "ts": 1721937623.3924124}]}, "version": 69, "at": 1721937623.3924124}
{"obj": {"type": "LogFloats", "path": ["Loss (Train)"], "values": [{"value": 0.0322209857404232, "step": null, "ts": 1721937623.5034118}]}, "version": 70, "at": 1721937623.5034118}
{"obj": {"type": "LogFloats", "path": ["Gradient norm"], "values": [{"value": 0.01747386455936109, "step": null, "ts": 1721937623.5044122}]}, "version": 71, "at": 1721937623.5044122}
{"obj": {"type": "LogFloats", "path": ["Loss (Train)"], "values": [{"value": 0.032588761299848557, "step": null, "ts": 1721937623.6144133}]}, "version": 72, "at": 1721937623.6144133}
{"obj": {"type": "LogFloats", "path": ["Gradient norm"], "values": [{"value": 0.017970467002484593, "step": null, "ts": 1721937623.6144133}]}, "version": 73, "at": 1721937623.6144133}
{"obj": {"type": "LogFloats", "path": ["Loss (Train)"], "values": [{"value": 0.03223592787981033, "step": null, "ts": 1721937623.7254124}]}, "version": 74, "at": 1721937623.726412}
{"obj": {"type": "LogFloats", "path": ["Gradient norm"], "values": [{"value": 0.016592932555773307, "step": null, "ts": 1721937623.726412}]}, "version": 75, "at": 1721937623.726412}
{"obj": {"type": "LogFloats", "path": ["Loss (Train)"], "values": [{"value": 0.03215671330690384, "step": null, "ts": 1721937623.8394132}]}, "version": 76, "at": 1721937623.8394132}
{"obj": {"type": "LogFloats", "path": ["Gradient norm"], "values": [{"value": 0.01668272715198723, "step": null, "ts": 1721937623.8394132}]}, "version": 77, "at": 1721937623.8394132}
{"obj": {"type": "LogFloats", "path": ["Loss (Train)"], "values": [{"value": 0.03274262696504593, "step": null, "ts": 1721937623.9744117}]}, "version": 78, "at": 1721937623.9744117}
{"obj": {"type": "LogFloats", "path": ["Gradient norm"], "values": [{"value": 0.016628290639539973, "step": null, "ts": 1721937623.9744117}]}, "version": 79, "at": 1721937623.9744117}
{"obj": {"type": "LogFloats", "path": ["Loss (Train)"], "values": [{"value": 0.03225484862923622, "step": null, "ts": 1721937624.0944123}]}, "version": 80, "at": 1721937624.0944123}
{"obj": {"type": "LogFloats", "path": ["Gradient norm"], "values": [{"value": 0.01677863973561238, "step": null, "ts": 1721937624.0944123}]}, "version": 81, "at": 1721937624.0944123}
{"obj": {"type": "LogFloats", "path": ["Loss (Train)"], "values": [{"value": 0.032345473766326904, "step": null, "ts": 1721937624.2054138}]}, "version": 82, "at": 1721937624.2054138}
{"obj": {"type": "LogFloats", "path": ["Gradient norm"], "values": [{"value": 0.015770411473315368, "step": null, "ts": 1721937624.2054138}]}, "version": 83, "at": 1721937624.2054138}
{"obj": {"type": "LogFloats", "path": ["Loss (Train)"], "values": [{"value": 0.0321158803999424, "step": null, "ts": 1721937624.322411}]}, "version": 84, "at": 1721937624.322411}
{"obj": {"type": "LogFloats", "path": ["Gradient norm"], "values": [{"value": 0.015252730216639213, "step": null, "ts": 1721937624.322411}]}, "version": 85, "at": 1721937624.322411}
{"obj": {"type": "LogFloats", "path": ["Loss (Train)"], "values": [{"value": 0.032304685562849045, "step": null, "ts": 1721937624.4374115}]}, "version": 86, "at": 1721937624.4374115}
{"obj": {"type": "LogFloats", "path": ["Gradient norm"], "values": [{"value": 0.015030512241009996, "step": null, "ts": 1721937624.4374115}]}, "version": 87, "at": 1721937624.4374115}
{"obj": {"type": "LogFloats", "path": ["Loss (Train)"], "values": [{"value": 0.03240274265408516, "step": null, "ts": 1721937624.5784123}]}, "version": 88, "at": 1721937624.5784123}
{"obj": {"type": "LogFloats", "path": ["Gradient norm"], "values": [{"value": 0.015647238427966358, "step": null, "ts": 1721937624.5784123}]}, "version": 89, "at": 1721937624.5784123}
{"obj": {"type": "LogFloats", "path": ["Loss (Train)"], "values": [{"value": 0.03183180093765259, "step": null, "ts": 1721937624.7024114}]}, "version": 90, "at": 1721937624.7024114}
{"obj": {"type": "LogFloats", "path": ["Gradient norm"], "values": [{"value": 0.013767057585204107, "step": null, "ts": 1721937624.7024114}]}, "version": 91, "at": 1721937624.7024114}
{"obj": {"type": "LogFloats", "path": ["Loss (Train)"], "values": [{"value": 0.03241552785038948, "step": null, "ts": 1721937624.8174133}]}, "version": 92, "at": 1721937624.8174133}
{"obj": {"type": "LogFloats", "path": ["Gradient norm"], "values": [{"value": 0.015493530152026577, "step": null, "ts": 1721937624.8174133}]}, "version": 93, "at": 1721937624.8174133}
{"obj": {"type": "LogFloats", "path": ["Loss (Train)"], "values": [{"value": 0.03207099437713623, "step": null, "ts": 1721937624.929412}]}, "version": 94, "at": 1721937624.929412}
{"obj": {"type": "LogFloats", "path": ["Gradient norm"], "values": [{"value": 0.01557829493015211, "step": null, "ts": 1721937624.929412}]}, "version": 95, "at": 1721937624.929412}
{"obj": {"type": "LogFloats", "path": ["Loss (Train)"], "values": [{"value": 0.03200957924127579, "step": null, "ts": 1721937625.0424123}]}, "version": 96, "at": 1721937625.0424123}
{"obj": {"type": "LogFloats", "path": ["Gradient norm"], "values": [{"value": 0.013879608063803983, "step": null, "ts": 1721937625.0434122}]}, "version": 97, "at": 1721937625.0434122}
{"obj": {"type": "LogFloats", "path": ["Loss (Train)"], "values": [{"value": 0.03242776170372963, "step": null, "ts": 1721937625.1864133}]}, "version": 98, "at": 1721937625.1864133}
{"obj": {"type": "LogFloats", "path": ["Gradient norm"], "values": [{"value": 0.01667214257186197, "step": null, "ts": 1721937625.1864133}]}, "version": 99, "at": 1721937625.1864133}
{"obj": {"type": "LogFloats", "path": ["Loss (Train)"], "values": [{"value": 0.03202304616570473, "step": null, "ts": 1721937625.305411}]}, "version": 100, "at": 1721937625.305411}
{"obj": {"type": "LogFloats", "path": ["Gradient norm"], "values": [{"value": 0.015458787557375507, "step": null, "ts": 1721937625.305411}]}, "version": 101, "at": 1721937625.305411}
{"obj": {"type": "LogFloats", "path": ["Loss (Train)"], "values": [{"value": 0.03189372271299362, "step": null, "ts": 1721937625.4194138}]}, "version": 102, "at": 1721937625.4194138}
{"obj": {"type": "LogFloats", "path": ["Gradient norm"], "values": [{"value": 0.0146010123873985, "step": null, "ts": 1721937625.4194138}]}, "version": 103, "at": 1721937625.4194138}
{"obj": {"type": "LogFloats", "path": ["Loss (Train)"], "values": [{"value": 0.03208378702402115, "step": null, "ts": 1721937625.5604124}]}, "version": 104, "at": 1721937625.5604124}
{"obj": {"type": "LogFloats", "path": ["Gradient norm"], "values": [{"value": 0.0151760798953937, "step": null, "ts": 1721937625.561412}]}, "version": 105, "at": 1721937625.561412}
{"obj": {"type": "LogFloats", "path": ["Loss (Train)"], "values": [{"value": 0.031849976629018784, "step": null, "ts": 1721937625.6734118}]}, "version": 106, "at": 1721937625.6734118}
{"obj": {"type": "LogFloats", "path": ["Gradient norm"], "values": [{"value": 0.014497631815511622, "step": null, "ts": 1721937625.6734118}]}, "version": 107, "at": 1721937625.6734118}
{"obj": {"type": "LogFloats", "path": ["Loss (Train)"], "values": [{"value": 0.031727928668260574, "step": null, "ts": 1721937625.785412}]}, "version": 108, "at": 1721937625.785412}
{"obj": {"type": "LogFloats", "path": ["Gradient norm"], "values": [{"value": 0.013745796638317258, "step": null, "ts": 1721937625.785412}]}, "version": 109, "at": 1721937625.785412}
{"obj": {"type": "LogFloats", "path": ["Loss (Train)"], "values": [{"value": 0.0323735810816288, "step": null, "ts": 1721937625.9164124}]}, "version": 110, "at": 1721937625.9164124}
{"obj": {"type": "LogFloats", "path": ["Gradient norm"], "values": [{"value": 0.014347456673555763, "step": null, "ts": 1721937625.9164124}]}, "version": 111, "at": 1721937625.9164124}
{"obj": {"type": "LogFloats", "path": ["Loss (Train)"], "values": [{"value": 0.03201531246304512, "step": null, "ts": 1721937626.0294137}]}, "version": 112, "at": 1721937626.0294137}
{"obj": {"type": "LogFloats", "path": ["Gradient norm"], "values": [{"value": 0.014016876005917119, "step": null, "ts": 1721937626.0294137}]}, "version": 113, "at": 1721937626.0294137}
{"obj": {"type": "LogFloats", "path": ["Loss (Train)"], "values": [{"value": 0.031991422176361084, "step": null, "ts": 1721937626.1384125}]}, "version": 114, "at": 1721937626.1384125}
{"obj": {"type": "LogFloats", "path": ["Gradient norm"], "values": [{"value": 0.014274043825721896, "step": null, "ts": 1721937626.1384125}]}, "version": 115, "at": 1721937626.1384125}
{"obj": {"type": "LogFloats", "path": ["Loss (Train)"], "values": [{"value": 0.03165890648961067, "step": null, "ts": 1721937626.2534137}]}, "version": 116, "at": 1721937626.2534137}
{"obj": {"type": "LogFloats", "path": ["Gradient norm"], "values": [{"value": 0.01463200681504417, "step": null, "ts": 1721937626.2534137}]}, "version": 117, "at": 1721937626.2534137}
{"obj": {"type": "LogFloats", "path": ["Loss (Train)"], "values": [{"value": 0.032055411487817764, "step": null, "ts": 1721937626.363414}]}, "version": 118, "at": 1721937626.363414}
{"obj": {"type": "LogFloats", "path": ["Gradient norm"], "values": [{"value": 0.014144777018405011, "step": null, "ts": 1721937626.363414}]}, "version": 119, "at": 1721937626.363414}
{"obj": {"type": "LogFloats", "path": ["Loss (Train)"], "values": [{"value": 0.03236586973071098, "step": null, "ts": 1721937626.4764118}]}, "version": 120, "at": 1721937626.4764118}
{"obj": {"type": "LogFloats", "path": ["Gradient norm"], "values": [{"value": 0.01529939515053729, "step": null, "ts": 1721937626.4764118}]}, "version": 121, "at": 1721937626.4764118}
{"obj": {"type": "LogFloats", "path": ["Loss (Train)"], "values": [{"value": 0.03212248161435127, "step": null, "ts": 1721937626.5824137}]}, "version": 122, "at": 1721937626.5824137}
{"obj": {"type": "LogFloats", "path": ["Gradient norm"], "values": [{"value": 0.01428831886388469, "step": null, "ts": 1721937626.5824137}]}, "version": 123, "at": 1721937626.5824137}
{"obj": {"type": "LogFloats", "path": ["Loss (Train)"], "values": [{"value": 0.03211839869618416, "step": null, "ts": 1721937626.7424135}]}, "version": 124, "at": 1721937626.7424135}
{"obj": {"type": "LogFloats", "path": ["Gradient norm"], "values": [{"value": 0.013319825640595378, "step": null, "ts": 1721937626.7424135}]}, "version": 125, "at": 1721937626.7424135}
{"obj": {"type": "LogFloats", "path": ["Loss (Train)"], "values": [{"value": 0.03194771707057953, "step": null, "ts": 1721937626.8564131}]}, "version": 126, "at": 1721937626.8564131}
{"obj": {"type": "LogFloats", "path": ["Gradient norm"], "values": [{"value": 0.014771737820398284, "step": null, "ts": 1721937626.8564131}]}, "version": 127, "at": 1721937626.8564131}
{"obj": {"type": "LogFloats", "path": ["Loss (Train)"], "values": [{"value": 0.031587641686201096, "step": null, "ts": 1721937626.9684134}]}, "version": 128, "at": 1721937626.9684134}
{"obj": {"type": "LogFloats", "path": ["Gradient norm"], "values": [{"value": 0.014250791707605433, "step": null, "ts": 1721937626.9684134}]}, "version": 129, "at": 1721937626.9684134}
{"obj": {"type": "LogFloats", "path": ["Loss (Train)"], "values": [{"value": 0.031885016709566116, "step": null, "ts": 1721937627.119412}]}, "version": 130, "at": 1721937627.119412}
{"obj": {"type": "LogFloats", "path": ["Gradient norm"], "values": [{"value": 0.014525089922310358, "step": null, "ts": 1721937627.119412}]}, "version": 131, "at": 1721937627.119412}
{"obj": {"type": "LogFloats", "path": ["Loss (Train)"], "values": [{"value": 0.03199917823076248, "step": null, "ts": 1721937627.231411}]}, "version": 132, "at": 1721937627.231411}
{"obj": {"type": "LogFloats", "path": ["Gradient norm"], "values": [{"value": 0.013969593968364074, "step": null, "ts": 1721937627.231411}]}, "version": 133, "at": 1721937627.231411}
{"obj": {"type": "LogFloats", "path": ["Loss (Train)"], "values": [{"value": 0.03233546018600464, "step": null, "ts": 1721937627.340412}]}, "version": 134, "at": 1721937627.340412}
{"obj": {"type": "LogFloats", "path": ["Gradient norm"], "values": [{"value": 0.014937669252815882, "step": null, "ts": 1721937627.340412}]}, "version": 135, "at": 1721937627.340412}
{"obj": {"type": "LogFloats", "path": ["Loss (Train)"], "values": [{"value": 0.03229537978768349, "step": null, "ts": 1721937627.473411}]}, "version": 136, "at": 1721937627.473411}
{"obj": {"type": "LogFloats", "path": ["Gradient norm"], "values": [{"value": 0.013871304094389277, "step": null, "ts": 1721937627.473411}]}, "version": 137, "at": 1721937627.473411}
{"obj": {"type": "LogFloats", "path": ["Loss (Train)"], "values": [{"value": 0.03208257630467415, "step": null, "ts": 1721937627.592412}]}, "version": 138, "at": 1721937627.592412}
{"obj": {"type": "LogFloats", "path": ["Gradient norm"], "values": [{"value": 0.013057565160139296, "step": null, "ts": 1721937627.592412}]}, "version": 139, "at": 1721937627.592412}
{"obj": {"type": "LogFloats", "path": ["Loss (Train)"], "values": [{"value": 0.032020892947912216, "step": null, "ts": 1721937627.7034123}]}, "version": 140, "at": 1721937627.7034123}
{"obj": {"type": "LogFloats", "path": ["Gradient norm"], "values": [{"value": 0.014296654507755238, "step": null, "ts": 1721937627.7034123}]}, "version": 141, "at": 1721937627.7034123}
{"obj": {"type": "LogFloats", "path": ["Loss (Train)"], "values": [{"value": 0.03192503750324249, "step": null, "ts": 1721937627.8094132}]}, "version": 142, "at": 1721937627.8094132}
{"obj": {"type": "LogFloats", "path": ["Gradient norm"], "values": [{"value": 0.013650203466815062, "step": null, "ts": 1721937627.8094132}]}, "version": 143, "at": 1721937627.8094132}
{"obj": {"type": "LogFloats", "path": ["Loss (Train)"], "values": [{"value": 0.03253407031297684, "step": null, "ts": 1721937627.919412}]}, "version": 144, "at": 1721937627.919412}
{"obj": {"type": "LogFloats", "path": ["Gradient norm"], "values": [{"value": 0.015002527668287918, "step": null, "ts": 1721937627.919412}]}, "version": 145, "at": 1721937627.919412}
{"obj": {"type": "LogFloats", "path": ["Loss (Train)"], "values": [{"value": 0.03158938139677048, "step": null, "ts": 1721937628.0334136}]}, "version": 146, "at": 1721937628.0344145}
{"obj": {"type": "LogFloats", "path": ["Gradient norm"], "values": [{"value": 0.014208688190351417, "step": null, "ts": 1721937628.0344145}]}, "version": 147, "at": 1721937628.0344145}
{"obj": {"type": "LogFloats", "path": ["Loss (Train)"], "values": [{"value": 0.03189492225646973, "step": null, "ts": 1721937628.1804118}]}, "version": 148, "at": 1721937628.1804118}
{"obj": {"type": "LogFloats", "path": ["Gradient norm"], "values": [{"value": 0.01404435694119828, "step": null, "ts": 1721937628.1804118}]}, "version": 149, "at": 1721937628.1804118}
{"obj": {"type": "LogFloats", "path": ["Loss (Train)"], "values": [{"value": 0.03201809152960777, "step": null, "ts": 1721937628.3014126}]}, "version": 150, "at": 1721937628.3014126}
{"obj": {"type": "LogFloats", "path": ["Gradient norm"], "values": [{"value": 0.014605681518025373, "step": null, "ts": 1721937628.3014126}]}, "version": 151, "at": 1721937628.3014126}
{"obj": {"type": "LogFloats", "path": ["Loss (Train)"], "values": [{"value": 0.03209633380174637, "step": null, "ts": 1721937628.4184122}]}, "version": 152, "at": 1721937628.4184122}
{"obj": {"type": "LogFloats", "path": ["Gradient norm"], "values": [{"value": 0.014338756225002134, "step": null, "ts": 1721937628.4184122}]}, "version": 153, "at": 1721937628.4184122}
{"obj": {"type": "LogFloats", "path": ["Loss (Train)"], "values": [{"value": 0.03203604742884636, "step": null, "ts": 1721937628.536412}]}, "version": 154, "at": 1721937628.536412}
{"obj": {"type": "LogFloats", "path": ["Gradient norm"], "values": [{"value": 0.014738732004980626, "step": null, "ts": 1721937628.536412}]}, "version": 155, "at": 1721937628.536412}
{"obj": {"type": "LogFloats", "path": ["Loss (Train)"], "values": [{"value": 0.03195510432124138, "step": null, "ts": 1721937628.6464136}]}, "version": 156, "at": 1721937628.6464136}
{"obj": {"type": "LogFloats", "path": ["Gradient norm"], "values": [{"value": 0.0132859702333769, "step": null, "ts": 1721937628.6464136}]}, "version": 157, "at": 1721937628.6464136}
{"obj": {"type": "LogFloats", "path": ["Loss (Train)"], "values": [{"value": 0.031571853905916214, "step": null, "ts": 1721937628.7534127}]}, "version": 158, "at": 1721937628.7534127}
{"obj": {"type": "LogFloats", "path": ["Gradient norm"], "values": [{"value": 0.01301073279623458, "step": null, "ts": 1721937628.7534127}]}, "version": 159, "at": 1721937628.7534127}
{"obj": {"type": "LogFloats", "path": ["Loss (Train)"], "values": [{"value": 0.032342880964279175, "step": null, "ts": 1721937628.861412}]}, "version": 160, "at": 1721937628.861412}
{"obj": {"type": "LogFloats", "path": ["Gradient norm"], "values": [{"value": 0.013314417860585482, "step": null, "ts": 1721937628.861412}]}, "version": 161, "at": 1721937628.861412}
{"obj": {"type": "LogFloats", "path": ["Loss (Train)"], "values": [{"value": 0.03223037347197533, "step": null, "ts": 1721937628.9674573}]}, "version": 162, "at": 1721937628.9674573}
{"obj": {"type": "LogFloats", "path": ["Gradient norm"], "values": [{"value": 0.012390271930156896, "step": null, "ts": 1721937628.9674573}]}, "version": 163, "at": 1721937628.9674573}
{"obj": {"type": "LogFloats", "path": ["Loss (Train)"], "values": [{"value": 0.032258134335279465, "step": null, "ts": 1721937629.0685713}]}, "version": 164, "at": 1721937629.0685713}
{"obj": {"type": "LogFloats", "path": ["Gradient norm"], "values": [{"value": 0.014041858824294384, "step": null, "ts": 1721937629.0685713}]}, "version": 165, "at": 1721937629.0685713}
{"obj": {"type": "LogFloats", "path": ["Loss (Train)"], "values": [{"value": 0.03221415355801582, "step": null, "ts": 1721937629.1725712}]}, "version": 166, "at": 1721937629.1725712}
{"obj": {"type": "LogFloats", "path": ["Gradient norm"], "values": [{"value": 0.014136716682886638, "step": null, "ts": 1721937629.1725712}]}, "version": 167, "at": 1721937629.1725712}
{"obj": {"type": "LogFloats", "path": ["Loss (Train)"], "values": [{"value": 0.032576121389865875, "step": null, "ts": 1721937629.2736769}]}, "version": 168, "at": 1721937629.2736769}
{"obj": {"type": "LogFloats", "path": ["Gradient norm"], "values": [{"value": 0.015227665733887046, "step": null, "ts": 1721937629.2736769}]}, "version": 169, "at": 1721937629.2736769}
{"obj": {"type": "LogFloats", "path": ["Loss (Train)"], "values": [{"value": 0.03233066573739052, "step": null, "ts": 1721937629.3766763}]}, "version": 170, "at": 1721937629.3766763}
{"obj": {"type": "LogFloats", "path": ["Gradient norm"], "values": [{"value": 0.013633545543870525, "step": null, "ts": 1721937629.3766763}]}, "version": 171, "at": 1721937629.3766763}
{"obj": {"type": "LogFloats", "path": ["Loss (Train)"], "values": [{"value": 0.03229575231671333, "step": null, "ts": 1721937629.475676}]}, "version": 172, "at": 1721937629.475676}
{"obj": {"type": "LogFloats", "path": ["Gradient norm"], "values": [{"value": 0.012947984095088325, "step": null, "ts": 1721937629.475676}]}, "version": 173, "at": 1721937629.475676}
{"obj": {"type": "LogFloats", "path": ["Loss (Train)"], "values": [{"value": 0.03218114376068115, "step": null, "ts": 1721937629.5801833}]}, "version": 174, "at": 1721937629.5801833}
{"obj": {"type": "LogFloats", "path": ["Gradient norm"], "values": [{"value": 0.013518978444932332, "step": null, "ts": 1721937629.5811832}]}, "version": 175, "at": 1721937629.5811832}
{"obj": {"type": "LogFloats", "path": ["Loss (Train)"], "values": [{"value": 0.03203229606151581, "step": null, "ts": 1721937629.6846926}]}, "version": 176, "at": 1721937629.6846926}
{"obj": {"type": "LogFloats", "path": ["Gradient norm"], "values": [{"value": 0.013881032548635996, "step": null, "ts": 1721937629.6846926}]}, "version": 177, "at": 1721937629.6846926}
{"obj": {"type": "LogFloats", "path": ["Loss (Train)"], "values": [{"value": 0.03201061487197876, "step": null, "ts": 1721937629.7886925}]}, "version": 178, "at": 1721937629.7886925}
{"obj": {"type": "LogFloats", "path": ["Gradient norm"], "values": [{"value": 0.012505112813471442, "step": null, "ts": 1721937629.7886925}]}, "version": 179, "at": 1721937629.7886925}
{"obj": {"type": "LogFloats", "path": ["Loss (Train)"], "values": [{"value": 0.031906161457300186, "step": null, "ts": 1721937629.8846924}]}, "version": 180, "at": 1721937629.8846924}
{"obj": {"type": "LogFloats", "path": ["Gradient norm"], "values": [{"value": 0.013066923633181396, "step": null, "ts": 1721937629.8846924}]}, "version": 181, "at": 1721937629.8846924}
{"obj": {"type": "LogFloats", "path": ["Loss (Train)"], "values": [{"value": 0.031678203493356705, "step": null, "ts": 1721937629.9896924}]}, "version": 182, "at": 1721937629.9896924}
{"obj": {"type": "LogFloats", "path": ["Gradient norm"], "values": [{"value": 0.012762780773729592, "step": null, "ts": 1721937629.9896924}]}, "version": 183, "at": 1721937629.9896924}
{"obj": {"type": "LogFloats", "path": ["Loss (Train)"], "values": [{"value": 0.03248496726155281, "step": null, "ts": 1721937630.0896924}]}, "version": 184, "at": 1721937630.0896924}
{"obj": {"type": "LogFloats", "path": ["Gradient norm"], "values": [{"value": 0.013003849946240162, "step": null, "ts": 1721937630.0896924}]}, "version": 185, "at": 1721937630.0896924}
{"obj": {"type": "LogFloats", "path": ["Loss (Train)"], "values": [{"value": 0.03217509016394615, "step": null, "ts": 1721937630.1946924}]}, "version": 186, "at": 1721937630.1946924}
{"obj": {"type": "LogFloats", "path": ["Gradient norm"], "values": [{"value": 0.01307642117630741, "step": null, "ts": 1721937630.1946924}]}, "version": 187, "at": 1721937630.1946924}
{"obj": {"type": "LogFloats", "path": ["Loss (Train)"], "values": [{"value": 0.03200558200478554, "step": null, "ts": 1721937630.2976918}]}, "version": 188, "at": 1721937630.2976918}
{"obj": {"type": "LogFloats", "path": ["Gradient norm"], "values": [{"value": 0.012003330954902476, "step": null, "ts": 1721937630.2976918}]}, "version": 189, "at": 1721937630.2976918}
{"obj": {"type": "LogFloats", "path": ["Loss (Train)"], "values": [{"value": 0.03208516165614128, "step": null, "ts": 1721937630.4046934}]}, "version": 190, "at": 1721937630.4046934}
{"obj": {"type": "LogFloats", "path": ["Gradient norm"], "values": [{"value": 0.01236613676839787, "step": null, "ts": 1721937630.4046934}]}, "version": 191, "at": 1721937630.4046934}
{"obj": {"type": "LogFloats", "path": ["Loss (Train)"], "values": [{"value": 0.032325033098459244, "step": null, "ts": 1721937630.5276947}]}, "version": 192, "at": 1721937630.5276947}
{"obj": {"type": "LogFloats", "path": ["Gradient norm"], "values": [{"value": 0.013246682354159168, "step": null, "ts": 1721937630.5276947}]}, "version": 193, "at": 1721937630.5276947}
{"obj": {"type": "LogFloats", "path": ["Loss (Train)"], "values": [{"value": 0.032585497945547104, "step": null, "ts": 1721937630.6276927}]}, "version": 194, "at": 1721937630.6276927}
{"obj": {"type": "LogFloats", "path": ["Gradient norm"], "values": [{"value": 0.014185146431581306, "step": null, "ts": 1721937630.6276927}]}, "version": 195, "at": 1721937630.6276927}
{"obj": {"type": "LogFloats", "path": ["Loss (Train)"], "values": [{"value": 0.03216036409139633, "step": null, "ts": 1721937630.723693}]}, "version": 196, "at": 1721937630.723693}
{"obj": {"type": "LogFloats", "path": ["Gradient norm"], "values": [{"value": 0.01226748450423099, "step": null, "ts": 1721937630.723693}]}, "version": 197, "at": 1721937630.723693}
{"obj": {"type": "LogFloats", "path": ["Loss (Train)"], "values": [{"value": 0.031581178307533264, "step": null, "ts": 1721937630.8226929}]}, "version": 198, "at": 1721937630.8226929}
{"obj": {"type": "LogFloats", "path": ["Gradient norm"], "values": [{"value": 0.012575764879070828, "step": null, "ts": 1721937630.8226929}]}, "version": 199, "at": 1721937630.8226929}
{"obj": {"type": "LogFloats", "path": ["Loss (Train)"], "values": [{"value": 0.031995128840208054, "step": null, "ts": 1721937630.9176922}]}, "version": 200, "at": 1721937630.9176922}
{"obj": {"type": "LogFloats", "path": ["Gradient norm"], "values": [{"value": 0.012386254836254213, "step": null, "ts": 1721937630.9176922}]}, "version": 201, "at": 1721937630.9176922}
{"obj": {"type": "LogFloats", "path": ["Loss (Train)"], "values": [{"value": 0.03152158483862877, "step": null, "ts": 1721937631.018693}]}, "version": 202, "at": 1721937631.018693}
{"obj": {"type": "LogFloats", "path": ["Gradient norm"], "values": [{"value": 0.012487258760936024, "step": null, "ts": 1721937631.018693}]}, "version": 203, "at": 1721937631.018693}
{"obj": {"type": "LogFloats", "path": ["Loss (Train)"], "values": [{"value": 0.032091572880744934, "step": null, "ts": 1721937631.1186938}]}, "version": 204, "at": 1721937631.1186938}
{"obj": {"type": "LogFloats", "path": ["Gradient norm"], "values": [{"value": 0.013142095838949468, "step": null, "ts": 1721937631.1186938}]}, "version": 205, "at": 1721937631.1186938}
{"obj": {"type": "LogFloats", "path": ["Loss (Train)"], "values": [{"value": 0.03162091225385666, "step": null, "ts": 1721937631.2185748}]}, "version": 206, "at": 1721937631.2185748}
{"obj": {"type": "LogFloats", "path": ["Gradient norm"], "values": [{"value": 0.013170466336675412, "step": null, "ts": 1721937631.2185748}]}, "version": 207, "at": 1721937631.2185748}
{"obj": {"type": "LogFloats", "path": ["Loss (Train)"], "values": [{"value": 0.032005008310079575, "step": null, "ts": 1721937631.3165958}]}, "version": 208, "at": 1721937631.3165958}
{"obj": {"type": "LogFloats", "path": ["Gradient norm"], "values": [{"value": 0.011877936908722754, "step": null, "ts": 1721937631.3165958}]}, "version": 209, "at": 1721937631.3165958}
{"obj": {"type": "LogFloats", "path": ["Loss (Train)"], "values": [{"value": 0.03203778341412544, "step": null, "ts": 1721937631.4175947}]}, "version": 210, "at": 1721937631.4175947}
{"obj": {"type": "LogFloats", "path": ["Gradient norm"], "values": [{"value": 0.012957075866532811, "step": null, "ts": 1721937631.4175947}]}, "version": 211, "at": 1721937631.4175947}
{"obj": {"type": "LogFloats", "path": ["Loss (Train)"], "values": [{"value": 0.03217734396457672, "step": null, "ts": 1721937631.5178428}]}, "version": 212, "at": 1721937631.5178428}
{"obj": {"type": "LogFloats", "path": ["Gradient norm"], "values": [{"value": 0.012838588642769773, "step": null, "ts": 1721937631.5178428}]}, "version": 213, "at": 1721937631.5178428}
{"obj": {"type": "LogFloats", "path": ["Loss (Train)"], "values": [{"value": 0.03190140053629875, "step": null, "ts": 1721937631.616845}]}, "version": 214, "at": 1721937631.616845}
{"obj": {"type": "LogFloats", "path": ["Gradient norm"], "values": [{"value": 0.012676337565984484, "step": null, "ts": 1721937631.616845}]}, "version": 215, "at": 1721937631.616845}
{"obj": {"type": "LogFloats", "path": ["Loss (Train)"], "values": [{"value": 0.03207341209053993, "step": null, "ts": 1721937631.7138429}]}, "version": 216, "at": 1721937631.7138429}
{"obj": {"type": "LogFloats", "path": ["Gradient norm"], "values": [{"value": 0.012930054446374767, "step": null, "ts": 1721937631.7138429}]}, "version": 217, "at": 1721937631.7138429}
{"obj": {"type": "LogFloats", "path": ["Loss (Train)"], "values": [{"value": 0.0319904088973999, "step": null, "ts": 1721937631.8118436}]}, "version": 218, "at": 1721937631.8118436}
{"obj": {"type": "LogFloats", "path": ["Gradient norm"], "values": [{"value": 0.012359695705808263, "step": null, "ts": 1721937631.8118436}]}, "version": 219, "at": 1721937631.8118436}
{"obj": {"type": "LogFloats", "path": ["Loss (Train)"], "values": [{"value": 0.03173142671585083, "step": null, "ts": 1721937631.9108424}]}, "version": 220, "at": 1721937631.9108424}
{"obj": {"type": "LogFloats", "path": ["Gradient norm"], "values": [{"value": 0.012244081519953317, "step": null, "ts": 1721937631.9108424}]}, "version": 221, "at": 1721937631.9108424}
{"obj": {"type": "LogFloats", "path": ["Loss (Train)"], "values": [{"value": 0.03223167732357979, "step": null, "ts": 1721937632.0148516}]}, "version": 222, "at": 1721937632.0148516}
{"obj": {"type": "LogFloats", "path": ["Gradient norm"], "values": [{"value": 0.01262872363398639, "step": null, "ts": 1721937632.0148516}]}, "version": 223, "at": 1721937632.0148516}
{"obj": {"type": "LogFloats", "path": ["Loss (Train)"], "values": [{"value": 0.031989920884370804, "step": null, "ts": 1721937632.1208522}]}, "version": 224, "at": 1721937632.1208522}
{"obj": {"type": "LogFloats", "path": ["Gradient norm"], "values": [{"value": 0.012310870352670155, "step": null, "ts": 1721937632.1208522}]}, "version": 225, "at": 1721937632.1208522}
{"obj": {"type": "LogFloats", "path": ["Loss (Train)"], "values": [{"value": 0.031872592866420746, "step": null, "ts": 1721937632.231852}]}, "version": 226, "at": 1721937632.231852}
{"obj": {"type": "LogFloats", "path": ["Gradient norm"], "values": [{"value": 0.01246546864345638, "step": null, "ts": 1721937632.231852}]}, "version": 227, "at": 1721937632.231852}
{"obj": {"type": "LogFloats", "path": ["Loss (Train)"], "values": [{"value": 0.03223380073904991, "step": null, "ts": 1721937632.3368504}]}, "version": 228, "at": 1721937632.3368504}
{"obj": {"type": "LogFloats", "path": ["Gradient norm"], "values": [{"value": 0.012863416593156738, "step": null, "ts": 1721937632.3368504}]}, "version": 229, "at": 1721937632.3368504}
{"obj": {"type": "LogFloats", "path": ["Loss (Train)"], "values": [{"value": 0.031812842935323715, "step": null, "ts": 1721937632.4438503}]}, "version": 230, "at": 1721937632.4438503}
{"obj": {"type": "LogFloats", "path": ["Gradient norm"], "values": [{"value": 0.012413529357582305, "step": null, "ts": 1721937632.4438503}]}, "version": 231, "at": 1721937632.4438503}
{"obj": {"type": "LogFloats", "path": ["Loss (Train)"], "values": [{"value": 0.032372668385505676, "step": null, "ts": 1721937632.5488522}]}, "version": 232, "at": 1721937632.5498521}
{"obj": {"type": "LogFloats", "path": ["Gradient norm"], "values": [{"value": 0.013336578326360635, "step": null, "ts": 1721937632.5498521}]}, "version": 233, "at": 1721937632.5498521}
{"obj": {"type": "LogFloats", "path": ["Loss (Train)"], "values": [{"value": 0.031964559108018875, "step": null, "ts": 1721937632.656852}]}, "version": 234, "at": 1721937632.656852}
{"obj": {"type": "LogFloats", "path": ["Gradient norm"], "values": [{"value": 0.01215902143111054, "step": null, "ts": 1721937632.656852}]}, "version": 235, "at": 1721937632.656852}
{"obj": {"type": "LogFloats", "path": ["Loss (Train)"], "values": [{"value": 0.031913574784994125, "step": null, "ts": 1721937632.7628524}]}, "version": 236, "at": 1721937632.7628524}
{"obj": {"type": "LogFloats", "path": ["Gradient norm"], "values": [{"value": 0.01259710464503514, "step": null, "ts": 1721937632.763853}]}, "version": 237, "at": 1721937632.763853}
{"obj": {"type": "LogFloats", "path": ["Loss (Train)"], "values": [{"value": 0.03213930502533913, "step": null, "ts": 1721937632.8678503}]}, "version": 238, "at": 1721937632.8678503}
{"obj": {"type": "LogFloats", "path": ["Gradient norm"], "values": [{"value": 0.012958061946563805, "step": null, "ts": 1721937632.8678503}]}, "version": 239, "at": 1721937632.8678503}
{"obj": {"type": "LogFloats", "path": ["Loss (Train)"], "values": [{"value": 0.032060567289590836, "step": null, "ts": 1721937632.974852}]}, "version": 240, "at": 1721937632.974852}
{"obj": {"type": "LogFloats", "path": ["Gradient norm"], "values": [{"value": 0.013031713791109659, "step": null, "ts": 1721937632.974852}]}, "version": 241, "at": 1721937632.974852}
{"obj": {"type": "LogFloats", "path": ["Loss (Train)"], "values": [{"value": 0.03225112706422806, "step": null, "ts": 1721937633.0838504}]}, "version": 242, "at": 1721937633.0838504}
{"obj": {"type": "LogFloats", "path": ["Gradient norm"], "values": [{"value": 0.012594782564326615, "step": null, "ts": 1721937633.0838504}]}, "version": 243, "at": 1721937633.0838504}
{"obj": {"type": "LogFloats", "path": ["Loss (Train)"], "values": [{"value": 0.031951140612363815, "step": null, "ts": 1721937633.1858497}]}, "version": 244, "at": 1721937633.1858497}
{"obj": {"type": "LogFloats", "path": ["Gradient norm"], "values": [{"value": 0.012747067943667175, "step": null, "ts": 1721937633.1858497}]}, "version": 245, "at": 1721937633.1858497}
{"obj": {"type": "LogFloats", "path": ["Loss (Train)"], "values": [{"value": 0.032096315175294876, "step": null, "ts": 1721937633.2938502}]}, "version": 246, "at": 1721937633.2938502}
{"obj": {"type": "LogFloats", "path": ["Gradient norm"], "values": [{"value": 0.01390304851198697, "step": null, "ts": 1721937633.2938502}]}, "version": 247, "at": 1721937633.2938502}
{"obj": {"type": "LogFloats", "path": ["Loss (Train)"], "values": [{"value": 0.03195921704173088, "step": null, "ts": 1721937633.403852}]}, "version": 248, "at": 1721937633.403852}
{"obj": {"type": "LogFloats", "path": ["Gradient norm"], "values": [{"value": 0.012261539430247336, "step": null, "ts": 1721937633.403852}]}, "version": 249, "at": 1721937633.403852}
{"obj": {"type": "LogFloats", "path": ["Loss (Train)"], "values": [{"value": 0.03208975866436958, "step": null, "ts": 1721937633.5178516}]}, "version": 250, "at": 1721937633.5178516}
{"obj": {"type": "LogFloats", "path": ["Gradient norm"], "values": [{"value": 0.011968305074016247, "step": null, "ts": 1721937633.5178516}]}, "version": 251, "at": 1721937633.5178516}
{"obj": {"type": "LogFloats", "path": ["Loss (Train)"], "values": [{"value": 0.03196476027369499, "step": null, "ts": 1721937633.6291325}]}, "version": 252, "at": 1721937633.6291325}
{"obj": {"type": "LogFloats", "path": ["Gradient norm"], "values": [{"value": 0.012582015480136747, "step": null, "ts": 1721937633.6291325}]}, "version": 253, "at": 1721937633.6291325}
{"obj": {"type": "LogFloats", "path": ["Loss (Train)"], "values": [{"value": 0.032188449054956436, "step": null, "ts": 1721937633.7381332}]}, "version": 254, "at": 1721937633.7381332}
{"obj": {"type": "LogFloats", "path": ["Gradient norm"], "values": [{"value": 0.012492702973881144, "step": null, "ts": 1721937633.7391307}]}, "version": 255, "at": 1721937633.7391307}
{"obj": {"type": "LogFloats", "path": ["Loss (Train)"], "values": [{"value": 0.03221048414707184, "step": null, "ts": 1721937633.8451297}]}, "version": 256, "at": 1721937633.8451297}
{"obj": {"type": "LogFloats", "path": ["Gradient norm"], "values": [{"value": 0.013122936472571315, "step": null, "ts": 1721937633.8451297}]}, "version": 257, "at": 1721937633.8451297}
{"obj": {"type": "LogFloats", "path": ["Loss (Train)"], "values": [{"value": 0.0319695882499218, "step": null, "ts": 1721937633.9571323}]}, "version": 258, "at": 1721937633.9571323}
{"obj": {"type": "LogFloats", "path": ["Gradient norm"], "values": [{"value": 0.012891801439466707, "step": null, "ts": 1721937633.9571323}]}, "version": 259, "at": 1721937633.9571323}
{"obj": {"type": "LogFloats", "path": ["Loss (Train)"], "values": [{"value": 0.032147955149412155, "step": null, "ts": 1721937634.0631301}]}, "version": 260, "at": 1721937634.0631301}
{"obj": {"type": "LogFloats", "path": ["Gradient norm"], "values": [{"value": 0.012727042684492745, "step": null, "ts": 1721937634.0641303}]}, "version": 261, "at": 1721937634.0641303}
{"obj": {"type": "LogFloats", "path": ["Loss (Train)"], "values": [{"value": 0.03184429928660393, "step": null, "ts": 1721937634.177131}]}, "version": 262, "at": 1721937634.177131}
{"obj": {"type": "LogFloats", "path": ["Gradient norm"], "values": [{"value": 0.01283057090036692, "step": null, "ts": 1721937634.1781335}]}, "version": 263, "at": 1721937634.1781335}
{"obj": {"type": "LogFloats", "path": ["Loss (Train)"], "values": [{"value": 0.03228842467069626, "step": null, "ts": 1721937634.2831159}]}, "version": 264, "at": 1721937634.2831159}
{"obj": {"type": "LogFloats", "path": ["Gradient norm"], "values": [{"value": 0.01333886312575202, "step": null, "ts": 1721937634.2831159}]}, "version": 265, "at": 1721937634.2831159}
{"obj": {"type": "LogFloats", "path": ["Loss (Train)"], "values": [{"value": 0.031856901943683624, "step": null, "ts": 1721937634.3851168}]}, "version": 266, "at": 1721937634.3851168}
{"obj": {"type": "LogFloats", "path": ["Gradient norm"], "values": [{"value": 0.013189431786025529, "step": null, "ts": 1721937634.3851168}]}, "version": 267, "at": 1721937634.3851168}
{"obj": {"type": "LogFloats", "path": ["Loss (Train)"], "values": [{"value": 0.032168105244636536, "step": null, "ts": 1721937634.4951158}]}, "version": 268, "at": 1721937634.4951158}
{"obj": {"type": "LogFloats", "path": ["Gradient norm"], "values": [{"value": 0.014533742240848215, "step": null, "ts": 1721937634.4951158}]}, "version": 269, "at": 1721937634.4951158}
{"obj": {"type": "LogFloats", "path": ["Loss (Train)"], "values": [{"value": 0.032133378088474274, "step": null, "ts": 1721937634.611117}]}, "version": 270, "at": 1721937634.611117}
{"obj": {"type": "LogFloats", "path": ["Gradient norm"], "values": [{"value": 0.012504949635777463, "step": null, "ts": 1721937634.611117}]}, "version": 271, "at": 1721937634.611117}
{"obj": {"type": "LogFloats", "path": ["Loss (Train)"], "values": [{"value": 0.031420186161994934, "step": null, "ts": 1721937634.727115}]}, "version": 272, "at": 1721937634.727115}
{"obj": {"type": "LogFloats", "path": ["Gradient norm"], "values": [{"value": 0.012127910243801963, "step": null, "ts": 1721937634.7281148}]}, "version": 273, "at": 1721937634.7281148}
{"obj": {"type": "LogFloats", "path": ["Loss (Train)"], "values": [{"value": 0.03172651305794716, "step": null, "ts": 1721937634.8491166}]}, "version": 274, "at": 1721937634.8491166}
{"obj": {"type": "LogFloats", "path": ["Gradient norm"], "values": [{"value": 0.012050385340252448, "step": null, "ts": 1721937634.8491166}]}, "version": 275, "at": 1721937634.8491166}
{"obj": {"type": "LogFloats", "path": ["Loss (Train)"], "values": [{"value": 0.03250361233949661, "step": null, "ts": 1721937634.9721167}]}, "version": 276, "at": 1721937634.9721167}
{"obj": {"type": "LogFloats", "path": ["Gradient norm"], "values": [{"value": 0.013496430198605155, "step": null, "ts": 1721937634.9721167}]}, "version": 277, "at": 1721937634.9721167}
{"obj": {"type": "LogFloats", "path": ["Loss (Train)"], "values": [{"value": 0.032527800649404526, "step": null, "ts": 1721937635.0871167}]}, "version": 278, "at": 1721937635.0871167}
{"obj": {"type": "LogFloats", "path": ["Gradient norm"], "values": [{"value": 0.013549796664900303, "step": null, "ts": 1721937635.0871167}]}, "version": 279, "at": 1721937635.0871167}
{"obj": {"type": "LogFloats", "path": ["Loss (Train)"], "values": [{"value": 0.031642451882362366, "step": null, "ts": 1721937635.1951165}]}, "version": 280, "at": 1721937635.1951165}
{"obj": {"type": "LogFloats", "path": ["Gradient norm"], "values": [{"value": 0.011924826875381943, "step": null, "ts": 1721937635.1961179}]}, "version": 281, "at": 1721937635.1961179}
{"obj": {"type": "LogFloats", "path": ["Loss (Train)"], "values": [{"value": 0.032386235892772675, "step": null, "ts": 1721937635.319117}]}, "version": 282, "at": 1721937635.319117}
{"obj": {"type": "LogFloats", "path": ["Gradient norm"], "values": [{"value": 0.01271749051696879, "step": null, "ts": 1721937635.319117}]}, "version": 283, "at": 1721937635.319117}
{"obj": {"type": "LogFloats", "path": ["Loss (Train)"], "values": [{"value": 0.032581329345703125, "step": null, "ts": 1721937635.4371145}]}, "version": 284, "at": 1721937635.4371145}
{"obj": {"type": "LogFloats", "path": ["Gradient norm"], "values": [{"value": 0.013245290094276675, "step": null, "ts": 1721937635.4371145}]}, "version": 285, "at": 1721937635.4371145}
{"obj": {"type": "LogFloats", "path": ["Loss (Train)"], "values": [{"value": 0.03274540603160858, "step": null, "ts": 1721937635.5441153}]}, "version": 286, "at": 1721937635.5441153}
{"obj": {"type": "LogFloats", "path": ["Gradient norm"], "values": [{"value": 0.012959268347995035, "step": null, "ts": 1721937635.5441153}]}, "version": 287, "at": 1721937635.5441153}
{"obj": {"type": "LogFloats", "path": ["Loss (Train)"], "values": [{"value": 0.032147109508514404, "step": null, "ts": 1721937635.6551166}]}, "version": 288, "at": 1721937635.6551166}
{"obj": {"type": "LogFloats", "path": ["Gradient norm"], "values": [{"value": 0.012323550907187428, "step": null, "ts": 1721937635.6551166}]}, "version": 289, "at": 1721937635.6551166}
{"obj": {"type": "LogFloats", "path": ["Loss (Train)"], "values": [{"value": 0.031852494925260544, "step": null, "ts": 1721937635.7601156}]}, "version": 290, "at": 1721937635.7601156}
{"obj": {"type": "LogFloats", "path": ["Gradient norm"], "values": [{"value": 0.011809347235704181, "step": null, "ts": 1721937635.7601156}]}, "version": 291, "at": 1721937635.7601156}
{"obj": {"type": "LogFloats", "path": ["Loss (Train)"], "values": [{"value": 0.032275211066007614, "step": null, "ts": 1721937635.8711145}]}, "version": 292, "at": 1721937635.8711145}
{"obj": {"type": "LogFloats", "path": ["Gradient norm"], "values": [{"value": 0.01182620609057941, "step": null, "ts": 1721937635.8721144}]}, "version": 293, "at": 1721937635.8721144}
{"obj": {"type": "LogFloats", "path": ["Loss (Train)"], "values": [{"value": 0.03204686567187309, "step": null, "ts": 1721937635.9761155}]}, "version": 294, "at": 1721937635.9761155}
{"obj": {"type": "LogFloats", "path": ["Gradient norm"], "values": [{"value": 0.01183644151853345, "step": null, "ts": 1721937635.9761155}]}, "version": 295, "at": 1721937635.9761155}
{"obj": {"type": "LogFloats", "path": ["Loss (Train)"], "values": [{"value": 0.0321260429918766, "step": null, "ts": 1721937636.0871155}]}, "version": 296, "at": 1721937636.0871155}
{"obj": {"type": "LogFloats", "path": ["Gradient norm"], "values": [{"value": 0.013479799741377748, "step": null, "ts": 1721937636.0871155}]}, "version": 297, "at": 1721937636.0871155}
{"obj": {"type": "LogFloats", "path": ["Loss (Train)"], "values": [{"value": 0.03214757516980171, "step": null, "ts": 1721937636.193116}]}, "version": 298, "at": 1721937636.193116}
{"obj": {"type": "LogFloats", "path": ["Gradient norm"], "values": [{"value": 0.013019056188802888, "step": null, "ts": 1721937636.193116}]}, "version": 299, "at": 1721937636.193116}
{"obj": {"type": "LogFloats", "path": ["Loss (Train)"], "values": [{"value": 0.031889330595731735, "step": null, "ts": 1721937636.3031154}]}, "version": 300, "at": 1721937636.3031154}
{"obj": {"type": "LogFloats", "path": ["Gradient norm"], "values": [{"value": 0.012427534939906537, "step": null, "ts": 1721937636.3031154}]}, "version": 301, "at": 1721937636.3031154}
{"obj": {"type": "LogFloats", "path": ["Loss (Train)"], "values": [{"value": 0.03246317058801651, "step": null, "ts": 1721937636.4101152}]}, "version": 302, "at": 1721937636.4101152}
{"obj": {"type": "LogFloats", "path": ["Gradient norm"], "values": [{"value": 0.014019718143052544, "step": null, "ts": 1721937636.4101152}]}, "version": 303, "at": 1721937636.4101152}
{"obj": {"type": "LogFloats", "path": ["Loss (Train)"], "values": [{"value": 0.03216009959578514, "step": null, "ts": 1721937636.521116}]}, "version": 304, "at": 1721937636.521116}
{"obj": {"type": "LogFloats", "path": ["Gradient norm"], "values": [{"value": 0.013105859117323418, "step": null, "ts": 1721937636.521116}]}, "version": 305, "at": 1721937636.521116}
{"obj": {"type": "LogFloats", "path": ["Loss (Train)"], "values": [{"value": 0.032394953072071075, "step": null, "ts": 1721937636.644115}]}, "version": 306, "at": 1721937636.644115}
{"obj": {"type": "LogFloats", "path": ["Gradient norm"], "values": [{"value": 0.012960149047483894, "step": null, "ts": 1721937636.645115}]}, "version": 307, "at": 1721937636.645115}
{"obj": {"type": "LogFloats", "path": ["Loss (Train)"], "values": [{"value": 0.03204689919948578, "step": null, "ts": 1721937636.7561154}]}, "version": 308, "at": 1721937636.7561154}
{"obj": {"type": "LogFloats", "path": ["Gradient norm"], "values": [{"value": 0.011617558449089084, "step": null, "ts": 1721937636.7561154}]}, "version": 309, "at": 1721937636.7561154}
{"obj": {"type": "LogFloats", "path": ["Loss (Train)"], "values": [{"value": 0.03224978223443031, "step": null, "ts": 1721937636.8621151}]}, "version": 310, "at": 1721937636.8621151}
{"obj": {"type": "LogFloats", "path": ["Gradient norm"], "values": [{"value": 0.011719436395884374, "step": null, "ts": 1721937636.8631158}]}, "version": 311, "at": 1721937636.8631158}
{"obj": {"type": "LogFloats", "path": ["Loss (Train)"], "values": [{"value": 0.03163835033774376, "step": null, "ts": 1721937636.9981153}]}, "version": 312, "at": 1721937636.9981153}
{"obj": {"type": "LogFloats", "path": ["Gradient norm"], "values": [{"value": 0.013578477089377086, "step": null, "ts": 1721937636.9981153}]}, "version": 313, "at": 1721937636.9981153}
{"obj": {"type": "LogFloats", "path": ["Loss (Train)"], "values": [{"value": 0.032201316207647324, "step": null, "ts": 1721937637.1141176}]}, "version": 314, "at": 1721937637.1141176}
{"obj": {"type": "LogFloats", "path": ["Gradient norm"], "values": [{"value": 0.012687705775046926, "step": null, "ts": 1721937637.1141176}]}, "version": 315, "at": 1721937637.1141176}
{"obj": {"type": "LogFloats", "path": ["Loss (Train)"], "values": [{"value": 0.03196355327963829, "step": null, "ts": 1721937637.2704358}]}, "version": 316, "at": 1721937637.2704358}
{"obj": {"type": "LogFloats", "path": ["Gradient norm"], "values": [{"value": 0.01176676332629234, "step": null, "ts": 1721937637.2704358}]}, "version": 317, "at": 1721937637.2704358}
{"obj": {"type": "LogFloats", "path": ["Loss (Train)"], "values": [{"value": 0.031884949654340744, "step": null, "ts": 1721937637.386434}]}, "version": 318, "at": 1721937637.386434}
{"obj": {"type": "LogFloats", "path": ["Gradient norm"], "values": [{"value": 0.011391377379065077, "step": null, "ts": 1721937637.386434}]}, "version": 319, "at": 1721937637.386434}
{"obj": {"type": "LogFloats", "path": ["Loss (Train)"], "values": [{"value": 0.03160741552710533, "step": null, "ts": 1721937637.4974341}]}, "version": 320, "at": 1721937637.4974341}
{"obj": {"type": "LogFloats", "path": ["Gradient norm"], "values": [{"value": 0.01215450681072478, "step": null, "ts": 1721937637.4974341}]}, "version": 321, "at": 1721937637.4974341}
{"obj": {"type": "LogFloats", "path": ["Loss (Train)"], "values": [{"value": 0.032269321382045746, "step": null, "ts": 1721937637.6024344}]}, "version": 322, "at": 1721937637.6024344}
{"obj": {"type": "LogFloats", "path": ["Gradient norm"], "values": [{"value": 0.012431490050620731, "step": null, "ts": 1721937637.6024344}]}, "version": 323, "at": 1721937637.6024344}
{"obj": {"type": "LogFloats", "path": ["Loss (Train)"], "values": [{"value": 0.032284535467624664, "step": null, "ts": 1721937637.7104342}]}, "version": 324, "at": 1721937637.7104342}
{"obj": {"type": "LogFloats", "path": ["Gradient norm"], "values": [{"value": 0.013255145653361333, "step": null, "ts": 1721937637.7104342}]}, "version": 325, "at": 1721937637.7104342}
{"obj": {"type": "LogFloats", "path": ["Loss (Train)"], "values": [{"value": 0.032582901418209076, "step": null, "ts": 1721937637.8184338}]}, "version": 326, "at": 1721937637.8184338}
{"obj": {"type": "LogFloats", "path": ["Gradient norm"], "values": [{"value": 0.012075565078879353, "step": null, "ts": 1721937637.8184338}]}, "version": 327, "at": 1721937637.8184338}
{"obj": {"type": "LogFloats", "path": ["Loss (Train)"], "values": [{"value": 0.03194237872958183, "step": null, "ts": 1721937637.9544353}]}, "version": 328, "at": 1721937637.9544353}
{"obj": {"type": "LogFloats", "path": ["Gradient norm"], "values": [{"value": 0.013336254035219054, "step": null, "ts": 1721937637.9544353}]}, "version": 329, "at": 1721937637.9544353}
{"obj": {"type": "LogFloats", "path": ["Loss (Train)"], "values": [{"value": 0.03200845047831535, "step": null, "ts": 1721937638.0654337}]}, "version": 330, "at": 1721937638.0654337}
{"obj": {"type": "LogFloats", "path": ["Gradient norm"], "values": [{"value": 0.011637055494474463, "step": null, "ts": 1721937638.0664358}]}, "version": 331, "at": 1721937638.0664358}
{"obj": {"type": "LogFloats", "path": ["Loss (Train)"], "values": [{"value": 0.032274674624204636, "step": null, "ts": 1721937638.176436}]}, "version": 332, "at": 1721937638.176436}
{"obj": {"type": "LogFloats", "path": ["Gradient norm"], "values": [{"value": 0.013366389562804556, "step": null, "ts": 1721937638.176436}]}, "version": 333, "at": 1721937638.176436}
{"obj": {"type": "LogFloats", "path": ["Loss (Train)"], "values": [{"value": 0.03235164284706116, "step": null, "ts": 1721937638.2894342}]}, "version": 334, "at": 1721937638.2894342}
{"obj": {"type": "LogFloats", "path": ["Gradient norm"], "values": [{"value": 0.012501459932290248, "step": null, "ts": 1721937638.2894342}]}, "version": 335, "at": 1721937638.2894342}
{"obj": {"type": "LogFloats", "path": ["Loss (Train)"], "values": [{"value": 0.03265853971242905, "step": null, "ts": 1721937638.4014342}]}, "version": 336, "at": 1721937638.4014342}
{"obj": {"type": "LogFloats", "path": ["Gradient norm"], "values": [{"value": 0.012772226675218983, "step": null, "ts": 1721937638.4014342}]}, "version": 337, "at": 1721937638.4014342}
{"obj": {"type": "LogFloats", "path": ["Loss (Train)"], "values": [{"value": 0.03204117342829704, "step": null, "ts": 1721937638.5344343}]}, "version": 338, "at": 1721937638.5344343}
{"obj": {"type": "LogFloats", "path": ["Gradient norm"], "values": [{"value": 0.01319828523986562, "step": null, "ts": 1721937638.5344343}]}, "version": 339, "at": 1721937638.5344343}
{"obj": {"type": "LogFloats", "path": ["Loss (Train)"], "values": [{"value": 0.032279036939144135, "step": null, "ts": 1721937638.643434}]}, "version": 340, "at": 1721937638.643434}
{"obj": {"type": "LogFloats", "path": ["Gradient norm"], "values": [{"value": 0.01245749134889548, "step": null, "ts": 1721937638.643434}]}, "version": 341, "at": 1721937638.643434}
{"obj": {"type": "LogFloats", "path": ["Loss (Train)"], "values": [{"value": 0.032046642154455185, "step": null, "ts": 1721937638.7594347}]}, "version": 342, "at": 1721937638.7594347}
{"obj": {"type": "LogFloats", "path": ["Gradient norm"], "values": [{"value": 0.012946996896802725, "step": null, "ts": 1721937638.7594347}]}, "version": 343, "at": 1721937638.7594347}
{"obj": {"type": "LogFloats", "path": ["Loss (Train)"], "values": [{"value": 0.032354794442653656, "step": null, "ts": 1721937638.884436}]}, "version": 344, "at": 1721937638.884436}
{"obj": {"type": "LogFloats", "path": ["Gradient norm"], "values": [{"value": 0.0129963267224805, "step": null, "ts": 1721937638.884436}]}, "version": 345, "at": 1721937638.884436}
{"obj": {"type": "LogFloats", "path": ["Loss (Train)"], "values": [{"value": 0.03186425194144249, "step": null, "ts": 1721937638.996487}]}, "version": 346, "at": 1721937638.996487}
{"obj": {"type": "LogFloats", "path": ["Gradient norm"], "values": [{"value": 0.01205069091036986, "step": null, "ts": 1721937638.996487}]}, "version": 347, "at": 1721937638.996487}
{"obj": {"type": "LogFloats", "path": ["Loss (Train)"], "values": [{"value": 0.031999003142118454, "step": null, "ts": 1721937639.1024873}]}, "version": 348, "at": 1721937639.1024873}
{"obj": {"type": "LogFloats", "path": ["Gradient norm"], "values": [{"value": 0.011952621366515643, "step": null, "ts": 1721937639.1024873}]}, "version": 349, "at": 1721937639.1024873}
{"obj": {"type": "LogFloats", "path": ["Loss (Train)"], "values": [{"value": 0.03184843063354492, "step": null, "ts": 1721937639.2100763}]}, "version": 350, "at": 1721937639.2100763}
{"obj": {"type": "LogFloats", "path": ["Gradient norm"], "values": [{"value": 0.01226920539721787, "step": null, "ts": 1721937639.2110763}]}, "version": 351, "at": 1721937639.2110763}
{"obj": {"type": "LogFloats", "path": ["Loss (Train)"], "values": [{"value": 0.031722262501716614, "step": null, "ts": 1721937639.3170779}]}, "version": 352, "at": 1721937639.3170779}
{"obj": {"type": "LogFloats", "path": ["Gradient norm"], "values": [{"value": 0.012052556498622939, "step": null, "ts": 1721937639.3170779}]}, "version": 353, "at": 1721937639.3170779}
{"obj": {"type": "LogFloats", "path": ["Loss (Train)"], "values": [{"value": 0.032105349004268646, "step": null, "ts": 1721937639.4300766}]}, "version": 354, "at": 1721937639.4300766}
{"obj": {"type": "LogFloats", "path": ["Gradient norm"], "values": [{"value": 0.012901643353200005, "step": null, "ts": 1721937639.4310765}]}, "version": 355, "at": 1721937639.4310765}
{"obj": {"type": "LogFloats", "path": ["Loss (Train)"], "values": [{"value": 0.03197420760989189, "step": null, "ts": 1721937639.5390782}]}, "version": 356, "at": 1721937639.5390782}
{"obj": {"type": "LogFloats", "path": ["Gradient norm"], "values": [{"value": 0.01261125087489601, "step": null, "ts": 1721937639.5390782}]}, "version": 357, "at": 1721937639.5390782}
{"obj": {"type": "LogFloats", "path": ["Loss (Train)"], "values": [{"value": 0.03236022964119911, "step": null, "ts": 1721937639.6480763}]}, "version": 358, "at": 1721937639.6480763}
{"obj": {"type": "LogFloats", "path": ["Gradient norm"], "values": [{"value": 0.013108107587756672, "step": null, "ts": 1721937639.6480763}]}, "version": 359, "at": 1721937639.6480763}
{"obj": {"type": "LogFloats", "path": ["Loss (Train)"], "values": [{"value": 0.03220217674970627, "step": null, "ts": 1721937639.7540777}]}, "version": 360, "at": 1721937639.7540777}
{"obj": {"type": "LogFloats", "path": ["Gradient norm"], "values": [{"value": 0.012378210656660478, "step": null, "ts": 1721937639.7540777}]}, "version": 361, "at": 1721937639.7540777}
{"obj": {"type": "LogFloats", "path": ["Loss (Train)"], "values": [{"value": 0.032342441380023956, "step": null, "ts": 1721937639.8600757}]}, "version": 362, "at": 1721937639.8600757}
{"obj": {"type": "LogFloats", "path": ["Gradient norm"], "values": [{"value": 0.011643603569276365, "step": null, "ts": 1721937639.8600757}]}, "version": 363, "at": 1721937639.8600757}
{"obj": {"type": "LogFloats", "path": ["Loss (Train)"], "values": [{"value": 0.03220280632376671, "step": null, "ts": 1721937639.9730775}]}, "version": 364, "at": 1721937639.9730775}
{"obj": {"type": "LogFloats", "path": ["Gradient norm"], "values": [{"value": 0.012113158804248679, "step": null, "ts": 1721937639.9730775}]}, "version": 365, "at": 1721937639.9730775}
{"obj": {"type": "LogFloats", "path": ["Loss (Train)"], "values": [{"value": 0.032023873180150986, "step": null, "ts": 1721937640.0860782}]}, "version": 366, "at": 1721937640.0860782}
{"obj": {"type": "LogFloats", "path": ["Gradient norm"], "values": [{"value": 0.012601653251775402, "step": null, "ts": 1721937640.0860782}]}, "version": 367, "at": 1721937640.0860782}
{"obj": {"type": "LogFloats", "path": ["Loss (Train)"], "values": [{"value": 0.03197915107011795, "step": null, "ts": 1721937640.1950765}]}, "version": 368, "at": 1721937640.1950765}
{"obj": {"type": "LogFloats", "path": ["Gradient norm"], "values": [{"value": 0.01291066460829226, "step": null, "ts": 1721937640.1950765}]}, "version": 369, "at": 1721937640.1950765}
{"obj": {"type": "LogFloats", "path": ["Loss (Train)"], "values": [{"value": 0.031816963106393814, "step": null, "ts": 1721937640.302078}]}, "version": 370, "at": 1721937640.302078}
{"obj": {"type": "LogFloats", "path": ["Gradient norm"], "values": [{"value": 0.012366695103033086, "step": null, "ts": 1721937640.302078}]}, "version": 371, "at": 1721937640.302078}
{"obj": {"type": "LogFloats", "path": ["Loss (Train)"], "values": [{"value": 0.031970761716365814, "step": null, "ts": 1721937640.4130776}]}, "version": 372, "at": 1721937640.4130776}
{"obj": {"type": "LogFloats", "path": ["Gradient norm"], "values": [{"value": 0.011465543960578714, "step": null, "ts": 1721937640.4130776}]}, "version": 373, "at": 1721937640.4130776}
{"obj": {"type": "LogFloats", "path": ["Loss (Train)"], "values": [{"value": 0.032155703753232956, "step": null, "ts": 1721937640.5530763}]}, "version": 374, "at": 1721937640.5530763}
{"obj": {"type": "LogFloats", "path": ["Gradient norm"], "values": [{"value": 0.013144106866014506, "step": null, "ts": 1721937640.5530763}]}, "version": 375, "at": 1721937640.5530763}
{"obj": {"type": "LogFloats", "path": ["Loss (Train)"], "values": [{"value": 0.03228462487459183, "step": null, "ts": 1721937640.6620765}]}, "version": 376, "at": 1721937640.6620765}
{"obj": {"type": "LogFloats", "path": ["Gradient norm"], "values": [{"value": 0.012442311876546229, "step": null, "ts": 1721937640.6620765}]}, "version": 377, "at": 1721937640.6620765}
{"obj": {"type": "LogFloats", "path": ["Loss (Train)"], "values": [{"value": 0.0321003682911396, "step": null, "ts": 1721937640.7680762}]}, "version": 378, "at": 1721937640.7680762}
{"obj": {"type": "LogFloats", "path": ["Gradient norm"], "values": [{"value": 0.012500604963735607, "step": null, "ts": 1721937640.7680762}]}, "version": 379, "at": 1721937640.7680762}
{"obj": {"type": "LogFloats", "path": ["Loss (Train)"], "values": [{"value": 0.032342441380023956, "step": null, "ts": 1721937640.8930776}]}, "version": 380, "at": 1721937640.8930776}
{"obj": {"type": "LogFloats", "path": ["Gradient norm"], "values": [{"value": 0.01235682648169641, "step": null, "ts": 1721937640.8930776}]}, "version": 381, "at": 1721937640.8930776}
{"obj": {"type": "LogFloats", "path": ["Loss (Train)"], "values": [{"value": 0.031922388821840286, "step": null, "ts": 1721937641.0010784}]}, "version": 382, "at": 1721937641.0010784}
{"obj": {"type": "LogFloats", "path": ["Gradient norm"], "values": [{"value": 0.011366180187688573, "step": null, "ts": 1721937641.0010784}]}, "version": 383, "at": 1721937641.0010784}
{"obj": {"type": "LogFloats", "path": ["Loss (Train)"], "values": [{"value": 0.031753815710544586, "step": null, "ts": 1721937641.113076}]}, "version": 384, "at": 1721937641.113076}
{"obj": {"type": "LogFloats", "path": ["Gradient norm"], "values": [{"value": 0.011393469342443422, "step": null, "ts": 1721937641.113076}]}, "version": 385, "at": 1721937641.113076}
{"obj": {"type": "LogFloats", "path": ["Loss (Train)"], "values": [{"value": 0.03197789192199707, "step": null, "ts": 1721937641.222136}]}, "version": 386, "at": 1721937641.222136}
{"obj": {"type": "LogFloats", "path": ["Gradient norm"], "values": [{"value": 0.011691777431229502, "step": null, "ts": 1721937641.222136}]}, "version": 387, "at": 1721937641.222136}
{"obj": {"type": "LogFloats", "path": ["Loss (Train)"], "values": [{"value": 0.03216983377933502, "step": null, "ts": 1721937641.3301356}]}, "version": 388, "at": 1721937641.3301356}
{"obj": {"type": "LogFloats", "path": ["Gradient norm"], "values": [{"value": 0.013714371064150752, "step": null, "ts": 1721937641.3301356}]}, "version": 389, "at": 1721937641.3301356}
{"obj": {"type": "LogFloats", "path": ["Loss (Train)"], "values": [{"value": 0.03216380625963211, "step": null, "ts": 1721937641.4401364}]}, "version": 390, "at": 1721937641.4401364}
{"obj": {"type": "LogFloats", "path": ["Gradient norm"], "values": [{"value": 0.0132806401452483, "step": null, "ts": 1721937641.4401364}]}, "version": 391, "at": 1721937641.4401364}
{"obj": {"type": "LogFloats", "path": ["Loss (Train)"], "values": [{"value": 0.03209877759218216, "step": null, "ts": 1721937641.5511363}]}, "version": 392, "at": 1721937641.5511363}
{"obj": {"type": "LogFloats", "path": ["Gradient norm"], "values": [{"value": 0.013105811713715505, "step": null, "ts": 1721937641.5511363}]}, "version": 393, "at": 1721937641.5511363}
{"obj": {"type": "LogFloats", "path": ["Loss (Train)"], "values": [{"value": 0.032004475593566895, "step": null, "ts": 1721937641.659138}]}, "version": 394, "at": 1721937641.659138}
{"obj": {"type": "LogFloats", "path": ["Gradient norm"], "values": [{"value": 0.013560474120959653, "step": null, "ts": 1721937641.659138}]}, "version": 395, "at": 1721937641.659138}
{"obj": {"type": "LogFloats", "path": ["Loss (Train)"], "values": [{"value": 0.03220017999410629, "step": null, "ts": 1721937641.7681377}]}, "version": 396, "at": 1721937641.7681377}
{"obj": {"type": "LogFloats", "path": ["Gradient norm"], "values": [{"value": 0.012219203896752925, "step": null, "ts": 1721937641.7681377}]}, "version": 397, "at": 1721937641.7681377}
{"obj": {"type": "LogFloats", "path": ["Loss (Train)"], "values": [{"value": 0.03193976730108261, "step": null, "ts": 1721937641.879137}]}, "version": 398, "at": 1721937641.879137}
{"obj": {"type": "LogFloats", "path": ["Gradient norm"], "values": [{"value": 0.012628737425180787, "step": null, "ts": 1721937641.8801374}]}, "version": 399, "at": 1721937641.8801374}
{"obj": {"type": "LogFloats", "path": ["Loss (Train)"], "values": [{"value": 0.032322585582733154, "step": null, "ts": 1721937641.999136}]}, "version": 400, "at": 1721937641.999136}
{"obj": {"type": "LogFloats", "path": ["Gradient norm"], "values": [{"value": 0.013949278177880272, "step": null, "ts": 1721937641.999136}]}, "version": 401, "at": 1721937641.999136}
{"obj": {"type": "LogFloats", "path": ["Loss (Train)"], "values": [{"value": 0.03235876187682152, "step": null, "ts": 1721937642.1041374}]}, "version": 402, "at": 1721937642.1051378}
{"obj": {"type": "LogFloats", "path": ["Gradient norm"], "values": [{"value": 0.013214202321704057, "step": null, "ts": 1721937642.1051378}]}, "version": 403, "at": 1721937642.1051378}
{"obj": {"type": "LogFloats", "path": ["Loss (Train)"], "values": [{"value": 0.03279154747724533, "step": null, "ts": 1721937642.2141364}]}, "version": 404, "at": 1721937642.2141364}
{"obj": {"type": "LogFloats", "path": ["Gradient norm"], "values": [{"value": 0.012385203302527174, "step": null, "ts": 1721937642.2141364}]}, "version": 405, "at": 1721937642.2141364}
{"obj": {"type": "LogFloats", "path": ["Loss (Train)"], "values": [{"value": 0.03223969042301178, "step": null, "ts": 1721937642.3211355}]}, "version": 406, "at": 1721937642.3211355}
{"obj": {"type": "LogFloats", "path": ["Gradient norm"], "values": [{"value": 0.012657894587083047, "step": null, "ts": 1721937642.3211355}]}, "version": 407, "at": 1721937642.3211355}
{"obj": {"type": "LogFloats", "path": ["Loss (Train)"], "values": [{"value": 0.03175322338938713, "step": null, "ts": 1721937642.4281375}]}, "version": 408, "at": 1721937642.4281375}
{"obj": {"type": "LogFloats", "path": ["Gradient norm"], "values": [{"value": 0.01253712150315846, "step": null, "ts": 1721937642.4281375}]}, "version": 409, "at": 1721937642.4281375}
{"obj": {"type": "LogFloats", "path": ["Loss (Train)"], "values": [{"value": 0.03213703632354736, "step": null, "ts": 1721937642.539136}]}, "version": 410, "at": 1721937642.539136}
{"obj": {"type": "LogFloats", "path": ["Gradient norm"], "values": [{"value": 0.012679476183843219, "step": null, "ts": 1721937642.539136}]}, "version": 411, "at": 1721937642.539136}
{"obj": {"type": "LogFloats", "path": ["Loss (Train)"], "values": [{"value": 0.03178305923938751, "step": null, "ts": 1721937642.6531367}]}, "version": 412, "at": 1721937642.6531367}
{"obj": {"type": "LogFloats", "path": ["Gradient norm"], "values": [{"value": 0.012373364007961407, "step": null, "ts": 1721937642.6531367}]}, "version": 413, "at": 1721937642.6531367}
{"obj": {"type": "LogFloats", "path": ["Loss (Train)"], "values": [{"value": 0.03251573070883751, "step": null, "ts": 1721937642.7611358}]}, "version": 414, "at": 1721937642.7611358}
{"obj": {"type": "LogFloats", "path": ["Gradient norm"], "values": [{"value": 0.012435326659225135, "step": null, "ts": 1721937642.7611358}]}, "version": 415, "at": 1721937642.7611358}
{"obj": {"type": "LogFloats", "path": ["Loss (Train)"], "values": [{"value": 0.03216969594359398, "step": null, "ts": 1721937642.8691363}]}, "version": 416, "at": 1721937642.8691363}
{"obj": {"type": "LogFloats", "path": ["Gradient norm"], "values": [{"value": 0.012799139441964102, "step": null, "ts": 1721937642.8701363}]}, "version": 417, "at": 1721937642.8701363}
{"obj": {"type": "LogFloats", "path": ["Loss (Train)"], "values": [{"value": 0.03192352131009102, "step": null, "ts": 1721937642.9801362}]}, "version": 418, "at": 1721937642.9801362}
{"obj": {"type": "LogFloats", "path": ["Gradient norm"], "values": [{"value": 0.01194644567157647, "step": null, "ts": 1721937642.9801362}]}, "version": 419, "at": 1721937642.9801362}
{"obj": {"type": "LogFloats", "path": ["Loss (Train)"], "values": [{"value": 0.032053299248218536, "step": null, "ts": 1721937643.0901353}]}, "version": 420, "at": 1721937643.0901353}
{"obj": {"type": "LogFloats", "path": ["Gradient norm"], "values": [{"value": 0.012419301259849141, "step": null, "ts": 1721937643.0901353}]}, "version": 421, "at": 1721937643.0901353}
{"obj": {"type": "LogFloats", "path": ["Loss (Train)"], "values": [{"value": 0.032278191298246384, "step": null, "ts": 1721937643.1971357}]}, "version": 422, "at": 1721937643.1971357}
{"obj": {"type": "LogFloats", "path": ["Gradient norm"], "values": [{"value": 0.012276052205680605, "step": null, "ts": 1721937643.1971357}]}, "version": 423, "at": 1721937643.1971357}
{"obj": {"type": "LogFloats", "path": ["Loss (Train)"], "values": [{"value": 0.03190554678440094, "step": null, "ts": 1721937643.307136}]}, "version": 424, "at": 1721937643.307136}
{"obj": {"type": "LogFloats", "path": ["Gradient norm"], "values": [{"value": 0.011283227021620067, "step": null, "ts": 1721937643.307136}]}, "version": 425, "at": 1721937643.307136}
{"obj": {"type": "LogFloats", "path": ["Loss (Train)"], "values": [{"value": 0.03134797140955925, "step": null, "ts": 1721937643.4141378}]}, "version": 426, "at": 1721937643.4141378}
{"obj": {"type": "LogFloats", "path": ["Gradient norm"], "values": [{"value": 0.011338647672929462, "step": null, "ts": 1721937643.4141378}]}, "version": 427, "at": 1721937643.4141378}
{"obj": {"type": "LogFloats", "path": ["Loss (Train)"], "values": [{"value": 0.03220999240875244, "step": null, "ts": 1721937643.525137}]}, "version": 428, "at": 1721937643.525137}
{"obj": {"type": "LogFloats", "path": ["Gradient norm"], "values": [{"value": 0.012590629043018565, "step": null, "ts": 1721937643.525137}]}, "version": 429, "at": 1721937643.525137}
{"obj": {"type": "LogFloats", "path": ["Loss (Train)"], "values": [{"value": 0.03189760446548462, "step": null, "ts": 1721937643.632136}]}, "version": 430, "at": 1721937643.632136}
{"obj": {"type": "LogFloats", "path": ["Gradient norm"], "values": [{"value": 0.011697810212460726, "step": null, "ts": 1721937643.632136}]}, "version": 431, "at": 1721937643.632136}
{"obj": {"type": "LogFloats", "path": ["Loss (Train)"], "values": [{"value": 0.03218953311443329, "step": null, "ts": 1721937643.740136}]}, "version": 432, "at": 1721937643.740136}
{"obj": {"type": "LogFloats", "path": ["Gradient norm"], "values": [{"value": 0.012360703865373458, "step": null, "ts": 1721937643.7411363}]}, "version": 433, "at": 1721937643.7411363}
{"obj": {"type": "LogFloats", "path": ["Loss (Train)"], "values": [{"value": 0.0323428176343441, "step": null, "ts": 1721937643.8531368}]}, "version": 434, "at": 1721937643.8531368}
{"obj": {"type": "LogFloats", "path": ["Gradient norm"], "values": [{"value": 0.01396822006376018, "step": null, "ts": 1721937643.8531368}]}, "version": 435, "at": 1721937643.8531368}
{"obj": {"type": "LogFloats", "path": ["Loss (Train)"], "values": [{"value": 0.03205304220318794, "step": null, "ts": 1721937643.9611363}]}, "version": 436, "at": 1721937643.9611363}
{"obj": {"type": "LogFloats", "path": ["Gradient norm"], "values": [{"value": 0.012229855444957569, "step": null, "ts": 1721937643.9611363}]}, "version": 437, "at": 1721937643.9611363}
{"obj": {"type": "LogFloats", "path": ["Loss (Train)"], "values": [{"value": 0.03233424201607704, "step": null, "ts": 1721937644.0791364}]}, "version": 438, "at": 1721937644.0791364}
{"obj": {"type": "LogFloats", "path": ["Gradient norm"], "values": [{"value": 0.012996321184592284, "step": null, "ts": 1721937644.0791364}]}, "version": 439, "at": 1721937644.0791364}
{"obj": {"type": "LogFloats", "path": ["Loss (Train)"], "values": [{"value": 0.03215594217181206, "step": null, "ts": 1721937644.1931362}]}, "version": 440, "at": 1721937644.1931362}
{"obj": {"type": "LogFloats", "path": ["Gradient norm"], "values": [{"value": 0.011435841371735877, "step": null, "ts": 1721937644.1931362}]}, "version": 441, "at": 1721937644.1931362}
{"obj": {"type": "LogFloats", "path": ["Loss (Train)"], "values": [{"value": 0.03216784447431564, "step": null, "ts": 1721937644.3021355}]}, "version": 442, "at": 1721937644.3021355}
{"obj": {"type": "LogFloats", "path": ["Gradient norm"], "values": [{"value": 0.012419173030747754, "step": null, "ts": 1721937644.3021355}]}, "version": 443, "at": 1721937644.3021355}
{"obj": {"type": "LogFloats", "path": ["Loss (Train)"], "values": [{"value": 0.032042305916547775, "step": null, "ts": 1721937644.415136}]}, "version": 444, "at": 1721937644.415136}
{"obj": {"type": "LogFloats", "path": ["Gradient norm"], "values": [{"value": 0.011301381087509037, "step": null, "ts": 1721937644.415136}]}, "version": 445, "at": 1721937644.415136}
{"obj": {"type": "LogFloats", "path": ["Loss (Train)"], "values": [{"value": 0.032033391296863556, "step": null, "ts": 1721937644.5231361}]}, "version": 446, "at": 1721937644.5231361}
{"obj": {"type": "LogFloats", "path": ["Gradient norm"], "values": [{"value": 0.011934051704365506, "step": null, "ts": 1721937644.5231361}]}, "version": 447, "at": 1721937644.5231361}
{"obj": {"type": "LogFloats", "path": ["Loss (Train)"], "values": [{"value": 0.031901877373456955, "step": null, "ts": 1721937644.6341364}]}, "version": 448, "at": 1721937644.6341364}
{"obj": {"type": "LogFloats", "path": ["Gradient norm"], "values": [{"value": 0.011410220425379482, "step": null, "ts": 1721937644.6341364}]}, "version": 449, "at": 1721937644.6341364}
{"obj": {"type": "LogFloats", "path": ["Loss (Train)"], "values": [{"value": 0.031946197152137756, "step": null, "ts": 1721937644.7431378}]}, "version": 450, "at": 1721937644.7431378}
{"obj": {"type": "LogFloats", "path": ["Gradient norm"], "values": [{"value": 0.01158428680993398, "step": null, "ts": 1721937644.7431378}]}, "version": 451, "at": 1721937644.7431378}
{"obj": {"type": "LogFloats", "path": ["Loss (Train)"], "values": [{"value": 0.03148956224322319, "step": null, "ts": 1721937644.8521354}]}, "version": 452, "at": 1721937644.8521354}
{"obj": {"type": "LogFloats", "path": ["Gradient norm"], "values": [{"value": 0.011346572682660911, "step": null, "ts": 1721937644.8521354}]}, "version": 453, "at": 1721937644.8521354}
{"obj": {"type": "LogFloats", "path": ["Loss (Train)"], "values": [{"value": 0.03228674829006195, "step": null, "ts": 1721937644.9931362}]}, "version": 454, "at": 1721937644.9931362}
{"obj": {"type": "LogFloats", "path": ["Gradient norm"], "values": [{"value": 0.012494439239308774, "step": null, "ts": 1721937644.9931362}]}, "version": 455, "at": 1721937644.9931362}
{"obj": {"type": "LogFloats", "path": ["Loss (Train)"], "values": [{"value": 0.03209406137466431, "step": null, "ts": 1721937645.1051364}]}, "version": 456, "at": 1721937645.106136}
{"obj": {"type": "LogFloats", "path": ["Gradient norm"], "values": [{"value": 0.011764038926237876, "step": null, "ts": 1721937645.106136}]}, "version": 457, "at": 1721937645.106136}
{"obj": {"type": "LogFloats", "path": ["Loss (Train)"], "values": [{"value": 0.032134849578142166, "step": null, "ts": 1721937645.227136}]}, "version": 458, "at": 1721937645.227136}
{"obj": {"type": "LogFloats", "path": ["Gradient norm"], "values": [{"value": 0.012199849748296916, "step": null, "ts": 1721937645.227136}]}, "version": 459, "at": 1721937645.227136}
{"obj": {"type": "LogFloats", "path": ["Loss (Train)"], "values": [{"value": 0.032226599752902985, "step": null, "ts": 1721937645.339136}]}, "version": 460, "at": 1721937645.339136}
{"obj": {"type": "LogFloats", "path": ["Gradient norm"], "values": [{"value": 0.012991947843886261, "step": null, "ts": 1721937645.339136}]}, "version": 461, "at": 1721937645.339136}
{"obj": {"type": "LogFloats", "path": ["Loss (Train)"], "values": [{"value": 0.03209555149078369, "step": null, "ts": 1721937645.445136}]}, "version": 462, "at": 1721937645.445136}
{"obj": {"type": "LogFloats", "path": ["Gradient norm"], "values": [{"value": 0.01187250656921212, "step": null, "ts": 1721937645.445136}]}, "version": 463, "at": 1721937645.445136}
{"obj": {"type": "LogFloats", "path": ["Loss (Train)"], "values": [{"value": 0.032146044075489044, "step": null, "ts": 1721937645.5541353}]}, "version": 464, "at": 1721937645.5541353}
{"obj": {"type": "LogFloats", "path": ["Gradient norm"], "values": [{"value": 0.011890693544421594, "step": null, "ts": 1721937645.5541353}]}, "version": 465, "at": 1721937645.5541353}
{"obj": {"type": "LogFloats", "path": ["Loss (Train)"], "values": [{"value": 0.03206522762775421, "step": null, "ts": 1721937645.664136}]}, "version": 466, "at": 1721937645.664136}
{"obj": {"type": "LogFloats", "path": ["Gradient norm"], "values": [{"value": 0.01133242695276288, "step": null, "ts": 1721937645.664136}]}, "version": 467, "at": 1721937645.664136}
{"obj": {"type": "LogFloats", "path": ["Loss (Train)"], "values": [{"value": 0.03217162936925888, "step": null, "ts": 1721937645.790136}]}, "version": 468, "at": 1721937645.790136}
{"obj": {"type": "LogFloats", "path": ["Gradient norm"], "values": [{"value": 0.012347756438156462, "step": null, "ts": 1721937645.7911365}]}, "version": 469, "at": 1721937645.7911365}
{"obj": {"type": "LogFloats", "path": ["Loss (Train)"], "values": [{"value": 0.0319514274597168, "step": null, "ts": 1721937645.9011354}]}, "version": 470, "at": 1721937645.9011354}
{"obj": {"type": "LogFloats", "path": ["Gradient norm"], "values": [{"value": 0.011597504389159498, "step": null, "ts": 1721937645.9011354}]}, "version": 471, "at": 1721937645.9011354}
{"obj": {"type": "LogFloats", "path": ["Loss (Train)"], "values": [{"value": 0.03227730095386505, "step": null, "ts": 1721937646.0111372}]}, "version": 472, "at": 1721937646.0111372}
{"obj": {"type": "LogFloats", "path": ["Gradient norm"], "values": [{"value": 0.012940276818278055, "step": null, "ts": 1721937646.0111372}]}, "version": 473, "at": 1721937646.0111372}
{"obj": {"type": "LogFloats", "path": ["Loss (Train)"], "values": [{"value": 0.03162291273474693, "step": null, "ts": 1721937646.138136}]}, "version": 474, "at": 1721937646.138136}
{"obj": {"type": "LogFloats", "path": ["Gradient norm"], "values": [{"value": 0.01157446561978865, "step": null, "ts": 1721937646.138136}]}, "version": 475, "at": 1721937646.138136}
{"obj": {"type": "LogFloats", "path": ["Loss (Train)"], "values": [{"value": 0.03212245926260948, "step": null, "ts": 1721937646.2561357}]}, "version": 476, "at": 1721937646.2561357}
{"obj": {"type": "LogFloats", "path": ["Gradient norm"], "values": [{"value": 0.012004490420853026, "step": null, "ts": 1721937646.2561357}]}, "version": 477, "at": 1721937646.2561357}
{"obj": {"type": "LogFloats", "path": ["Loss (Train)"], "values": [{"value": 0.032102711498737335, "step": null, "ts": 1721937646.377137}]}, "version": 478, "at": 1721937646.377137}
{"obj": {"type": "LogFloats", "path": ["Gradient norm"], "values": [{"value": 0.011953121521965841, "step": null, "ts": 1721937646.377137}]}, "version": 479, "at": 1721937646.377137}
{"obj": {"type": "LogFloats", "path": ["Loss (Train)"], "values": [{"value": 0.03206827864050865, "step": null, "ts": 1721937646.489138}]}, "version": 480, "at": 1721937646.489138}
{"obj": {"type": "LogFloats", "path": ["Gradient norm"], "values": [{"value": 0.011472977337318224, "step": null, "ts": 1721937646.489138}]}, "version": 481, "at": 1721937646.489138}
{"obj": {"type": "LogFloats", "path": ["Loss (Train)"], "values": [{"value": 0.032177604734897614, "step": null, "ts": 1721937646.6011364}]}, "version": 482, "at": 1721937646.6011364}
{"obj": {"type": "LogFloats", "path": ["Gradient norm"], "values": [{"value": 0.011856655343003224, "step": null, "ts": 1721937646.6011364}]}, "version": 483, "at": 1721937646.6011364}
{"obj": {"type": "LogFloats", "path": ["Loss (Train)"], "values": [{"value": 0.03194412961602211, "step": null, "ts": 1721937646.7111363}]}, "version": 484, "at": 1721937646.7111363}
{"obj": {"type": "LogFloats", "path": ["Gradient norm"], "values": [{"value": 0.011399144531530224, "step": null, "ts": 1721937646.7111363}]}, "version": 485, "at": 1721937646.7111363}
{"obj": {"type": "LogFloats", "path": ["Loss (Train)"], "values": [{"value": 0.03238588199019432, "step": null, "ts": 1721937646.8351367}]}, "version": 486, "at": 1721937646.8351367}
{"obj": {"type": "LogFloats", "path": ["Gradient norm"], "values": [{"value": 0.013736637814001583, "step": null, "ts": 1721937646.8351367}]}, "version": 487, "at": 1721937646.8351367}
{"obj": {"type": "LogFloats", "path": ["Loss (Train)"], "values": [{"value": 0.032154783606529236, "step": null, "ts": 1721937646.9521382}]}, "version": 488, "at": 1721937646.9521382}
{"obj": {"type": "LogFloats", "path": ["Gradient norm"], "values": [{"value": 0.012486269721173638, "step": null, "ts": 1721937646.9521382}]}, "version": 489, "at": 1721937646.9531384}
{"obj": {"type": "LogFloats", "path": ["Loss (Train)"], "values": [{"value": 0.03182176873087883, "step": null, "ts": 1721937647.069136}]}, "version": 490, "at": 1721937647.069136}
{"obj": {"type": "LogFloats", "path": ["Gradient norm"], "values": [{"value": 0.012072130120489938, "step": null, "ts": 1721937647.069136}]}, "version": 491, "at": 1721937647.069136}
{"obj": {"type": "LogFloats", "path": ["Loss (Train)"], "values": [{"value": 0.03194015473127365, "step": null, "ts": 1721937647.2241366}]}, "version": 492, "at": 1721937647.2241366}
{"obj": {"type": "LogFloats", "path": ["Gradient norm"], "values": [{"value": 0.01154229153045933, "step": null, "ts": 1721937647.2251372}]}, "version": 493, "at": 1721937647.2251372}
{"obj": {"type": "LogFloats", "path": ["Loss (Train)"], "values": [{"value": 0.03221922367811203, "step": null, "ts": 1721937647.3351367}]}, "version": 494, "at": 1721937647.3351367}
{"obj": {"type": "LogFloats", "path": ["Gradient norm"], "values": [{"value": 0.011936153576657822, "step": null, "ts": 1721937647.3351367}]}, "version": 495, "at": 1721937647.3351367}
{"obj": {"type": "LogFloats", "path": ["Loss (Train)"], "values": [{"value": 0.032062213867902756, "step": null, "ts": 1721937647.4431365}]}, "version": 496, "at": 1721937647.4431365}
{"obj": {"type": "LogFloats", "path": ["Gradient norm"], "values": [{"value": 0.011934607898064772, "step": null, "ts": 1721937647.4431365}]}, "version": 497, "at": 1721937647.4431365}
{"obj": {"type": "LogFloats", "path": ["Loss (Train)"], "values": [{"value": 0.03204881027340889, "step": null, "ts": 1721937647.5491364}]}, "version": 498, "at": 1721937647.5491364}
{"obj": {"type": "LogFloats", "path": ["Gradient norm"], "values": [{"value": 0.012804250342554543, "step": null, "ts": 1721937647.5491364}]}, "version": 499, "at": 1721937647.5491364}
{"obj": {"type": "LogFloats", "path": ["Loss (Train)"], "values": [{"value": 0.03184850513935089, "step": null, "ts": 1721937647.651137}]}, "version": 500, "at": 1721937647.651137}
{"obj": {"type": "LogFloats", "path": ["Gradient norm"], "values": [{"value": 0.011743167084630097, "step": null, "ts": 1721937647.651137}]}, "version": 501, "at": 1721937647.651137}
{"obj": {"type": "LogFloats", "path": ["Loss (Train)"], "values": [{"value": 0.031795524060726166, "step": null, "ts": 1721937647.7611382}]}, "version": 502, "at": 1721937647.7621384}
{"obj": {"type": "LogFloats", "path": ["Gradient norm"], "values": [{"value": 0.011991302791502737, "step": null, "ts": 1721937647.7621384}]}, "version": 503, "at": 1721937647.7621384}
{"obj": {"type": "LogFloats", "path": ["Loss (Train)"], "values": [{"value": 0.03231404721736908, "step": null, "ts": 1721937647.863138}]}, "version": 504, "at": 1721937647.863138}
{"obj": {"type": "LogFloats", "path": ["Gradient norm"], "values": [{"value": 0.012422827921188793, "step": null, "ts": 1721937647.863138}]}, "version": 505, "at": 1721937647.863138}
{"obj": {"type": "LogFloats", "path": ["Loss (Train)"], "values": [{"value": 0.03194525092840195, "step": null, "ts": 1721937647.966136}]}, "version": 506, "at": 1721937647.966136}
{"obj": {"type": "LogFloats", "path": ["Gradient norm"], "values": [{"value": 0.012479411676300704, "step": null, "ts": 1721937647.966136}]}, "version": 507, "at": 1721937647.966136}
{"obj": {"type": "LogFloats", "path": ["Loss (Train)"], "values": [{"value": 0.03241756930947304, "step": null, "ts": 1721937648.066137}]}, "version": 508, "at": 1721937648.066137}
{"obj": {"type": "LogFloats", "path": ["Gradient norm"], "values": [{"value": 0.0124587782307408, "step": null, "ts": 1721937648.066137}]}, "version": 509, "at": 1721937648.066137}
{"obj": {"type": "LogFloats", "path": ["Loss (Train)"], "values": [{"value": 0.03240221366286278, "step": null, "ts": 1721937648.1741378}]}, "version": 510, "at": 1721937648.1741378}
{"obj": {"type": "LogFloats", "path": ["Gradient norm"], "values": [{"value": 0.012567569388864022, "step": null, "ts": 1721937648.1741378}]}, "version": 511, "at": 1721937648.1741378}
