{"obj": {"type": "AssignString", "path": ["sys", "name"], "value": "Untitled"}, "version": 1, "at": 1721936855.346953}
{"obj": {"type": "AssignString", "path": ["sys", "description"], "value": ""}, "version": 2, "at": 1721936855.346953}
{"obj": {"type": "AssignString", "path": ["monitoring", "c5476777", "hostname"], "value": "DESKTOP-SO4DDQB"}, "version": 3, "at": 1721936855.346953}
{"obj": {"type": "AssignString", "path": ["sys", "hostname"], "value": "DESKTOP-SO4DDQB"}, "version": 4, "at": 1721936855.346953}
{"obj": {"type": "AssignString", "path": ["monitoring", "c5476777", "pid"], "value": "19612"}, "version": 5, "at": 1721936855.346953}
{"obj": {"type": "AssignString", "path": ["monitoring", "c5476777", "tid"], "value": "28960"}, "version": 6, "at": 1721936855.346953}
{"obj": {"type": "AssignBool", "path": ["sys", "failed"], "value": false}, "version": 7, "at": 1721936855.346953}
{"obj": {"type": "LogFloats", "path": ["Loss (Train)"], "values": [{"value": 0.8684259653091431, "step": null, "ts": 1721936855.744953}]}, "version": 8, "at": 1721936855.744953}
{"obj": {"type": "LogFloats", "path": ["Loss (Train)"], "values": [{"value": 0.1436919867992401, "step": null, "ts": 1721936855.8549523}]}, "version": 9, "at": 1721936855.8549523}
{"obj": {"type": "LogFloats", "path": ["Loss (Train)"], "values": [{"value": 0.13937275111675262, "step": null, "ts": 1721936855.9509845}]}, "version": 10, "at": 1721936855.9509845}
{"obj": {"type": "LogFloats", "path": ["Loss (Train)"], "values": [{"value": 0.14650878310203552, "step": null, "ts": 1721936856.0479531}]}, "version": 11, "at": 1721936856.0479531}
{"obj": {"type": "LogFloats", "path": ["Loss (Train)"], "values": [{"value": 0.18776501715183258, "step": null, "ts": 1721936856.1449525}]}, "version": 12, "at": 1721936856.1449525}
{"obj": {"type": "LogFloats", "path": ["Loss (Train)"], "values": [{"value": 0.23642322421073914, "step": null, "ts": 1721936856.240954}]}, "version": 13, "at": 1721936856.240954}
{"obj": {"type": "LogFloats", "path": ["Loss (Train)"], "values": [{"value": 0.22580863535404205, "step": null, "ts": 1721936856.336952}]}, "version": 14, "at": 1721936856.336952}
{"obj": {"type": "LogFloats", "path": ["Loss (Train)"], "values": [{"value": 0.21065017580986023, "step": null, "ts": 1721936856.4442706}]}, "version": 15, "at": 1721936856.4442706}
{"obj": {"type": "LogFloats", "path": ["Loss (Train)"], "values": [{"value": 0.27031442523002625, "step": null, "ts": 1721936856.5902762}]}, "version": 16, "at": 1721936856.5902762}
{"obj": {"type": "LogFloats", "path": ["Loss (Train)"], "values": [{"value": 0.23976103961467743, "step": null, "ts": 1721936856.6882722}]}, "version": 17, "at": 1721936856.6882722}
{"obj": {"type": "LogFloats", "path": ["Loss (Train)"], "values": [{"value": 0.1643945872783661, "step": null, "ts": 1721936856.7832725}]}, "version": 18, "at": 1721936856.7832725}
{"obj": {"type": "LogFloats", "path": ["Loss (Train)"], "values": [{"value": 0.8496444225311279, "step": null, "ts": 1721936856.8822722}]}, "version": 19, "at": 1721936856.8822722}
{"obj": {"type": "LogFloats", "path": ["Loss (Train)"], "values": [{"value": 0.9484300017356873, "step": null, "ts": 1721936856.9852717}]}, "version": 20, "at": 1721936856.9852717}
{"obj": {"type": "LogFloats", "path": ["Loss (Train)"], "values": [{"value": 0.4646977484226227, "step": null, "ts": 1721936857.0892715}]}, "version": 21, "at": 1721936857.0892715}
{"obj": {"type": "LogFloats", "path": ["Loss (Train)"], "values": [{"value": 0.57087242603302, "step": null, "ts": 1721936857.1922727}]}, "version": 22, "at": 1721936857.1922727}
{"obj": {"type": "LogFloats", "path": ["Loss (Train)"], "values": [{"value": 0.6162728071212769, "step": null, "ts": 1721936857.296272}]}, "version": 23, "at": 1721936857.296272}
{"obj": {"type": "LogFloats", "path": ["Loss (Train)"], "values": [{"value": 0.5716982483863831, "step": null, "ts": 1721936857.424272}]}, "version": 24, "at": 1721936857.424272}
{"obj": {"type": "LogFloats", "path": ["Loss (Train)"], "values": [{"value": 0.530820906162262, "step": null, "ts": 1721936857.5282714}]}, "version": 25, "at": 1721936857.5282714}
{"obj": {"type": "LogFloats", "path": ["Loss (Train)"], "values": [{"value": 0.5208812355995178, "step": null, "ts": 1721936857.6343215}]}, "version": 26, "at": 1721936857.6343215}
{"obj": {"type": "LogFloats", "path": ["Loss (Train)"], "values": [{"value": 0.3502722978591919, "step": null, "ts": 1721936857.7372737}]}, "version": 27, "at": 1721936857.7372737}
{"obj": {"type": "LogFloats", "path": ["Loss (Train)"], "values": [{"value": 26.305259704589844, "step": null, "ts": 1721936857.8382719}]}, "version": 28, "at": 1721936857.8382719}
{"obj": {"type": "LogFloats", "path": ["Loss (Train)"], "values": [{"value": 2.39670991897583, "step": null, "ts": 1721936857.9392715}]}, "version": 29, "at": 1721936857.9392715}
{"obj": {"type": "LogFloats", "path": ["Loss (Train)"], "values": [{"value": 0.5643768310546875, "step": null, "ts": 1721936858.0382707}]}, "version": 30, "at": 1721936858.0382707}
{"obj": {"type": "LogFloats", "path": ["Loss (Train)"], "values": [{"value": 0.3950667381286621, "step": null, "ts": 1721936858.1382713}]}, "version": 31, "at": 1721936858.1382713}
{"obj": {"type": "LogFloats", "path": ["Loss (Train)"], "values": [{"value": 0.28877487778663635, "step": null, "ts": 1721936858.2592723}]}, "version": 32, "at": 1721936858.2602725}
{"obj": {"type": "LogFloats", "path": ["Loss (Train)"], "values": [{"value": 0.28357648849487305, "step": null, "ts": 1721936858.362273}]}, "version": 33, "at": 1721936858.362273}
{"obj": {"type": "LogFloats", "path": ["Loss (Train)"], "values": [{"value": 0.27794042229652405, "step": null, "ts": 1721936858.4692712}]}, "version": 34, "at": 1721936858.4692712}
{"obj": {"type": "LogFloats", "path": ["Loss (Train)"], "values": [{"value": 0.2540550231933594, "step": null, "ts": 1721936858.5718942}]}, "version": 35, "at": 1721936858.5718942}
{"obj": {"type": "LogFloats", "path": ["Loss (Train)"], "values": [{"value": 0.25407302379608154, "step": null, "ts": 1721936858.670895}]}, "version": 36, "at": 1721936858.6718943}
{"obj": {"type": "LogFloats", "path": ["Loss (Train)"], "values": [{"value": 0.23908905684947968, "step": null, "ts": 1721936858.7764983}]}, "version": 37, "at": 1721936858.7764983}
{"obj": {"type": "LogFloats", "path": ["Loss (Train)"], "values": [{"value": 0.2379837930202484, "step": null, "ts": 1721936858.8834977}]}, "version": 38, "at": 1721936858.8834977}
{"obj": {"type": "LogFloats", "path": ["Loss (Train)"], "values": [{"value": 0.20095567405223846, "step": null, "ts": 1721936858.9944975}]}, "version": 39, "at": 1721936858.9944975}
{"obj": {"type": "LogFloats", "path": ["Loss (Train)"], "values": [{"value": 0.2217947393655777, "step": null, "ts": 1721936859.0934982}]}, "version": 40, "at": 1721936859.0934982}
{"obj": {"type": "LogFloats", "path": ["Loss (Train)"], "values": [{"value": 0.1812976449728012, "step": null, "ts": 1721936859.189497}]}, "version": 41, "at": 1721936859.189497}
{"obj": {"type": "LogFloats", "path": ["Loss (Train)"], "values": [{"value": 0.15417994558811188, "step": null, "ts": 1721936859.2804964}]}, "version": 42, "at": 1721936859.2804964}
{"obj": {"type": "LogFloats", "path": ["Loss (Train)"], "values": [{"value": 0.1379629224538803, "step": null, "ts": 1721936859.378499}]}, "version": 43, "at": 1721936859.3794992}
{"obj": {"type": "LogFloats", "path": ["Loss (Train)"], "values": [{"value": 0.10172190517187119, "step": null, "ts": 1721936859.4704974}]}, "version": 44, "at": 1721936859.4704974}
{"obj": {"type": "LogFloats", "path": ["Loss (Train)"], "values": [{"value": 0.09929858893156052, "step": null, "ts": 1721936859.573498}]}, "version": 45, "at": 1721936859.573498}
{"obj": {"type": "LogFloats", "path": ["Loss (Train)"], "values": [{"value": 0.07610655575990677, "step": null, "ts": 1721936859.665499}]}, "version": 46, "at": 1721936859.665499}
{"obj": {"type": "LogFloats", "path": ["Loss (Train)"], "values": [{"value": 0.06971020251512527, "step": null, "ts": 1721936859.7564974}]}, "version": 47, "at": 1721936859.7564974}
{"obj": {"type": "LogFloats", "path": ["Loss (Train)"], "values": [{"value": 0.068794846534729, "step": null, "ts": 1721936859.8474965}]}, "version": 48, "at": 1721936859.8474965}
{"obj": {"type": "LogFloats", "path": ["Loss (Train)"], "values": [{"value": 0.06561391800642014, "step": null, "ts": 1721936859.969031}]}, "version": 49, "at": 1721936859.969031}
{"obj": {"type": "LogFloats", "path": ["Loss (Train)"], "values": [{"value": 0.05577247589826584, "step": null, "ts": 1721936860.1210318}]}, "version": 50, "at": 1721936860.1210318}
{"obj": {"type": "LogFloats", "path": ["Loss (Train)"], "values": [{"value": 0.05814101919531822, "step": null, "ts": 1721936860.2180297}]}, "version": 51, "at": 1721936860.2180297}
{"obj": {"type": "LogFloats", "path": ["Loss (Train)"], "values": [{"value": 0.053063977509737015, "step": null, "ts": 1721936860.3120298}]}, "version": 52, "at": 1721936860.3120298}
{"obj": {"type": "LogFloats", "path": ["Loss (Train)"], "values": [{"value": 0.05061066895723343, "step": null, "ts": 1721936860.4050298}]}, "version": 53, "at": 1721936860.4060304}
{"obj": {"type": "LogFloats", "path": ["Loss (Train)"], "values": [{"value": 0.053775105625391006, "step": null, "ts": 1721936860.4970298}]}, "version": 54, "at": 1721936860.4980302}
{"obj": {"type": "LogFloats", "path": ["Loss (Train)"], "values": [{"value": 0.05332919582724571, "step": null, "ts": 1721936860.5890296}]}, "version": 55, "at": 1721936860.5900304}
{"obj": {"type": "LogFloats", "path": ["Loss (Train)"], "values": [{"value": 0.05536818504333496, "step": null, "ts": 1721936860.6800296}]}, "version": 56, "at": 1721936860.6800296}
{"obj": {"type": "LogFloats", "path": ["Loss (Train)"], "values": [{"value": 0.0529911182820797, "step": null, "ts": 1721936860.778136}]}, "version": 57, "at": 1721936860.778136}
{"obj": {"type": "LogFloats", "path": ["Loss (Train)"], "values": [{"value": 0.04662265628576279, "step": null, "ts": 1721936860.8701367}]}, "version": 58, "at": 1721936860.8701367}
{"obj": {"type": "LogFloats", "path": ["Loss (Train)"], "values": [{"value": 0.04952728748321533, "step": null, "ts": 1721936860.9671354}]}, "version": 59, "at": 1721936860.9671354}
{"obj": {"type": "LogFloats", "path": ["Loss (Train)"], "values": [{"value": 0.04525904729962349, "step": null, "ts": 1721936861.0601368}]}, "version": 60, "at": 1721936861.0601368}
{"obj": {"type": "LogFloats", "path": ["Loss (Train)"], "values": [{"value": 0.046008117496967316, "step": null, "ts": 1721936861.1551354}]}, "version": 61, "at": 1721936861.1551354}
{"obj": {"type": "LogFloats", "path": ["Loss (Train)"], "values": [{"value": 0.044930219650268555, "step": null, "ts": 1721936861.2471354}]}, "version": 62, "at": 1721936861.2471354}
{"obj": {"type": "LogFloats", "path": ["Loss (Train)"], "values": [{"value": 0.04392291605472565, "step": null, "ts": 1721936861.342137}]}, "version": 63, "at": 1721936861.342137}
{"obj": {"type": "LogFloats", "path": ["Loss (Train)"], "values": [{"value": 0.04477279633283615, "step": null, "ts": 1721936861.4371357}]}, "version": 64, "at": 1721936861.4371357}
{"obj": {"type": "LogFloats", "path": ["Loss (Train)"], "values": [{"value": 0.0420868881046772, "step": null, "ts": 1721936861.548136}]}, "version": 65, "at": 1721936861.548136}
{"obj": {"type": "LogFloats", "path": ["Loss (Train)"], "values": [{"value": 0.04402147978544235, "step": null, "ts": 1721936861.6381354}]}, "version": 66, "at": 1721936861.6381354}
{"obj": {"type": "LogFloats", "path": ["Loss (Train)"], "values": [{"value": 0.04159943386912346, "step": null, "ts": 1721936861.7311356}]}, "version": 67, "at": 1721936861.7311356}
{"obj": {"type": "LogFloats", "path": ["Loss (Train)"], "values": [{"value": 0.041643429547548294, "step": null, "ts": 1721936861.8221369}]}, "version": 68, "at": 1721936861.8221369}
{"obj": {"type": "LogFloats", "path": ["Loss (Train)"], "values": [{"value": 0.04203082621097565, "step": null, "ts": 1721936861.9141355}]}, "version": 69, "at": 1721936861.9141355}
{"obj": {"type": "LogFloats", "path": ["Loss (Train)"], "values": [{"value": 0.04189816862344742, "step": null, "ts": 1721936862.0011358}]}, "version": 70, "at": 1721936862.0011358}
{"obj": {"type": "LogFloats", "path": ["Loss (Train)"], "values": [{"value": 0.04114069417119026, "step": null, "ts": 1721936862.0931356}]}, "version": 71, "at": 1721936862.0931356}
{"obj": {"type": "LogFloats", "path": ["Loss (Train)"], "values": [{"value": 0.03971066325902939, "step": null, "ts": 1721936862.1841357}]}, "version": 72, "at": 1721936862.1841357}
{"obj": {"type": "LogFloats", "path": ["Loss (Train)"], "values": [{"value": 0.03923845291137695, "step": null, "ts": 1721936862.2801356}]}, "version": 73, "at": 1721936862.2801356}
{"obj": {"type": "LogFloats", "path": ["Loss (Train)"], "values": [{"value": 0.038257453590631485, "step": null, "ts": 1721936862.374137}]}, "version": 74, "at": 1721936862.374137}
{"obj": {"type": "LogFloats", "path": ["Loss (Train)"], "values": [{"value": 0.03892868012189865, "step": null, "ts": 1721936862.4701371}]}, "version": 75, "at": 1721936862.4701371}
{"obj": {"type": "LogFloats", "path": ["Loss (Train)"], "values": [{"value": 0.03864976763725281, "step": null, "ts": 1721936862.5681362}]}, "version": 76, "at": 1721936862.5681362}
{"obj": {"type": "LogFloats", "path": ["Loss (Train)"], "values": [{"value": 0.03720059245824814, "step": null, "ts": 1721936862.663136}]}, "version": 77, "at": 1721936862.663136}
{"obj": {"type": "LogFloats", "path": ["Loss (Train)"], "values": [{"value": 0.03884940966963768, "step": null, "ts": 1721936862.7551365}]}, "version": 78, "at": 1721936862.7561364}
{"obj": {"type": "LogFloats", "path": ["Loss (Train)"], "values": [{"value": 0.03687366843223572, "step": null, "ts": 1721936862.8581357}]}, "version": 79, "at": 1721936862.8581357}
{"obj": {"type": "LogFloats", "path": ["Loss (Train)"], "values": [{"value": 0.03740253299474716, "step": null, "ts": 1721936862.9521356}]}, "version": 80, "at": 1721936862.9521356}
{"obj": {"type": "LogFloats", "path": ["Loss (Train)"], "values": [{"value": 0.036426253616809845, "step": null, "ts": 1721936863.0491374}]}, "version": 81, "at": 1721936863.0491374}
{"obj": {"type": "LogFloats", "path": ["Loss (Train)"], "values": [{"value": 0.03672488406300545, "step": null, "ts": 1721936863.1421366}]}, "version": 82, "at": 1721936863.1421366}
{"obj": {"type": "LogFloats", "path": ["Loss (Train)"], "values": [{"value": 0.03699537739157677, "step": null, "ts": 1721936863.235136}]}, "version": 83, "at": 1721936863.2361367}
{"obj": {"type": "LogFloats", "path": ["Loss (Train)"], "values": [{"value": 0.03775640204548836, "step": null, "ts": 1721936863.3281362}]}, "version": 84, "at": 1721936863.3281362}
{"obj": {"type": "LogFloats", "path": ["Loss (Train)"], "values": [{"value": 0.03622603043913841, "step": null, "ts": 1721936863.4271355}]}, "version": 85, "at": 1721936863.4271355}
{"obj": {"type": "LogFloats", "path": ["Loss (Train)"], "values": [{"value": 0.039549656212329865, "step": null, "ts": 1721936863.520137}]}, "version": 86, "at": 1721936863.520137}
{"obj": {"type": "LogFloats", "path": ["Loss (Train)"], "values": [{"value": 0.03531220182776451, "step": null, "ts": 1721936863.6121364}]}, "version": 87, "at": 1721936863.613137}
{"obj": {"type": "LogFloats", "path": ["Loss (Train)"], "values": [{"value": 0.035844672471284866, "step": null, "ts": 1721936863.703135}]}, "version": 88, "at": 1721936863.703135}
{"obj": {"type": "LogFloats", "path": ["Loss (Train)"], "values": [{"value": 0.036991000175476074, "step": null, "ts": 1721936863.796135}]}, "version": 89, "at": 1721936863.796135}
{"obj": {"type": "LogFloats", "path": ["Loss (Train)"], "values": [{"value": 0.036537136882543564, "step": null, "ts": 1721936863.8891358}]}, "version": 90, "at": 1721936863.8891358}
{"obj": {"type": "LogFloats", "path": ["Loss (Train)"], "values": [{"value": 0.0369243361055851, "step": null, "ts": 1721936863.9851348}]}, "version": 91, "at": 1721936863.9851348}
{"obj": {"type": "LogFloats", "path": ["Loss (Train)"], "values": [{"value": 0.03637649118900299, "step": null, "ts": 1721936864.0821373}]}, "version": 92, "at": 1721936864.0821373}
{"obj": {"type": "LogFloats", "path": ["Loss (Train)"], "values": [{"value": 0.03647047281265259, "step": null, "ts": 1721936864.181135}]}, "version": 93, "at": 1721936864.181135}
{"obj": {"type": "LogFloats", "path": ["Loss (Train)"], "values": [{"value": 0.03662109375, "step": null, "ts": 1721936864.2781358}]}, "version": 94, "at": 1721936864.2781358}
{"obj": {"type": "LogFloats", "path": ["Loss (Train)"], "values": [{"value": 0.035814542323350906, "step": null, "ts": 1721936864.3721352}]}, "version": 95, "at": 1721936864.3721352}
{"obj": {"type": "LogFloats", "path": ["Loss (Train)"], "values": [{"value": 0.03752551227807999, "step": null, "ts": 1721936864.469135}]}, "version": 96, "at": 1721936864.469135}
{"obj": {"type": "LogFloats", "path": ["Loss (Train)"], "values": [{"value": 0.03609945625066757, "step": null, "ts": 1721936864.5641363}]}, "version": 97, "at": 1721936864.5651362}
{"obj": {"type": "LogFloats", "path": ["Loss (Train)"], "values": [{"value": 0.037261538207530975, "step": null, "ts": 1721936864.6551354}]}, "version": 98, "at": 1721936864.6551354}
{"obj": {"type": "LogFloats", "path": ["Loss (Train)"], "values": [{"value": 0.036593545228242874, "step": null, "ts": 1721936864.7461348}]}, "version": 99, "at": 1721936864.7461348}
{"obj": {"type": "LogFloats", "path": ["Loss (Train)"], "values": [{"value": 0.03498203679919243, "step": null, "ts": 1721936864.8361356}]}, "version": 100, "at": 1721936864.8361356}
{"obj": {"type": "LogFloats", "path": ["Loss (Train)"], "values": [{"value": 0.03583448380231857, "step": null, "ts": 1721936864.9281356}]}, "version": 101, "at": 1721936864.9281356}
{"obj": {"type": "LogFloats", "path": ["Loss (Train)"], "values": [{"value": 0.03599861264228821, "step": null, "ts": 1721936865.0181358}]}, "version": 102, "at": 1721936865.0181358}
{"obj": {"type": "LogFloats", "path": ["Loss (Train)"], "values": [{"value": 0.035900793969631195, "step": null, "ts": 1721936865.1101358}]}, "version": 103, "at": 1721936865.1101358}
{"obj": {"type": "LogFloats", "path": ["Loss (Train)"], "values": [{"value": 0.03780336305499077, "step": null, "ts": 1721936865.201135}]}, "version": 104, "at": 1721936865.201135}
{"obj": {"type": "LogFloats", "path": ["Loss (Train)"], "values": [{"value": 0.03509090840816498, "step": null, "ts": 1721936865.2921362}]}, "version": 105, "at": 1721936865.2921362}
{"obj": {"type": "LogFloats", "path": ["Loss (Train)"], "values": [{"value": 0.03523733466863632, "step": null, "ts": 1721936865.381136}]}, "version": 106, "at": 1721936865.381136}
{"obj": {"type": "LogFloats", "path": ["Loss (Train)"], "values": [{"value": 0.035875607281923294, "step": null, "ts": 1721936865.4761355}]}, "version": 107, "at": 1721936865.4761355}
{"obj": {"type": "LogFloats", "path": ["Loss (Train)"], "values": [{"value": 0.03551296517252922, "step": null, "ts": 1721936865.5651398}]}, "version": 108, "at": 1721936865.5651398}
{"obj": {"type": "LogFloats", "path": ["Loss (Train)"], "values": [{"value": 0.03632718697190285, "step": null, "ts": 1721936865.660137}]}, "version": 109, "at": 1721936865.660137}
{"obj": {"type": "LogFloats", "path": ["Loss (Train)"], "values": [{"value": 0.03576040640473366, "step": null, "ts": 1721936865.7541368}]}, "version": 110, "at": 1721936865.7541368}
{"obj": {"type": "LogFloats", "path": ["Loss (Train)"], "values": [{"value": 0.03590383753180504, "step": null, "ts": 1721936865.8461351}]}, "version": 111, "at": 1721936865.8461351}
{"obj": {"type": "LogFloats", "path": ["Loss (Train)"], "values": [{"value": 0.03582415357232094, "step": null, "ts": 1721936865.9371352}]}, "version": 112, "at": 1721936865.9371352}
{"obj": {"type": "LogFloats", "path": ["Loss (Train)"], "values": [{"value": 0.03497700020670891, "step": null, "ts": 1721936866.0301354}]}, "version": 113, "at": 1721936866.0301354}
{"obj": {"type": "LogFloats", "path": ["Loss (Train)"], "values": [{"value": 0.033688489347696304, "step": null, "ts": 1721936866.1201358}]}, "version": 114, "at": 1721936866.1211362}
{"obj": {"type": "LogFloats", "path": ["Loss (Train)"], "values": [{"value": 0.03560694679617882, "step": null, "ts": 1721936866.2121348}]}, "version": 115, "at": 1721936866.2121348}
{"obj": {"type": "LogFloats", "path": ["Loss (Train)"], "values": [{"value": 0.03524996340274811, "step": null, "ts": 1721936866.3021357}]}, "version": 116, "at": 1721936866.3021357}
{"obj": {"type": "LogFloats", "path": ["Loss (Train)"], "values": [{"value": 0.03527969866991043, "step": null, "ts": 1721936866.3921363}]}, "version": 117, "at": 1721936866.3921363}
{"obj": {"type": "LogFloats", "path": ["Loss (Train)"], "values": [{"value": 0.036657657474279404, "step": null, "ts": 1721936866.483136}]}, "version": 118, "at": 1721936866.483136}
{"obj": {"type": "LogFloats", "path": ["Loss (Train)"], "values": [{"value": 0.036983244121074677, "step": null, "ts": 1721936866.5891352}]}, "version": 119, "at": 1721936866.5891352}
{"obj": {"type": "LogFloats", "path": ["Loss (Train)"], "values": [{"value": 0.035503145307302475, "step": null, "ts": 1721936866.6791356}]}, "version": 120, "at": 1721936866.6791356}
{"obj": {"type": "LogFloats", "path": ["Loss (Train)"], "values": [{"value": 0.03459775447845459, "step": null, "ts": 1721936866.7701347}]}, "version": 121, "at": 1721936866.7701347}
{"obj": {"type": "LogFloats", "path": ["Loss (Train)"], "values": [{"value": 0.03473895788192749, "step": null, "ts": 1721936866.8601358}]}, "version": 122, "at": 1721936866.8601358}
{"obj": {"type": "LogFloats", "path": ["Loss (Train)"], "values": [{"value": 0.03537136688828468, "step": null, "ts": 1721936866.977135}]}, "version": 123, "at": 1721936866.977135}
{"obj": {"type": "LogFloats", "path": ["Loss (Train)"], "values": [{"value": 0.035250067710876465, "step": null, "ts": 1721936867.0691352}]}, "version": 124, "at": 1721936867.0691352}
{"obj": {"type": "LogFloats", "path": ["Loss (Train)"], "values": [{"value": 0.03504127636551857, "step": null, "ts": 1721936867.1601353}]}, "version": 125, "at": 1721936867.1611357}
{"obj": {"type": "LogFloats", "path": ["Loss (Train)"], "values": [{"value": 0.03522110730409622, "step": null, "ts": 1721936867.2521355}]}, "version": 126, "at": 1721936867.2521355}
{"obj": {"type": "LogFloats", "path": ["Loss (Train)"], "values": [{"value": 0.03538328409194946, "step": null, "ts": 1721936867.342136}]}, "version": 127, "at": 1721936867.342136}
{"obj": {"type": "LogFloats", "path": ["Loss (Train)"], "values": [{"value": 0.03516218438744545, "step": null, "ts": 1721936867.4351356}]}, "version": 128, "at": 1721936867.4351356}
{"obj": {"type": "LogFloats", "path": ["Loss (Train)"], "values": [{"value": 0.034977469593286514, "step": null, "ts": 1721936867.5261388}]}, "version": 129, "at": 1721936867.5261388}
{"obj": {"type": "LogFloats", "path": ["Loss (Train)"], "values": [{"value": 0.03626358136534691, "step": null, "ts": 1721936867.6171355}]}, "version": 130, "at": 1721936867.6171355}
{"obj": {"type": "LogFloats", "path": ["Loss (Train)"], "values": [{"value": 0.0359206460416317, "step": null, "ts": 1721936867.7101786}]}, "version": 131, "at": 1721936867.7101786}
{"obj": {"type": "LogFloats", "path": ["Loss (Train)"], "values": [{"value": 0.034989576786756516, "step": null, "ts": 1721936867.8011365}]}, "version": 132, "at": 1721936867.8021357}
{"obj": {"type": "LogFloats", "path": ["Loss (Train)"], "values": [{"value": 0.03460904210805893, "step": null, "ts": 1721936867.8941357}]}, "version": 133, "at": 1721936867.8941357}
{"obj": {"type": "LogFloats", "path": ["Loss (Train)"], "values": [{"value": 0.03504053130745888, "step": null, "ts": 1721936867.985137}]}, "version": 134, "at": 1721936867.985137}
{"obj": {"type": "LogFloats", "path": ["Loss (Train)"], "values": [{"value": 0.03541823476552963, "step": null, "ts": 1721936868.0751355}]}, "version": 135, "at": 1721936868.0751355}
{"obj": {"type": "LogFloats", "path": ["Loss (Train)"], "values": [{"value": 0.03537935018539429, "step": null, "ts": 1721936868.1681361}]}, "version": 136, "at": 1721936868.1681361}
{"obj": {"type": "LogFloats", "path": ["Loss (Train)"], "values": [{"value": 0.035468775779008865, "step": null, "ts": 1721936868.2601373}]}, "version": 137, "at": 1721936868.2601373}
{"obj": {"type": "LogFloats", "path": ["Loss (Train)"], "values": [{"value": 0.034786466509103775, "step": null, "ts": 1721936868.380136}]}, "version": 138, "at": 1721936868.380136}
{"obj": {"type": "LogFloats", "path": ["Loss (Train)"], "values": [{"value": 0.03544126823544502, "step": null, "ts": 1721936868.4701355}]}, "version": 139, "at": 1721936868.4701355}
{"obj": {"type": "LogFloats", "path": ["Loss (Train)"], "values": [{"value": 0.0361681692302227, "step": null, "ts": 1721936868.5599651}]}, "version": 140, "at": 1721936868.5599651}
{"obj": {"type": "LogFloats", "path": ["Loss (Train)"], "values": [{"value": 0.03447514772415161, "step": null, "ts": 1721936868.6499658}]}, "version": 141, "at": 1721936868.6499658}
{"obj": {"type": "LogFloats", "path": ["Loss (Train)"], "values": [{"value": 0.035783469676971436, "step": null, "ts": 1721936868.7389657}]}, "version": 142, "at": 1721936868.7389657}
{"obj": {"type": "LogFloats", "path": ["Loss (Train)"], "values": [{"value": 0.03547428175806999, "step": null, "ts": 1721936868.8285599}]}, "version": 143, "at": 1721936868.8285599}
{"obj": {"type": "LogFloats", "path": ["Loss (Train)"], "values": [{"value": 0.03509772941470146, "step": null, "ts": 1721936868.927559}]}, "version": 144, "at": 1721936868.927559}
{"obj": {"type": "LogFloats", "path": ["Loss (Train)"], "values": [{"value": 0.034747641533613205, "step": null, "ts": 1721936869.0185595}]}, "version": 145, "at": 1721936869.0185595}
{"obj": {"type": "LogFloats", "path": ["Loss (Train)"], "values": [{"value": 0.03485598415136337, "step": null, "ts": 1721936869.1115592}]}, "version": 146, "at": 1721936869.1115592}
{"obj": {"type": "LogFloats", "path": ["Loss (Train)"], "values": [{"value": 0.033718448132276535, "step": null, "ts": 1721936869.2375593}]}, "version": 147, "at": 1721936869.2375593}
{"obj": {"type": "LogFloats", "path": ["Loss (Train)"], "values": [{"value": 0.035969749093055725, "step": null, "ts": 1721936869.3315592}]}, "version": 148, "at": 1721936869.3315592}
{"obj": {"type": "LogFloats", "path": ["Loss (Train)"], "values": [{"value": 0.0364246740937233, "step": null, "ts": 1721936869.4205592}]}, "version": 149, "at": 1721936869.4205592}
{"obj": {"type": "LogFloats", "path": ["Loss (Train)"], "values": [{"value": 0.035102568566799164, "step": null, "ts": 1721936869.5145595}]}, "version": 150, "at": 1721936869.5155602}
{"obj": {"type": "LogFloats", "path": ["Loss (Train)"], "values": [{"value": 0.035058680921792984, "step": null, "ts": 1721936869.60456}]}, "version": 151, "at": 1721936869.60456}
{"obj": {"type": "LogFloats", "path": ["Loss (Train)"], "values": [{"value": 0.03493734449148178, "step": null, "ts": 1721936869.697559}]}, "version": 152, "at": 1721936869.697559}
{"obj": {"type": "LogFloats", "path": ["Loss (Train)"], "values": [{"value": 0.03521707281470299, "step": null, "ts": 1721936869.7875593}]}, "version": 153, "at": 1721936869.7875593}
{"obj": {"type": "LogFloats", "path": ["Loss (Train)"], "values": [{"value": 0.03420371562242508, "step": null, "ts": 1721936869.8805592}]}, "version": 154, "at": 1721936869.8805592}
{"obj": {"type": "LogFloats", "path": ["Loss (Train)"], "values": [{"value": 0.03499986231327057, "step": null, "ts": 1721936869.9715595}]}, "version": 155, "at": 1721936869.9715595}
{"obj": {"type": "LogFloats", "path": ["Loss (Train)"], "values": [{"value": 0.03375803306698799, "step": null, "ts": 1721936870.063559}]}, "version": 156, "at": 1721936870.063559}
{"obj": {"type": "LogFloats", "path": ["Loss (Train)"], "values": [{"value": 0.03519146516919136, "step": null, "ts": 1721936870.154561}]}, "version": 157, "at": 1721936870.154561}
{"obj": {"type": "LogFloats", "path": ["Loss (Train)"], "values": [{"value": 0.03517292067408562, "step": null, "ts": 1721936870.2475588}]}, "version": 158, "at": 1721936870.2475588}
{"obj": {"type": "LogFloats", "path": ["Loss (Train)"], "values": [{"value": 0.03463880345225334, "step": null, "ts": 1721936870.336561}]}, "version": 159, "at": 1721936870.336561}
{"obj": {"type": "LogFloats", "path": ["Loss (Train)"], "values": [{"value": 0.03561035543680191, "step": null, "ts": 1721936870.4295595}]}, "version": 160, "at": 1721936870.4295595}
{"obj": {"type": "LogFloats", "path": ["Loss (Train)"], "values": [{"value": 0.03543753921985626, "step": null, "ts": 1721936870.520559}]}, "version": 161, "at": 1721936870.520559}
{"obj": {"type": "LogFloats", "path": ["Loss (Train)"], "values": [{"value": 0.034833215177059174, "step": null, "ts": 1721936870.6135592}]}, "version": 162, "at": 1721936870.6135592}
{"obj": {"type": "LogFloats", "path": ["Loss (Train)"], "values": [{"value": 0.03452453389763832, "step": null, "ts": 1721936870.7025595}]}, "version": 163, "at": 1721936870.7025595}
{"obj": {"type": "LogFloats", "path": ["Loss (Train)"], "values": [{"value": 0.03558533266186714, "step": null, "ts": 1721936870.8002179}]}, "version": 164, "at": 1721936870.8002179}
{"obj": {"type": "LogFloats", "path": ["Loss (Train)"], "values": [{"value": 0.03469664976000786, "step": null, "ts": 1721936870.8942163}]}, "version": 165, "at": 1721936870.8942163}
{"obj": {"type": "LogFloats", "path": ["Loss (Train)"], "values": [{"value": 0.03398018702864647, "step": null, "ts": 1721936870.9892163}]}, "version": 166, "at": 1721936870.9892163}
{"obj": {"type": "LogFloats", "path": ["Loss (Train)"], "values": [{"value": 0.03512205183506012, "step": null, "ts": 1721936871.0812166}]}, "version": 167, "at": 1721936871.0812166}
{"obj": {"type": "LogFloats", "path": ["Loss (Train)"], "values": [{"value": 0.03479747101664543, "step": null, "ts": 1721936871.1872196}]}, "version": 168, "at": 1721936871.1872196}
{"obj": {"type": "LogFloats", "path": ["Loss (Train)"], "values": [{"value": 0.03405463322997093, "step": null, "ts": 1721936871.2792165}]}, "version": 169, "at": 1721936871.2792165}
{"obj": {"type": "LogFloats", "path": ["Loss (Train)"], "values": [{"value": 0.03494502231478691, "step": null, "ts": 1721936871.3692155}]}, "version": 170, "at": 1721936871.3702161}
{"obj": {"type": "LogFloats", "path": ["Loss (Train)"], "values": [{"value": 0.034618623554706573, "step": null, "ts": 1721936871.459217}]}, "version": 171, "at": 1721936871.459217}
{"obj": {"type": "LogFloats", "path": ["Loss (Train)"], "values": [{"value": 0.034446634352207184, "step": null, "ts": 1721936871.5512156}]}, "version": 172, "at": 1721936871.5512156}
{"obj": {"type": "LogFloats", "path": ["Loss (Train)"], "values": [{"value": 0.03555890917778015, "step": null, "ts": 1721936871.6402178}]}, "version": 173, "at": 1721936871.6402178}
{"obj": {"type": "LogFloats", "path": ["Loss (Train)"], "values": [{"value": 0.03461233526468277, "step": null, "ts": 1721936871.7322176}]}, "version": 174, "at": 1721936871.7322176}
{"obj": {"type": "LogFloats", "path": ["Loss (Train)"], "values": [{"value": 0.03424910455942154, "step": null, "ts": 1721936871.8222172}]}, "version": 175, "at": 1721936871.8222172}
{"obj": {"type": "LogFloats", "path": ["Loss (Train)"], "values": [{"value": 0.03528895601630211, "step": null, "ts": 1721936871.9192166}]}, "version": 176, "at": 1721936871.9192166}
{"obj": {"type": "LogFloats", "path": ["Loss (Train)"], "values": [{"value": 0.0360700748860836, "step": null, "ts": 1721936872.0132155}]}, "version": 177, "at": 1721936872.0132155}
{"obj": {"type": "LogFloats", "path": ["Loss (Train)"], "values": [{"value": 0.03477403149008751, "step": null, "ts": 1721936872.1142173}]}, "version": 178, "at": 1721936872.1142173}
{"obj": {"type": "LogFloats", "path": ["Loss (Train)"], "values": [{"value": 0.03584369271993637, "step": null, "ts": 1721936872.2152178}]}, "version": 179, "at": 1721936872.2152178}
{"obj": {"type": "LogFloats", "path": ["Loss (Train)"], "values": [{"value": 0.03451091796159744, "step": null, "ts": 1721936872.312217}]}, "version": 180, "at": 1721936872.3132172}
{"obj": {"type": "LogFloats", "path": ["Loss (Train)"], "values": [{"value": 0.03468853235244751, "step": null, "ts": 1721936872.4042163}]}, "version": 181, "at": 1721936872.4042163}
{"obj": {"type": "LogFloats", "path": ["Loss (Train)"], "values": [{"value": 0.03439638018608093, "step": null, "ts": 1721936872.501216}]}, "version": 182, "at": 1721936872.501216}
{"obj": {"type": "LogFloats", "path": ["Loss (Train)"], "values": [{"value": 0.034142304211854935, "step": null, "ts": 1721936872.5932155}]}, "version": 183, "at": 1721936872.5932155}
{"obj": {"type": "LogFloats", "path": ["Loss (Train)"], "values": [{"value": 0.03433964028954506, "step": null, "ts": 1721936872.6842155}]}, "version": 184, "at": 1721936872.6842155}
{"obj": {"type": "LogFloats", "path": ["Loss (Train)"], "values": [{"value": 0.034362971782684326, "step": null, "ts": 1721936872.7682164}]}, "version": 185, "at": 1721936872.7682164}
{"obj": {"type": "LogFloats", "path": ["Loss (Train)"], "values": [{"value": 0.03436265513300896, "step": null, "ts": 1721936872.8562155}]}, "version": 186, "at": 1721936872.8562155}
{"obj": {"type": "LogFloats", "path": ["Loss (Train)"], "values": [{"value": 0.035073813050985336, "step": null, "ts": 1721936872.9442165}]}, "version": 187, "at": 1721936872.9442165}
{"obj": {"type": "LogFloats", "path": ["Loss (Train)"], "values": [{"value": 0.03502070903778076, "step": null, "ts": 1721936873.0322175}]}, "version": 188, "at": 1721936873.0322175}
{"obj": {"type": "LogFloats", "path": ["Loss (Train)"], "values": [{"value": 0.03434281796216965, "step": null, "ts": 1721936873.1192157}]}, "version": 189, "at": 1721936873.1192157}
{"obj": {"type": "LogFloats", "path": ["Loss (Train)"], "values": [{"value": 0.034544773399829865, "step": null, "ts": 1721936873.2122178}]}, "version": 190, "at": 1721936873.2122178}
{"obj": {"type": "LogFloats", "path": ["Loss (Train)"], "values": [{"value": 0.035184476524591446, "step": null, "ts": 1721936873.3022172}]}, "version": 191, "at": 1721936873.3022172}
{"obj": {"type": "LogFloats", "path": ["Loss (Train)"], "values": [{"value": 0.034523770213127136, "step": null, "ts": 1721936873.3922167}]}, "version": 192, "at": 1721936873.3922167}
{"obj": {"type": "LogFloats", "path": ["Loss (Train)"], "values": [{"value": 0.033995114266872406, "step": null, "ts": 1721936873.4802155}]}, "version": 193, "at": 1721936873.4802155}
{"obj": {"type": "LogFloats", "path": ["Loss (Train)"], "values": [{"value": 0.03550746291875839, "step": null, "ts": 1721936873.5692165}]}, "version": 194, "at": 1721936873.5692165}
{"obj": {"type": "LogFloats", "path": ["Loss (Train)"], "values": [{"value": 0.035665933042764664, "step": null, "ts": 1721936873.658218}]}, "version": 195, "at": 1721936873.658218}
{"obj": {"type": "LogFloats", "path": ["Loss (Train)"], "values": [{"value": 0.0346624031662941, "step": null, "ts": 1721936873.7472167}]}, "version": 196, "at": 1721936873.7472167}
{"obj": {"type": "LogFloats", "path": ["Loss (Train)"], "values": [{"value": 0.034323662519454956, "step": null, "ts": 1721936873.8372173}]}, "version": 197, "at": 1721936873.8372173}
{"obj": {"type": "LogFloats", "path": ["Loss (Train)"], "values": [{"value": 0.03446135297417641, "step": null, "ts": 1721936873.9292169}]}, "version": 198, "at": 1721936873.9292169}
{"obj": {"type": "LogFloats", "path": ["Loss (Train)"], "values": [{"value": 0.0342937670648098, "step": null, "ts": 1721936874.0212166}]}, "version": 199, "at": 1721936874.0212166}
{"obj": {"type": "LogFloats", "path": ["Loss (Train)"], "values": [{"value": 0.034047652035951614, "step": null, "ts": 1721936874.1132164}]}, "version": 200, "at": 1721936874.1132164}
{"obj": {"type": "LogFloats", "path": ["Loss (Train)"], "values": [{"value": 0.03415247052907944, "step": null, "ts": 1721936874.2012172}]}, "version": 201, "at": 1721936874.2012172}
{"obj": {"type": "LogFloats", "path": ["Loss (Train)"], "values": [{"value": 0.033975206315517426, "step": null, "ts": 1721936874.2952163}]}, "version": 202, "at": 1721936874.2952163}
{"obj": {"type": "LogFloats", "path": ["Loss (Train)"], "values": [{"value": 0.03461393713951111, "step": null, "ts": 1721936874.3812156}]}, "version": 203, "at": 1721936874.3812156}
{"obj": {"type": "LogFloats", "path": ["Loss (Train)"], "values": [{"value": 0.034833889454603195, "step": null, "ts": 1721936874.4742172}]}, "version": 204, "at": 1721936874.4742172}
{"obj": {"type": "LogFloats", "path": ["Loss (Train)"], "values": [{"value": 0.03460780903697014, "step": null, "ts": 1721936874.5662165}]}, "version": 205, "at": 1721936874.5662165}
{"obj": {"type": "LogFloats", "path": ["Loss (Train)"], "values": [{"value": 0.034639038145542145, "step": null, "ts": 1721936874.6602166}]}, "version": 206, "at": 1721936874.6602166}
{"obj": {"type": "LogFloats", "path": ["Loss (Train)"], "values": [{"value": 0.034415360540151596, "step": null, "ts": 1721936874.7492175}]}, "version": 207, "at": 1721936874.7492175}
{"obj": {"type": "LogFloats", "path": ["Loss (Train)"], "values": [{"value": 0.033741291612386703, "step": null, "ts": 1721936874.8442168}]}, "version": 208, "at": 1721936874.8442168}
{"obj": {"type": "LogFloats", "path": ["Loss (Train)"], "values": [{"value": 0.03521070256829262, "step": null, "ts": 1721936874.9332173}]}, "version": 209, "at": 1721936874.9332173}
