{"obj": {"type": "AssignString", "path": ["sys", "name"], "value": "Untitled"}, "version": 1, "at": 1721983519.7568526}
{"obj": {"type": "AssignString", "path": ["sys", "description"], "value": ""}, "version": 2, "at": 1721983519.7568526}
{"obj": {"type": "AssignString", "path": ["monitoring", "49016dfe", "hostname"], "value": "DESKTOP-SO4DDQB"}, "version": 3, "at": 1721983519.7568526}
{"obj": {"type": "AssignString", "path": ["sys", "hostname"], "value": "DESKTOP-SO4DDQB"}, "version": 4, "at": 1721983519.7568526}
{"obj": {"type": "AssignString", "path": ["monitoring", "49016dfe", "pid"], "value": "10504"}, "version": 5, "at": 1721983519.7568526}
{"obj": {"type": "AssignString", "path": ["monitoring", "49016dfe", "tid"], "value": "14280"}, "version": 6, "at": 1721983519.7568526}
{"obj": {"type": "AssignBool", "path": ["sys", "failed"], "value": false}, "version": 7, "at": 1721983519.7568526}
{"obj": {"type": "LogFloats", "path": ["Loss (Train)"], "values": [{"value": 0.7299966812133789, "step": null, "ts": 1721983520.2008524}]}, "version": 8, "at": 1721983520.2008524}
{"obj": {"type": "LogFloats", "path": ["Gradient norm"], "values": [{"value": 4.988431900247456, "step": null, "ts": 1721983520.2008524}]}, "version": 9, "at": 1721983520.2018523}
{"obj": {"type": "LogFloats", "path": ["Loss (Train)"], "values": [{"value": 0.4465584456920624, "step": null, "ts": 1721983520.4438522}]}, "version": 10, "at": 1721983520.4438522}
{"obj": {"type": "LogFloats", "path": ["Gradient norm"], "values": [{"value": 2.574728628861634, "step": null, "ts": 1721983520.4438522}]}, "version": 11, "at": 1721983520.4438522}
{"obj": {"type": "LogFloats", "path": ["Loss (Train)"], "values": [{"value": 0.33276689052581787, "step": null, "ts": 1721983520.6228523}]}, "version": 12, "at": 1721983520.6238523}
{"obj": {"type": "LogFloats", "path": ["Gradient norm"], "values": [{"value": 1.5329904385618547, "step": null, "ts": 1721983520.6238523}]}, "version": 13, "at": 1721983520.6238523}
{"obj": {"type": "LogFloats", "path": ["Loss (Train)"], "values": [{"value": 0.28072822093963623, "step": null, "ts": 1721983520.7998524}]}, "version": 14, "at": 1721983520.7998524}
{"obj": {"type": "LogFloats", "path": ["Gradient norm"], "values": [{"value": 1.150565851129202, "step": null, "ts": 1721983520.8008523}]}, "version": 15, "at": 1721983520.8008523}
{"obj": {"type": "LogFloats", "path": ["Loss (Train)"], "values": [{"value": 0.24683980643749237, "step": null, "ts": 1721983520.9888527}]}, "version": 16, "at": 1721983520.9888527}
{"obj": {"type": "LogFloats", "path": ["Gradient norm"], "values": [{"value": 0.9241906280195276, "step": null, "ts": 1721983520.9888527}]}, "version": 17, "at": 1721983520.9888527}
{"obj": {"type": "LogFloats", "path": ["Loss (Train)"], "values": [{"value": 0.22814761102199554, "step": null, "ts": 1721983521.1638532}]}, "version": 18, "at": 1721983521.1638532}
{"obj": {"type": "LogFloats", "path": ["Gradient norm"], "values": [{"value": 0.8057380841823905, "step": null, "ts": 1721983521.1638532}]}, "version": 19, "at": 1721983521.1638532}
{"obj": {"type": "LogFloats", "path": ["Loss (Train)"], "values": [{"value": 0.2127913534641266, "step": null, "ts": 1721983521.3448524}]}, "version": 20, "at": 1721983521.3448524}
{"obj": {"type": "LogFloats", "path": ["Gradient norm"], "values": [{"value": 0.7053650009688736, "step": null, "ts": 1721983521.3448524}]}, "version": 21, "at": 1721983521.3448524}
{"obj": {"type": "LogFloats", "path": ["Loss (Train)"], "values": [{"value": 0.20075148344039917, "step": null, "ts": 1721983521.5198524}]}, "version": 22, "at": 1721983521.5198524}
{"obj": {"type": "LogFloats", "path": ["Gradient norm"], "values": [{"value": 0.634044617940517, "step": null, "ts": 1721983521.5198524}]}, "version": 23, "at": 1721983521.5198524}
{"obj": {"type": "LogFloats", "path": ["Loss (Train)"], "values": [{"value": 0.19385457038879395, "step": null, "ts": 1721983521.7008522}]}, "version": 24, "at": 1721983521.7008522}
{"obj": {"type": "LogFloats", "path": ["Gradient norm"], "values": [{"value": 0.5896808927379811, "step": null, "ts": 1721983521.7008522}]}, "version": 25, "at": 1721983521.7008522}
{"obj": {"type": "LogFloats", "path": ["Loss (Train)"], "values": [{"value": 0.1850452572107315, "step": null, "ts": 1721983521.8838522}]}, "version": 26, "at": 1721983521.8838522}
{"obj": {"type": "LogFloats", "path": ["Gradient norm"], "values": [{"value": 0.5319384290425945, "step": null, "ts": 1721983521.8838522}]}, "version": 27, "at": 1721983521.8838522}
{"obj": {"type": "LogFloats", "path": ["Loss (Train)"], "values": [{"value": 0.18030035495758057, "step": null, "ts": 1721983522.0718539}]}, "version": 28, "at": 1721983522.0718539}
{"obj": {"type": "LogFloats", "path": ["Gradient norm"], "values": [{"value": 0.5110748028857082, "step": null, "ts": 1721983522.0718539}]}, "version": 29, "at": 1721983522.0718539}
{"obj": {"type": "LogFloats", "path": ["Loss (Train)"], "values": [{"value": 0.17798066139221191, "step": null, "ts": 1721983522.2518523}]}, "version": 30, "at": 1721983522.2518523}
{"obj": {"type": "LogFloats", "path": ["Gradient norm"], "values": [{"value": 0.49740999630734, "step": null, "ts": 1721983522.2518523}]}, "version": 31, "at": 1721983522.2518523}
{"obj": {"type": "LogFloats", "path": ["Loss (Train)"], "values": [{"value": 0.17297057807445526, "step": null, "ts": 1721983522.445852}]}, "version": 32, "at": 1721983522.445852}
{"obj": {"type": "LogFloats", "path": ["Gradient norm"], "values": [{"value": 0.47119259710972067, "step": null, "ts": 1721983522.445852}]}, "version": 33, "at": 1721983522.445852}
{"obj": {"type": "LogFloats", "path": ["Loss (Train)"], "values": [{"value": 0.16936179995536804, "step": null, "ts": 1721983522.6608524}]}, "version": 34, "at": 1721983522.6618524}
{"obj": {"type": "LogFloats", "path": ["Gradient norm"], "values": [{"value": 0.4501254937066934, "step": null, "ts": 1721983522.6618524}]}, "version": 35, "at": 1721983522.6618524}
{"obj": {"type": "LogFloats", "path": ["Loss (Train)"], "values": [{"value": 0.16789214313030243, "step": null, "ts": 1721983522.8478522}]}, "version": 36, "at": 1721983522.8478522}
{"obj": {"type": "LogFloats", "path": ["Gradient norm"], "values": [{"value": 0.44076304757474216, "step": null, "ts": 1721983522.8478522}]}, "version": 37, "at": 1721983522.8478522}
{"obj": {"type": "LogFloats", "path": ["Loss (Train)"], "values": [{"value": 0.16764487326145172, "step": null, "ts": 1721983523.0288527}]}, "version": 38, "at": 1721983523.0288527}
{"obj": {"type": "LogFloats", "path": ["Gradient norm"], "values": [{"value": 0.44476605054275314, "step": null, "ts": 1721983523.0288527}]}, "version": 39, "at": 1721983523.0288527}
{"obj": {"type": "LogFloats", "path": ["Loss (Train)"], "values": [{"value": 0.16535216569900513, "step": null, "ts": 1721983523.2268527}]}, "version": 40, "at": 1721983523.2268527}
{"obj": {"type": "LogFloats", "path": ["Gradient norm"], "values": [{"value": 0.43647231844418954, "step": null, "ts": 1721983523.2268527}]}, "version": 41, "at": 1721983523.2268527}
{"obj": {"type": "LogFloats", "path": ["Loss (Train)"], "values": [{"value": 0.1633707582950592, "step": null, "ts": 1721983523.4268527}]}, "version": 42, "at": 1721983523.4268527}
{"obj": {"type": "LogFloats", "path": ["Gradient norm"], "values": [{"value": 0.42833901813884556, "step": null, "ts": 1721983523.4268527}]}, "version": 43, "at": 1721983523.4268527}
{"obj": {"type": "LogFloats", "path": ["Loss (Train)"], "values": [{"value": 0.1614810824394226, "step": null, "ts": 1721983523.6258523}]}, "version": 44, "at": 1721983523.6258523}
{"obj": {"type": "LogFloats", "path": ["Gradient norm"], "values": [{"value": 0.4136454829567514, "step": null, "ts": 1721983523.6258523}]}, "version": 45, "at": 1721983523.6258523}
{"obj": {"type": "LogFloats", "path": ["Loss (Train)"], "values": [{"value": 0.15959200263023376, "step": null, "ts": 1721983523.8158524}]}, "version": 46, "at": 1721983523.8158524}
{"obj": {"type": "LogFloats", "path": ["Gradient norm"], "values": [{"value": 0.3989380553536682, "step": null, "ts": 1721983523.8158524}]}, "version": 47, "at": 1721983523.8158524}
{"obj": {"type": "LogFloats", "path": ["Loss (Train)"], "values": [{"value": 0.15907461941242218, "step": null, "ts": 1721983524.0148528}]}, "version": 48, "at": 1721983524.0148528}
{"obj": {"type": "LogFloats", "path": ["Gradient norm"], "values": [{"value": 0.4052550610636318, "step": null, "ts": 1721983524.0148528}]}, "version": 49, "at": 1721983524.0148528}
{"obj": {"type": "LogFloats", "path": ["Loss (Train)"], "values": [{"value": 0.156336709856987, "step": null, "ts": 1721983524.2038536}]}, "version": 50, "at": 1721983524.2038536}
{"obj": {"type": "LogFloats", "path": ["Gradient norm"], "values": [{"value": 0.38649331048115404, "step": null, "ts": 1721983524.2048523}]}, "version": 51, "at": 1721983524.2048523}
{"obj": {"type": "LogFloats", "path": ["Loss (Train)"], "values": [{"value": 0.15612581372261047, "step": null, "ts": 1721983524.4003792}]}, "version": 52, "at": 1721983524.4003792}
{"obj": {"type": "LogFloats", "path": ["Gradient norm"], "values": [{"value": 0.38724981016773763, "step": null, "ts": 1721983524.4003792}]}, "version": 53, "at": 1721983524.4003792}
{"obj": {"type": "LogFloats", "path": ["Loss (Train)"], "values": [{"value": 0.15642373263835907, "step": null, "ts": 1721983524.5929382}]}, "version": 54, "at": 1721983524.5929382}
{"obj": {"type": "LogFloats", "path": ["Gradient norm"], "values": [{"value": 0.38584693461647684, "step": null, "ts": 1721983524.593938}]}, "version": 55, "at": 1721983524.593938}
{"obj": {"type": "LogFloats", "path": ["Loss (Train)"], "values": [{"value": 0.1538495123386383, "step": null, "ts": 1721983524.7985475}]}, "version": 56, "at": 1721983524.7985475}
{"obj": {"type": "LogFloats", "path": ["Gradient norm"], "values": [{"value": 0.3754885503504965, "step": null, "ts": 1721983524.7985475}]}, "version": 57, "at": 1721983524.7985475}
{"obj": {"type": "LogFloats", "path": ["Loss (Train)"], "values": [{"value": 0.15501002967357635, "step": null, "ts": 1721983524.9995484}]}, "version": 58, "at": 1721983524.9995484}
{"obj": {"type": "LogFloats", "path": ["Gradient norm"], "values": [{"value": 0.39216649947346544, "step": null, "ts": 1721983525.000548}]}, "version": 59, "at": 1721983525.000548}
{"obj": {"type": "LogFloats", "path": ["Loss (Train)"], "values": [{"value": 0.15221405029296875, "step": null, "ts": 1721983525.2025473}]}, "version": 60, "at": 1721983525.2025473}
{"obj": {"type": "LogFloats", "path": ["Gradient norm"], "values": [{"value": 0.3668623273988676, "step": null, "ts": 1721983525.2025473}]}, "version": 61, "at": 1721983525.2025473}
{"obj": {"type": "LogFloats", "path": ["Loss (Train)"], "values": [{"value": 0.1515105664730072, "step": null, "ts": 1721983525.4005473}]}, "version": 62, "at": 1721983525.4005473}
{"obj": {"type": "LogFloats", "path": ["Gradient norm"], "values": [{"value": 0.3661408777580538, "step": null, "ts": 1721983525.4005473}]}, "version": 63, "at": 1721983525.4005473}
{"obj": {"type": "LogFloats", "path": ["Loss (Train)"], "values": [{"value": 0.14956539869308472, "step": null, "ts": 1721983525.599547}]}, "version": 64, "at": 1721983525.599547}
{"obj": {"type": "LogFloats", "path": ["Gradient norm"], "values": [{"value": 0.3625120926620403, "step": null, "ts": 1721983525.599547}]}, "version": 65, "at": 1721983525.599547}
{"obj": {"type": "LogFloats", "path": ["Loss (Train)"], "values": [{"value": 0.1491108238697052, "step": null, "ts": 1721983525.792547}]}, "version": 66, "at": 1721983525.792547}
{"obj": {"type": "LogFloats", "path": ["Gradient norm"], "values": [{"value": 0.3562266199225875, "step": null, "ts": 1721983525.792547}]}, "version": 67, "at": 1721983525.792547}
{"obj": {"type": "LogFloats", "path": ["Loss (Train)"], "values": [{"value": 0.1492815911769867, "step": null, "ts": 1721983525.9895482}]}, "version": 68, "at": 1721983525.9895482}
{"obj": {"type": "LogFloats", "path": ["Gradient norm"], "values": [{"value": 0.36063551887317324, "step": null, "ts": 1721983525.9895482}]}, "version": 69, "at": 1721983525.9895482}
{"obj": {"type": "LogFloats", "path": ["Loss (Train)"], "values": [{"value": 0.14787355065345764, "step": null, "ts": 1721983526.181547}]}, "version": 70, "at": 1721983526.181547}
{"obj": {"type": "LogFloats", "path": ["Gradient norm"], "values": [{"value": 0.34997124800504004, "step": null, "ts": 1721983526.182547}]}, "version": 71, "at": 1721983526.182547}
{"obj": {"type": "LogFloats", "path": ["Loss (Train)"], "values": [{"value": 0.14747388660907745, "step": null, "ts": 1721983526.3865478}]}, "version": 72, "at": 1721983526.3865478}
{"obj": {"type": "LogFloats", "path": ["Gradient norm"], "values": [{"value": 0.3509905664385604, "step": null, "ts": 1721983526.3865478}]}, "version": 73, "at": 1721983526.3865478}
{"obj": {"type": "LogFloats", "path": ["Loss (Train)"], "values": [{"value": 0.14592105150222778, "step": null, "ts": 1721983526.598547}]}, "version": 74, "at": 1721983526.598547}
{"obj": {"type": "LogFloats", "path": ["Gradient norm"], "values": [{"value": 0.34102949149486816, "step": null, "ts": 1721983526.599547}]}, "version": 75, "at": 1721983526.599547}
{"obj": {"type": "LogFloats", "path": ["Loss (Train)"], "values": [{"value": 0.1446537971496582, "step": null, "ts": 1721983526.8006508}]}, "version": 76, "at": 1721983526.8006508}
{"obj": {"type": "LogFloats", "path": ["Gradient norm"], "values": [{"value": 0.33979048162145525, "step": null, "ts": 1721983526.8006508}]}, "version": 77, "at": 1721983526.8006508}
{"obj": {"type": "LogFloats", "path": ["Loss (Train)"], "values": [{"value": 0.14469006657600403, "step": null, "ts": 1721983527.0196507}]}, "version": 78, "at": 1721983527.0196507}
{"obj": {"type": "LogFloats", "path": ["Gradient norm"], "values": [{"value": 0.3429719998964615, "step": null, "ts": 1721983527.0196507}]}, "version": 79, "at": 1721983527.0196507}
{"obj": {"type": "LogFloats", "path": ["Loss (Train)"], "values": [{"value": 0.14392009377479553, "step": null, "ts": 1721983527.2236512}]}, "version": 80, "at": 1721983527.2236512}
{"obj": {"type": "LogFloats", "path": ["Gradient norm"], "values": [{"value": 0.3349318220982053, "step": null, "ts": 1721983527.2236512}]}, "version": 81, "at": 1721983527.2236512}
{"obj": {"type": "LogFloats", "path": ["Loss (Train)"], "values": [{"value": 0.14184750616550446, "step": null, "ts": 1721983527.422652}]}, "version": 82, "at": 1721983527.422652}
{"obj": {"type": "LogFloats", "path": ["Gradient norm"], "values": [{"value": 0.32900722463824195, "step": null, "ts": 1721983527.422652}]}, "version": 83, "at": 1721983527.422652}
{"obj": {"type": "LogFloats", "path": ["Loss (Train)"], "values": [{"value": 0.14151887595653534, "step": null, "ts": 1721983527.6356509}]}, "version": 84, "at": 1721983527.6356509}
{"obj": {"type": "LogFloats", "path": ["Gradient norm"], "values": [{"value": 0.32375378850059794, "step": null, "ts": 1721983527.6356509}]}, "version": 85, "at": 1721983527.6356509}
{"obj": {"type": "LogFloats", "path": ["Loss (Train)"], "values": [{"value": 0.14047551155090332, "step": null, "ts": 1721983527.853651}]}, "version": 86, "at": 1721983527.853651}
{"obj": {"type": "LogFloats", "path": ["Gradient norm"], "values": [{"value": 0.3248462030428489, "step": null, "ts": 1721983527.854651}]}, "version": 87, "at": 1721983527.854651}
{"obj": {"type": "LogFloats", "path": ["Loss (Train)"], "values": [{"value": 0.14064259827136993, "step": null, "ts": 1721983528.0576513}]}, "version": 88, "at": 1721983528.0576513}
{"obj": {"type": "LogFloats", "path": ["Gradient norm"], "values": [{"value": 0.3301140141389376, "step": null, "ts": 1721983528.0576513}]}, "version": 89, "at": 1721983528.0576513}
{"obj": {"type": "LogFloats", "path": ["Loss (Train)"], "values": [{"value": 0.13927078247070312, "step": null, "ts": 1721983528.2706509}]}, "version": 90, "at": 1721983528.2706509}
{"obj": {"type": "LogFloats", "path": ["Gradient norm"], "values": [{"value": 0.3161940911757866, "step": null, "ts": 1721983528.2706509}]}, "version": 91, "at": 1721983528.2706509}
{"obj": {"type": "LogFloats", "path": ["Loss (Train)"], "values": [{"value": 0.13827866315841675, "step": null, "ts": 1721983528.474651}]}, "version": 92, "at": 1721983528.474651}
{"obj": {"type": "LogFloats", "path": ["Gradient norm"], "values": [{"value": 0.3136421110892952, "step": null, "ts": 1721983528.474651}]}, "version": 93, "at": 1721983528.474651}
{"obj": {"type": "LogFloats", "path": ["Loss (Train)"], "values": [{"value": 0.13801449537277222, "step": null, "ts": 1721983528.6766508}]}, "version": 94, "at": 1721983528.6766508}
{"obj": {"type": "LogFloats", "path": ["Gradient norm"], "values": [{"value": 0.3178444675510569, "step": null, "ts": 1721983528.6776507}]}, "version": 95, "at": 1721983528.6776507}
{"obj": {"type": "LogFloats", "path": ["Loss (Train)"], "values": [{"value": 0.13734370470046997, "step": null, "ts": 1721983528.8736525}]}, "version": 96, "at": 1721983528.8736525}
{"obj": {"type": "LogFloats", "path": ["Gradient norm"], "values": [{"value": 0.30642201727101753, "step": null, "ts": 1721983528.8736525}]}, "version": 97, "at": 1721983528.8736525}
{"obj": {"type": "LogFloats", "path": ["Loss (Train)"], "values": [{"value": 0.13539588451385498, "step": null, "ts": 1721983529.0746505}]}, "version": 98, "at": 1721983529.0746505}
{"obj": {"type": "LogFloats", "path": ["Gradient norm"], "values": [{"value": 0.3009164982870717, "step": null, "ts": 1721983529.0746505}]}, "version": 99, "at": 1721983529.0746505}
{"obj": {"type": "LogFloats", "path": ["Loss (Train)"], "values": [{"value": 0.13538376986980438, "step": null, "ts": 1721983529.2676506}]}, "version": 100, "at": 1721983529.2676506}
{"obj": {"type": "LogFloats", "path": ["Gradient norm"], "values": [{"value": 0.3015205963110375, "step": null, "ts": 1721983529.2676506}]}, "version": 101, "at": 1721983529.2676506}
{"obj": {"type": "LogFloats", "path": ["Loss (Train)"], "values": [{"value": 0.13570807874202728, "step": null, "ts": 1721983529.4656513}]}, "version": 102, "at": 1721983529.4656513}
{"obj": {"type": "LogFloats", "path": ["Gradient norm"], "values": [{"value": 0.3086782395970153, "step": null, "ts": 1721983529.4656513}]}, "version": 103, "at": 1721983529.4656513}
{"obj": {"type": "LogFloats", "path": ["Loss (Train)"], "values": [{"value": 0.13394048810005188, "step": null, "ts": 1721983529.6626506}]}, "version": 104, "at": 1721983529.6626506}
{"obj": {"type": "LogFloats", "path": ["Gradient norm"], "values": [{"value": 0.3020122608517317, "step": null, "ts": 1721983529.6626506}]}, "version": 105, "at": 1721983529.6626506}
{"obj": {"type": "LogFloats", "path": ["Loss (Train)"], "values": [{"value": 0.13435262441635132, "step": null, "ts": 1721983529.8626506}]}, "version": 106, "at": 1721983529.8626506}
{"obj": {"type": "LogFloats", "path": ["Gradient norm"], "values": [{"value": 0.3019210712182621, "step": null, "ts": 1721983529.8626506}]}, "version": 107, "at": 1721983529.8626506}
{"obj": {"type": "LogFloats", "path": ["Loss (Train)"], "values": [{"value": 0.13230395317077637, "step": null, "ts": 1721983530.0536506}]}, "version": 108, "at": 1721983530.0536506}
{"obj": {"type": "LogFloats", "path": ["Gradient norm"], "values": [{"value": 0.29405172475935165, "step": null, "ts": 1721983530.0546505}]}, "version": 109, "at": 1721983530.0546505}
{"obj": {"type": "LogFloats", "path": ["Loss (Train)"], "values": [{"value": 0.13217416405677795, "step": null, "ts": 1721983530.2496507}]}, "version": 110, "at": 1721983530.2496507}
{"obj": {"type": "LogFloats", "path": ["Gradient norm"], "values": [{"value": 0.29749218021825014, "step": null, "ts": 1721983530.2496507}]}, "version": 111, "at": 1721983530.2496507}
{"obj": {"type": "LogFloats", "path": ["Loss (Train)"], "values": [{"value": 0.13157078623771667, "step": null, "ts": 1721983530.4396513}]}, "version": 112, "at": 1721983530.4396513}
{"obj": {"type": "LogFloats", "path": ["Gradient norm"], "values": [{"value": 0.28955591985126594, "step": null, "ts": 1721983530.4396513}]}, "version": 113, "at": 1721983530.4396513}
{"obj": {"type": "LogFloats", "path": ["Loss (Train)"], "values": [{"value": 0.13108175992965698, "step": null, "ts": 1721983530.6366508}]}, "version": 114, "at": 1721983530.6366508}
{"obj": {"type": "LogFloats", "path": ["Gradient norm"], "values": [{"value": 0.2819730487027311, "step": null, "ts": 1721983530.6366508}]}, "version": 115, "at": 1721983530.6366508}
{"obj": {"type": "LogFloats", "path": ["Loss (Train)"], "values": [{"value": 0.13127881288528442, "step": null, "ts": 1721983530.8286505}]}, "version": 116, "at": 1721983530.8286505}
{"obj": {"type": "LogFloats", "path": ["Gradient norm"], "values": [{"value": 0.29685617810897996, "step": null, "ts": 1721983530.8286505}]}, "version": 117, "at": 1721983530.8286505}
{"obj": {"type": "LogFloats", "path": ["Loss (Train)"], "values": [{"value": 0.12920022010803223, "step": null, "ts": 1721983531.0256507}]}, "version": 118, "at": 1721983531.0256507}
{"obj": {"type": "LogFloats", "path": ["Gradient norm"], "values": [{"value": 0.2832953193796497, "step": null, "ts": 1721983531.0256507}]}, "version": 119, "at": 1721983531.0256507}
{"obj": {"type": "LogFloats", "path": ["Loss (Train)"], "values": [{"value": 0.13040480017662048, "step": null, "ts": 1721983531.2166507}]}, "version": 120, "at": 1721983531.2166507}
{"obj": {"type": "LogFloats", "path": ["Gradient norm"], "values": [{"value": 0.29555466713211265, "step": null, "ts": 1721983531.2166507}]}, "version": 121, "at": 1721983531.2166507}
{"obj": {"type": "LogFloats", "path": ["Loss (Train)"], "values": [{"value": 0.12823282182216644, "step": null, "ts": 1721983531.424651}]}, "version": 122, "at": 1721983531.424651}
{"obj": {"type": "LogFloats", "path": ["Gradient norm"], "values": [{"value": 0.2778291469419473, "step": null, "ts": 1721983531.424651}]}, "version": 123, "at": 1721983531.424651}
{"obj": {"type": "LogFloats", "path": ["Loss (Train)"], "values": [{"value": 0.12793675065040588, "step": null, "ts": 1721983531.617651}]}, "version": 124, "at": 1721983531.618651}
{"obj": {"type": "LogFloats", "path": ["Gradient norm"], "values": [{"value": 0.28445808772129344, "step": null, "ts": 1721983531.618651}]}, "version": 125, "at": 1721983531.618651}
{"obj": {"type": "LogFloats", "path": ["Loss (Train)"], "values": [{"value": 0.12756507098674774, "step": null, "ts": 1721983531.8076534}]}, "version": 126, "at": 1721983531.8076534}
{"obj": {"type": "LogFloats", "path": ["Gradient norm"], "values": [{"value": 0.27867500842364923, "step": null, "ts": 1721983531.8076534}]}, "version": 127, "at": 1721983531.8076534}
{"obj": {"type": "LogFloats", "path": ["Loss (Train)"], "values": [{"value": 0.1276107281446457, "step": null, "ts": 1721983532.0026507}]}, "version": 128, "at": 1721983532.0026507}
{"obj": {"type": "LogFloats", "path": ["Gradient norm"], "values": [{"value": 0.2780205104020429, "step": null, "ts": 1721983532.0026507}]}, "version": 129, "at": 1721983532.0026507}
{"obj": {"type": "LogFloats", "path": ["Loss (Train)"], "values": [{"value": 0.1267489492893219, "step": null, "ts": 1721983532.1936507}]}, "version": 130, "at": 1721983532.1936507}
{"obj": {"type": "LogFloats", "path": ["Gradient norm"], "values": [{"value": 0.27510734600744463, "step": null, "ts": 1721983532.1946507}]}, "version": 131, "at": 1721983532.1946507}
{"obj": {"type": "LogFloats", "path": ["Loss (Train)"], "values": [{"value": 0.1260000616312027, "step": null, "ts": 1721983532.3936508}]}, "version": 132, "at": 1721983532.3936508}
{"obj": {"type": "LogFloats", "path": ["Gradient norm"], "values": [{"value": 0.2736700591002394, "step": null, "ts": 1721983532.3936508}]}, "version": 133, "at": 1721983532.3936508}
{"obj": {"type": "LogFloats", "path": ["Loss (Train)"], "values": [{"value": 0.12481296062469482, "step": null, "ts": 1721983532.5816512}]}, "version": 134, "at": 1721983532.5816512}
{"obj": {"type": "LogFloats", "path": ["Gradient norm"], "values": [{"value": 0.26392296494852596, "step": null, "ts": 1721983532.5816512}]}, "version": 135, "at": 1721983532.5816512}
{"obj": {"type": "LogFloats", "path": ["Loss (Train)"], "values": [{"value": 0.1239975094795227, "step": null, "ts": 1721983532.7776506}]}, "version": 136, "at": 1721983532.7776506}
{"obj": {"type": "LogFloats", "path": ["Gradient norm"], "values": [{"value": 0.274246034153046, "step": null, "ts": 1721983532.778651}]}, "version": 137, "at": 1721983532.778651}
{"obj": {"type": "LogFloats", "path": ["Loss (Train)"], "values": [{"value": 0.12375124543905258, "step": null, "ts": 1721983532.9706507}]}, "version": 138, "at": 1721983532.9706507}
{"obj": {"type": "LogFloats", "path": ["Gradient norm"], "values": [{"value": 0.26675591340335963, "step": null, "ts": 1721983532.9706507}]}, "version": 139, "at": 1721983532.9706507}
{"obj": {"type": "LogFloats", "path": ["Loss (Train)"], "values": [{"value": 0.1238219290971756, "step": null, "ts": 1721983533.1676507}]}, "version": 140, "at": 1721983533.1676507}
{"obj": {"type": "LogFloats", "path": ["Gradient norm"], "values": [{"value": 0.26110979272922125, "step": null, "ts": 1721983533.1676507}]}, "version": 141, "at": 1721983533.1676507}
{"obj": {"type": "LogFloats", "path": ["Loss (Train)"], "values": [{"value": 0.12294550240039825, "step": null, "ts": 1721983533.371651}]}, "version": 142, "at": 1721983533.371651}
{"obj": {"type": "LogFloats", "path": ["Gradient norm"], "values": [{"value": 0.2600472966048023, "step": null, "ts": 1721983533.371651}]}, "version": 143, "at": 1721983533.371651}
{"obj": {"type": "LogFloats", "path": ["Loss (Train)"], "values": [{"value": 0.12159977853298187, "step": null, "ts": 1721983533.5866508}]}, "version": 144, "at": 1721983533.5866508}
{"obj": {"type": "LogFloats", "path": ["Gradient norm"], "values": [{"value": 0.2532280351126789, "step": null, "ts": 1721983533.5866508}]}, "version": 145, "at": 1721983533.5866508}
{"obj": {"type": "LogFloats", "path": ["Loss (Train)"], "values": [{"value": 0.12152177095413208, "step": null, "ts": 1721983533.7856507}]}, "version": 146, "at": 1721983533.7856507}
{"obj": {"type": "LogFloats", "path": ["Gradient norm"], "values": [{"value": 0.2522071538799271, "step": null, "ts": 1721983533.7856507}]}, "version": 147, "at": 1721983533.7856507}
{"obj": {"type": "LogFloats", "path": ["Loss (Train)"], "values": [{"value": 0.12253408133983612, "step": null, "ts": 1721983534.011651}]}, "version": 148, "at": 1721983534.011651}
{"obj": {"type": "LogFloats", "path": ["Gradient norm"], "values": [{"value": 0.2572313561089996, "step": null, "ts": 1721983534.011651}]}, "version": 149, "at": 1721983534.011651}
{"obj": {"type": "LogFloats", "path": ["Loss (Train)"], "values": [{"value": 0.12135849893093109, "step": null, "ts": 1721983534.2136512}]}, "version": 150, "at": 1721983534.2136512}
{"obj": {"type": "LogFloats", "path": ["Gradient norm"], "values": [{"value": 0.2559368307217054, "step": null, "ts": 1721983534.2136512}]}, "version": 151, "at": 1721983534.2136512}
{"obj": {"type": "LogFloats", "path": ["Loss (Train)"], "values": [{"value": 0.11933067440986633, "step": null, "ts": 1721983534.432731}]}, "version": 152, "at": 1721983534.432731}
{"obj": {"type": "LogFloats", "path": ["Gradient norm"], "values": [{"value": 0.25734134812001336, "step": null, "ts": 1721983534.432731}]}, "version": 153, "at": 1721983534.432731}
{"obj": {"type": "LogFloats", "path": ["Loss (Train)"], "values": [{"value": 0.12017542123794556, "step": null, "ts": 1721983534.6283247}]}, "version": 154, "at": 1721983534.6283247}
{"obj": {"type": "LogFloats", "path": ["Gradient norm"], "values": [{"value": 0.25574399915266344, "step": null, "ts": 1721983534.6283247}]}, "version": 155, "at": 1721983534.6283247}
{"obj": {"type": "LogFloats", "path": ["Loss (Train)"], "values": [{"value": 0.11918127536773682, "step": null, "ts": 1721983534.8193247}]}, "version": 156, "at": 1721983534.8193247}
{"obj": {"type": "LogFloats", "path": ["Gradient norm"], "values": [{"value": 0.25300069586477436, "step": null, "ts": 1721983534.8193247}]}, "version": 157, "at": 1721983534.8193247}
{"obj": {"type": "LogFloats", "path": ["Loss (Train)"], "values": [{"value": 0.11906328797340393, "step": null, "ts": 1721983535.0133247}]}, "version": 158, "at": 1721983535.0133247}
{"obj": {"type": "LogFloats", "path": ["Gradient norm"], "values": [{"value": 0.25090294444828326, "step": null, "ts": 1721983535.0133247}]}, "version": 159, "at": 1721983535.0133247}
{"obj": {"type": "LogFloats", "path": ["Loss (Train)"], "values": [{"value": 0.11850042641162872, "step": null, "ts": 1721983535.2043247}]}, "version": 160, "at": 1721983535.2043247}
{"obj": {"type": "LogFloats", "path": ["Gradient norm"], "values": [{"value": 0.243178839569443, "step": null, "ts": 1721983535.2043247}]}, "version": 161, "at": 1721983535.2043247}
{"obj": {"type": "LogFloats", "path": ["Loss (Train)"], "values": [{"value": 0.11767012625932693, "step": null, "ts": 1721983535.398325}]}, "version": 162, "at": 1721983535.3993247}
{"obj": {"type": "LogFloats", "path": ["Gradient norm"], "values": [{"value": 0.23896417994845873, "step": null, "ts": 1721983535.3993247}]}, "version": 163, "at": 1721983535.3993247}
{"obj": {"type": "LogFloats", "path": ["Loss (Train)"], "values": [{"value": 0.11707077920436859, "step": null, "ts": 1721983535.5853248}]}, "version": 164, "at": 1721983535.5853248}
{"obj": {"type": "LogFloats", "path": ["Gradient norm"], "values": [{"value": 0.24151663721576244, "step": null, "ts": 1721983535.5853248}]}, "version": 165, "at": 1721983535.5853248}
{"obj": {"type": "LogFloats", "path": ["Loss (Train)"], "values": [{"value": 0.11757296323776245, "step": null, "ts": 1721983535.787325}]}, "version": 166, "at": 1721983535.787325}
{"obj": {"type": "LogFloats", "path": ["Gradient norm"], "values": [{"value": 0.24538112869312723, "step": null, "ts": 1721983535.787325}]}, "version": 167, "at": 1721983535.787325}
{"obj": {"type": "LogFloats", "path": ["Loss (Train)"], "values": [{"value": 0.11709171533584595, "step": null, "ts": 1721983535.9793248}]}, "version": 168, "at": 1721983535.9793248}
{"obj": {"type": "LogFloats", "path": ["Gradient norm"], "values": [{"value": 0.239809172703204, "step": null, "ts": 1721983535.9793248}]}, "version": 169, "at": 1721983535.9793248}
{"obj": {"type": "LogFloats", "path": ["Loss (Train)"], "values": [{"value": 0.11565899103879929, "step": null, "ts": 1721983536.1763246}]}, "version": 170, "at": 1721983536.1763246}
{"obj": {"type": "LogFloats", "path": ["Gradient norm"], "values": [{"value": 0.23876314173131896, "step": null, "ts": 1721983536.1773248}]}, "version": 171, "at": 1721983536.1773248}
{"obj": {"type": "LogFloats", "path": ["Loss (Train)"], "values": [{"value": 0.11494264006614685, "step": null, "ts": 1721983536.3863244}]}, "version": 172, "at": 1721983536.3863244}
{"obj": {"type": "LogFloats", "path": ["Gradient norm"], "values": [{"value": 0.23306389654473444, "step": null, "ts": 1721983536.3863244}]}, "version": 173, "at": 1721983536.3863244}
{"obj": {"type": "LogFloats", "path": ["Loss (Train)"], "values": [{"value": 0.11435352265834808, "step": null, "ts": 1721983536.590328}]}, "version": 174, "at": 1721983536.590328}
{"obj": {"type": "LogFloats", "path": ["Gradient norm"], "values": [{"value": 0.2317199297915774, "step": null, "ts": 1721983536.590328}]}, "version": 175, "at": 1721983536.590328}
{"obj": {"type": "LogFloats", "path": ["Loss (Train)"], "values": [{"value": 0.11475066095590591, "step": null, "ts": 1721983536.779342}]}, "version": 176, "at": 1721983536.779342}
{"obj": {"type": "LogFloats", "path": ["Gradient norm"], "values": [{"value": 0.23818061969150564, "step": null, "ts": 1721983536.779342}]}, "version": 177, "at": 1721983536.779342}
{"obj": {"type": "LogFloats", "path": ["Loss (Train)"], "values": [{"value": 0.11460341513156891, "step": null, "ts": 1721983536.9733422}]}, "version": 178, "at": 1721983536.9743419}
{"obj": {"type": "LogFloats", "path": ["Gradient norm"], "values": [{"value": 0.22924256742748242, "step": null, "ts": 1721983536.9743419}]}, "version": 179, "at": 1721983536.9743419}
{"obj": {"type": "LogFloats", "path": ["Loss (Train)"], "values": [{"value": 0.11285723745822906, "step": null, "ts": 1721983537.1683424}]}, "version": 180, "at": 1721983537.1683424}
{"obj": {"type": "LogFloats", "path": ["Gradient norm"], "values": [{"value": 0.21623555098251893, "step": null, "ts": 1721983537.1683424}]}, "version": 181, "at": 1721983537.1683424}
{"obj": {"type": "LogFloats", "path": ["Loss (Train)"], "values": [{"value": 0.11273238807916641, "step": null, "ts": 1721983537.3743424}]}, "version": 182, "at": 1721983537.3743424}
{"obj": {"type": "LogFloats", "path": ["Gradient norm"], "values": [{"value": 0.22407427943906227, "step": null, "ts": 1721983537.3743424}]}, "version": 183, "at": 1721983537.3743424}
{"obj": {"type": "LogFloats", "path": ["Loss (Train)"], "values": [{"value": 0.11305108666419983, "step": null, "ts": 1721983537.5643427}]}, "version": 184, "at": 1721983537.5643427}
{"obj": {"type": "LogFloats", "path": ["Gradient norm"], "values": [{"value": 0.21736538055080565, "step": null, "ts": 1721983537.5643427}]}, "version": 185, "at": 1721983537.5643427}
{"obj": {"type": "LogFloats", "path": ["Loss (Train)"], "values": [{"value": 0.11328615248203278, "step": null, "ts": 1721983537.7573447}]}, "version": 186, "at": 1721983537.7573447}
{"obj": {"type": "LogFloats", "path": ["Gradient norm"], "values": [{"value": 0.227339936256332, "step": null, "ts": 1721983537.7573447}]}, "version": 187, "at": 1721983537.7573447}
{"obj": {"type": "LogFloats", "path": ["Loss (Train)"], "values": [{"value": 0.11205091327428818, "step": null, "ts": 1721983537.9543421}]}, "version": 188, "at": 1721983537.9543421}
{"obj": {"type": "LogFloats", "path": ["Gradient norm"], "values": [{"value": 0.22063712494159218, "step": null, "ts": 1721983537.9543421}]}, "version": 189, "at": 1721983537.9543421}
{"obj": {"type": "LogFloats", "path": ["Loss (Train)"], "values": [{"value": 0.11159001290798187, "step": null, "ts": 1721983538.1543422}]}, "version": 190, "at": 1721983538.1543422}
{"obj": {"type": "LogFloats", "path": ["Gradient norm"], "values": [{"value": 0.21615223225122548, "step": null, "ts": 1721983538.1543422}]}, "version": 191, "at": 1721983538.1543422}
{"obj": {"type": "LogFloats", "path": ["Loss (Train)"], "values": [{"value": 0.11210247129201889, "step": null, "ts": 1721983538.3463423}]}, "version": 192, "at": 1721983538.3463423}
{"obj": {"type": "LogFloats", "path": ["Gradient norm"], "values": [{"value": 0.2284010756298101, "step": null, "ts": 1721983538.3463423}]}, "version": 193, "at": 1721983538.3463423}
{"obj": {"type": "LogFloats", "path": ["Loss (Train)"], "values": [{"value": 0.11065542697906494, "step": null, "ts": 1721983538.5403423}]}, "version": 194, "at": 1721983538.541342}
{"obj": {"type": "LogFloats", "path": ["Gradient norm"], "values": [{"value": 0.2214044648975493, "step": null, "ts": 1721983538.541342}]}, "version": 195, "at": 1721983538.541342}
{"obj": {"type": "LogFloats", "path": ["Loss (Train)"], "values": [{"value": 0.11062099784612656, "step": null, "ts": 1721983538.753342}]}, "version": 196, "at": 1721983538.753342}
{"obj": {"type": "LogFloats", "path": ["Gradient norm"], "values": [{"value": 0.21152389063654475, "step": null, "ts": 1721983538.753342}]}, "version": 197, "at": 1721983538.753342}
{"obj": {"type": "LogFloats", "path": ["Loss (Train)"], "values": [{"value": 0.11055872589349747, "step": null, "ts": 1721983538.9493425}]}, "version": 198, "at": 1721983538.9493425}
{"obj": {"type": "LogFloats", "path": ["Gradient norm"], "values": [{"value": 0.21321974259189977, "step": null, "ts": 1721983538.9493425}]}, "version": 199, "at": 1721983538.9493425}
{"obj": {"type": "LogFloats", "path": ["Loss (Train)"], "values": [{"value": 0.10952383279800415, "step": null, "ts": 1721983539.1373422}]}, "version": 200, "at": 1721983539.1373422}
{"obj": {"type": "LogFloats", "path": ["Gradient norm"], "values": [{"value": 0.20782466284707682, "step": null, "ts": 1721983539.1373422}]}, "version": 201, "at": 1721983539.1373422}
{"obj": {"type": "LogFloats", "path": ["Loss (Train)"], "values": [{"value": 0.10940514504909515, "step": null, "ts": 1721983539.3353422}]}, "version": 202, "at": 1721983539.3353422}
{"obj": {"type": "LogFloats", "path": ["Gradient norm"], "values": [{"value": 0.2074564177405867, "step": null, "ts": 1721983539.336342}]}, "version": 203, "at": 1721983539.336342}
{"obj": {"type": "LogFloats", "path": ["Loss (Train)"], "values": [{"value": 0.10853461921215057, "step": null, "ts": 1721983539.527342}]}, "version": 204, "at": 1721983539.527342}
{"obj": {"type": "LogFloats", "path": ["Gradient norm"], "values": [{"value": 0.2081853482502152, "step": null, "ts": 1721983539.528342}]}, "version": 205, "at": 1721983539.528342}
{"obj": {"type": "LogFloats", "path": ["Loss (Train)"], "values": [{"value": 0.10958335548639297, "step": null, "ts": 1721983539.7403426}]}, "version": 206, "at": 1721983539.7403426}
{"obj": {"type": "LogFloats", "path": ["Gradient norm"], "values": [{"value": 0.21124559985213337, "step": null, "ts": 1721983539.7403426}]}, "version": 207, "at": 1721983539.7403426}
{"obj": {"type": "LogFloats", "path": ["Loss (Train)"], "values": [{"value": 0.10863032937049866, "step": null, "ts": 1721983539.9353418}]}, "version": 208, "at": 1721983539.9353418}
{"obj": {"type": "LogFloats", "path": ["Gradient norm"], "values": [{"value": 0.20070379566288915, "step": null, "ts": 1721983539.9353418}]}, "version": 209, "at": 1721983539.9353418}
{"obj": {"type": "LogFloats", "path": ["Loss (Train)"], "values": [{"value": 0.10795588791370392, "step": null, "ts": 1721983540.128342}]}, "version": 210, "at": 1721983540.128342}
{"obj": {"type": "LogFloats", "path": ["Gradient norm"], "values": [{"value": 0.21245655810678749, "step": null, "ts": 1721983540.128342}]}, "version": 211, "at": 1721983540.128342}
{"obj": {"type": "LogFloats", "path": ["Loss (Train)"], "values": [{"value": 0.10812707990407944, "step": null, "ts": 1721983540.320342}]}, "version": 212, "at": 1721983540.320342}
{"obj": {"type": "LogFloats", "path": ["Gradient norm"], "values": [{"value": 0.20457058839299858, "step": null, "ts": 1721983540.320342}]}, "version": 213, "at": 1721983540.320342}
{"obj": {"type": "LogFloats", "path": ["Loss (Train)"], "values": [{"value": 0.10755547881126404, "step": null, "ts": 1721983540.515342}]}, "version": 214, "at": 1721983540.515342}
{"obj": {"type": "LogFloats", "path": ["Gradient norm"], "values": [{"value": 0.19769439075438688, "step": null, "ts": 1721983540.515342}]}, "version": 215, "at": 1721983540.515342}
{"obj": {"type": "LogFloats", "path": ["Loss (Train)"], "values": [{"value": 0.10773120820522308, "step": null, "ts": 1721983540.7013419}]}, "version": 216, "at": 1721983540.7013419}
{"obj": {"type": "LogFloats", "path": ["Gradient norm"], "values": [{"value": 0.20341246123300616, "step": null, "ts": 1721983540.7013419}]}, "version": 217, "at": 1721983540.7013419}
{"obj": {"type": "LogFloats", "path": ["Loss (Train)"], "values": [{"value": 0.10648392140865326, "step": null, "ts": 1721983540.8703423}]}, "version": 218, "at": 1721983540.8703423}
{"obj": {"type": "LogFloats", "path": ["Gradient norm"], "values": [{"value": 0.201955545268064, "step": null, "ts": 1721983540.8703423}]}, "version": 219, "at": 1721983540.8703423}
{"obj": {"type": "LogFloats", "path": ["Loss (Train)"], "values": [{"value": 0.10648563504219055, "step": null, "ts": 1721983541.0493422}]}, "version": 220, "at": 1721983541.0503418}
{"obj": {"type": "LogFloats", "path": ["Gradient norm"], "values": [{"value": 0.1976765695517497, "step": null, "ts": 1721983541.0503418}]}, "version": 221, "at": 1721983541.0503418}
{"obj": {"type": "LogFloats", "path": ["Loss (Train)"], "values": [{"value": 0.10571175813674927, "step": null, "ts": 1721983541.224342}]}, "version": 222, "at": 1721983541.224342}
{"obj": {"type": "LogFloats", "path": ["Gradient norm"], "values": [{"value": 0.19815787962087272, "step": null, "ts": 1721983541.224342}]}, "version": 223, "at": 1721983541.224342}
{"obj": {"type": "LogFloats", "path": ["Loss (Train)"], "values": [{"value": 0.10721203684806824, "step": null, "ts": 1721983541.3983424}]}, "version": 224, "at": 1721983541.3983424}
{"obj": {"type": "LogFloats", "path": ["Gradient norm"], "values": [{"value": 0.20293844034257844, "step": null, "ts": 1721983541.3983424}]}, "version": 225, "at": 1721983541.3983424}
{"obj": {"type": "LogFloats", "path": ["Loss (Train)"], "values": [{"value": 0.1063103973865509, "step": null, "ts": 1721983541.567342}]}, "version": 226, "at": 1721983541.567342}
{"obj": {"type": "LogFloats", "path": ["Gradient norm"], "values": [{"value": 0.19036847879331123, "step": null, "ts": 1721983541.567342}]}, "version": 227, "at": 1721983541.567342}
{"obj": {"type": "LogFloats", "path": ["Loss (Train)"], "values": [{"value": 0.10441482067108154, "step": null, "ts": 1721983541.741342}]}, "version": 228, "at": 1721983541.741342}
{"obj": {"type": "LogFloats", "path": ["Gradient norm"], "values": [{"value": 0.20161062927237944, "step": null, "ts": 1721983541.741342}]}, "version": 229, "at": 1721983541.741342}
{"obj": {"type": "LogFloats", "path": ["Loss (Train)"], "values": [{"value": 0.10475146025419235, "step": null, "ts": 1721983541.9113421}]}, "version": 230, "at": 1721983541.9113421}
{"obj": {"type": "LogFloats", "path": ["Gradient norm"], "values": [{"value": 0.19765542805229977, "step": null, "ts": 1721983541.9113421}]}, "version": 231, "at": 1721983541.9113421}
{"obj": {"type": "LogFloats", "path": ["Loss (Train)"], "values": [{"value": 0.10357162356376648, "step": null, "ts": 1721983542.0863547}]}, "version": 232, "at": 1721983542.0863547}
{"obj": {"type": "LogFloats", "path": ["Gradient norm"], "values": [{"value": 0.18476645454589605, "step": null, "ts": 1721983542.0863547}]}, "version": 233, "at": 1721983542.0863547}
{"obj": {"type": "LogFloats", "path": ["Loss (Train)"], "values": [{"value": 0.10468059778213501, "step": null, "ts": 1721983542.2573545}]}, "version": 234, "at": 1721983542.2573545}
{"obj": {"type": "LogFloats", "path": ["Gradient norm"], "values": [{"value": 0.1951605446355306, "step": null, "ts": 1721983542.2573545}]}, "version": 235, "at": 1721983542.2573545}
{"obj": {"type": "LogFloats", "path": ["Loss (Train)"], "values": [{"value": 0.10499902814626694, "step": null, "ts": 1721983542.4343548}]}, "version": 236, "at": 1721983542.4343548}
{"obj": {"type": "LogFloats", "path": ["Gradient norm"], "values": [{"value": 0.19284765493416636, "step": null, "ts": 1721983542.4343548}]}, "version": 237, "at": 1721983542.4343548}
{"obj": {"type": "LogFloats", "path": ["Loss (Train)"], "values": [{"value": 0.10359179973602295, "step": null, "ts": 1721983542.6053548}]}, "version": 238, "at": 1721983542.6053548}
{"obj": {"type": "LogFloats", "path": ["Gradient norm"], "values": [{"value": 0.1818185869134725, "step": null, "ts": 1721983542.6053548}]}, "version": 239, "at": 1721983542.6053548}
{"obj": {"type": "LogFloats", "path": ["Loss (Train)"], "values": [{"value": 0.10363587737083435, "step": null, "ts": 1721983542.7823548}]}, "version": 240, "at": 1721983542.7823548}
{"obj": {"type": "LogFloats", "path": ["Gradient norm"], "values": [{"value": 0.19781194257305493, "step": null, "ts": 1721983542.7823548}]}, "version": 241, "at": 1721983542.7823548}
{"obj": {"type": "LogFloats", "path": ["Loss (Train)"], "values": [{"value": 0.10391712933778763, "step": null, "ts": 1721983542.953355}]}, "version": 242, "at": 1721983542.953355}
{"obj": {"type": "LogFloats", "path": ["Gradient norm"], "values": [{"value": 0.1884655647959221, "step": null, "ts": 1721983542.953355}]}, "version": 243, "at": 1721983542.953355}
{"obj": {"type": "LogFloats", "path": ["Loss (Train)"], "values": [{"value": 0.1025853082537651, "step": null, "ts": 1721983543.125355}]}, "version": 244, "at": 1721983543.125355}
{"obj": {"type": "LogFloats", "path": ["Gradient norm"], "values": [{"value": 0.1852965127143067, "step": null, "ts": 1721983543.125355}]}, "version": 245, "at": 1721983543.125355}
{"obj": {"type": "LogFloats", "path": ["Loss (Train)"], "values": [{"value": 0.10373380780220032, "step": null, "ts": 1721983543.2973607}]}, "version": 246, "at": 1721983543.2973607}
{"obj": {"type": "LogFloats", "path": ["Gradient norm"], "values": [{"value": 0.1950386232109567, "step": null, "ts": 1721983543.2973607}]}, "version": 247, "at": 1721983543.2973607}
{"obj": {"type": "LogFloats", "path": ["Loss (Train)"], "values": [{"value": 0.10278983414173126, "step": null, "ts": 1721983543.471361}]}, "version": 248, "at": 1721983543.471361}
{"obj": {"type": "LogFloats", "path": ["Gradient norm"], "values": [{"value": 0.18398674836740586, "step": null, "ts": 1721983543.471361}]}, "version": 249, "at": 1721983543.471361}
{"obj": {"type": "LogFloats", "path": ["Loss (Train)"], "values": [{"value": 0.1019866019487381, "step": null, "ts": 1721983543.6413605}]}, "version": 250, "at": 1721983543.6413605}
{"obj": {"type": "LogFloats", "path": ["Gradient norm"], "values": [{"value": 0.17525201990501782, "step": null, "ts": 1721983543.6413605}]}, "version": 251, "at": 1721983543.6413605}
{"obj": {"type": "LogFloats", "path": ["Loss (Train)"], "values": [{"value": 0.10105784237384796, "step": null, "ts": 1721983543.818361}]}, "version": 252, "at": 1721983543.818361}
{"obj": {"type": "LogFloats", "path": ["Gradient norm"], "values": [{"value": 0.18073480989269675, "step": null, "ts": 1721983543.818361}]}, "version": 253, "at": 1721983543.818361}
{"obj": {"type": "LogFloats", "path": ["Loss (Train)"], "values": [{"value": 0.10206672549247742, "step": null, "ts": 1721983543.9873614}]}, "version": 254, "at": 1721983543.9873614}
{"obj": {"type": "LogFloats", "path": ["Gradient norm"], "values": [{"value": 0.18621867990762264, "step": null, "ts": 1721983543.9873614}]}, "version": 255, "at": 1721983543.9873614}
{"obj": {"type": "LogFloats", "path": ["Loss (Train)"], "values": [{"value": 0.09960505366325378, "step": null, "ts": 1721983544.162361}]}, "version": 256, "at": 1721983544.162361}
{"obj": {"type": "LogFloats", "path": ["Gradient norm"], "values": [{"value": 0.1780426530148471, "step": null, "ts": 1721983544.162361}]}, "version": 257, "at": 1721983544.162361}
{"obj": {"type": "LogFloats", "path": ["Loss (Train)"], "values": [{"value": 0.10209357738494873, "step": null, "ts": 1721983544.3293607}]}, "version": 258, "at": 1721983544.3293607}
{"obj": {"type": "LogFloats", "path": ["Gradient norm"], "values": [{"value": 0.18440398625889606, "step": null, "ts": 1721983544.3293607}]}, "version": 259, "at": 1721983544.3293607}
{"obj": {"type": "LogFloats", "path": ["Loss (Train)"], "values": [{"value": 0.10123592615127563, "step": null, "ts": 1721983544.5044322}]}, "version": 260, "at": 1721983544.5054321}
{"obj": {"type": "LogFloats", "path": ["Gradient norm"], "values": [{"value": 0.17752279063087145, "step": null, "ts": 1721983544.5054321}]}, "version": 261, "at": 1721983544.5054321}
{"obj": {"type": "LogFloats", "path": ["Loss (Train)"], "values": [{"value": 0.10104662925004959, "step": null, "ts": 1721983544.674024}]}, "version": 262, "at": 1721983544.674024}
{"obj": {"type": "LogFloats", "path": ["Gradient norm"], "values": [{"value": 0.18275020648642396, "step": null, "ts": 1721983544.674024}]}, "version": 263, "at": 1721983544.674024}
{"obj": {"type": "LogFloats", "path": ["Loss (Train)"], "values": [{"value": 0.10090723633766174, "step": null, "ts": 1721983544.8500242}]}, "version": 264, "at": 1721983544.8500242}
{"obj": {"type": "LogFloats", "path": ["Gradient norm"], "values": [{"value": 0.18220855039149994, "step": null, "ts": 1721983544.8500242}]}, "version": 265, "at": 1721983544.8500242}
{"obj": {"type": "LogFloats", "path": ["Loss (Train)"], "values": [{"value": 0.1010514423251152, "step": null, "ts": 1721983545.0190246}]}, "version": 266, "at": 1721983545.0190246}
{"obj": {"type": "LogFloats", "path": ["Gradient norm"], "values": [{"value": 0.18181552561742273, "step": null, "ts": 1721983545.0190246}]}, "version": 267, "at": 1721983545.0190246}
{"obj": {"type": "LogFloats", "path": ["Loss (Train)"], "values": [{"value": 0.10105199366807938, "step": null, "ts": 1721983545.194024}]}, "version": 268, "at": 1721983545.194024}
{"obj": {"type": "LogFloats", "path": ["Gradient norm"], "values": [{"value": 0.18265057123362272, "step": null, "ts": 1721983545.194024}]}, "version": 269, "at": 1721983545.194024}
{"obj": {"type": "LogFloats", "path": ["Loss (Train)"], "values": [{"value": 0.09922800958156586, "step": null, "ts": 1721983545.3640244}]}, "version": 270, "at": 1721983545.3640244}
{"obj": {"type": "LogFloats", "path": ["Gradient norm"], "values": [{"value": 0.1714840785171882, "step": null, "ts": 1721983545.3640244}]}, "version": 271, "at": 1721983545.3640244}
{"obj": {"type": "LogFloats", "path": ["Loss (Train)"], "values": [{"value": 0.09921400249004364, "step": null, "ts": 1721983545.5410242}]}, "version": 272, "at": 1721983545.5420244}
{"obj": {"type": "LogFloats", "path": ["Gradient norm"], "values": [{"value": 0.16041957654680464, "step": null, "ts": 1721983545.5420244}]}, "version": 273, "at": 1721983545.5420244}
{"obj": {"type": "LogFloats", "path": ["Loss (Train)"], "values": [{"value": 0.09938007593154907, "step": null, "ts": 1721983545.711024}]}, "version": 274, "at": 1721983545.711024}
{"obj": {"type": "LogFloats", "path": ["Gradient norm"], "values": [{"value": 0.18033886374344218, "step": null, "ts": 1721983545.711024}]}, "version": 275, "at": 1721983545.711024}
{"obj": {"type": "LogFloats", "path": ["Loss (Train)"], "values": [{"value": 0.09716330468654633, "step": null, "ts": 1721983545.8870242}]}, "version": 276, "at": 1721983545.8870242}
{"obj": {"type": "LogFloats", "path": ["Gradient norm"], "values": [{"value": 0.16335816564812833, "step": null, "ts": 1721983545.8870242}]}, "version": 277, "at": 1721983545.8870242}
{"obj": {"type": "LogFloats", "path": ["Loss (Train)"], "values": [{"value": 0.09871672838926315, "step": null, "ts": 1721983546.0560243}]}, "version": 278, "at": 1721983546.0560243}
{"obj": {"type": "LogFloats", "path": ["Gradient norm"], "values": [{"value": 0.16577805817619679, "step": null, "ts": 1721983546.057025}]}, "version": 279, "at": 1721983546.057025}
{"obj": {"type": "LogFloats", "path": ["Loss (Train)"], "values": [{"value": 0.0988653302192688, "step": null, "ts": 1721983546.2320244}]}, "version": 280, "at": 1721983546.2320244}
{"obj": {"type": "LogFloats", "path": ["Gradient norm"], "values": [{"value": 0.16172626150392552, "step": null, "ts": 1721983546.2320244}]}, "version": 281, "at": 1721983546.2320244}
{"obj": {"type": "LogFloats", "path": ["Loss (Train)"], "values": [{"value": 0.09943884611129761, "step": null, "ts": 1721983546.4020247}]}, "version": 282, "at": 1721983546.4020247}
{"obj": {"type": "LogFloats", "path": ["Gradient norm"], "values": [{"value": 0.1706853656204555, "step": null, "ts": 1721983546.4030247}]}, "version": 283, "at": 1721983546.4030247}
{"obj": {"type": "LogFloats", "path": ["Loss (Train)"], "values": [{"value": 0.0994192510843277, "step": null, "ts": 1721983546.576024}]}, "version": 284, "at": 1721983546.576024}
{"obj": {"type": "LogFloats", "path": ["Gradient norm"], "values": [{"value": 0.17622055431091424, "step": null, "ts": 1721983546.576024}]}, "version": 285, "at": 1721983546.576024}
{"obj": {"type": "LogFloats", "path": ["Loss (Train)"], "values": [{"value": 0.09793239086866379, "step": null, "ts": 1721983546.7430243}]}, "version": 286, "at": 1721983546.7430243}
{"obj": {"type": "LogFloats", "path": ["Gradient norm"], "values": [{"value": 0.1637483106928375, "step": null, "ts": 1721983546.7430243}]}, "version": 287, "at": 1721983546.7430243}
{"obj": {"type": "LogFloats", "path": ["Loss (Train)"], "values": [{"value": 0.09728089720010757, "step": null, "ts": 1721983546.923026}]}, "version": 288, "at": 1721983546.923026}
{"obj": {"type": "LogFloats", "path": ["Gradient norm"], "values": [{"value": 0.1591666135337267, "step": null, "ts": 1721983546.923026}]}, "version": 289, "at": 1721983546.923026}
{"obj": {"type": "LogFloats", "path": ["Loss (Train)"], "values": [{"value": 0.09832689166069031, "step": null, "ts": 1721983547.0970242}]}, "version": 290, "at": 1721983547.0970242}
{"obj": {"type": "LogFloats", "path": ["Gradient norm"], "values": [{"value": 0.17099812965769975, "step": null, "ts": 1721983547.0970242}]}, "version": 291, "at": 1721983547.0970242}
{"obj": {"type": "LogFloats", "path": ["Loss (Train)"], "values": [{"value": 0.09737353026866913, "step": null, "ts": 1721983547.2750242}]}, "version": 292, "at": 1721983547.2750242}
{"obj": {"type": "LogFloats", "path": ["Gradient norm"], "values": [{"value": 0.16082085673990926, "step": null, "ts": 1721983547.2750242}]}, "version": 293, "at": 1721983547.2750242}
{"obj": {"type": "LogFloats", "path": ["Loss (Train)"], "values": [{"value": 0.09729856997728348, "step": null, "ts": 1721983547.4510243}]}, "version": 294, "at": 1721983547.4510243}
{"obj": {"type": "LogFloats", "path": ["Gradient norm"], "values": [{"value": 0.1770085324460539, "step": null, "ts": 1721983547.4510243}]}, "version": 295, "at": 1721983547.4510243}
{"obj": {"type": "LogFloats", "path": ["Loss (Train)"], "values": [{"value": 0.09651625156402588, "step": null, "ts": 1721983547.632025}]}, "version": 296, "at": 1721983547.632025}
{"obj": {"type": "LogFloats", "path": ["Gradient norm"], "values": [{"value": 0.15175604923283456, "step": null, "ts": 1721983547.632025}]}, "version": 297, "at": 1721983547.632025}
{"obj": {"type": "LogFloats", "path": ["Loss (Train)"], "values": [{"value": 0.09674017876386642, "step": null, "ts": 1721983547.8050246}]}, "version": 298, "at": 1721983547.8050246}
{"obj": {"type": "LogFloats", "path": ["Gradient norm"], "values": [{"value": 0.16475124331354524, "step": null, "ts": 1721983547.8050246}]}, "version": 299, "at": 1721983547.8050246}
