{"obj": {"type": "AssignString", "path": ["sys", "name"], "value": "Untitled"}, "version": 1, "at": 1721984765.8248389}
{"obj": {"type": "AssignString", "path": ["sys", "description"], "value": ""}, "version": 2, "at": 1721984765.8248389}
{"obj": {"type": "AssignString", "path": ["monitoring", "262e75c6", "hostname"], "value": "DESKTOP-SO4DDQB"}, "version": 3, "at": 1721984765.8248389}
{"obj": {"type": "AssignString", "path": ["sys", "hostname"], "value": "DESKTOP-SO4DDQB"}, "version": 4, "at": 1721984765.825838}
{"obj": {"type": "AssignString", "path": ["monitoring", "262e75c6", "pid"], "value": "22916"}, "version": 5, "at": 1721984765.825838}
{"obj": {"type": "AssignString", "path": ["monitoring", "262e75c6", "tid"], "value": "22920"}, "version": 6, "at": 1721984765.825838}
{"obj": {"type": "AssignBool", "path": ["sys", "failed"], "value": false}, "version": 7, "at": 1721984765.825838}
{"obj": {"type": "LogFloats", "path": ["Loss (Train)"], "values": [{"value": 5.298258304595947, "step": null, "ts": 1721984766.238838}]}, "version": 8, "at": 1721984766.238838}
{"obj": {"type": "LogFloats", "path": ["Gradient norm"], "values": [{"value": 0.024107890646889358, "step": null, "ts": 1721984766.238838}]}, "version": 9, "at": 1721984766.238838}
{"obj": {"type": "LogFloats", "path": ["Loss (Train)"], "values": [{"value": 5.298032760620117, "step": null, "ts": 1721984766.324838}]}, "version": 10, "at": 1721984766.324838}
{"obj": {"type": "LogFloats", "path": ["Gradient norm"], "values": [{"value": 0.009730489714759687, "step": null, "ts": 1721984766.324838}]}, "version": 11, "at": 1721984766.324838}
{"obj": {"type": "LogFloats", "path": ["Loss (Train)"], "values": [{"value": 5.300853252410889, "step": null, "ts": 1721984766.3978379}]}, "version": 12, "at": 1721984766.3978379}
{"obj": {"type": "LogFloats", "path": ["Gradient norm"], "values": [{"value": 0.043888457668669854, "step": null, "ts": 1721984766.3978379}]}, "version": 13, "at": 1721984766.3978379}
{"obj": {"type": "LogFloats", "path": ["Loss (Train)"], "values": [{"value": 5.298495769500732, "step": null, "ts": 1721984766.4698381}]}, "version": 14, "at": 1721984766.4698381}
{"obj": {"type": "LogFloats", "path": ["Gradient norm"], "values": [{"value": 0.008101207784631602, "step": null, "ts": 1721984766.4698381}]}, "version": 15, "at": 1721984766.4698381}
{"obj": {"type": "LogFloats", "path": ["Loss (Train)"], "values": [{"value": 5.2982916831970215, "step": null, "ts": 1721984766.5448384}]}, "version": 16, "at": 1721984766.5448384}
{"obj": {"type": "LogFloats", "path": ["Gradient norm"], "values": [{"value": 0.008738349962374804, "step": null, "ts": 1721984766.5448384}]}, "version": 17, "at": 1721984766.5448384}
{"obj": {"type": "LogFloats", "path": ["Loss (Train)"], "values": [{"value": 5.3016252517700195, "step": null, "ts": 1721984766.6208384}]}, "version": 18, "at": 1721984766.6208384}
{"obj": {"type": "LogFloats", "path": ["Gradient norm"], "values": [{"value": 0.08361222508880285, "step": null, "ts": 1721984766.6218379}]}, "version": 19, "at": 1721984766.6218379}
{"obj": {"type": "LogFloats", "path": ["Loss (Train)"], "values": [{"value": 5.298649311065674, "step": null, "ts": 1721984766.697838}]}, "version": 20, "at": 1721984766.697838}
{"obj": {"type": "LogFloats", "path": ["Gradient norm"], "values": [{"value": 0.0265832546726244, "step": null, "ts": 1721984766.697838}]}, "version": 21, "at": 1721984766.697838}
{"obj": {"type": "LogFloats", "path": ["Loss (Train)"], "values": [{"value": 5.298741340637207, "step": null, "ts": 1721984766.7688386}]}, "version": 22, "at": 1721984766.7688386}
{"obj": {"type": "LogFloats", "path": ["Gradient norm"], "values": [{"value": 0.04302097673637585, "step": null, "ts": 1721984766.7688386}]}, "version": 23, "at": 1721984766.7688386}
{"obj": {"type": "LogFloats", "path": ["Loss (Train)"], "values": [{"value": 5.305412769317627, "step": null, "ts": 1721984766.8428397}]}, "version": 24, "at": 1721984766.8428397}
{"obj": {"type": "LogFloats", "path": ["Gradient norm"], "values": [{"value": 0.03682053296544983, "step": null, "ts": 1721984766.8428397}]}, "version": 25, "at": 1721984766.8428397}
{"obj": {"type": "LogFloats", "path": ["Loss (Train)"], "values": [{"value": 5.301799297332764, "step": null, "ts": 1721984766.9278412}]}, "version": 26, "at": 1721984766.9278412}
{"obj": {"type": "LogFloats", "path": ["Gradient norm"], "values": [{"value": 0.048952516572937525, "step": null, "ts": 1721984766.9278412}]}, "version": 27, "at": 1721984766.9278412}
{"obj": {"type": "LogFloats", "path": ["Loss (Train)"], "values": [{"value": 5.29803466796875, "step": null, "ts": 1721984767.0058396}]}, "version": 28, "at": 1721984767.0058396}
{"obj": {"type": "LogFloats", "path": ["Gradient norm"], "values": [{"value": 0.011109138842665183, "step": null, "ts": 1721984767.0058396}]}, "version": 29, "at": 1721984767.0058396}
{"obj": {"type": "LogFloats", "path": ["Loss (Train)"], "values": [{"value": 5.298135757446289, "step": null, "ts": 1721984767.096838}]}, "version": 30, "at": 1721984767.096838}
{"obj": {"type": "LogFloats", "path": ["Gradient norm"], "values": [{"value": 0.010479185594231877, "step": null, "ts": 1721984767.096838}]}, "version": 31, "at": 1721984767.096838}
{"obj": {"type": "LogFloats", "path": ["Loss (Train)"], "values": [{"value": 5.297848701477051, "step": null, "ts": 1721984767.2058372}]}, "version": 32, "at": 1721984767.2058372}
{"obj": {"type": "LogFloats", "path": ["Gradient norm"], "values": [{"value": 0.014770114513322602, "step": null, "ts": 1721984767.2058372}]}, "version": 33, "at": 1721984767.2058372}
{"obj": {"type": "LogFloats", "path": ["Loss (Train)"], "values": [{"value": 5.298284530639648, "step": null, "ts": 1721984767.287837}]}, "version": 34, "at": 1721984767.287837}
{"obj": {"type": "LogFloats", "path": ["Gradient norm"], "values": [{"value": 0.021593037191681153, "step": null, "ts": 1721984767.288837}]}, "version": 35, "at": 1721984767.288837}
{"obj": {"type": "LogFloats", "path": ["Loss (Train)"], "values": [{"value": 5.29548454284668, "step": null, "ts": 1721984767.3718379}]}, "version": 36, "at": 1721984767.3718379}
{"obj": {"type": "LogFloats", "path": ["Gradient norm"], "values": [{"value": 0.06638901077543187, "step": null, "ts": 1721984767.3718379}]}, "version": 37, "at": 1721984767.3718379}
{"obj": {"type": "LogFloats", "path": ["Loss (Train)"], "values": [{"value": 5.303761959075928, "step": null, "ts": 1721984767.4578378}]}, "version": 38, "at": 1721984767.4578378}
{"obj": {"type": "LogFloats", "path": ["Gradient norm"], "values": [{"value": 0.1739486002789165, "step": null, "ts": 1721984767.4578378}]}, "version": 39, "at": 1721984767.4578378}
{"obj": {"type": "LogFloats", "path": ["Loss (Train)"], "values": [{"value": 5.3067779541015625, "step": null, "ts": 1721984767.5803542}]}, "version": 40, "at": 1721984767.5803542}
{"obj": {"type": "LogFloats", "path": ["Gradient norm"], "values": [{"value": 0.006407164288887485, "step": null, "ts": 1721984767.5813572}]}, "version": 41, "at": 1721984767.5813572}
{"obj": {"type": "LogFloats", "path": ["Loss (Train)"], "values": [{"value": 5.299059867858887, "step": null, "ts": 1721984767.6673536}]}, "version": 42, "at": 1721984767.6673536}
{"obj": {"type": "LogFloats", "path": ["Gradient norm"], "values": [{"value": 1.4784003013080207e-05, "step": null, "ts": 1721984767.6673536}]}, "version": 43, "at": 1721984767.6673536}
{"obj": {"type": "LogFloats", "path": ["Loss (Train)"], "values": [{"value": 5.299059867858887, "step": null, "ts": 1721984767.7483525}]}, "version": 44, "at": 1721984767.7483525}
{"obj": {"type": "LogFloats", "path": ["Gradient norm"], "values": [{"value": 1.2441948833643293e-07, "step": null, "ts": 1721984767.7483525}]}, "version": 45, "at": 1721984767.7483525}
{"obj": {"type": "LogFloats", "path": ["Loss (Train)"], "values": [{"value": 5.299059867858887, "step": null, "ts": 1721984767.8293521}]}, "version": 46, "at": 1721984767.8293521}
{"obj": {"type": "LogFloats", "path": ["Gradient norm"], "values": [{"value": 7.570112624833276e-09, "step": null, "ts": 1721984767.8293521}]}, "version": 47, "at": 1721984767.8293521}
{"obj": {"type": "LogFloats", "path": ["Loss (Train)"], "values": [{"value": 5.299059867858887, "step": null, "ts": 1721984767.9473526}]}, "version": 48, "at": 1721984767.9473526}
{"obj": {"type": "LogFloats", "path": ["Gradient norm"], "values": [{"value": 4.565562686433777e-10, "step": null, "ts": 1721984767.9473526}]}, "version": 49, "at": 1721984767.9473526}
{"obj": {"type": "LogFloats", "path": ["Loss (Train)"], "values": [{"value": 5.299059867858887, "step": null, "ts": 1721984768.029353}]}, "version": 50, "at": 1721984768.029353}
{"obj": {"type": "LogFloats", "path": ["Gradient norm"], "values": [{"value": 2.8430166084079466e-11, "step": null, "ts": 1721984768.0303528}]}, "version": 51, "at": 1721984768.0303528}
{"obj": {"type": "LogFloats", "path": ["Loss (Train)"], "values": [{"value": 5.306872367858887, "step": null, "ts": 1721984768.1123533}]}, "version": 52, "at": 1721984768.1123533}
{"obj": {"type": "LogFloats", "path": ["Gradient norm"], "values": [{"value": 3.609465516072585e-12, "step": null, "ts": 1721984768.1123533}]}, "version": 53, "at": 1721984768.1123533}
{"obj": {"type": "LogFloats", "path": ["Loss (Train)"], "values": [{"value": 5.306872367858887, "step": null, "ts": 1721984768.1913524}]}, "version": 54, "at": 1721984768.1913524}
{"obj": {"type": "LogFloats", "path": ["Gradient norm"], "values": [{"value": 2.5643621177452035e-13, "step": null, "ts": 1721984768.1913524}]}, "version": 55, "at": 1721984768.1913524}
{"obj": {"type": "LogFloats", "path": ["Loss (Train)"], "values": [{"value": 5.306872367858887, "step": null, "ts": 1721984768.2729375}]}, "version": 56, "at": 1721984768.2729375}
{"obj": {"type": "LogFloats", "path": ["Gradient norm"], "values": [{"value": 1.4794744946786293e-14, "step": null, "ts": 1721984768.2729375}]}, "version": 57, "at": 1721984768.2729375}
{"obj": {"type": "LogFloats", "path": ["Loss (Train)"], "values": [{"value": 5.306872367858887, "step": null, "ts": 1721984768.3543115}]}, "version": 58, "at": 1721984768.3543115}
{"obj": {"type": "LogFloats", "path": ["Gradient norm"], "values": [{"value": 1.7933888259827092e-15, "step": null, "ts": 1721984768.3543115}]}, "version": 59, "at": 1721984768.3543115}
{"obj": {"type": "LogFloats", "path": ["Loss (Train)"], "values": [{"value": 5.306872367858887, "step": null, "ts": 1721984768.435311}]}, "version": 60, "at": 1721984768.435311}
{"obj": {"type": "LogFloats", "path": ["Gradient norm"], "values": [{"value": 2.258464209894026e-16, "step": null, "ts": 1721984768.435311}]}, "version": 61, "at": 1721984768.435311}
{"obj": {"type": "LogFloats", "path": ["Loss (Train)"], "values": [{"value": 5.291247367858887, "step": null, "ts": 1721984768.5139024}]}, "version": 62, "at": 1721984768.5149028}
{"obj": {"type": "LogFloats", "path": ["Gradient norm"], "values": [{"value": 1.1233608327523247e-17, "step": null, "ts": 1721984768.5149028}]}, "version": 63, "at": 1721984768.5149028}
{"obj": {"type": "LogFloats", "path": ["Loss (Train)"], "values": [{"value": 5.306872367858887, "step": null, "ts": 1721984768.5929027}]}, "version": 64, "at": 1721984768.5929027}
{"obj": {"type": "LogFloats", "path": ["Gradient norm"], "values": [{"value": 6.469553405389705e-18, "step": null, "ts": 1721984768.5929027}]}, "version": 65, "at": 1721984768.5929027}
{"obj": {"type": "LogFloats", "path": ["Loss (Train)"], "values": [{"value": 5.291247367858887, "step": null, "ts": 1721984768.6719034}]}, "version": 66, "at": 1721984768.6719034}
{"obj": {"type": "LogFloats", "path": ["Gradient norm"], "values": [{"value": 3.22885051129228e-18, "step": null, "ts": 1721984768.6719034}]}, "version": 67, "at": 1721984768.6719034}
{"obj": {"type": "LogFloats", "path": ["Loss (Train)"], "values": [{"value": 5.291247367858887, "step": null, "ts": 1721984768.7549028}]}, "version": 68, "at": 1721984768.7549028}
{"obj": {"type": "LogFloats", "path": ["Gradient norm"], "values": [{"value": 1.66176638290566e-19, "step": null, "ts": 1721984768.7549028}]}, "version": 69, "at": 1721984768.7549028}
{"obj": {"type": "LogFloats", "path": ["Loss (Train)"], "values": [{"value": 5.299059867858887, "step": null, "ts": 1721984768.8339026}]}, "version": 70, "at": 1721984768.8339026}
{"obj": {"type": "LogFloats", "path": ["Gradient norm"], "values": [{"value": 2.2207097046299944e-19, "step": null, "ts": 1721984768.8339026}]}, "version": 71, "at": 1721984768.8339026}
{"obj": {"type": "LogFloats", "path": ["Loss (Train)"], "values": [{"value": 5.306872367858887, "step": null, "ts": 1721984768.9129026}]}, "version": 72, "at": 1721984768.9139025}
{"obj": {"type": "LogFloats", "path": ["Gradient norm"], "values": [{"value": 4.183320763602423e-20, "step": null, "ts": 1721984768.9139025}]}, "version": 73, "at": 1721984768.9139025}
{"obj": {"type": "LogFloats", "path": ["Loss (Train)"], "values": [{"value": 5.299060344696045, "step": null, "ts": 1721984769.008904}]}, "version": 74, "at": 1721984769.008904}
{"obj": {"type": "LogFloats", "path": ["Gradient norm"], "values": [{"value": 2.5218185374888712e-20, "step": null, "ts": 1721984769.008904}]}, "version": 75, "at": 1721984769.008904}
{"obj": {"type": "LogFloats", "path": ["Loss (Train)"], "values": [{"value": 5.275622367858887, "step": null, "ts": 1721984769.0799026}]}, "version": 76, "at": 1721984769.0799026}
{"obj": {"type": "LogFloats", "path": ["Gradient norm"], "values": [{"value": 2.378453646026095e-21, "step": null, "ts": 1721984769.0799026}]}, "version": 77, "at": 1721984769.0799026}
{"obj": {"type": "LogFloats", "path": ["Loss (Train)"], "values": [{"value": 5.306872367858887, "step": null, "ts": 1721984769.148903}]}, "version": 78, "at": 1721984769.148903}
{"obj": {"type": "LogFloats", "path": ["Gradient norm"], "values": [{"value": 4.07135833728221e-21, "step": null, "ts": 1721984769.148903}]}, "version": 79, "at": 1721984769.148903}
{"obj": {"type": "LogFloats", "path": ["Loss (Train)"], "values": [{"value": 5.306872367858887, "step": null, "ts": 1721984769.2159028}]}, "version": 80, "at": 1721984769.2159028}
{"obj": {"type": "LogFloats", "path": ["Gradient norm"], "values": [{"value": 4.26812372354487e-22, "step": null, "ts": 1721984769.2159028}]}, "version": 81, "at": 1721984769.2159028}
{"obj": {"type": "LogFloats", "path": ["Loss (Train)"], "values": [{"value": 5.306872367858887, "step": null, "ts": 1721984769.288903}]}, "version": 82, "at": 1721984769.288903}
{"obj": {"type": "LogFloats", "path": ["Gradient norm"], "values": [{"value": 2.62037454121976e-22, "step": null, "ts": 1721984769.2899032}]}, "version": 83, "at": 1721984769.2899032}
{"obj": {"type": "LogFloats", "path": ["Loss (Train)"], "values": [{"value": 5.306872367858887, "step": null, "ts": 1721984769.356903}]}, "version": 84, "at": 1721984769.356903}
{"obj": {"type": "LogFloats", "path": ["Gradient norm"], "values": [{"value": 0.0, "step": null, "ts": 1721984769.356903}]}, "version": 85, "at": 1721984769.356903}
{"obj": {"type": "LogFloats", "path": ["Loss (Train)"], "values": [{"value": 5.299059867858887, "step": null, "ts": 1721984769.425903}]}, "version": 86, "at": 1721984769.425903}
{"obj": {"type": "LogFloats", "path": ["Gradient norm"], "values": [{"value": 0.0, "step": null, "ts": 1721984769.425903}]}, "version": 87, "at": 1721984769.425903}
{"obj": {"type": "LogFloats", "path": ["Loss (Train)"], "values": [{"value": 5.299059867858887, "step": null, "ts": 1721984769.4929028}]}, "version": 88, "at": 1721984769.4929028}
{"obj": {"type": "LogFloats", "path": ["Gradient norm"], "values": [{"value": 0.0, "step": null, "ts": 1721984769.4929028}]}, "version": 89, "at": 1721984769.4929028}
{"obj": {"type": "LogFloats", "path": ["Loss (Train)"], "values": [{"value": 5.306872367858887, "step": null, "ts": 1721984769.5589025}]}, "version": 90, "at": 1721984769.5589025}
{"obj": {"type": "LogFloats", "path": ["Gradient norm"], "values": [{"value": 0.0, "step": null, "ts": 1721984769.5589025}]}, "version": 91, "at": 1721984769.5589025}
{"obj": {"type": "LogFloats", "path": ["Loss (Train)"], "values": [{"value": 5.306872367858887, "step": null, "ts": 1721984769.623903}]}, "version": 92, "at": 1721984769.623903}
{"obj": {"type": "LogFloats", "path": ["Gradient norm"], "values": [{"value": 0.0, "step": null, "ts": 1721984769.623903}]}, "version": 93, "at": 1721984769.623903}
{"obj": {"type": "LogFloats", "path": ["Loss (Train)"], "values": [{"value": 5.306872367858887, "step": null, "ts": 1721984769.6919026}]}, "version": 94, "at": 1721984769.6919026}
{"obj": {"type": "LogFloats", "path": ["Gradient norm"], "values": [{"value": 0.0, "step": null, "ts": 1721984769.6919026}]}, "version": 95, "at": 1721984769.6919026}
{"obj": {"type": "LogFloats", "path": ["Loss (Train)"], "values": [{"value": 5.291247367858887, "step": null, "ts": 1721984769.7569041}]}, "version": 96, "at": 1721984769.7569041}
{"obj": {"type": "LogFloats", "path": ["Gradient norm"], "values": [{"value": 0.0, "step": null, "ts": 1721984769.7569041}]}, "version": 97, "at": 1721984769.7569041}
{"obj": {"type": "LogFloats", "path": ["Loss (Train)"], "values": [{"value": 5.306872367858887, "step": null, "ts": 1721984769.8229043}]}, "version": 98, "at": 1721984769.8229043}
{"obj": {"type": "LogFloats", "path": ["Gradient norm"], "values": [{"value": 0.0, "step": null, "ts": 1721984769.8229043}]}, "version": 99, "at": 1721984769.8229043}
{"obj": {"type": "LogFloats", "path": ["Loss (Train)"], "values": [{"value": 5.299059867858887, "step": null, "ts": 1721984769.8899028}]}, "version": 100, "at": 1721984769.8899028}
{"obj": {"type": "LogFloats", "path": ["Gradient norm"], "values": [{"value": 0.0, "step": null, "ts": 1721984769.8899028}]}, "version": 101, "at": 1721984769.8899028}
{"obj": {"type": "LogFloats", "path": ["Loss (Train)"], "values": [{"value": 5.299059867858887, "step": null, "ts": 1721984769.9569025}]}, "version": 102, "at": 1721984769.9569025}
{"obj": {"type": "LogFloats", "path": ["Gradient norm"], "values": [{"value": 0.0, "step": null, "ts": 1721984769.9569025}]}, "version": 103, "at": 1721984769.9569025}
{"obj": {"type": "LogFloats", "path": ["Loss (Train)"], "values": [{"value": 5.306872367858887, "step": null, "ts": 1721984770.0229044}]}, "version": 104, "at": 1721984770.0229044}
{"obj": {"type": "LogFloats", "path": ["Gradient norm"], "values": [{"value": 0.0, "step": null, "ts": 1721984770.0229044}]}, "version": 105, "at": 1721984770.0229044}
{"obj": {"type": "LogFloats", "path": ["Loss (Train)"], "values": [{"value": 5.299059867858887, "step": null, "ts": 1721984770.0909045}]}, "version": 106, "at": 1721984770.0909045}
{"obj": {"type": "LogFloats", "path": ["Gradient norm"], "values": [{"value": 0.0, "step": null, "ts": 1721984770.0909045}]}, "version": 107, "at": 1721984770.0909045}
{"obj": {"type": "LogFloats", "path": ["Loss (Train)"], "values": [{"value": 5.306872367858887, "step": null, "ts": 1721984770.161904}]}, "version": 108, "at": 1721984770.161904}
{"obj": {"type": "LogFloats", "path": ["Gradient norm"], "values": [{"value": 0.0, "step": null, "ts": 1721984770.161904}]}, "version": 109, "at": 1721984770.161904}
{"obj": {"type": "LogFloats", "path": ["Loss (Train)"], "values": [{"value": 5.299059867858887, "step": null, "ts": 1721984770.2299042}]}, "version": 110, "at": 1721984770.2299042}
{"obj": {"type": "LogFloats", "path": ["Gradient norm"], "values": [{"value": 0.0, "step": null, "ts": 1721984770.2299042}]}, "version": 111, "at": 1721984770.2299042}
{"obj": {"type": "LogFloats", "path": ["Loss (Train)"], "values": [{"value": 5.283434867858887, "step": null, "ts": 1721984770.2989025}]}, "version": 112, "at": 1721984770.2989025}
{"obj": {"type": "LogFloats", "path": ["Gradient norm"], "values": [{"value": 0.0, "step": null, "ts": 1721984770.2989025}]}, "version": 113, "at": 1721984770.2989025}
{"obj": {"type": "LogFloats", "path": ["Loss (Train)"], "values": [{"value": 5.306872367858887, "step": null, "ts": 1721984770.3659043}]}, "version": 114, "at": 1721984770.3659043}
{"obj": {"type": "LogFloats", "path": ["Gradient norm"], "values": [{"value": 0.0, "step": null, "ts": 1721984770.3659043}]}, "version": 115, "at": 1721984770.3659043}
{"obj": {"type": "LogFloats", "path": ["Loss (Train)"], "values": [{"value": 5.306872367858887, "step": null, "ts": 1721984770.4379041}]}, "version": 116, "at": 1721984770.4379041}
{"obj": {"type": "LogFloats", "path": ["Gradient norm"], "values": [{"value": 0.0, "step": null, "ts": 1721984770.4379041}]}, "version": 117, "at": 1721984770.4379041}
{"obj": {"type": "LogFloats", "path": ["Loss (Train)"], "values": [{"value": 5.299059867858887, "step": null, "ts": 1721984770.5122247}]}, "version": 118, "at": 1721984770.5122247}
{"obj": {"type": "LogFloats", "path": ["Gradient norm"], "values": [{"value": 0.0, "step": null, "ts": 1721984770.5122247}]}, "version": 119, "at": 1721984770.5122247}
{"obj": {"type": "LogFloats", "path": ["Loss (Train)"], "values": [{"value": 5.306872367858887, "step": null, "ts": 1721984770.5832214}]}, "version": 120, "at": 1721984770.5832214}
{"obj": {"type": "LogFloats", "path": ["Gradient norm"], "values": [{"value": 0.0, "step": null, "ts": 1721984770.5832214}]}, "version": 121, "at": 1721984770.5832214}
{"obj": {"type": "LogFloats", "path": ["Loss (Train)"], "values": [{"value": 5.291247367858887, "step": null, "ts": 1721984770.6542213}]}, "version": 122, "at": 1721984770.6542213}
{"obj": {"type": "LogFloats", "path": ["Gradient norm"], "values": [{"value": 0.0, "step": null, "ts": 1721984770.6542213}]}, "version": 123, "at": 1721984770.6542213}
{"obj": {"type": "LogFloats", "path": ["Loss (Train)"], "values": [{"value": 5.306872367858887, "step": null, "ts": 1721984770.7262206}]}, "version": 124, "at": 1721984770.7262206}
{"obj": {"type": "LogFloats", "path": ["Gradient norm"], "values": [{"value": 0.0, "step": null, "ts": 1721984770.7262206}]}, "version": 125, "at": 1721984770.7262206}
{"obj": {"type": "LogFloats", "path": ["Loss (Train)"], "values": [{"value": 5.306872367858887, "step": null, "ts": 1721984770.7972214}]}, "version": 126, "at": 1721984770.7972214}
{"obj": {"type": "LogFloats", "path": ["Gradient norm"], "values": [{"value": 0.0, "step": null, "ts": 1721984770.7972214}]}, "version": 127, "at": 1721984770.7972214}
{"obj": {"type": "LogFloats", "path": ["Loss (Train)"], "values": [{"value": 5.306872367858887, "step": null, "ts": 1721984770.8682206}]}, "version": 128, "at": 1721984770.8682206}
{"obj": {"type": "LogFloats", "path": ["Gradient norm"], "values": [{"value": 0.0, "step": null, "ts": 1721984770.8682206}]}, "version": 129, "at": 1721984770.8682206}
{"obj": {"type": "LogFloats", "path": ["Loss (Train)"], "values": [{"value": 5.299059867858887, "step": null, "ts": 1721984770.9412215}]}, "version": 130, "at": 1721984770.9412215}
{"obj": {"type": "LogFloats", "path": ["Gradient norm"], "values": [{"value": 0.0, "step": null, "ts": 1721984770.9412215}]}, "version": 131, "at": 1721984770.9412215}
{"obj": {"type": "LogFloats", "path": ["Loss (Train)"], "values": [{"value": 5.306872367858887, "step": null, "ts": 1721984771.0092206}]}, "version": 132, "at": 1721984771.0092206}
{"obj": {"type": "LogFloats", "path": ["Gradient norm"], "values": [{"value": 0.0, "step": null, "ts": 1721984771.0092206}]}, "version": 133, "at": 1721984771.0102212}
{"obj": {"type": "LogFloats", "path": ["Loss (Train)"], "values": [{"value": 5.291247367858887, "step": null, "ts": 1721984771.0802214}]}, "version": 134, "at": 1721984771.0802214}
{"obj": {"type": "LogFloats", "path": ["Gradient norm"], "values": [{"value": 0.0, "step": null, "ts": 1721984771.0802214}]}, "version": 135, "at": 1721984771.0802214}
{"obj": {"type": "LogFloats", "path": ["Loss (Train)"], "values": [{"value": 5.306872367858887, "step": null, "ts": 1721984771.1512215}]}, "version": 136, "at": 1721984771.1512215}
{"obj": {"type": "LogFloats", "path": ["Gradient norm"], "values": [{"value": 0.0, "step": null, "ts": 1721984771.1522236}]}, "version": 137, "at": 1721984771.1522236}
{"obj": {"type": "LogFloats", "path": ["Loss (Train)"], "values": [{"value": 5.299059867858887, "step": null, "ts": 1721984771.2222211}]}, "version": 138, "at": 1721984771.2222211}
{"obj": {"type": "LogFloats", "path": ["Gradient norm"], "values": [{"value": 0.0, "step": null, "ts": 1721984771.2222211}]}, "version": 139, "at": 1721984771.2222211}
{"obj": {"type": "LogFloats", "path": ["Loss (Train)"], "values": [{"value": 5.306872844696045, "step": null, "ts": 1721984771.2922208}]}, "version": 140, "at": 1721984771.2922208}
{"obj": {"type": "LogFloats", "path": ["Gradient norm"], "values": [{"value": 0.0, "step": null, "ts": 1721984771.2932217}]}, "version": 141, "at": 1721984771.2932217}
{"obj": {"type": "LogFloats", "path": ["Loss (Train)"], "values": [{"value": 5.306872367858887, "step": null, "ts": 1721984771.3672223}]}, "version": 142, "at": 1721984771.3672223}
{"obj": {"type": "LogFloats", "path": ["Gradient norm"], "values": [{"value": 0.0, "step": null, "ts": 1721984771.3672223}]}, "version": 143, "at": 1721984771.3672223}
{"obj": {"type": "LogFloats", "path": ["Loss (Train)"], "values": [{"value": 5.299059867858887, "step": null, "ts": 1721984771.4382212}]}, "version": 144, "at": 1721984771.4382212}
{"obj": {"type": "LogFloats", "path": ["Gradient norm"], "values": [{"value": 0.0, "step": null, "ts": 1721984771.4392219}]}, "version": 145, "at": 1721984771.4392219}
{"obj": {"type": "LogFloats", "path": ["Loss (Train)"], "values": [{"value": 5.299059867858887, "step": null, "ts": 1721984771.5102224}]}, "version": 146, "at": 1721984771.5102224}
{"obj": {"type": "LogFloats", "path": ["Gradient norm"], "values": [{"value": 0.0, "step": null, "ts": 1721984771.5102224}]}, "version": 147, "at": 1721984771.5102224}
{"obj": {"type": "LogFloats", "path": ["Loss (Train)"], "values": [{"value": 5.306872367858887, "step": null, "ts": 1721984771.5822208}]}, "version": 148, "at": 1721984771.5822208}
{"obj": {"type": "LogFloats", "path": ["Gradient norm"], "values": [{"value": 0.0, "step": null, "ts": 1721984771.5822208}]}, "version": 149, "at": 1721984771.5822208}
{"obj": {"type": "LogFloats", "path": ["Loss (Train)"], "values": [{"value": 5.306872367858887, "step": null, "ts": 1721984771.6522212}]}, "version": 150, "at": 1721984771.6522212}
{"obj": {"type": "LogFloats", "path": ["Gradient norm"], "values": [{"value": 0.0, "step": null, "ts": 1721984771.6522212}]}, "version": 151, "at": 1721984771.6522212}
{"obj": {"type": "LogFloats", "path": ["Loss (Train)"], "values": [{"value": 5.299059867858887, "step": null, "ts": 1721984771.722222}]}, "version": 152, "at": 1721984771.722222}
{"obj": {"type": "LogFloats", "path": ["Gradient norm"], "values": [{"value": 0.0, "step": null, "ts": 1721984771.722222}]}, "version": 153, "at": 1721984771.722222}
{"obj": {"type": "LogFloats", "path": ["Loss (Train)"], "values": [{"value": 5.306872367858887, "step": null, "ts": 1721984771.7932222}]}, "version": 154, "at": 1721984771.7932222}
{"obj": {"type": "LogFloats", "path": ["Gradient norm"], "values": [{"value": 0.0, "step": null, "ts": 1721984771.7942235}]}, "version": 155, "at": 1721984771.7942235}
{"obj": {"type": "LogFloats", "path": ["Loss (Train)"], "values": [{"value": 5.306872367858887, "step": null, "ts": 1721984771.8622231}]}, "version": 156, "at": 1721984771.8622231}
{"obj": {"type": "LogFloats", "path": ["Gradient norm"], "values": [{"value": 0.0, "step": null, "ts": 1721984771.8622231}]}, "version": 157, "at": 1721984771.8622231}
{"obj": {"type": "LogFloats", "path": ["Loss (Train)"], "values": [{"value": 5.306872367858887, "step": null, "ts": 1721984771.9322221}]}, "version": 158, "at": 1721984771.9322221}
{"obj": {"type": "LogFloats", "path": ["Gradient norm"], "values": [{"value": 0.0, "step": null, "ts": 1721984771.9322221}]}, "version": 159, "at": 1721984771.9322221}
{"obj": {"type": "LogFloats", "path": ["Loss (Train)"], "values": [{"value": 5.299059867858887, "step": null, "ts": 1721984772.002222}]}, "version": 160, "at": 1721984772.002222}
{"obj": {"type": "LogFloats", "path": ["Gradient norm"], "values": [{"value": 0.0, "step": null, "ts": 1721984772.0032237}]}, "version": 161, "at": 1721984772.0032237}
{"obj": {"type": "LogFloats", "path": ["Loss (Train)"], "values": [{"value": 5.299059867858887, "step": null, "ts": 1721984772.0732205}]}, "version": 162, "at": 1721984772.0732205}
{"obj": {"type": "LogFloats", "path": ["Gradient norm"], "values": [{"value": 0.0, "step": null, "ts": 1721984772.0732205}]}, "version": 163, "at": 1721984772.0732205}
{"obj": {"type": "LogFloats", "path": ["Loss (Train)"], "values": [{"value": 5.299060344696045, "step": null, "ts": 1721984772.1422205}]}, "version": 164, "at": 1721984772.1422205}
{"obj": {"type": "LogFloats", "path": ["Gradient norm"], "values": [{"value": 0.0, "step": null, "ts": 1721984772.1422205}]}, "version": 165, "at": 1721984772.1422205}
{"obj": {"type": "LogFloats", "path": ["Loss (Train)"], "values": [{"value": 5.291247367858887, "step": null, "ts": 1721984772.2162225}]}, "version": 166, "at": 1721984772.2162225}
{"obj": {"type": "LogFloats", "path": ["Gradient norm"], "values": [{"value": 0.0, "step": null, "ts": 1721984772.2162225}]}, "version": 167, "at": 1721984772.2162225}
{"obj": {"type": "LogFloats", "path": ["Loss (Train)"], "values": [{"value": 5.291247367858887, "step": null, "ts": 1721984772.285221}]}, "version": 168, "at": 1721984772.285221}
{"obj": {"type": "LogFloats", "path": ["Gradient norm"], "values": [{"value": 0.0, "step": null, "ts": 1721984772.285221}]}, "version": 169, "at": 1721984772.285221}
{"obj": {"type": "LogFloats", "path": ["Loss (Train)"], "values": [{"value": 5.299059867858887, "step": null, "ts": 1721984772.3572228}]}, "version": 170, "at": 1721984772.3572228}
{"obj": {"type": "LogFloats", "path": ["Gradient norm"], "values": [{"value": 0.0, "step": null, "ts": 1721984772.3572228}]}, "version": 171, "at": 1721984772.3572228}
{"obj": {"type": "LogFloats", "path": ["Loss (Train)"], "values": [{"value": 5.306872367858887, "step": null, "ts": 1721984772.4282212}]}, "version": 172, "at": 1721984772.4282212}
{"obj": {"type": "LogFloats", "path": ["Gradient norm"], "values": [{"value": 0.0, "step": null, "ts": 1721984772.4282212}]}, "version": 173, "at": 1721984772.4282212}
{"obj": {"type": "LogFloats", "path": ["Loss (Train)"], "values": [{"value": 5.306872367858887, "step": null, "ts": 1721984772.498222}]}, "version": 174, "at": 1721984772.498222}
{"obj": {"type": "LogFloats", "path": ["Gradient norm"], "values": [{"value": 0.0, "step": null, "ts": 1721984772.498222}]}, "version": 175, "at": 1721984772.498222}
{"obj": {"type": "LogFloats", "path": ["Loss (Train)"], "values": [{"value": 5.299059867858887, "step": null, "ts": 1721984772.5682225}]}, "version": 176, "at": 1721984772.5682225}
{"obj": {"type": "LogFloats", "path": ["Gradient norm"], "values": [{"value": 0.0, "step": null, "ts": 1721984772.5682225}]}, "version": 177, "at": 1721984772.5682225}
{"obj": {"type": "LogFloats", "path": ["Loss (Train)"], "values": [{"value": 5.306872367858887, "step": null, "ts": 1721984772.6422224}]}, "version": 178, "at": 1721984772.6422224}
{"obj": {"type": "LogFloats", "path": ["Gradient norm"], "values": [{"value": 0.0, "step": null, "ts": 1721984772.6422224}]}, "version": 179, "at": 1721984772.6422224}
{"obj": {"type": "LogFloats", "path": ["Loss (Train)"], "values": [{"value": 5.306872367858887, "step": null, "ts": 1721984772.7102215}]}, "version": 180, "at": 1721984772.7102215}
{"obj": {"type": "LogFloats", "path": ["Gradient norm"], "values": [{"value": 0.0, "step": null, "ts": 1721984772.7102215}]}, "version": 181, "at": 1721984772.7102215}
{"obj": {"type": "LogFloats", "path": ["Loss (Train)"], "values": [{"value": 5.306872367858887, "step": null, "ts": 1721984772.7802205}]}, "version": 182, "at": 1721984772.7802205}
{"obj": {"type": "LogFloats", "path": ["Gradient norm"], "values": [{"value": 0.0, "step": null, "ts": 1721984772.7802205}]}, "version": 183, "at": 1721984772.7802205}
{"obj": {"type": "LogFloats", "path": ["Loss (Train)"], "values": [{"value": 5.306872367858887, "step": null, "ts": 1721984772.8512208}]}, "version": 184, "at": 1721984772.8512208}
{"obj": {"type": "LogFloats", "path": ["Gradient norm"], "values": [{"value": 0.0, "step": null, "ts": 1721984772.8512208}]}, "version": 185, "at": 1721984772.8512208}
{"obj": {"type": "LogFloats", "path": ["Loss (Train)"], "values": [{"value": 5.299059867858887, "step": null, "ts": 1721984772.9232228}]}, "version": 186, "at": 1721984772.9232228}
{"obj": {"type": "LogFloats", "path": ["Gradient norm"], "values": [{"value": 0.0, "step": null, "ts": 1721984772.9232228}]}, "version": 187, "at": 1721984772.9232228}
{"obj": {"type": "LogFloats", "path": ["Loss (Train)"], "values": [{"value": 5.306872367858887, "step": null, "ts": 1721984772.9992208}]}, "version": 188, "at": 1721984772.9992208}
{"obj": {"type": "LogFloats", "path": ["Gradient norm"], "values": [{"value": 0.0, "step": null, "ts": 1721984772.9992208}]}, "version": 189, "at": 1721984772.9992208}
{"obj": {"type": "LogFloats", "path": ["Loss (Train)"], "values": [{"value": 5.306872367858887, "step": null, "ts": 1721984773.0732222}]}, "version": 190, "at": 1721984773.0732222}
{"obj": {"type": "LogFloats", "path": ["Gradient norm"], "values": [{"value": 0.0, "step": null, "ts": 1721984773.0732222}]}, "version": 191, "at": 1721984773.0732222}
{"obj": {"type": "LogFloats", "path": ["Loss (Train)"], "values": [{"value": 5.291247367858887, "step": null, "ts": 1721984773.1452215}]}, "version": 192, "at": 1721984773.1452215}
{"obj": {"type": "LogFloats", "path": ["Gradient norm"], "values": [{"value": 0.0, "step": null, "ts": 1721984773.1452215}]}, "version": 193, "at": 1721984773.1452215}
{"obj": {"type": "LogFloats", "path": ["Loss (Train)"], "values": [{"value": 5.306872367858887, "step": null, "ts": 1721984773.2172217}]}, "version": 194, "at": 1721984773.2172217}
{"obj": {"type": "LogFloats", "path": ["Gradient norm"], "values": [{"value": 0.0, "step": null, "ts": 1721984773.2172217}]}, "version": 195, "at": 1721984773.2172217}
{"obj": {"type": "LogFloats", "path": ["Loss (Train)"], "values": [{"value": 5.306872367858887, "step": null, "ts": 1721984773.2912226}]}, "version": 196, "at": 1721984773.2912226}
{"obj": {"type": "LogFloats", "path": ["Gradient norm"], "values": [{"value": 0.0, "step": null, "ts": 1721984773.2912226}]}, "version": 197, "at": 1721984773.2912226}
{"obj": {"type": "LogFloats", "path": ["Loss (Train)"], "values": [{"value": 5.299059867858887, "step": null, "ts": 1721984773.3652213}]}, "version": 198, "at": 1721984773.3652213}
{"obj": {"type": "LogFloats", "path": ["Gradient norm"], "values": [{"value": 0.0, "step": null, "ts": 1721984773.3652213}]}, "version": 199, "at": 1721984773.3652213}
{"obj": {"type": "LogFloats", "path": ["Loss (Train)"], "values": [{"value": 5.291247367858887, "step": null, "ts": 1721984773.4342208}]}, "version": 200, "at": 1721984773.4352205}
{"obj": {"type": "LogFloats", "path": ["Gradient norm"], "values": [{"value": 0.0, "step": null, "ts": 1721984773.4352205}]}, "version": 201, "at": 1721984773.4352205}
{"obj": {"type": "LogFloats", "path": ["Loss (Train)"], "values": [{"value": 5.299059867858887, "step": null, "ts": 1721984773.508221}]}, "version": 202, "at": 1721984773.508221}
{"obj": {"type": "LogFloats", "path": ["Gradient norm"], "values": [{"value": 0.0, "step": null, "ts": 1721984773.508221}]}, "version": 203, "at": 1721984773.508221}
{"obj": {"type": "LogFloats", "path": ["Loss (Train)"], "values": [{"value": 5.291247367858887, "step": null, "ts": 1721984773.579221}]}, "version": 204, "at": 1721984773.579221}
{"obj": {"type": "LogFloats", "path": ["Gradient norm"], "values": [{"value": 0.0, "step": null, "ts": 1721984773.579221}]}, "version": 205, "at": 1721984773.579221}
{"obj": {"type": "LogFloats", "path": ["Loss (Train)"], "values": [{"value": 5.306872367858887, "step": null, "ts": 1721984773.6512263}]}, "version": 206, "at": 1721984773.6512263}
{"obj": {"type": "LogFloats", "path": ["Gradient norm"], "values": [{"value": 0.0, "step": null, "ts": 1721984773.6512263}]}, "version": 207, "at": 1721984773.6512263}
{"obj": {"type": "LogFloats", "path": ["Loss (Train)"], "values": [{"value": 5.291247367858887, "step": null, "ts": 1721984773.7272215}]}, "version": 208, "at": 1721984773.7272215}
{"obj": {"type": "LogFloats", "path": ["Gradient norm"], "values": [{"value": 0.0, "step": null, "ts": 1721984773.7272215}]}, "version": 209, "at": 1721984773.7272215}
{"obj": {"type": "LogFloats", "path": ["Loss (Train)"], "values": [{"value": 5.299059867858887, "step": null, "ts": 1721984773.8052213}]}, "version": 210, "at": 1721984773.8052213}
{"obj": {"type": "LogFloats", "path": ["Gradient norm"], "values": [{"value": 0.0, "step": null, "ts": 1721984773.8052213}]}, "version": 211, "at": 1721984773.8052213}
{"obj": {"type": "LogFloats", "path": ["Loss (Train)"], "values": [{"value": 5.306872367858887, "step": null, "ts": 1721984773.877221}]}, "version": 212, "at": 1721984773.877221}
{"obj": {"type": "LogFloats", "path": ["Gradient norm"], "values": [{"value": 0.0, "step": null, "ts": 1721984773.877221}]}, "version": 213, "at": 1721984773.877221}
{"obj": {"type": "LogFloats", "path": ["Loss (Train)"], "values": [{"value": 5.299059867858887, "step": null, "ts": 1721984773.9542208}]}, "version": 214, "at": 1721984773.9542208}
{"obj": {"type": "LogFloats", "path": ["Gradient norm"], "values": [{"value": 0.0, "step": null, "ts": 1721984773.9542208}]}, "version": 215, "at": 1721984773.9542208}
{"obj": {"type": "LogFloats", "path": ["Loss (Train)"], "values": [{"value": 5.306872367858887, "step": null, "ts": 1721984774.0282216}]}, "version": 216, "at": 1721984774.0292208}
{"obj": {"type": "LogFloats", "path": ["Gradient norm"], "values": [{"value": 0.0, "step": null, "ts": 1721984774.0292208}]}, "version": 217, "at": 1721984774.0292208}
{"obj": {"type": "LogFloats", "path": ["Loss (Train)"], "values": [{"value": 5.299059867858887, "step": null, "ts": 1721984774.101221}]}, "version": 218, "at": 1721984774.101221}
{"obj": {"type": "LogFloats", "path": ["Gradient norm"], "values": [{"value": 0.0, "step": null, "ts": 1721984774.101221}]}, "version": 219, "at": 1721984774.101221}
{"obj": {"type": "LogFloats", "path": ["Loss (Train)"], "values": [{"value": 5.306872367858887, "step": null, "ts": 1721984774.1762207}]}, "version": 220, "at": 1721984774.1762207}
{"obj": {"type": "LogFloats", "path": ["Gradient norm"], "values": [{"value": 0.0, "step": null, "ts": 1721984774.1762207}]}, "version": 221, "at": 1721984774.1762207}
{"obj": {"type": "LogFloats", "path": ["Loss (Train)"], "values": [{"value": 5.306872367858887, "step": null, "ts": 1721984774.2542212}]}, "version": 222, "at": 1721984774.2542212}
{"obj": {"type": "LogFloats", "path": ["Gradient norm"], "values": [{"value": 0.0, "step": null, "ts": 1721984774.2542212}]}, "version": 223, "at": 1721984774.2542212}
{"obj": {"type": "LogFloats", "path": ["Loss (Train)"], "values": [{"value": 5.299059867858887, "step": null, "ts": 1721984774.327221}]}, "version": 224, "at": 1721984774.327221}
{"obj": {"type": "LogFloats", "path": ["Gradient norm"], "values": [{"value": 0.0, "step": null, "ts": 1721984774.327221}]}, "version": 225, "at": 1721984774.327221}
{"obj": {"type": "LogFloats", "path": ["Loss (Train)"], "values": [{"value": 5.299059867858887, "step": null, "ts": 1721984774.4042213}]}, "version": 226, "at": 1721984774.4042213}
{"obj": {"type": "LogFloats", "path": ["Gradient norm"], "values": [{"value": 0.0, "step": null, "ts": 1721984774.4042213}]}, "version": 227, "at": 1721984774.4042213}
{"obj": {"type": "LogFloats", "path": ["Loss (Train)"], "values": [{"value": 5.299059867858887, "step": null, "ts": 1721984774.476221}]}, "version": 228, "at": 1721984774.476221}
{"obj": {"type": "LogFloats", "path": ["Gradient norm"], "values": [{"value": 0.0, "step": null, "ts": 1721984774.476221}]}, "version": 229, "at": 1721984774.476221}
{"obj": {"type": "LogFloats", "path": ["Loss (Train)"], "values": [{"value": 5.291247367858887, "step": null, "ts": 1721984774.5502205}]}, "version": 230, "at": 1721984774.5502205}
{"obj": {"type": "LogFloats", "path": ["Gradient norm"], "values": [{"value": 0.0, "step": null, "ts": 1721984774.5502205}]}, "version": 231, "at": 1721984774.5502205}
{"obj": {"type": "LogFloats", "path": ["Loss (Train)"], "values": [{"value": 5.291247367858887, "step": null, "ts": 1721984774.6222212}]}, "version": 232, "at": 1721984774.6222212}
{"obj": {"type": "LogFloats", "path": ["Gradient norm"], "values": [{"value": 0.0, "step": null, "ts": 1721984774.6232204}]}, "version": 233, "at": 1721984774.6232204}
{"obj": {"type": "LogFloats", "path": ["Loss (Train)"], "values": [{"value": 5.306872367858887, "step": null, "ts": 1721984774.6962206}]}, "version": 234, "at": 1721984774.6962206}
{"obj": {"type": "LogFloats", "path": ["Gradient norm"], "values": [{"value": 0.0, "step": null, "ts": 1721984774.6962206}]}, "version": 235, "at": 1721984774.6962206}
{"obj": {"type": "LogFloats", "path": ["Loss (Train)"], "values": [{"value": 5.306872367858887, "step": null, "ts": 1721984774.7662206}]}, "version": 236, "at": 1721984774.7662206}
{"obj": {"type": "LogFloats", "path": ["Gradient norm"], "values": [{"value": 0.0, "step": null, "ts": 1721984774.7662206}]}, "version": 237, "at": 1721984774.7662206}
{"obj": {"type": "LogFloats", "path": ["Loss (Train)"], "values": [{"value": 5.306872367858887, "step": null, "ts": 1721984774.8382206}]}, "version": 238, "at": 1721984774.8382206}
{"obj": {"type": "LogFloats", "path": ["Gradient norm"], "values": [{"value": 0.0, "step": null, "ts": 1721984774.8382206}]}, "version": 239, "at": 1721984774.8382206}
{"obj": {"type": "LogFloats", "path": ["Loss (Train)"], "values": [{"value": 5.299059867858887, "step": null, "ts": 1721984774.9102213}]}, "version": 240, "at": 1721984774.9102213}
{"obj": {"type": "LogFloats", "path": ["Gradient norm"], "values": [{"value": 0.0, "step": null, "ts": 1721984774.9102213}]}, "version": 241, "at": 1721984774.9102213}
{"obj": {"type": "LogFloats", "path": ["Loss (Train)"], "values": [{"value": 5.299059867858887, "step": null, "ts": 1721984774.9822216}]}, "version": 242, "at": 1721984774.9822216}
{"obj": {"type": "LogFloats", "path": ["Gradient norm"], "values": [{"value": 0.0, "step": null, "ts": 1721984774.9822216}]}, "version": 243, "at": 1721984774.9822216}
{"obj": {"type": "LogFloats", "path": ["Loss (Train)"], "values": [{"value": 5.299059867858887, "step": null, "ts": 1721984775.0602207}]}, "version": 244, "at": 1721984775.0602207}
{"obj": {"type": "LogFloats", "path": ["Gradient norm"], "values": [{"value": 0.0, "step": null, "ts": 1721984775.0602207}]}, "version": 245, "at": 1721984775.0602207}
{"obj": {"type": "LogFloats", "path": ["Loss (Train)"], "values": [{"value": 5.291247367858887, "step": null, "ts": 1721984775.1322207}]}, "version": 246, "at": 1721984775.1322207}
{"obj": {"type": "LogFloats", "path": ["Gradient norm"], "values": [{"value": 0.0, "step": null, "ts": 1721984775.1322207}]}, "version": 247, "at": 1721984775.1322207}
{"obj": {"type": "LogFloats", "path": ["Loss (Train)"], "values": [{"value": 5.306872367858887, "step": null, "ts": 1721984775.205221}]}, "version": 248, "at": 1721984775.205221}
{"obj": {"type": "LogFloats", "path": ["Gradient norm"], "values": [{"value": 0.0, "step": null, "ts": 1721984775.205221}]}, "version": 249, "at": 1721984775.205221}
{"obj": {"type": "LogFloats", "path": ["Loss (Train)"], "values": [{"value": 5.306872367858887, "step": null, "ts": 1721984775.2842233}]}, "version": 250, "at": 1721984775.2842233}
{"obj": {"type": "LogFloats", "path": ["Gradient norm"], "values": [{"value": 0.0, "step": null, "ts": 1721984775.2852218}]}, "version": 251, "at": 1721984775.2852218}
{"obj": {"type": "LogFloats", "path": ["Loss (Train)"], "values": [{"value": 5.306872367858887, "step": null, "ts": 1721984775.35822}]}, "version": 252, "at": 1721984775.35822}
{"obj": {"type": "LogFloats", "path": ["Gradient norm"], "values": [{"value": 0.0, "step": null, "ts": 1721984775.35822}]}, "version": 253, "at": 1721984775.35822}
{"obj": {"type": "LogFloats", "path": ["Loss (Train)"], "values": [{"value": 5.306872367858887, "step": null, "ts": 1721984775.4332209}]}, "version": 254, "at": 1721984775.4332209}
{"obj": {"type": "LogFloats", "path": ["Gradient norm"], "values": [{"value": 0.0, "step": null, "ts": 1721984775.4332209}]}, "version": 255, "at": 1721984775.4332209}
{"obj": {"type": "LogFloats", "path": ["Loss (Train)"], "values": [{"value": 5.299059867858887, "step": null, "ts": 1721984775.5082207}]}, "version": 256, "at": 1721984775.5082207}
{"obj": {"type": "LogFloats", "path": ["Gradient norm"], "values": [{"value": 0.0, "step": null, "ts": 1721984775.5082207}]}, "version": 257, "at": 1721984775.5082207}
{"obj": {"type": "LogFloats", "path": ["Loss (Train)"], "values": [{"value": 5.299059867858887, "step": null, "ts": 1721984775.5822213}]}, "version": 258, "at": 1721984775.5822213}
{"obj": {"type": "LogFloats", "path": ["Gradient norm"], "values": [{"value": 0.0, "step": null, "ts": 1721984775.5822213}]}, "version": 259, "at": 1721984775.5822213}
{"obj": {"type": "LogFloats", "path": ["Loss (Train)"], "values": [{"value": 5.306872367858887, "step": null, "ts": 1721984775.657222}]}, "version": 260, "at": 1721984775.657222}
{"obj": {"type": "LogFloats", "path": ["Gradient norm"], "values": [{"value": 0.0, "step": null, "ts": 1721984775.657222}]}, "version": 261, "at": 1721984775.657222}
{"obj": {"type": "LogFloats", "path": ["Loss (Train)"], "values": [{"value": 5.306872367858887, "step": null, "ts": 1721984775.73222}]}, "version": 262, "at": 1721984775.73222}
{"obj": {"type": "LogFloats", "path": ["Gradient norm"], "values": [{"value": 0.0, "step": null, "ts": 1721984775.73222}]}, "version": 263, "at": 1721984775.73222}
{"obj": {"type": "LogFloats", "path": ["Loss (Train)"], "values": [{"value": 5.283434867858887, "step": null, "ts": 1721984775.8032222}]}, "version": 264, "at": 1721984775.8032222}
{"obj": {"type": "LogFloats", "path": ["Gradient norm"], "values": [{"value": 0.0, "step": null, "ts": 1721984775.8032222}]}, "version": 265, "at": 1721984775.8032222}
{"obj": {"type": "LogFloats", "path": ["Loss (Train)"], "values": [{"value": 5.306872367858887, "step": null, "ts": 1721984775.8752205}]}, "version": 266, "at": 1721984775.8752205}
{"obj": {"type": "LogFloats", "path": ["Gradient norm"], "values": [{"value": 0.0, "step": null, "ts": 1721984775.8752205}]}, "version": 267, "at": 1721984775.8752205}
{"obj": {"type": "LogFloats", "path": ["Loss (Train)"], "values": [{"value": 5.283434867858887, "step": null, "ts": 1721984775.9482214}]}, "version": 268, "at": 1721984775.9482214}
{"obj": {"type": "LogFloats", "path": ["Gradient norm"], "values": [{"value": 0.0, "step": null, "ts": 1721984775.9482214}]}, "version": 269, "at": 1721984775.9482214}
{"obj": {"type": "LogFloats", "path": ["Loss (Train)"], "values": [{"value": 5.306872844696045, "step": null, "ts": 1721984776.0172205}]}, "version": 270, "at": 1721984776.0172205}
{"obj": {"type": "LogFloats", "path": ["Gradient norm"], "values": [{"value": 0.0, "step": null, "ts": 1721984776.0172205}]}, "version": 271, "at": 1721984776.0172205}
{"obj": {"type": "LogFloats", "path": ["Loss (Train)"], "values": [{"value": 5.306872367858887, "step": null, "ts": 1721984776.0842204}]}, "version": 272, "at": 1721984776.0842204}
{"obj": {"type": "LogFloats", "path": ["Gradient norm"], "values": [{"value": 0.0, "step": null, "ts": 1721984776.085221}]}, "version": 273, "at": 1721984776.085221}
{"obj": {"type": "LogFloats", "path": ["Loss (Train)"], "values": [{"value": 5.299059867858887, "step": null, "ts": 1721984776.1572225}]}, "version": 274, "at": 1721984776.1572225}
{"obj": {"type": "LogFloats", "path": ["Gradient norm"], "values": [{"value": 0.0, "step": null, "ts": 1721984776.1572225}]}, "version": 275, "at": 1721984776.1572225}
{"obj": {"type": "LogFloats", "path": ["Loss (Train)"], "values": [{"value": 5.306872367858887, "step": null, "ts": 1721984776.2262225}]}, "version": 276, "at": 1721984776.2262225}
{"obj": {"type": "LogFloats", "path": ["Gradient norm"], "values": [{"value": 0.0, "step": null, "ts": 1721984776.2262225}]}, "version": 277, "at": 1721984776.2262225}
{"obj": {"type": "LogFloats", "path": ["Loss (Train)"], "values": [{"value": 5.306872367858887, "step": null, "ts": 1721984776.2992215}]}, "version": 278, "at": 1721984776.2992215}
{"obj": {"type": "LogFloats", "path": ["Gradient norm"], "values": [{"value": 0.0, "step": null, "ts": 1721984776.2992215}]}, "version": 279, "at": 1721984776.2992215}
{"obj": {"type": "LogFloats", "path": ["Loss (Train)"], "values": [{"value": 5.306872367858887, "step": null, "ts": 1721984776.3732216}]}, "version": 280, "at": 1721984776.3732216}
{"obj": {"type": "LogFloats", "path": ["Gradient norm"], "values": [{"value": 0.0, "step": null, "ts": 1721984776.3732216}]}, "version": 281, "at": 1721984776.3732216}
{"obj": {"type": "LogFloats", "path": ["Loss (Train)"], "values": [{"value": 5.306872367858887, "step": null, "ts": 1721984776.4462209}]}, "version": 282, "at": 1721984776.4462209}
{"obj": {"type": "LogFloats", "path": ["Gradient norm"], "values": [{"value": 0.0, "step": null, "ts": 1721984776.4462209}]}, "version": 283, "at": 1721984776.4462209}
{"obj": {"type": "LogFloats", "path": ["Loss (Train)"], "values": [{"value": 5.299059867858887, "step": null, "ts": 1721984776.5192208}]}, "version": 284, "at": 1721984776.5192208}
{"obj": {"type": "LogFloats", "path": ["Gradient norm"], "values": [{"value": 0.0, "step": null, "ts": 1721984776.5192208}]}, "version": 285, "at": 1721984776.5192208}
{"obj": {"type": "LogFloats", "path": ["Loss (Train)"], "values": [{"value": 5.291247367858887, "step": null, "ts": 1721984776.5942214}]}, "version": 286, "at": 1721984776.5942214}
{"obj": {"type": "LogFloats", "path": ["Gradient norm"], "values": [{"value": 0.0, "step": null, "ts": 1721984776.5942214}]}, "version": 287, "at": 1721984776.5942214}
{"obj": {"type": "LogFloats", "path": ["Loss (Train)"], "values": [{"value": 5.299059867858887, "step": null, "ts": 1721984776.6632206}]}, "version": 288, "at": 1721984776.6632206}
{"obj": {"type": "LogFloats", "path": ["Gradient norm"], "values": [{"value": 0.0, "step": null, "ts": 1721984776.6632206}]}, "version": 289, "at": 1721984776.6632206}
{"obj": {"type": "LogFloats", "path": ["Loss (Train)"], "values": [{"value": 5.306872367858887, "step": null, "ts": 1721984776.7352219}]}, "version": 290, "at": 1721984776.7352219}
{"obj": {"type": "LogFloats", "path": ["Gradient norm"], "values": [{"value": 0.0, "step": null, "ts": 1721984776.7352219}]}, "version": 291, "at": 1721984776.7352219}
{"obj": {"type": "LogFloats", "path": ["Loss (Train)"], "values": [{"value": 5.299059867858887, "step": null, "ts": 1721984776.8122218}]}, "version": 292, "at": 1721984776.8122218}
{"obj": {"type": "LogFloats", "path": ["Gradient norm"], "values": [{"value": 0.0, "step": null, "ts": 1721984776.8132222}]}, "version": 293, "at": 1721984776.8132222}
{"obj": {"type": "LogFloats", "path": ["Loss (Train)"], "values": [{"value": 5.306872367858887, "step": null, "ts": 1721984776.884223}]}, "version": 294, "at": 1721984776.884223}
{"obj": {"type": "LogFloats", "path": ["Gradient norm"], "values": [{"value": 0.0, "step": null, "ts": 1721984776.884223}]}, "version": 295, "at": 1721984776.884223}
{"obj": {"type": "LogFloats", "path": ["Loss (Train)"], "values": [{"value": 5.306872367858887, "step": null, "ts": 1721984776.953221}]}, "version": 296, "at": 1721984776.953221}
{"obj": {"type": "LogFloats", "path": ["Gradient norm"], "values": [{"value": 0.0, "step": null, "ts": 1721984776.953221}]}, "version": 297, "at": 1721984776.953221}
{"obj": {"type": "LogFloats", "path": ["Loss (Train)"], "values": [{"value": 5.299059867858887, "step": null, "ts": 1721984777.0252206}]}, "version": 298, "at": 1721984777.0252206}
{"obj": {"type": "LogFloats", "path": ["Gradient norm"], "values": [{"value": 0.0, "step": null, "ts": 1721984777.0252206}]}, "version": 299, "at": 1721984777.0252206}
{"obj": {"type": "LogFloats", "path": ["Loss (Train)"], "values": [{"value": 5.306872367858887, "step": null, "ts": 1721984777.093221}]}, "version": 300, "at": 1721984777.093221}
{"obj": {"type": "LogFloats", "path": ["Gradient norm"], "values": [{"value": 0.0, "step": null, "ts": 1721984777.093221}]}, "version": 301, "at": 1721984777.093221}
{"obj": {"type": "LogFloats", "path": ["Loss (Train)"], "values": [{"value": 5.306872367858887, "step": null, "ts": 1721984777.1652205}]}, "version": 302, "at": 1721984777.1662211}
{"obj": {"type": "LogFloats", "path": ["Gradient norm"], "values": [{"value": 0.0, "step": null, "ts": 1721984777.1662211}]}, "version": 303, "at": 1721984777.1662211}
{"obj": {"type": "LogFloats", "path": ["Loss (Train)"], "values": [{"value": 5.299059867858887, "step": null, "ts": 1721984777.2352204}]}, "version": 304, "at": 1721984777.2352204}
{"obj": {"type": "LogFloats", "path": ["Gradient norm"], "values": [{"value": 0.0, "step": null, "ts": 1721984777.2352204}]}, "version": 305, "at": 1721984777.2352204}
{"obj": {"type": "LogFloats", "path": ["Loss (Train)"], "values": [{"value": 5.291247367858887, "step": null, "ts": 1721984777.3052206}]}, "version": 306, "at": 1721984777.3052206}
{"obj": {"type": "LogFloats", "path": ["Gradient norm"], "values": [{"value": 0.0, "step": null, "ts": 1721984777.3052206}]}, "version": 307, "at": 1721984777.3052206}
{"obj": {"type": "LogFloats", "path": ["Loss (Train)"], "values": [{"value": 5.306872367858887, "step": null, "ts": 1721984777.3752215}]}, "version": 308, "at": 1721984777.3752215}
{"obj": {"type": "LogFloats", "path": ["Gradient norm"], "values": [{"value": 0.0, "step": null, "ts": 1721984777.3752215}]}, "version": 309, "at": 1721984777.3752215}
{"obj": {"type": "LogFloats", "path": ["Loss (Train)"], "values": [{"value": 5.299060344696045, "step": null, "ts": 1721984777.4492207}]}, "version": 310, "at": 1721984777.4492207}
{"obj": {"type": "LogFloats", "path": ["Gradient norm"], "values": [{"value": 0.0, "step": null, "ts": 1721984777.4492207}]}, "version": 311, "at": 1721984777.4492207}
{"obj": {"type": "LogFloats", "path": ["Loss (Train)"], "values": [{"value": 5.306872367858887, "step": null, "ts": 1721984777.5172205}]}, "version": 312, "at": 1721984777.5172205}
{"obj": {"type": "LogFloats", "path": ["Gradient norm"], "values": [{"value": 0.0, "step": null, "ts": 1721984777.5172205}]}, "version": 313, "at": 1721984777.5172205}
{"obj": {"type": "LogFloats", "path": ["Loss (Train)"], "values": [{"value": 5.306872367858887, "step": null, "ts": 1721984777.5922203}]}, "version": 314, "at": 1721984777.5922203}
{"obj": {"type": "LogFloats", "path": ["Gradient norm"], "values": [{"value": 0.0, "step": null, "ts": 1721984777.5922203}]}, "version": 315, "at": 1721984777.5922203}
{"obj": {"type": "LogFloats", "path": ["Loss (Train)"], "values": [{"value": 5.291247367858887, "step": null, "ts": 1721984777.6632206}]}, "version": 316, "at": 1721984777.6632206}
{"obj": {"type": "LogFloats", "path": ["Gradient norm"], "values": [{"value": 0.0, "step": null, "ts": 1721984777.6632206}]}, "version": 317, "at": 1721984777.6632206}
{"obj": {"type": "LogFloats", "path": ["Loss (Train)"], "values": [{"value": 5.299059867858887, "step": null, "ts": 1721984777.7332208}]}, "version": 318, "at": 1721984777.7332208}
{"obj": {"type": "LogFloats", "path": ["Gradient norm"], "values": [{"value": 0.0, "step": null, "ts": 1721984777.7332208}]}, "version": 319, "at": 1721984777.7332208}
{"obj": {"type": "LogFloats", "path": ["Loss (Train)"], "values": [{"value": 5.306872367858887, "step": null, "ts": 1721984777.8002207}]}, "version": 320, "at": 1721984777.8002207}
{"obj": {"type": "LogFloats", "path": ["Gradient norm"], "values": [{"value": 0.0, "step": null, "ts": 1721984777.8002207}]}, "version": 321, "at": 1721984777.8002207}
{"obj": {"type": "LogFloats", "path": ["Loss (Train)"], "values": [{"value": 5.299059867858887, "step": null, "ts": 1721984777.8732212}]}, "version": 322, "at": 1721984777.8732212}
{"obj": {"type": "LogFloats", "path": ["Gradient norm"], "values": [{"value": 0.0, "step": null, "ts": 1721984777.8732212}]}, "version": 323, "at": 1721984777.8732212}
{"obj": {"type": "LogFloats", "path": ["Loss (Train)"], "values": [{"value": 5.275622367858887, "step": null, "ts": 1721984777.9422204}]}, "version": 324, "at": 1721984777.9422204}
{"obj": {"type": "LogFloats", "path": ["Gradient norm"], "values": [{"value": 0.0, "step": null, "ts": 1721984777.9432209}]}, "version": 325, "at": 1721984777.9432209}
{"obj": {"type": "LogFloats", "path": ["Loss (Train)"], "values": [{"value": 5.299059867858887, "step": null, "ts": 1721984778.013224}]}, "version": 326, "at": 1721984778.013224}
{"obj": {"type": "LogFloats", "path": ["Gradient norm"], "values": [{"value": 0.0, "step": null, "ts": 1721984778.013224}]}, "version": 327, "at": 1721984778.013224}
{"obj": {"type": "LogFloats", "path": ["Loss (Train)"], "values": [{"value": 5.299059867858887, "step": null, "ts": 1721984778.085223}]}, "version": 328, "at": 1721984778.085223}
{"obj": {"type": "LogFloats", "path": ["Gradient norm"], "values": [{"value": 0.0, "step": null, "ts": 1721984778.085223}]}, "version": 329, "at": 1721984778.085223}
{"obj": {"type": "LogFloats", "path": ["Loss (Train)"], "values": [{"value": 5.306872367858887, "step": null, "ts": 1721984778.155223}]}, "version": 330, "at": 1721984778.155223}
{"obj": {"type": "LogFloats", "path": ["Gradient norm"], "values": [{"value": 0.0, "step": null, "ts": 1721984778.155223}]}, "version": 331, "at": 1721984778.155223}
{"obj": {"type": "LogFloats", "path": ["Loss (Train)"], "values": [{"value": 5.299059867858887, "step": null, "ts": 1721984778.2232213}]}, "version": 332, "at": 1721984778.2232213}
{"obj": {"type": "LogFloats", "path": ["Gradient norm"], "values": [{"value": 0.0, "step": null, "ts": 1721984778.2242208}]}, "version": 333, "at": 1721984778.2242208}
{"obj": {"type": "LogFloats", "path": ["Loss (Train)"], "values": [{"value": 5.291247367858887, "step": null, "ts": 1721984778.2955582}]}, "version": 334, "at": 1721984778.2955582}
{"obj": {"type": "LogFloats", "path": ["Gradient norm"], "values": [{"value": 0.0, "step": null, "ts": 1721984778.2955582}]}, "version": 335, "at": 1721984778.2955582}
{"obj": {"type": "LogFloats", "path": ["Loss (Train)"], "values": [{"value": 5.299059867858887, "step": null, "ts": 1721984778.3665593}]}, "version": 336, "at": 1721984778.3665593}
{"obj": {"type": "LogFloats", "path": ["Gradient norm"], "values": [{"value": 0.0, "step": null, "ts": 1721984778.3665593}]}, "version": 337, "at": 1721984778.3665593}
{"obj": {"type": "LogFloats", "path": ["Loss (Train)"], "values": [{"value": 5.299059867858887, "step": null, "ts": 1721984778.4385588}]}, "version": 338, "at": 1721984778.4385588}
{"obj": {"type": "LogFloats", "path": ["Gradient norm"], "values": [{"value": 0.0, "step": null, "ts": 1721984778.4385588}]}, "version": 339, "at": 1721984778.4385588}
{"obj": {"type": "LogFloats", "path": ["Loss (Train)"], "values": [{"value": 5.299059867858887, "step": null, "ts": 1721984778.5085642}]}, "version": 340, "at": 1721984778.5085642}
{"obj": {"type": "LogFloats", "path": ["Gradient norm"], "values": [{"value": 0.0, "step": null, "ts": 1721984778.5085642}]}, "version": 341, "at": 1721984778.5095654}
{"obj": {"type": "LogFloats", "path": ["Loss (Train)"], "values": [{"value": 5.299059867858887, "step": null, "ts": 1721984778.5795648}]}, "version": 342, "at": 1721984778.5795648}
{"obj": {"type": "LogFloats", "path": ["Gradient norm"], "values": [{"value": 0.0, "step": null, "ts": 1721984778.5795648}]}, "version": 343, "at": 1721984778.5795648}
{"obj": {"type": "LogFloats", "path": ["Loss (Train)"], "values": [{"value": 5.306872367858887, "step": null, "ts": 1721984778.6485634}]}, "version": 344, "at": 1721984778.6485634}
{"obj": {"type": "LogFloats", "path": ["Gradient norm"], "values": [{"value": 0.0, "step": null, "ts": 1721984778.6485634}]}, "version": 345, "at": 1721984778.6485634}
{"obj": {"type": "LogFloats", "path": ["Loss (Train)"], "values": [{"value": 5.291247367858887, "step": null, "ts": 1721984778.7185638}]}, "version": 346, "at": 1721984778.7185638}
{"obj": {"type": "LogFloats", "path": ["Gradient norm"], "values": [{"value": 0.0, "step": null, "ts": 1721984778.7185638}]}, "version": 347, "at": 1721984778.7185638}
{"obj": {"type": "LogFloats", "path": ["Loss (Train)"], "values": [{"value": 5.306872367858887, "step": null, "ts": 1721984778.7885637}]}, "version": 348, "at": 1721984778.7885637}
{"obj": {"type": "LogFloats", "path": ["Gradient norm"], "values": [{"value": 0.0, "step": null, "ts": 1721984778.7885637}]}, "version": 349, "at": 1721984778.7885637}
{"obj": {"type": "LogFloats", "path": ["Loss (Train)"], "values": [{"value": 5.306872367858887, "step": null, "ts": 1721984778.8595636}]}, "version": 350, "at": 1721984778.8595636}
{"obj": {"type": "LogFloats", "path": ["Gradient norm"], "values": [{"value": 0.0, "step": null, "ts": 1721984778.8595636}]}, "version": 351, "at": 1721984778.8595636}
{"obj": {"type": "LogFloats", "path": ["Loss (Train)"], "values": [{"value": 5.299059867858887, "step": null, "ts": 1721984778.9305637}]}, "version": 352, "at": 1721984778.9305637}
{"obj": {"type": "LogFloats", "path": ["Gradient norm"], "values": [{"value": 0.0, "step": null, "ts": 1721984778.9305637}]}, "version": 353, "at": 1721984778.9305637}
{"obj": {"type": "LogFloats", "path": ["Loss (Train)"], "values": [{"value": 5.299059867858887, "step": null, "ts": 1721984779.0005643}]}, "version": 354, "at": 1721984779.0005643}
{"obj": {"type": "LogFloats", "path": ["Gradient norm"], "values": [{"value": 0.0, "step": null, "ts": 1721984779.0005643}]}, "version": 355, "at": 1721984779.0005643}
{"obj": {"type": "LogFloats", "path": ["Loss (Train)"], "values": [{"value": 5.299059867858887, "step": null, "ts": 1721984779.0685632}]}, "version": 356, "at": 1721984779.0685632}
{"obj": {"type": "LogFloats", "path": ["Gradient norm"], "values": [{"value": 0.0, "step": null, "ts": 1721984779.0685632}]}, "version": 357, "at": 1721984779.0685632}
{"obj": {"type": "LogFloats", "path": ["Loss (Train)"], "values": [{"value": 5.306872367858887, "step": null, "ts": 1721984779.1405632}]}, "version": 358, "at": 1721984779.1405632}
{"obj": {"type": "LogFloats", "path": ["Gradient norm"], "values": [{"value": 0.0, "step": null, "ts": 1721984779.1405632}]}, "version": 359, "at": 1721984779.1405632}
{"obj": {"type": "LogFloats", "path": ["Loss (Train)"], "values": [{"value": 5.299059867858887, "step": null, "ts": 1721984779.209565}]}, "version": 360, "at": 1721984779.209565}
{"obj": {"type": "LogFloats", "path": ["Gradient norm"], "values": [{"value": 0.0, "step": null, "ts": 1721984779.209565}]}, "version": 361, "at": 1721984779.209565}
{"obj": {"type": "LogFloats", "path": ["Loss (Train)"], "values": [{"value": 5.306872367858887, "step": null, "ts": 1721984779.2785652}]}, "version": 362, "at": 1721984779.2785652}
{"obj": {"type": "LogFloats", "path": ["Gradient norm"], "values": [{"value": 0.0, "step": null, "ts": 1721984779.2795656}]}, "version": 363, "at": 1721984779.2795656}
{"obj": {"type": "LogFloats", "path": ["Loss (Train)"], "values": [{"value": 5.299059867858887, "step": null, "ts": 1721984779.350565}]}, "version": 364, "at": 1721984779.350565}
{"obj": {"type": "LogFloats", "path": ["Gradient norm"], "values": [{"value": 0.0, "step": null, "ts": 1721984779.350565}]}, "version": 365, "at": 1721984779.350565}
{"obj": {"type": "LogFloats", "path": ["Loss (Train)"], "values": [{"value": 5.299059867858887, "step": null, "ts": 1721984779.4225645}]}, "version": 366, "at": 1721984779.4225645}
{"obj": {"type": "LogFloats", "path": ["Gradient norm"], "values": [{"value": 0.0, "step": null, "ts": 1721984779.4225645}]}, "version": 367, "at": 1721984779.4225645}
{"obj": {"type": "LogFloats", "path": ["Loss (Train)"], "values": [{"value": 5.306872367858887, "step": null, "ts": 1721984779.4935637}]}, "version": 368, "at": 1721984779.4935637}
{"obj": {"type": "LogFloats", "path": ["Gradient norm"], "values": [{"value": 0.0, "step": null, "ts": 1721984779.4935637}]}, "version": 369, "at": 1721984779.4935637}
{"obj": {"type": "LogFloats", "path": ["Loss (Train)"], "values": [{"value": 5.299059867858887, "step": null, "ts": 1721984779.5645642}]}, "version": 370, "at": 1721984779.5645642}
{"obj": {"type": "LogFloats", "path": ["Gradient norm"], "values": [{"value": 0.0, "step": null, "ts": 1721984779.5645642}]}, "version": 371, "at": 1721984779.5645642}
{"obj": {"type": "LogFloats", "path": ["Loss (Train)"], "values": [{"value": 5.299059867858887, "step": null, "ts": 1721984779.6325645}]}, "version": 372, "at": 1721984779.6325645}
{"obj": {"type": "LogFloats", "path": ["Gradient norm"], "values": [{"value": 0.0, "step": null, "ts": 1721984779.6325645}]}, "version": 373, "at": 1721984779.6325645}
{"obj": {"type": "LogFloats", "path": ["Loss (Train)"], "values": [{"value": 5.306872367858887, "step": null, "ts": 1721984779.7015634}]}, "version": 374, "at": 1721984779.7015634}
{"obj": {"type": "LogFloats", "path": ["Gradient norm"], "values": [{"value": 0.0, "step": null, "ts": 1721984779.7015634}]}, "version": 375, "at": 1721984779.7015634}
{"obj": {"type": "LogFloats", "path": ["Loss (Train)"], "values": [{"value": 5.291247367858887, "step": null, "ts": 1721984779.7725635}]}, "version": 376, "at": 1721984779.7725635}
{"obj": {"type": "LogFloats", "path": ["Gradient norm"], "values": [{"value": 0.0, "step": null, "ts": 1721984779.7725635}]}, "version": 377, "at": 1721984779.7725635}
{"obj": {"type": "LogFloats", "path": ["Loss (Train)"], "values": [{"value": 5.306872367858887, "step": null, "ts": 1721984779.8425646}]}, "version": 378, "at": 1721984779.8425646}
{"obj": {"type": "LogFloats", "path": ["Gradient norm"], "values": [{"value": 0.0, "step": null, "ts": 1721984779.8435652}]}, "version": 379, "at": 1721984779.8435652}
{"obj": {"type": "LogFloats", "path": ["Loss (Train)"], "values": [{"value": 5.299059867858887, "step": null, "ts": 1721984779.920565}]}, "version": 380, "at": 1721984779.920565}
{"obj": {"type": "LogFloats", "path": ["Gradient norm"], "values": [{"value": 0.0, "step": null, "ts": 1721984779.920565}]}, "version": 381, "at": 1721984779.920565}
{"obj": {"type": "LogFloats", "path": ["Loss (Train)"], "values": [{"value": 5.306872367858887, "step": null, "ts": 1721984779.9955635}]}, "version": 382, "at": 1721984779.9955635}
{"obj": {"type": "LogFloats", "path": ["Gradient norm"], "values": [{"value": 0.0, "step": null, "ts": 1721984779.9955635}]}, "version": 383, "at": 1721984779.9955635}
{"obj": {"type": "LogFloats", "path": ["Loss (Train)"], "values": [{"value": 5.291247367858887, "step": null, "ts": 1721984780.0765643}]}, "version": 384, "at": 1721984780.0765643}
{"obj": {"type": "LogFloats", "path": ["Gradient norm"], "values": [{"value": 0.0, "step": null, "ts": 1721984780.0765643}]}, "version": 385, "at": 1721984780.0765643}
{"obj": {"type": "LogFloats", "path": ["Loss (Train)"], "values": [{"value": 5.299059867858887, "step": null, "ts": 1721984780.1515634}]}, "version": 386, "at": 1721984780.1515634}
{"obj": {"type": "LogFloats", "path": ["Gradient norm"], "values": [{"value": 0.0, "step": null, "ts": 1721984780.1515634}]}, "version": 387, "at": 1721984780.1515634}
{"obj": {"type": "LogFloats", "path": ["Loss (Train)"], "values": [{"value": 5.291247367858887, "step": null, "ts": 1721984780.219563}]}, "version": 388, "at": 1721984780.219563}
{"obj": {"type": "LogFloats", "path": ["Gradient norm"], "values": [{"value": 0.0, "step": null, "ts": 1721984780.219563}]}, "version": 389, "at": 1721984780.219563}
{"obj": {"type": "LogFloats", "path": ["Loss (Train)"], "values": [{"value": 5.291247367858887, "step": null, "ts": 1721984780.2865634}]}, "version": 390, "at": 1721984780.2865634}
{"obj": {"type": "LogFloats", "path": ["Gradient norm"], "values": [{"value": 0.0, "step": null, "ts": 1721984780.2865634}]}, "version": 391, "at": 1721984780.2865634}
{"obj": {"type": "LogFloats", "path": ["Loss (Train)"], "values": [{"value": 5.299059867858887, "step": null, "ts": 1721984780.3555646}]}, "version": 392, "at": 1721984780.3555646}
{"obj": {"type": "LogFloats", "path": ["Gradient norm"], "values": [{"value": 0.0, "step": null, "ts": 1721984780.3555646}]}, "version": 393, "at": 1721984780.3555646}
{"obj": {"type": "LogFloats", "path": ["Loss (Train)"], "values": [{"value": 5.306872367858887, "step": null, "ts": 1721984780.4215643}]}, "version": 394, "at": 1721984780.4215643}
{"obj": {"type": "LogFloats", "path": ["Gradient norm"], "values": [{"value": 0.0, "step": null, "ts": 1721984780.4215643}]}, "version": 395, "at": 1721984780.4215643}
{"obj": {"type": "LogFloats", "path": ["Loss (Train)"], "values": [{"value": 5.306872367858887, "step": null, "ts": 1721984780.4865646}]}, "version": 396, "at": 1721984780.4865646}
{"obj": {"type": "LogFloats", "path": ["Gradient norm"], "values": [{"value": 0.0, "step": null, "ts": 1721984780.4865646}]}, "version": 397, "at": 1721984780.4865646}
{"obj": {"type": "LogFloats", "path": ["Loss (Train)"], "values": [{"value": 5.306872367858887, "step": null, "ts": 1721984780.564612}]}, "version": 398, "at": 1721984780.564612}
{"obj": {"type": "LogFloats", "path": ["Gradient norm"], "values": [{"value": 0.0, "step": null, "ts": 1721984780.564612}]}, "version": 399, "at": 1721984780.564612}
{"obj": {"type": "LogFloats", "path": ["Loss (Train)"], "values": [{"value": 5.306872367858887, "step": null, "ts": 1721984780.6306112}]}, "version": 400, "at": 1721984780.6306112}
{"obj": {"type": "LogFloats", "path": ["Gradient norm"], "values": [{"value": 0.0, "step": null, "ts": 1721984780.6306112}]}, "version": 401, "at": 1721984780.6306112}
{"obj": {"type": "LogFloats", "path": ["Loss (Train)"], "values": [{"value": 5.306872367858887, "step": null, "ts": 1721984780.6996105}]}, "version": 402, "at": 1721984780.6996105}
{"obj": {"type": "LogFloats", "path": ["Gradient norm"], "values": [{"value": 0.0, "step": null, "ts": 1721984780.6996105}]}, "version": 403, "at": 1721984780.6996105}
{"obj": {"type": "LogFloats", "path": ["Loss (Train)"], "values": [{"value": 5.306872367858887, "step": null, "ts": 1721984780.7666118}]}, "version": 404, "at": 1721984780.7666118}
{"obj": {"type": "LogFloats", "path": ["Gradient norm"], "values": [{"value": 0.0, "step": null, "ts": 1721984780.7666118}]}, "version": 405, "at": 1721984780.7666118}
{"obj": {"type": "LogFloats", "path": ["Loss (Train)"], "values": [{"value": 5.299059867858887, "step": null, "ts": 1721984780.8326097}]}, "version": 406, "at": 1721984780.8326097}
{"obj": {"type": "LogFloats", "path": ["Gradient norm"], "values": [{"value": 0.0, "step": null, "ts": 1721984780.8326097}]}, "version": 407, "at": 1721984780.8326097}
