{"obj": {"type": "AssignString", "path": ["sys", "name"], "value": "Untitled"}, "version": 1, "at": 1721936472.0705285}
{"obj": {"type": "AssignString", "path": ["sys", "description"], "value": ""}, "version": 2, "at": 1721936472.0705285}
{"obj": {"type": "AssignString", "path": ["monitoring", "498d9c5a", "hostname"], "value": "DESKTOP-SO4DDQB"}, "version": 3, "at": 1721936472.0705285}
{"obj": {"type": "AssignString", "path": ["sys", "hostname"], "value": "DESKTOP-SO4DDQB"}, "version": 4, "at": 1721936472.0705285}
{"obj": {"type": "AssignString", "path": ["monitoring", "498d9c5a", "pid"], "value": "16260"}, "version": 5, "at": 1721936472.0705285}
{"obj": {"type": "AssignString", "path": ["monitoring", "498d9c5a", "tid"], "value": "1272"}, "version": 6, "at": 1721936472.0705285}
{"obj": {"type": "AssignBool", "path": ["sys", "failed"], "value": false}, "version": 7, "at": 1721936472.0705285}
{"obj": {"type": "LogFloats", "path": ["Loss (Train)"], "values": [{"value": 0.8882818222045898, "step": null, "ts": 1721936472.462528}]}, "version": 8, "at": 1721936472.462528}
{"obj": {"type": "LogFloats", "path": ["Loss (Train)"], "values": [{"value": 1.4451522827148438, "step": null, "ts": 1721936472.564528}]}, "version": 9, "at": 1721936472.564528}
{"obj": {"type": "LogFloats", "path": ["Loss (Train)"], "values": [{"value": 285.24517822265625, "step": null, "ts": 1721936472.6665287}]}, "version": 10, "at": 1721936472.6665287}
{"obj": {"type": "LogFloats", "path": ["Loss (Train)"], "values": [{"value": 30.019969940185547, "step": null, "ts": 1721936472.7565274}]}, "version": 11, "at": 1721936472.7565274}
{"obj": {"type": "LogFloats", "path": ["Loss (Train)"], "values": [{"value": 20.893016815185547, "step": null, "ts": 1721936472.843528}]}, "version": 12, "at": 1721936472.843528}
{"obj": {"type": "LogFloats", "path": ["Loss (Train)"], "values": [{"value": 79.34259796142578, "step": null, "ts": 1721936472.9345288}]}, "version": 13, "at": 1721936472.9345288}
{"obj": {"type": "LogFloats", "path": ["Loss (Train)"], "values": [{"value": 14.93411922454834, "step": null, "ts": 1721936473.0215304}]}, "version": 14, "at": 1721936473.0215304}
{"obj": {"type": "LogFloats", "path": ["Loss (Train)"], "values": [{"value": 89.65409851074219, "step": null, "ts": 1721936473.1195269}]}, "version": 15, "at": 1721936473.1195269}
{"obj": {"type": "LogFloats", "path": ["Loss (Train)"], "values": [{"value": 50.271976470947266, "step": null, "ts": 1721936473.2155275}]}, "version": 16, "at": 1721936473.2155275}
{"obj": {"type": "LogFloats", "path": ["Loss (Train)"], "values": [{"value": 92.6029281616211, "step": null, "ts": 1721936473.307529}]}, "version": 17, "at": 1721936473.307529}
{"obj": {"type": "LogFloats", "path": ["Loss (Train)"], "values": [{"value": 56.51737594604492, "step": null, "ts": 1721936473.3945274}]}, "version": 18, "at": 1721936473.3945274}
{"obj": {"type": "LogFloats", "path": ["Loss (Train)"], "values": [{"value": 43.09476852416992, "step": null, "ts": 1721936473.4845283}]}, "version": 19, "at": 1721936473.4845283}
{"obj": {"type": "LogFloats", "path": ["Loss (Train)"], "values": [{"value": 107.4198989868164, "step": null, "ts": 1721936473.5715287}]}, "version": 20, "at": 1721936473.5715287}
{"obj": {"type": "LogFloats", "path": ["Loss (Train)"], "values": [{"value": 64.8963623046875, "step": null, "ts": 1721936473.667528}]}, "version": 21, "at": 1721936473.667528}
{"obj": {"type": "LogFloats", "path": ["Loss (Train)"], "values": [{"value": 54.64651107788086, "step": null, "ts": 1721936473.7595284}]}, "version": 22, "at": 1721936473.7595284}
{"obj": {"type": "LogFloats", "path": ["Loss (Train)"], "values": [{"value": 28.118993759155273, "step": null, "ts": 1721936473.8595273}]}, "version": 23, "at": 1721936473.8595273}
{"obj": {"type": "LogFloats", "path": ["Loss (Train)"], "values": [{"value": 16.741859436035156, "step": null, "ts": 1721936473.9555278}]}, "version": 24, "at": 1721936473.9555278}
{"obj": {"type": "LogFloats", "path": ["Loss (Train)"], "values": [{"value": 23.095643997192383, "step": null, "ts": 1721936474.0465274}]}, "version": 25, "at": 1721936474.0465274}
{"obj": {"type": "LogFloats", "path": ["Loss (Train)"], "values": [{"value": 113.99290466308594, "step": null, "ts": 1721936474.1375275}]}, "version": 26, "at": 1721936474.1375275}
{"obj": {"type": "LogFloats", "path": ["Loss (Train)"], "values": [{"value": 44.8209114074707, "step": null, "ts": 1721936474.237528}]}, "version": 27, "at": 1721936474.237528}
{"obj": {"type": "LogFloats", "path": ["Loss (Train)"], "values": [{"value": 46.90243911743164, "step": null, "ts": 1721936474.3365278}]}, "version": 28, "at": 1721936474.3365278}
{"obj": {"type": "LogFloats", "path": ["Loss (Train)"], "values": [{"value": 51.95683288574219, "step": null, "ts": 1721936474.4375284}]}, "version": 29, "at": 1721936474.4375284}
{"obj": {"type": "LogFloats", "path": ["Loss (Train)"], "values": [{"value": 107.97880554199219, "step": null, "ts": 1721936474.5355277}]}, "version": 30, "at": 1721936474.5355277}
{"obj": {"type": "LogFloats", "path": ["Loss (Train)"], "values": [{"value": 105.35525512695312, "step": null, "ts": 1721936474.633528}]}, "version": 31, "at": 1721936474.633528}
{"obj": {"type": "LogFloats", "path": ["Loss (Train)"], "values": [{"value": 80.06328582763672, "step": null, "ts": 1721936474.7295277}]}, "version": 32, "at": 1721936474.7295277}
{"obj": {"type": "LogFloats", "path": ["Loss (Train)"], "values": [{"value": 71.49474334716797, "step": null, "ts": 1721936474.8265276}]}, "version": 33, "at": 1721936474.8265276}
{"obj": {"type": "LogFloats", "path": ["Loss (Train)"], "values": [{"value": 106.70919799804688, "step": null, "ts": 1721936474.9405277}]}, "version": 34, "at": 1721936474.9405277}
{"obj": {"type": "LogFloats", "path": ["Loss (Train)"], "values": [{"value": 61.02170944213867, "step": null, "ts": 1721936475.038528}]}, "version": 35, "at": 1721936475.038528}
{"obj": {"type": "LogFloats", "path": ["Loss (Train)"], "values": [{"value": 56.28819274902344, "step": null, "ts": 1721936475.1355274}]}, "version": 36, "at": 1721936475.1355274}
{"obj": {"type": "LogFloats", "path": ["Loss (Train)"], "values": [{"value": 52.61457443237305, "step": null, "ts": 1721936475.2345276}]}, "version": 37, "at": 1721936475.2345276}
{"obj": {"type": "LogFloats", "path": ["Loss (Train)"], "values": [{"value": 44.33409881591797, "step": null, "ts": 1721936475.330532}]}, "version": 38, "at": 1721936475.330532}
{"obj": {"type": "LogFloats", "path": ["Loss (Train)"], "values": [{"value": 45.07262420654297, "step": null, "ts": 1721936475.428528}]}, "version": 39, "at": 1721936475.428528}
{"obj": {"type": "LogFloats", "path": ["Loss (Train)"], "values": [{"value": 38.329124450683594, "step": null, "ts": 1721936475.5705283}]}, "version": 40, "at": 1721936475.5705283}
{"obj": {"type": "LogFloats", "path": ["Loss (Train)"], "values": [{"value": 49.795623779296875, "step": null, "ts": 1721936475.6785276}]}, "version": 41, "at": 1721936475.6785276}
{"obj": {"type": "LogFloats", "path": ["Loss (Train)"], "values": [{"value": 27.171058654785156, "step": null, "ts": 1721936475.7725267}]}, "version": 42, "at": 1721936475.7725267}
{"obj": {"type": "LogFloats", "path": ["Loss (Train)"], "values": [{"value": 73.33642578125, "step": null, "ts": 1721936475.9085271}]}, "version": 43, "at": 1721936475.9085271}
{"obj": {"type": "LogFloats", "path": ["Loss (Train)"], "values": [{"value": 76.73368072509766, "step": null, "ts": 1721936476.002527}]}, "version": 44, "at": 1721936476.002527}
{"obj": {"type": "LogFloats", "path": ["Loss (Train)"], "values": [{"value": 94.25138092041016, "step": null, "ts": 1721936476.1125271}]}, "version": 45, "at": 1721936476.1125271}
{"obj": {"type": "LogFloats", "path": ["Loss (Train)"], "values": [{"value": 76.36878967285156, "step": null, "ts": 1721936476.203527}]}, "version": 46, "at": 1721936476.2045276}
{"obj": {"type": "LogFloats", "path": ["Loss (Train)"], "values": [{"value": 64.74755859375, "step": null, "ts": 1721936476.294527}]}, "version": 47, "at": 1721936476.294527}
{"obj": {"type": "LogFloats", "path": ["Loss (Train)"], "values": [{"value": 39.7166633605957, "step": null, "ts": 1721936476.386527}]}, "version": 48, "at": 1721936476.386527}
{"obj": {"type": "LogFloats", "path": ["Loss (Train)"], "values": [{"value": 31.375139236450195, "step": null, "ts": 1721936476.505528}]}, "version": 49, "at": 1721936476.505528}
{"obj": {"type": "LogFloats", "path": ["Loss (Train)"], "values": [{"value": 32.42157745361328, "step": null, "ts": 1721936476.609527}]}, "version": 50, "at": 1721936476.609527}
{"obj": {"type": "LogFloats", "path": ["Loss (Train)"], "values": [{"value": 56.14607238769531, "step": null, "ts": 1721936476.7095268}]}, "version": 51, "at": 1721936476.7095268}
{"obj": {"type": "LogFloats", "path": ["Loss (Train)"], "values": [{"value": 50.869354248046875, "step": null, "ts": 1721936476.807527}]}, "version": 52, "at": 1721936476.807527}
{"obj": {"type": "LogFloats", "path": ["Loss (Train)"], "values": [{"value": 62.21781539916992, "step": null, "ts": 1721936476.9285269}]}, "version": 53, "at": 1721936476.9285269}
{"obj": {"type": "LogFloats", "path": ["Loss (Train)"], "values": [{"value": 55.14496994018555, "step": null, "ts": 1721936477.0225284}]}, "version": 54, "at": 1721936477.0225284}
{"obj": {"type": "LogFloats", "path": ["Loss (Train)"], "values": [{"value": 53.24221420288086, "step": null, "ts": 1721936477.1125276}]}, "version": 55, "at": 1721936477.1125276}
{"obj": {"type": "LogFloats", "path": ["Loss (Train)"], "values": [{"value": 47.44489288330078, "step": null, "ts": 1721936477.2105274}]}, "version": 56, "at": 1721936477.2105274}
{"obj": {"type": "LogFloats", "path": ["Loss (Train)"], "values": [{"value": 51.281394958496094, "step": null, "ts": 1721936477.306527}]}, "version": 57, "at": 1721936477.306527}
{"obj": {"type": "LogFloats", "path": ["Loss (Train)"], "values": [{"value": 93.75233459472656, "step": null, "ts": 1721936477.4025283}]}, "version": 58, "at": 1721936477.4025283}
{"obj": {"type": "LogFloats", "path": ["Loss (Train)"], "values": [{"value": 108.56583404541016, "step": null, "ts": 1721936477.4935281}]}, "version": 59, "at": 1721936477.4935281}
{"obj": {"type": "LogFloats", "path": ["Loss (Train)"], "values": [{"value": 98.30132293701172, "step": null, "ts": 1721936477.5875268}]}, "version": 60, "at": 1721936477.5875268}
{"obj": {"type": "LogFloats", "path": ["Loss (Train)"], "values": [{"value": 102.65045928955078, "step": null, "ts": 1721936477.6805277}]}, "version": 61, "at": 1721936477.6805277}
{"obj": {"type": "LogFloats", "path": ["Loss (Train)"], "values": [{"value": 107.14794921875, "step": null, "ts": 1721936477.7775276}]}, "version": 62, "at": 1721936477.7775276}
{"obj": {"type": "LogFloats", "path": ["Loss (Train)"], "values": [{"value": 97.08607482910156, "step": null, "ts": 1721936477.8725271}]}, "version": 63, "at": 1721936477.8725271}
{"obj": {"type": "LogFloats", "path": ["Loss (Train)"], "values": [{"value": 94.85314178466797, "step": null, "ts": 1721936477.9635282}]}, "version": 64, "at": 1721936477.9635282}
{"obj": {"type": "LogFloats", "path": ["Loss (Train)"], "values": [{"value": 69.22409057617188, "step": null, "ts": 1721936478.0505285}]}, "version": 65, "at": 1721936478.0505285}
{"obj": {"type": "LogFloats", "path": ["Loss (Train)"], "values": [{"value": 62.90369415283203, "step": null, "ts": 1721936478.148527}]}, "version": 66, "at": 1721936478.148527}
{"obj": {"type": "LogFloats", "path": ["Loss (Train)"], "values": [{"value": 40.34428024291992, "step": null, "ts": 1721936478.2790837}]}, "version": 67, "at": 1721936478.2790837}
{"obj": {"type": "LogFloats", "path": ["Loss (Train)"], "values": [{"value": 48.44683074951172, "step": null, "ts": 1721936478.3795881}]}, "version": 68, "at": 1721936478.3795881}
{"obj": {"type": "LogFloats", "path": ["Loss (Train)"], "values": [{"value": 44.686737060546875, "step": null, "ts": 1721936478.4765878}]}, "version": 69, "at": 1721936478.4765878}
{"obj": {"type": "LogFloats", "path": ["Loss (Train)"], "values": [{"value": 46.78137969970703, "step": null, "ts": 1721936478.5746973}]}, "version": 70, "at": 1721936478.5746973}
{"obj": {"type": "LogFloats", "path": ["Loss (Train)"], "values": [{"value": 38.41617202758789, "step": null, "ts": 1721936478.6776962}]}, "version": 71, "at": 1721936478.6776962}
{"obj": {"type": "LogFloats", "path": ["Loss (Train)"], "values": [{"value": 33.42184829711914, "step": null, "ts": 1721936478.7776954}]}, "version": 72, "at": 1721936478.7776954}
{"obj": {"type": "LogFloats", "path": ["Loss (Train)"], "values": [{"value": 24.138315200805664, "step": null, "ts": 1721936478.8976965}]}, "version": 73, "at": 1721936478.8976965}
{"obj": {"type": "LogFloats", "path": ["Loss (Train)"], "values": [{"value": 24.8696231842041, "step": null, "ts": 1721936479.0026972}]}, "version": 74, "at": 1721936479.0026972}
{"obj": {"type": "LogFloats", "path": ["Loss (Train)"], "values": [{"value": 58.66563415527344, "step": null, "ts": 1721936479.1086977}]}, "version": 75, "at": 1721936479.1086977}
{"obj": {"type": "LogFloats", "path": ["Loss (Train)"], "values": [{"value": 40.03133773803711, "step": null, "ts": 1721936479.211697}]}, "version": 76, "at": 1721936479.211697}
{"obj": {"type": "LogFloats", "path": ["Loss (Train)"], "values": [{"value": 43.65003967285156, "step": null, "ts": 1721936479.316698}]}, "version": 77, "at": 1721936479.316698}
{"obj": {"type": "LogFloats", "path": ["Loss (Train)"], "values": [{"value": 44.065399169921875, "step": null, "ts": 1721936479.414697}]}, "version": 78, "at": 1721936479.414697}
{"obj": {"type": "LogFloats", "path": ["Loss (Train)"], "values": [{"value": 97.02753448486328, "step": null, "ts": 1721936479.5106955}]}, "version": 79, "at": 1721936479.5106955}
{"obj": {"type": "LogFloats", "path": ["Loss (Train)"], "values": [{"value": 81.13117218017578, "step": null, "ts": 1721936479.604696}]}, "version": 80, "at": 1721936479.604696}
{"obj": {"type": "LogFloats", "path": ["Loss (Train)"], "values": [{"value": 82.05747985839844, "step": null, "ts": 1721936479.6936955}]}, "version": 81, "at": 1721936479.6936955}
{"obj": {"type": "LogFloats", "path": ["Loss (Train)"], "values": [{"value": 75.33643341064453, "step": null, "ts": 1721936479.7846975}]}, "version": 82, "at": 1721936479.7846975}
{"obj": {"type": "LogFloats", "path": ["Loss (Train)"], "values": [{"value": 100.85696411132812, "step": null, "ts": 1721936479.8846953}]}, "version": 83, "at": 1721936479.8846953}
{"obj": {"type": "LogFloats", "path": ["Loss (Train)"], "values": [{"value": 92.53267669677734, "step": null, "ts": 1721936479.9756963}]}, "version": 84, "at": 1721936479.9756963}
{"obj": {"type": "LogFloats", "path": ["Loss (Train)"], "values": [{"value": 104.90011596679688, "step": null, "ts": 1721936480.0636961}]}, "version": 85, "at": 1721936480.0636961}
{"obj": {"type": "LogFloats", "path": ["Loss (Train)"], "values": [{"value": 89.86293029785156, "step": null, "ts": 1721936480.1556962}]}, "version": 86, "at": 1721936480.1556962}
{"obj": {"type": "LogFloats", "path": ["Loss (Train)"], "values": [{"value": 76.0614013671875, "step": null, "ts": 1721936480.2436962}]}, "version": 87, "at": 1721936480.2436962}
{"obj": {"type": "LogFloats", "path": ["Loss (Train)"], "values": [{"value": 70.24568939208984, "step": null, "ts": 1721936480.3356965}]}, "version": 88, "at": 1721936480.3356965}
{"obj": {"type": "LogFloats", "path": ["Loss (Train)"], "values": [{"value": 53.29119110107422, "step": null, "ts": 1721936480.4276962}]}, "version": 89, "at": 1721936480.4276962}
{"obj": {"type": "LogFloats", "path": ["Loss (Train)"], "values": [{"value": 57.19197463989258, "step": null, "ts": 1721936480.529525}]}, "version": 90, "at": 1721936480.529525}
{"obj": {"type": "LogFloats", "path": ["Loss (Train)"], "values": [{"value": 59.2341194152832, "step": null, "ts": 1721936480.624525}]}, "version": 91, "at": 1721936480.624525}
{"obj": {"type": "LogFloats", "path": ["Loss (Train)"], "values": [{"value": 69.11416625976562, "step": null, "ts": 1721936480.7245274}]}, "version": 92, "at": 1721936480.7245274}
{"obj": {"type": "LogFloats", "path": ["Loss (Train)"], "values": [{"value": 64.918701171875, "step": null, "ts": 1721936480.819525}]}, "version": 93, "at": 1721936480.819525}
{"obj": {"type": "LogFloats", "path": ["Loss (Train)"], "values": [{"value": 64.55738830566406, "step": null, "ts": 1721936480.9125257}]}, "version": 94, "at": 1721936480.9135256}
{"obj": {"type": "LogFloats", "path": ["Loss (Train)"], "values": [{"value": 67.8834228515625, "step": null, "ts": 1721936481.0015254}]}, "version": 95, "at": 1721936481.0015254}
{"obj": {"type": "LogFloats", "path": ["Loss (Train)"], "values": [{"value": 50.68562316894531, "step": null, "ts": 1721936481.091525}]}, "version": 96, "at": 1721936481.091525}
{"obj": {"type": "LogFloats", "path": ["Loss (Train)"], "values": [{"value": 62.72119903564453, "step": null, "ts": 1721936481.1795247}]}, "version": 97, "at": 1721936481.1795247}
{"obj": {"type": "LogFloats", "path": ["Loss (Train)"], "values": [{"value": 74.40509033203125, "step": null, "ts": 1721936481.2735255}]}, "version": 98, "at": 1721936481.2735255}
{"obj": {"type": "LogFloats", "path": ["Loss (Train)"], "values": [{"value": 79.23197937011719, "step": null, "ts": 1721936481.3615258}]}, "version": 99, "at": 1721936481.3615258}
{"obj": {"type": "LogFloats", "path": ["Loss (Train)"], "values": [{"value": 94.75515747070312, "step": null, "ts": 1721936481.4535253}]}, "version": 100, "at": 1721936481.4535253}
{"obj": {"type": "LogFloats", "path": ["Loss (Train)"], "values": [{"value": 86.27659606933594, "step": null, "ts": 1721936481.5425248}]}, "version": 101, "at": 1721936481.5425248}
{"obj": {"type": "LogFloats", "path": ["Loss (Train)"], "values": [{"value": 84.21449279785156, "step": null, "ts": 1721936481.637526}]}, "version": 102, "at": 1721936481.637526}
{"obj": {"type": "LogFloats", "path": ["Loss (Train)"], "values": [{"value": 70.79552459716797, "step": null, "ts": 1721936481.7305248}]}, "version": 103, "at": 1721936481.7305248}
{"obj": {"type": "LogFloats", "path": ["Loss (Train)"], "values": [{"value": 60.85823059082031, "step": null, "ts": 1721936481.824527}]}, "version": 104, "at": 1721936481.824527}
{"obj": {"type": "LogFloats", "path": ["Loss (Train)"], "values": [{"value": 52.80668640136719, "step": null, "ts": 1721936481.9155262}]}, "version": 105, "at": 1721936481.9155262}
{"obj": {"type": "LogFloats", "path": ["Loss (Train)"], "values": [{"value": 46.13568115234375, "step": null, "ts": 1721936482.0145264}]}, "version": 106, "at": 1721936482.0145264}
{"obj": {"type": "LogFloats", "path": ["Loss (Train)"], "values": [{"value": 36.276458740234375, "step": null, "ts": 1721936482.1165268}]}, "version": 107, "at": 1721936482.1165268}
{"obj": {"type": "LogFloats", "path": ["Loss (Train)"], "values": [{"value": 42.50619125366211, "step": null, "ts": 1721936482.2205253}]}, "version": 108, "at": 1721936482.2205253}
{"obj": {"type": "LogFloats", "path": ["Loss (Train)"], "values": [{"value": 45.73765563964844, "step": null, "ts": 1721936482.3105261}]}, "version": 109, "at": 1721936482.3105261}
{"obj": {"type": "LogFloats", "path": ["Loss (Train)"], "values": [{"value": 37.876564025878906, "step": null, "ts": 1721936482.4025254}]}, "version": 110, "at": 1721936482.4025254}
{"obj": {"type": "LogFloats", "path": ["Loss (Train)"], "values": [{"value": 39.61983108520508, "step": null, "ts": 1721936482.4925323}]}, "version": 111, "at": 1721936482.4925323}
{"obj": {"type": "LogFloats", "path": ["Loss (Train)"], "values": [{"value": 36.56673049926758, "step": null, "ts": 1721936482.5845318}]}, "version": 112, "at": 1721936482.5845318}
{"obj": {"type": "LogFloats", "path": ["Loss (Train)"], "values": [{"value": 40.60661697387695, "step": null, "ts": 1721936482.670531}]}, "version": 113, "at": 1721936482.670531}
{"obj": {"type": "LogFloats", "path": ["Loss (Train)"], "values": [{"value": 35.54804992675781, "step": null, "ts": 1721936482.7579722}]}, "version": 114, "at": 1721936482.7579722}
{"obj": {"type": "LogFloats", "path": ["Loss (Train)"], "values": [{"value": 40.277076721191406, "step": null, "ts": 1721936482.8445394}]}, "version": 115, "at": 1721936482.8445394}
{"obj": {"type": "LogFloats", "path": ["Loss (Train)"], "values": [{"value": 41.187313079833984, "step": null, "ts": 1721936482.93254}]}, "version": 116, "at": 1721936482.93254}
{"obj": {"type": "LogFloats", "path": ["Loss (Train)"], "values": [{"value": 59.479461669921875, "step": null, "ts": 1721936483.020538}]}, "version": 117, "at": 1721936483.020538}
{"obj": {"type": "LogFloats", "path": ["Loss (Train)"], "values": [{"value": 64.7489242553711, "step": null, "ts": 1721936483.112539}]}, "version": 118, "at": 1721936483.112539}
{"obj": {"type": "LogFloats", "path": ["Loss (Train)"], "values": [{"value": 65.62899017333984, "step": null, "ts": 1721936483.207539}]}, "version": 119, "at": 1721936483.2085385}
{"obj": {"type": "LogFloats", "path": ["Loss (Train)"], "values": [{"value": 52.782958984375, "step": null, "ts": 1721936483.3015378}]}, "version": 120, "at": 1721936483.3025384}
{"obj": {"type": "LogFloats", "path": ["Loss (Train)"], "values": [{"value": 45.74937438964844, "step": null, "ts": 1721936483.3945374}]}, "version": 121, "at": 1721936483.3945374}
{"obj": {"type": "LogFloats", "path": ["Loss (Train)"], "values": [{"value": 35.02070236206055, "step": null, "ts": 1721936483.4895382}]}, "version": 122, "at": 1721936483.4895382}
{"obj": {"type": "LogFloats", "path": ["Loss (Train)"], "values": [{"value": 30.656295776367188, "step": null, "ts": 1721936483.580538}]}, "version": 123, "at": 1721936483.580538}
{"obj": {"type": "LogFloats", "path": ["Loss (Train)"], "values": [{"value": 27.289169311523438, "step": null, "ts": 1721936483.6735373}]}, "version": 124, "at": 1721936483.6735373}
{"obj": {"type": "LogFloats", "path": ["Loss (Train)"], "values": [{"value": 29.184926986694336, "step": null, "ts": 1721936483.7635381}]}, "version": 125, "at": 1721936483.7635381}
{"obj": {"type": "LogFloats", "path": ["Loss (Train)"], "values": [{"value": 55.04415512084961, "step": null, "ts": 1721936483.8565378}]}, "version": 126, "at": 1721936483.8565378}
{"obj": {"type": "LogFloats", "path": ["Loss (Train)"], "values": [{"value": 38.1735725402832, "step": null, "ts": 1721936483.9445388}]}, "version": 127, "at": 1721936483.9445388}
{"obj": {"type": "LogFloats", "path": ["Loss (Train)"], "values": [{"value": 37.72914123535156, "step": null, "ts": 1721936484.0345383}]}, "version": 128, "at": 1721936484.0345383}
{"obj": {"type": "LogFloats", "path": ["Loss (Train)"], "values": [{"value": 48.68156051635742, "step": null, "ts": 1721936484.1225395}]}, "version": 129, "at": 1721936484.1225395}
{"obj": {"type": "LogFloats", "path": ["Loss (Train)"], "values": [{"value": 48.07803726196289, "step": null, "ts": 1721936484.2145374}]}, "version": 130, "at": 1721936484.2145374}
{"obj": {"type": "LogFloats", "path": ["Loss (Train)"], "values": [{"value": 51.45403289794922, "step": null, "ts": 1721936484.3095393}]}, "version": 131, "at": 1721936484.3095393}
{"obj": {"type": "LogFloats", "path": ["Loss (Train)"], "values": [{"value": 55.77793884277344, "step": null, "ts": 1721936484.4115386}]}, "version": 132, "at": 1721936484.4115386}
{"obj": {"type": "LogFloats", "path": ["Loss (Train)"], "values": [{"value": 54.369930267333984, "step": null, "ts": 1721936484.5065384}]}, "version": 133, "at": 1721936484.5065384}
{"obj": {"type": "LogFloats", "path": ["Loss (Train)"], "values": [{"value": 50.854164123535156, "step": null, "ts": 1721936484.6035402}]}, "version": 134, "at": 1721936484.6035402}
{"obj": {"type": "LogFloats", "path": ["Loss (Train)"], "values": [{"value": 42.63587951660156, "step": null, "ts": 1721936484.6955378}]}, "version": 135, "at": 1721936484.6955378}
{"obj": {"type": "LogFloats", "path": ["Loss (Train)"], "values": [{"value": 36.710018157958984, "step": null, "ts": 1721936484.7895372}]}, "version": 136, "at": 1721936484.7895372}
{"obj": {"type": "LogFloats", "path": ["Loss (Train)"], "values": [{"value": 34.74140167236328, "step": null, "ts": 1721936484.8815372}]}, "version": 137, "at": 1721936484.8815372}
{"obj": {"type": "LogFloats", "path": ["Loss (Train)"], "values": [{"value": 28.65291404724121, "step": null, "ts": 1721936484.9775374}]}, "version": 138, "at": 1721936484.9775374}
{"obj": {"type": "LogFloats", "path": ["Loss (Train)"], "values": [{"value": 35.26348876953125, "step": null, "ts": 1721936485.063538}]}, "version": 139, "at": 1721936485.063538}
{"obj": {"type": "LogFloats", "path": ["Loss (Train)"], "values": [{"value": 45.86574172973633, "step": null, "ts": 1721936485.1515384}]}, "version": 140, "at": 1721936485.1515384}
{"obj": {"type": "LogFloats", "path": ["Loss (Train)"], "values": [{"value": 42.23860168457031, "step": null, "ts": 1721936485.2385378}]}, "version": 141, "at": 1721936485.2385378}
{"obj": {"type": "LogFloats", "path": ["Loss (Train)"], "values": [{"value": 46.73487091064453, "step": null, "ts": 1721936485.3275373}]}, "version": 142, "at": 1721936485.3275373}
{"obj": {"type": "LogFloats", "path": ["Loss (Train)"], "values": [{"value": 44.32299041748047, "step": null, "ts": 1721936485.4135375}]}, "version": 143, "at": 1721936485.4135375}
{"obj": {"type": "LogFloats", "path": ["Loss (Train)"], "values": [{"value": 38.9004020690918, "step": null, "ts": 1721936485.5035384}]}, "version": 144, "at": 1721936485.5035384}
{"obj": {"type": "LogFloats", "path": ["Loss (Train)"], "values": [{"value": 47.61598587036133, "step": null, "ts": 1721936485.5885377}]}, "version": 145, "at": 1721936485.5885377}
{"obj": {"type": "LogFloats", "path": ["Loss (Train)"], "values": [{"value": 44.05429458618164, "step": null, "ts": 1721936485.6775372}]}, "version": 146, "at": 1721936485.6775372}
{"obj": {"type": "LogFloats", "path": ["Loss (Train)"], "values": [{"value": 40.84307861328125, "step": null, "ts": 1721936485.761538}]}, "version": 147, "at": 1721936485.761538}
{"obj": {"type": "LogFloats", "path": ["Loss (Train)"], "values": [{"value": 38.99560546875, "step": null, "ts": 1721936485.8515387}]}, "version": 148, "at": 1721936485.8515387}
{"obj": {"type": "LogFloats", "path": ["Loss (Train)"], "values": [{"value": 35.44902038574219, "step": null, "ts": 1721936485.936539}]}, "version": 149, "at": 1721936485.936539}
{"obj": {"type": "LogFloats", "path": ["Loss (Train)"], "values": [{"value": 29.797441482543945, "step": null, "ts": 1721936486.0255394}]}, "version": 150, "at": 1721936486.0255394}
{"obj": {"type": "LogFloats", "path": ["Loss (Train)"], "values": [{"value": 27.77956771850586, "step": null, "ts": 1721936486.110538}]}, "version": 151, "at": 1721936486.110538}
{"obj": {"type": "LogFloats", "path": ["Loss (Train)"], "values": [{"value": 25.200946807861328, "step": null, "ts": 1721936486.201338}]}, "version": 152, "at": 1721936486.201338}
{"obj": {"type": "LogFloats", "path": ["Loss (Train)"], "values": [{"value": 23.836103439331055, "step": null, "ts": 1721936486.2858512}]}, "version": 153, "at": 1721936486.2858512}
{"obj": {"type": "LogFloats", "path": ["Loss (Train)"], "values": [{"value": 23.66875457763672, "step": null, "ts": 1721936486.3738506}]}, "version": 154, "at": 1721936486.3738506}
{"obj": {"type": "LogFloats", "path": ["Loss (Train)"], "values": [{"value": 21.786117553710938, "step": null, "ts": 1721936486.4598513}]}, "version": 155, "at": 1721936486.4598513}
{"obj": {"type": "LogFloats", "path": ["Loss (Train)"], "values": [{"value": 27.07320785522461, "step": null, "ts": 1721936486.5478516}]}, "version": 156, "at": 1721936486.5478516}
{"obj": {"type": "LogFloats", "path": ["Loss (Train)"], "values": [{"value": 48.79852294921875, "step": null, "ts": 1721936486.6328857}]}, "version": 157, "at": 1721936486.6328857}
{"obj": {"type": "LogFloats", "path": ["Loss (Train)"], "values": [{"value": 46.73613357543945, "step": null, "ts": 1721936486.7198513}]}, "version": 158, "at": 1721936486.7198513}
{"obj": {"type": "LogFloats", "path": ["Loss (Train)"], "values": [{"value": 51.55070114135742, "step": null, "ts": 1721936486.8098514}]}, "version": 159, "at": 1721936486.8098514}
{"obj": {"type": "LogFloats", "path": ["Loss (Train)"], "values": [{"value": 49.76984786987305, "step": null, "ts": 1721936486.8988519}]}, "version": 160, "at": 1721936486.8988519}
{"obj": {"type": "LogFloats", "path": ["Loss (Train)"], "values": [{"value": 35.36810302734375, "step": null, "ts": 1721936486.9828553}]}, "version": 161, "at": 1721936486.9828553}
{"obj": {"type": "LogFloats", "path": ["Loss (Train)"], "values": [{"value": 31.288164138793945, "step": null, "ts": 1721936487.0718517}]}, "version": 162, "at": 1721936487.0718517}
{"obj": {"type": "LogFloats", "path": ["Loss (Train)"], "values": [{"value": 26.85325050354004, "step": null, "ts": 1721936487.1548502}]}, "version": 163, "at": 1721936487.1548502}
{"obj": {"type": "LogFloats", "path": ["Loss (Train)"], "values": [{"value": 25.885616302490234, "step": null, "ts": 1721936487.2438514}]}, "version": 164, "at": 1721936487.2438514}
{"obj": {"type": "LogFloats", "path": ["Loss (Train)"], "values": [{"value": 30.781333923339844, "step": null, "ts": 1721936487.3418503}]}, "version": 165, "at": 1721936487.3418503}
{"obj": {"type": "LogFloats", "path": ["Loss (Train)"], "values": [{"value": 34.51770782470703, "step": null, "ts": 1721936487.4398508}]}, "version": 166, "at": 1721936487.4398508}
{"obj": {"type": "LogFloats", "path": ["Loss (Train)"], "values": [{"value": 38.19082260131836, "step": null, "ts": 1721936487.5328522}]}, "version": 167, "at": 1721936487.5328522}
{"obj": {"type": "LogFloats", "path": ["Loss (Train)"], "values": [{"value": 40.846134185791016, "step": null, "ts": 1721936487.6288517}]}, "version": 168, "at": 1721936487.6288517}
{"obj": {"type": "LogFloats", "path": ["Loss (Train)"], "values": [{"value": 39.50395202636719, "step": null, "ts": 1721936487.7248523}]}, "version": 169, "at": 1721936487.7248523}
{"obj": {"type": "LogFloats", "path": ["Loss (Train)"], "values": [{"value": 29.189693450927734, "step": null, "ts": 1721936487.825852}]}, "version": 170, "at": 1721936487.825852}
{"obj": {"type": "LogFloats", "path": ["Loss (Train)"], "values": [{"value": 26.798452377319336, "step": null, "ts": 1721936487.917851}]}, "version": 171, "at": 1721936487.917851}
{"obj": {"type": "LogFloats", "path": ["Loss (Train)"], "values": [{"value": 25.874324798583984, "step": null, "ts": 1721936488.0148523}]}, "version": 172, "at": 1721936488.0148523}
{"obj": {"type": "LogFloats", "path": ["Loss (Train)"], "values": [{"value": 24.176259994506836, "step": null, "ts": 1721936488.108892}]}, "version": 173, "at": 1721936488.108892}
{"obj": {"type": "LogFloats", "path": ["Loss (Train)"], "values": [{"value": 25.70185089111328, "step": null, "ts": 1721936488.1998508}]}, "version": 174, "at": 1721936488.1998508}
{"obj": {"type": "LogFloats", "path": ["Loss (Train)"], "values": [{"value": 22.987648010253906, "step": null, "ts": 1721936488.2929296}]}, "version": 175, "at": 1721936488.2929296}
{"obj": {"type": "LogFloats", "path": ["Loss (Train)"], "values": [{"value": 22.264516830444336, "step": null, "ts": 1721936488.386931}]}, "version": 176, "at": 1721936488.386931}
{"obj": {"type": "LogFloats", "path": ["Loss (Train)"], "values": [{"value": 20.625917434692383, "step": null, "ts": 1721936488.4779289}]}, "version": 177, "at": 1721936488.4779289}
{"obj": {"type": "LogFloats", "path": ["Loss (Train)"], "values": [{"value": 18.88420295715332, "step": null, "ts": 1721936488.5729346}]}, "version": 178, "at": 1721936488.5729346}
{"obj": {"type": "LogFloats", "path": ["Loss (Train)"], "values": [{"value": 20.96225357055664, "step": null, "ts": 1721936488.665935}]}, "version": 179, "at": 1721936488.665935}
{"obj": {"type": "LogFloats", "path": ["Loss (Train)"], "values": [{"value": 18.632875442504883, "step": null, "ts": 1721936488.7629344}]}, "version": 180, "at": 1721936488.7629344}
{"obj": {"type": "LogFloats", "path": ["Loss (Train)"], "values": [{"value": 26.22003936767578, "step": null, "ts": 1721936488.8549366}]}, "version": 181, "at": 1721936488.855936}
{"obj": {"type": "LogFloats", "path": ["Loss (Train)"], "values": [{"value": 23.215978622436523, "step": null, "ts": 1721936488.9549348}]}, "version": 182, "at": 1721936488.9549348}
{"obj": {"type": "LogFloats", "path": ["Loss (Train)"], "values": [{"value": 25.883302688598633, "step": null, "ts": 1721936489.0469356}]}, "version": 183, "at": 1721936489.047935}
{"obj": {"type": "LogFloats", "path": ["Loss (Train)"], "values": [{"value": 30.528636932373047, "step": null, "ts": 1721936489.137935}]}, "version": 184, "at": 1721936489.137935}
{"obj": {"type": "LogFloats", "path": ["Loss (Train)"], "values": [{"value": 37.823577880859375, "step": null, "ts": 1721936489.2269347}]}, "version": 185, "at": 1721936489.2269347}
{"obj": {"type": "LogFloats", "path": ["Loss (Train)"], "values": [{"value": 40.12206268310547, "step": null, "ts": 1721936489.3169343}]}, "version": 186, "at": 1721936489.3169343}
{"obj": {"type": "LogFloats", "path": ["Loss (Train)"], "values": [{"value": 37.53664016723633, "step": null, "ts": 1721936489.4099345}]}, "version": 187, "at": 1721936489.4099345}
{"obj": {"type": "LogFloats", "path": ["Loss (Train)"], "values": [{"value": 32.28856658935547, "step": null, "ts": 1721936489.4989347}]}, "version": 188, "at": 1721936489.4989347}
{"obj": {"type": "LogFloats", "path": ["Loss (Train)"], "values": [{"value": 30.094945907592773, "step": null, "ts": 1721936489.5829422}]}, "version": 189, "at": 1721936489.5829422}
{"obj": {"type": "LogFloats", "path": ["Loss (Train)"], "values": [{"value": 26.891929626464844, "step": null, "ts": 1721936489.6729403}]}, "version": 190, "at": 1721936489.6729403}
{"obj": {"type": "LogFloats", "path": ["Loss (Train)"], "values": [{"value": 23.9296817779541, "step": null, "ts": 1721936489.7549405}]}, "version": 191, "at": 1721936489.7549405}
{"obj": {"type": "LogFloats", "path": ["Loss (Train)"], "values": [{"value": 24.9178466796875, "step": null, "ts": 1721936489.8439403}]}, "version": 192, "at": 1721936489.8439403}
{"obj": {"type": "LogFloats", "path": ["Loss (Train)"], "values": [{"value": 26.194198608398438, "step": null, "ts": 1721936489.9299402}]}, "version": 193, "at": 1721936489.9299402}
{"obj": {"type": "LogFloats", "path": ["Loss (Train)"], "values": [{"value": 26.7740478515625, "step": null, "ts": 1721936490.01994}]}, "version": 194, "at": 1721936490.01994}
{"obj": {"type": "LogFloats", "path": ["Loss (Train)"], "values": [{"value": 27.447988510131836, "step": null, "ts": 1721936490.1049414}]}, "version": 195, "at": 1721936490.1049414}
{"obj": {"type": "LogFloats", "path": ["Loss (Train)"], "values": [{"value": 24.566452026367188, "step": null, "ts": 1721936490.1949415}]}, "version": 196, "at": 1721936490.1949415}
{"obj": {"type": "LogFloats", "path": ["Loss (Train)"], "values": [{"value": 24.411352157592773, "step": null, "ts": 1721936490.2869413}]}, "version": 197, "at": 1721936490.2869413}
{"obj": {"type": "LogFloats", "path": ["Loss (Train)"], "values": [{"value": 25.66343116760254, "step": null, "ts": 1721936490.3789403}]}, "version": 198, "at": 1721936490.3789403}
{"obj": {"type": "LogFloats", "path": ["Loss (Train)"], "values": [{"value": 19.930158615112305, "step": null, "ts": 1721936490.4709404}]}, "version": 199, "at": 1721936490.4709404}
{"obj": {"type": "LogFloats", "path": ["Loss (Train)"], "values": [{"value": 20.463359832763672, "step": null, "ts": 1721936490.5629728}]}, "version": 200, "at": 1721936490.5629728}
{"obj": {"type": "LogFloats", "path": ["Loss (Train)"], "values": [{"value": 22.760766983032227, "step": null, "ts": 1721936490.6539724}]}, "version": 201, "at": 1721936490.6539724}
{"obj": {"type": "LogFloats", "path": ["Loss (Train)"], "values": [{"value": 23.913854598999023, "step": null, "ts": 1721936490.7699716}]}, "version": 202, "at": 1721936490.7699716}
{"obj": {"type": "LogFloats", "path": ["Loss (Train)"], "values": [{"value": 23.549806594848633, "step": null, "ts": 1721936490.8619726}]}, "version": 203, "at": 1721936490.8619726}
{"obj": {"type": "LogFloats", "path": ["Loss (Train)"], "values": [{"value": 24.289072036743164, "step": null, "ts": 1721936490.957974}]}, "version": 204, "at": 1721936490.957974}
{"obj": {"type": "LogFloats", "path": ["Loss (Train)"], "values": [{"value": 18.955957412719727, "step": null, "ts": 1721936491.0479715}]}, "version": 205, "at": 1721936491.0479715}
{"obj": {"type": "LogFloats", "path": ["Loss (Train)"], "values": [{"value": 21.201379776000977, "step": null, "ts": 1721936491.1479716}]}, "version": 206, "at": 1721936491.1479716}
{"obj": {"type": "LogFloats", "path": ["Loss (Train)"], "values": [{"value": 19.186168670654297, "step": null, "ts": 1721936491.2369723}]}, "version": 207, "at": 1721936491.2369723}
{"obj": {"type": "LogFloats", "path": ["Loss (Train)"], "values": [{"value": 16.278636932373047, "step": null, "ts": 1721936491.3329723}]}, "version": 208, "at": 1721936491.3329723}
{"obj": {"type": "LogFloats", "path": ["Loss (Train)"], "values": [{"value": 15.38900089263916, "step": null, "ts": 1721936491.4339726}]}, "version": 209, "at": 1721936491.4339726}
{"obj": {"type": "LogFloats", "path": ["Loss (Train)"], "values": [{"value": 15.010897636413574, "step": null, "ts": 1721936491.5319746}]}, "version": 210, "at": 1721936491.5329726}
{"obj": {"type": "LogFloats", "path": ["Loss (Train)"], "values": [{"value": 14.961061477661133, "step": null, "ts": 1721936491.6269722}]}, "version": 211, "at": 1721936491.6269722}
{"obj": {"type": "LogFloats", "path": ["Loss (Train)"], "values": [{"value": 14.124910354614258, "step": null, "ts": 1721936491.7304232}]}, "version": 212, "at": 1721936491.7304232}
{"obj": {"type": "LogFloats", "path": ["Loss (Train)"], "values": [{"value": 11.640368461608887, "step": null, "ts": 1721936491.8179364}]}, "version": 213, "at": 1721936491.8179364}
{"obj": {"type": "LogFloats", "path": ["Loss (Train)"], "values": [{"value": 11.173583984375, "step": null, "ts": 1721936491.9069376}]}, "version": 214, "at": 1721936491.9069376}
{"obj": {"type": "LogFloats", "path": ["Loss (Train)"], "values": [{"value": 18.615074157714844, "step": null, "ts": 1721936491.9969366}]}, "version": 215, "at": 1721936491.9969366}
{"obj": {"type": "LogFloats", "path": ["Loss (Train)"], "values": [{"value": 19.491907119750977, "step": null, "ts": 1721936492.0859377}]}, "version": 216, "at": 1721936492.0859377}
{"obj": {"type": "LogFloats", "path": ["Loss (Train)"], "values": [{"value": 36.03507995605469, "step": null, "ts": 1721936492.1719365}]}, "version": 217, "at": 1721936492.172937}
{"obj": {"type": "LogFloats", "path": ["Loss (Train)"], "values": [{"value": 32.2781982421875, "step": null, "ts": 1721936492.2629364}]}, "version": 218, "at": 1721936492.2629364}
{"obj": {"type": "LogFloats", "path": ["Loss (Train)"], "values": [{"value": 40.08344650268555, "step": null, "ts": 1721936492.3499365}]}, "version": 219, "at": 1721936492.3499365}
{"obj": {"type": "LogFloats", "path": ["Loss (Train)"], "values": [{"value": 41.63100814819336, "step": null, "ts": 1721936492.4449365}]}, "version": 220, "at": 1721936492.4449365}
{"obj": {"type": "LogFloats", "path": ["Loss (Train)"], "values": [{"value": 33.263275146484375, "step": null, "ts": 1721936492.5399373}]}, "version": 221, "at": 1721936492.5399373}
{"obj": {"type": "LogFloats", "path": ["Loss (Train)"], "values": [{"value": 29.6566162109375, "step": null, "ts": 1721936492.643936}]}, "version": 222, "at": 1721936492.643936}
{"obj": {"type": "LogFloats", "path": ["Loss (Train)"], "values": [{"value": 28.883764266967773, "step": null, "ts": 1721936492.7449367}]}, "version": 223, "at": 1721936492.7449367}
{"obj": {"type": "LogFloats", "path": ["Loss (Train)"], "values": [{"value": 29.059011459350586, "step": null, "ts": 1721936492.8409395}]}, "version": 224, "at": 1721936492.8409395}
{"obj": {"type": "LogFloats", "path": ["Loss (Train)"], "values": [{"value": 30.047401428222656, "step": null, "ts": 1721936492.9319363}]}, "version": 225, "at": 1721936492.9319363}
{"obj": {"type": "LogFloats", "path": ["Loss (Train)"], "values": [{"value": 24.86233901977539, "step": null, "ts": 1721936493.026937}]}, "version": 226, "at": 1721936493.026937}
{"obj": {"type": "LogFloats", "path": ["Loss (Train)"], "values": [{"value": 25.43062400817871, "step": null, "ts": 1721936493.1229358}]}, "version": 227, "at": 1721936493.1229358}
{"obj": {"type": "LogFloats", "path": ["Loss (Train)"], "values": [{"value": 27.070194244384766, "step": null, "ts": 1721936493.2219365}]}, "version": 228, "at": 1721936493.2219365}
{"obj": {"type": "LogFloats", "path": ["Loss (Train)"], "values": [{"value": 27.91093635559082, "step": null, "ts": 1721936493.3159378}]}, "version": 229, "at": 1721936493.3159378}
{"obj": {"type": "LogFloats", "path": ["Loss (Train)"], "values": [{"value": 22.042266845703125, "step": null, "ts": 1721936493.412937}]}, "version": 230, "at": 1721936493.412937}
{"obj": {"type": "LogFloats", "path": ["Loss (Train)"], "values": [{"value": 23.907936096191406, "step": null, "ts": 1721936493.5469358}]}, "version": 231, "at": 1721936493.5469358}
{"obj": {"type": "LogFloats", "path": ["Loss (Train)"], "values": [{"value": 26.772478103637695, "step": null, "ts": 1721936493.6469383}]}, "version": 232, "at": 1721936493.6469383}
{"obj": {"type": "LogFloats", "path": ["Loss (Train)"], "values": [{"value": 27.448436737060547, "step": null, "ts": 1721936493.7479362}]}, "version": 233, "at": 1721936493.7479362}
{"obj": {"type": "LogFloats", "path": ["Loss (Train)"], "values": [{"value": 24.420549392700195, "step": null, "ts": 1721936493.8479376}]}, "version": 234, "at": 1721936493.8479376}
{"obj": {"type": "LogFloats", "path": ["Loss (Train)"], "values": [{"value": 20.52657127380371, "step": null, "ts": 1721936493.9529357}]}, "version": 235, "at": 1721936493.9529357}
{"obj": {"type": "LogFloats", "path": ["Loss (Train)"], "values": [{"value": 24.507055282592773, "step": null, "ts": 1721936494.051936}]}, "version": 236, "at": 1721936494.051936}
{"obj": {"type": "LogFloats", "path": ["Loss (Train)"], "values": [{"value": 21.937036514282227, "step": null, "ts": 1721936494.1469367}]}, "version": 237, "at": 1721936494.1469367}
{"obj": {"type": "LogFloats", "path": ["Loss (Train)"], "values": [{"value": 28.40142059326172, "step": null, "ts": 1721936494.2449372}]}, "version": 238, "at": 1721936494.2449372}
{"obj": {"type": "LogFloats", "path": ["Loss (Train)"], "values": [{"value": 29.867328643798828, "step": null, "ts": 1721936494.335936}]}, "version": 239, "at": 1721936494.335936}
{"obj": {"type": "LogFloats", "path": ["Loss (Train)"], "values": [{"value": 31.817461013793945, "step": null, "ts": 1721936494.4319358}]}, "version": 240, "at": 1721936494.4319358}
{"obj": {"type": "LogFloats", "path": ["Loss (Train)"], "values": [{"value": 26.98263168334961, "step": null, "ts": 1721936494.528938}]}, "version": 241, "at": 1721936494.528938}
{"obj": {"type": "LogFloats", "path": ["Loss (Train)"], "values": [{"value": 28.80775260925293, "step": null, "ts": 1721936494.6559358}]}, "version": 242, "at": 1721936494.6559358}
{"obj": {"type": "LogFloats", "path": ["Loss (Train)"], "values": [{"value": 23.712106704711914, "step": null, "ts": 1721936494.750938}]}, "version": 243, "at": 1721936494.750938}
{"obj": {"type": "LogFloats", "path": ["Loss (Train)"], "values": [{"value": 30.271039962768555, "step": null, "ts": 1721936494.8459358}]}, "version": 244, "at": 1721936494.8459358}
{"obj": {"type": "LogFloats", "path": ["Loss (Train)"], "values": [{"value": 37.37214660644531, "step": null, "ts": 1721936494.9409544}]}, "version": 245, "at": 1721936494.9409544}
{"obj": {"type": "LogFloats", "path": ["Loss (Train)"], "values": [{"value": 41.445281982421875, "step": null, "ts": 1721936495.0439525}]}, "version": 246, "at": 1721936495.0439525}
{"obj": {"type": "LogFloats", "path": ["Loss (Train)"], "values": [{"value": 37.95817947387695, "step": null, "ts": 1721936495.1389532}]}, "version": 247, "at": 1721936495.1389532}
{"obj": {"type": "LogFloats", "path": ["Loss (Train)"], "values": [{"value": 33.06673049926758, "step": null, "ts": 1721936495.2399542}]}, "version": 248, "at": 1721936495.2399542}
{"obj": {"type": "LogFloats", "path": ["Loss (Train)"], "values": [{"value": 34.37905502319336, "step": null, "ts": 1721936495.3339543}]}, "version": 249, "at": 1721936495.3339543}
{"obj": {"type": "LogFloats", "path": ["Loss (Train)"], "values": [{"value": 31.81917381286621, "step": null, "ts": 1721936495.4319527}]}, "version": 250, "at": 1721936495.4319527}
{"obj": {"type": "LogFloats", "path": ["Loss (Train)"], "values": [{"value": 36.24427032470703, "step": null, "ts": 1721936495.5699525}]}, "version": 251, "at": 1721936495.5699525}
{"obj": {"type": "LogFloats", "path": ["Loss (Train)"], "values": [{"value": 32.238372802734375, "step": null, "ts": 1721936495.665954}]}, "version": 252, "at": 1721936495.665954}
{"obj": {"type": "LogFloats", "path": ["Loss (Train)"], "values": [{"value": 31.719770431518555, "step": null, "ts": 1721936495.7579548}]}, "version": 253, "at": 1721936495.7579548}
{"obj": {"type": "LogFloats", "path": ["Loss (Train)"], "values": [{"value": 31.432680130004883, "step": null, "ts": 1721936495.856956}]}, "version": 254, "at": 1721936495.856956}
{"obj": {"type": "LogFloats", "path": ["Loss (Train)"], "values": [{"value": 25.187788009643555, "step": null, "ts": 1721936495.9649522}]}, "version": 255, "at": 1721936495.9649522}
{"obj": {"type": "LogFloats", "path": ["Loss (Train)"], "values": [{"value": 17.40045166015625, "step": null, "ts": 1721936496.0609534}]}, "version": 256, "at": 1721936496.0609534}
{"obj": {"type": "LogFloats", "path": ["Loss (Train)"], "values": [{"value": 20.56910514831543, "step": null, "ts": 1721936496.1539533}]}, "version": 257, "at": 1721936496.1539533}
{"obj": {"type": "LogFloats", "path": ["Loss (Train)"], "values": [{"value": 19.745830535888672, "step": null, "ts": 1721936496.2479525}]}, "version": 258, "at": 1721936496.2479525}
{"obj": {"type": "LogFloats", "path": ["Loss (Train)"], "values": [{"value": 26.68558120727539, "step": null, "ts": 1721936496.3449535}]}, "version": 259, "at": 1721936496.3449535}
{"obj": {"type": "LogFloats", "path": ["Loss (Train)"], "values": [{"value": 31.996322631835938, "step": null, "ts": 1721936496.4449537}]}, "version": 260, "at": 1721936496.4449537}
{"obj": {"type": "LogFloats", "path": ["Loss (Train)"], "values": [{"value": 37.95197677612305, "step": null, "ts": 1721936496.5409553}]}, "version": 261, "at": 1721936496.5409553}
{"obj": {"type": "LogFloats", "path": ["Loss (Train)"], "values": [{"value": 33.58283996582031, "step": null, "ts": 1721936496.6399524}]}, "version": 262, "at": 1721936496.6399524}
{"obj": {"type": "LogFloats", "path": ["Loss (Train)"], "values": [{"value": 29.733694076538086, "step": null, "ts": 1721936496.733955}]}, "version": 263, "at": 1721936496.733955}
{"obj": {"type": "LogFloats", "path": ["Loss (Train)"], "values": [{"value": 24.322927474975586, "step": null, "ts": 1721936496.8389542}]}, "version": 264, "at": 1721936496.8389542}
{"obj": {"type": "LogFloats", "path": ["Loss (Train)"], "values": [{"value": 22.51810646057129, "step": null, "ts": 1721936496.9739547}]}, "version": 265, "at": 1721936496.9739547}
{"obj": {"type": "LogFloats", "path": ["Loss (Train)"], "values": [{"value": 25.596845626831055, "step": null, "ts": 1721936497.0729537}]}, "version": 266, "at": 1721936497.0729537}
{"obj": {"type": "LogFloats", "path": ["Loss (Train)"], "values": [{"value": 25.82381248474121, "step": null, "ts": 1721936497.1739538}]}, "version": 267, "at": 1721936497.1739538}
{"obj": {"type": "LogFloats", "path": ["Loss (Train)"], "values": [{"value": 28.04583740234375, "step": null, "ts": 1721936497.2729547}]}, "version": 268, "at": 1721936497.2729547}
{"obj": {"type": "LogFloats", "path": ["Loss (Train)"], "values": [{"value": 23.407474517822266, "step": null, "ts": 1721936497.3649533}]}, "version": 269, "at": 1721936497.3649533}
{"obj": {"type": "LogFloats", "path": ["Loss (Train)"], "values": [{"value": 22.323808670043945, "step": null, "ts": 1721936497.462955}]}, "version": 270, "at": 1721936497.462955}
{"obj": {"type": "LogFloats", "path": ["Loss (Train)"], "values": [{"value": 28.22565460205078, "step": null, "ts": 1721936497.5549536}]}, "version": 271, "at": 1721936497.5549536}
{"obj": {"type": "LogFloats", "path": ["Loss (Train)"], "values": [{"value": 21.11537742614746, "step": null, "ts": 1721936497.695954}]}, "version": 272, "at": 1721936497.695954}
{"obj": {"type": "LogFloats", "path": ["Loss (Train)"], "values": [{"value": 25.361751556396484, "step": null, "ts": 1721936497.7949529}]}, "version": 273, "at": 1721936497.7949529}
{"obj": {"type": "LogFloats", "path": ["Loss (Train)"], "values": [{"value": 19.1697940826416, "step": null, "ts": 1721936497.8899531}]}, "version": 274, "at": 1721936497.8899531}
{"obj": {"type": "LogFloats", "path": ["Loss (Train)"], "values": [{"value": 18.462509155273438, "step": null, "ts": 1721936497.985953}]}, "version": 275, "at": 1721936497.985953}
{"obj": {"type": "LogFloats", "path": ["Loss (Train)"], "values": [{"value": 16.758081436157227, "step": null, "ts": 1721936498.0799534}]}, "version": 276, "at": 1721936498.0799534}
{"obj": {"type": "LogFloats", "path": ["Loss (Train)"], "values": [{"value": 17.861663818359375, "step": null, "ts": 1721936498.1729531}]}, "version": 277, "at": 1721936498.1729531}
{"obj": {"type": "LogFloats", "path": ["Loss (Train)"], "values": [{"value": 17.994619369506836, "step": null, "ts": 1721936498.2649713}]}, "version": 278, "at": 1721936498.2649713}
{"obj": {"type": "LogFloats", "path": ["Loss (Train)"], "values": [{"value": 24.41794776916504, "step": null, "ts": 1721936498.3641896}]}, "version": 279, "at": 1721936498.3641896}
{"obj": {"type": "LogFloats", "path": ["Loss (Train)"], "values": [{"value": 26.459779739379883, "step": null, "ts": 1721936498.4571915}]}, "version": 280, "at": 1721936498.4571915}
{"obj": {"type": "LogFloats", "path": ["Loss (Train)"], "values": [{"value": 23.70688819885254, "step": null, "ts": 1721936498.5568023}]}, "version": 281, "at": 1721936498.5568023}
{"obj": {"type": "LogFloats", "path": ["Loss (Train)"], "values": [{"value": 21.59160041809082, "step": null, "ts": 1721936498.6528032}]}, "version": 282, "at": 1721936498.6528032}
{"obj": {"type": "LogFloats", "path": ["Loss (Train)"], "values": [{"value": 23.819929122924805, "step": null, "ts": 1721936498.7528024}]}, "version": 283, "at": 1721936498.7528024}
{"obj": {"type": "LogFloats", "path": ["Loss (Train)"], "values": [{"value": 21.510360717773438, "step": null, "ts": 1721936498.8518026}]}, "version": 284, "at": 1721936498.8518026}
{"obj": {"type": "LogFloats", "path": ["Loss (Train)"], "values": [{"value": 28.514909744262695, "step": null, "ts": 1721936498.9558027}]}, "version": 285, "at": 1721936498.9558027}
{"obj": {"type": "LogFloats", "path": ["Loss (Train)"], "values": [{"value": 28.461933135986328, "step": null, "ts": 1721936499.0538023}]}, "version": 286, "at": 1721936499.0538023}
{"obj": {"type": "LogFloats", "path": ["Loss (Train)"], "values": [{"value": 35.09342575073242, "step": null, "ts": 1721936499.1538017}]}, "version": 287, "at": 1721936499.1538017}
{"obj": {"type": "LogFloats", "path": ["Loss (Train)"], "values": [{"value": 31.803173065185547, "step": null, "ts": 1721936499.2518036}]}, "version": 288, "at": 1721936499.2518036}
{"obj": {"type": "LogFloats", "path": ["Loss (Train)"], "values": [{"value": 34.01521301269531, "step": null, "ts": 1721936499.3478029}]}, "version": 289, "at": 1721936499.3478029}
{"obj": {"type": "LogFloats", "path": ["Loss (Train)"], "values": [{"value": 26.34453582763672, "step": null, "ts": 1721936499.4418025}]}, "version": 290, "at": 1721936499.4418025}
{"obj": {"type": "LogFloats", "path": ["Loss (Train)"], "values": [{"value": 23.706491470336914, "step": null, "ts": 1721936499.5378022}]}, "version": 291, "at": 1721936499.5378022}
{"obj": {"type": "LogFloats", "path": ["Loss (Train)"], "values": [{"value": 22.536205291748047, "step": null, "ts": 1721936499.6348033}]}, "version": 292, "at": 1721936499.6348033}
{"obj": {"type": "LogFloats", "path": ["Loss (Train)"], "values": [{"value": 23.70465087890625, "step": null, "ts": 1721936499.7288022}]}, "version": 293, "at": 1721936499.7288022}
{"obj": {"type": "LogFloats", "path": ["Loss (Train)"], "values": [{"value": 18.796630859375, "step": null, "ts": 1721936499.8228025}]}, "version": 294, "at": 1721936499.8228025}
{"obj": {"type": "LogFloats", "path": ["Loss (Train)"], "values": [{"value": 20.25701904296875, "step": null, "ts": 1721936499.920803}]}, "version": 295, "at": 1721936499.920803}
{"obj": {"type": "LogFloats", "path": ["Loss (Train)"], "values": [{"value": 18.88665008544922, "step": null, "ts": 1721936500.0148034}]}, "version": 296, "at": 1721936500.0148034}
{"obj": {"type": "LogFloats", "path": ["Loss (Train)"], "values": [{"value": 19.368043899536133, "step": null, "ts": 1721936500.1098022}]}, "version": 297, "at": 1721936500.1098022}
{"obj": {"type": "LogFloats", "path": ["Loss (Train)"], "values": [{"value": 17.68552017211914, "step": null, "ts": 1721936500.2038035}]}, "version": 298, "at": 1721936500.2038035}
{"obj": {"type": "LogFloats", "path": ["Loss (Train)"], "values": [{"value": 15.53431510925293, "step": null, "ts": 1721936500.304803}]}, "version": 299, "at": 1721936500.304803}
{"obj": {"type": "LogFloats", "path": ["Loss (Train)"], "values": [{"value": 16.714181900024414, "step": null, "ts": 1721936500.3998027}]}, "version": 300, "at": 1721936500.3998027}
{"obj": {"type": "LogFloats", "path": ["Loss (Train)"], "values": [{"value": 18.63011360168457, "step": null, "ts": 1721936500.5118108}]}, "version": 301, "at": 1721936500.5118108}
{"obj": {"type": "LogFloats", "path": ["Loss (Train)"], "values": [{"value": 21.924833297729492, "step": null, "ts": 1721936500.6091347}]}, "version": 302, "at": 1721936500.6091347}
{"obj": {"type": "LogFloats", "path": ["Loss (Train)"], "values": [{"value": 23.13774299621582, "step": null, "ts": 1721936500.7051342}]}, "version": 303, "at": 1721936500.7051342}
{"obj": {"type": "LogFloats", "path": ["Loss (Train)"], "values": [{"value": 19.130023956298828, "step": null, "ts": 1721936500.798134}]}, "version": 304, "at": 1721936500.798134}
{"obj": {"type": "LogFloats", "path": ["Loss (Train)"], "values": [{"value": 21.54983139038086, "step": null, "ts": 1721936500.8951344}]}, "version": 305, "at": 1721936500.8951344}
{"obj": {"type": "LogFloats", "path": ["Loss (Train)"], "values": [{"value": 21.95124626159668, "step": null, "ts": 1721936500.9921348}]}, "version": 306, "at": 1721936500.9921348}
{"obj": {"type": "LogFloats", "path": ["Loss (Train)"], "values": [{"value": 27.74472999572754, "step": null, "ts": 1721936501.0921345}]}, "version": 307, "at": 1721936501.0921345}
{"obj": {"type": "LogFloats", "path": ["Loss (Train)"], "values": [{"value": 24.70535659790039, "step": null, "ts": 1721936501.1841345}]}, "version": 308, "at": 1721936501.1841345}
{"obj": {"type": "LogFloats", "path": ["Loss (Train)"], "values": [{"value": 24.668657302856445, "step": null, "ts": 1721936501.2811353}]}, "version": 309, "at": 1721936501.2811353}
{"obj": {"type": "LogFloats", "path": ["Loss (Train)"], "values": [{"value": 20.642786026000977, "step": null, "ts": 1721936501.3801343}]}, "version": 310, "at": 1721936501.3801343}
{"obj": {"type": "LogFloats", "path": ["Loss (Train)"], "values": [{"value": 18.88955307006836, "step": null, "ts": 1721936501.4751358}]}, "version": 311, "at": 1721936501.4751358}
{"obj": {"type": "LogFloats", "path": ["Loss (Train)"], "values": [{"value": 22.683515548706055, "step": null, "ts": 1721936501.5721333}]}, "version": 312, "at": 1721936501.5721333}
{"obj": {"type": "LogFloats", "path": ["Loss (Train)"], "values": [{"value": 30.275514602661133, "step": null, "ts": 1721936501.670135}]}, "version": 313, "at": 1721936501.670135}
{"obj": {"type": "LogFloats", "path": ["Loss (Train)"], "values": [{"value": 25.02349853515625, "step": null, "ts": 1721936501.7651339}]}, "version": 314, "at": 1721936501.7651339}
{"obj": {"type": "LogFloats", "path": ["Loss (Train)"], "values": [{"value": 22.14640998840332, "step": null, "ts": 1721936501.8641334}]}, "version": 315, "at": 1721936501.8641334}
{"obj": {"type": "LogFloats", "path": ["Loss (Train)"], "values": [{"value": 26.465717315673828, "step": null, "ts": 1721936501.9591346}]}, "version": 316, "at": 1721936501.9591346}
{"obj": {"type": "LogFloats", "path": ["Loss (Train)"], "values": [{"value": 24.964115142822266, "step": null, "ts": 1721936502.0541337}]}, "version": 317, "at": 1721936502.0541337}
{"obj": {"type": "LogFloats", "path": ["Loss (Train)"], "values": [{"value": 19.295482635498047, "step": null, "ts": 1721936502.1491354}]}, "version": 318, "at": 1721936502.1491354}
{"obj": {"type": "LogFloats", "path": ["Loss (Train)"], "values": [{"value": 17.969255447387695, "step": null, "ts": 1721936502.2421336}]}, "version": 319, "at": 1721936502.2421336}
{"obj": {"type": "LogFloats", "path": ["Loss (Train)"], "values": [{"value": 15.419386863708496, "step": null, "ts": 1721936502.3391347}]}, "version": 320, "at": 1721936502.3391347}
{"obj": {"type": "LogFloats", "path": ["Loss (Train)"], "values": [{"value": 15.217723846435547, "step": null, "ts": 1721936502.4371343}]}, "version": 321, "at": 1721936502.4371343}
{"obj": {"type": "LogFloats", "path": ["Loss (Train)"], "values": [{"value": 15.628968238830566, "step": null, "ts": 1721936502.5311341}]}, "version": 322, "at": 1721936502.5311341}
{"obj": {"type": "LogFloats", "path": ["Loss (Train)"], "values": [{"value": 14.464072227478027, "step": null, "ts": 1721936502.628135}]}, "version": 323, "at": 1721936502.628135}
{"obj": {"type": "LogFloats", "path": ["Loss (Train)"], "values": [{"value": 14.1093111038208, "step": null, "ts": 1721936502.7261338}]}, "version": 324, "at": 1721936502.7261338}
{"obj": {"type": "LogFloats", "path": ["Loss (Train)"], "values": [{"value": 13.690507888793945, "step": null, "ts": 1721936502.822135}]}, "version": 325, "at": 1721936502.8231344}
{"obj": {"type": "LogFloats", "path": ["Loss (Train)"], "values": [{"value": 12.988998413085938, "step": null, "ts": 1721936502.9211347}]}, "version": 326, "at": 1721936502.9211347}
{"obj": {"type": "LogFloats", "path": ["Loss (Train)"], "values": [{"value": 12.80700397491455, "step": null, "ts": 1721936503.0141346}]}, "version": 327, "at": 1721936503.0141346}
{"obj": {"type": "LogFloats", "path": ["Loss (Train)"], "values": [{"value": 12.915170669555664, "step": null, "ts": 1721936503.1091676}]}, "version": 328, "at": 1721936503.1091676}
{"obj": {"type": "LogFloats", "path": ["Loss (Train)"], "values": [{"value": 11.44100570678711, "step": null, "ts": 1721936503.2051356}]}, "version": 329, "at": 1721936503.2051356}
{"obj": {"type": "LogFloats", "path": ["Loss (Train)"], "values": [{"value": 10.814772605895996, "step": null, "ts": 1721936503.301135}]}, "version": 330, "at": 1721936503.301135}
{"obj": {"type": "LogFloats", "path": ["Loss (Train)"], "values": [{"value": 10.228201866149902, "step": null, "ts": 1721936503.4011347}]}, "version": 331, "at": 1721936503.4011347}
{"obj": {"type": "LogFloats", "path": ["Loss (Train)"], "values": [{"value": 10.313275337219238, "step": null, "ts": 1721936503.496135}]}, "version": 332, "at": 1721936503.496135}
{"obj": {"type": "LogFloats", "path": ["Loss (Train)"], "values": [{"value": 10.493356704711914, "step": null, "ts": 1721936503.5901334}]}, "version": 333, "at": 1721936503.5901334}
{"obj": {"type": "LogFloats", "path": ["Loss (Train)"], "values": [{"value": 9.585326194763184, "step": null, "ts": 1721936503.6861339}]}, "version": 334, "at": 1721936503.6861339}
{"obj": {"type": "LogFloats", "path": ["Loss (Train)"], "values": [{"value": 12.539595603942871, "step": null, "ts": 1721936503.7801344}]}, "version": 335, "at": 1721936503.7801344}
{"obj": {"type": "LogFloats", "path": ["Loss (Train)"], "values": [{"value": 12.76456069946289, "step": null, "ts": 1721936503.8731344}]}, "version": 336, "at": 1721936503.8731344}
{"obj": {"type": "LogFloats", "path": ["Loss (Train)"], "values": [{"value": 15.406673431396484, "step": null, "ts": 1721936503.9711347}]}, "version": 337, "at": 1721936503.9711347}
{"obj": {"type": "LogFloats", "path": ["Loss (Train)"], "values": [{"value": 18.209781646728516, "step": null, "ts": 1721936504.0681345}]}, "version": 338, "at": 1721936504.0681345}
{"obj": {"type": "LogFloats", "path": ["Loss (Train)"], "values": [{"value": 16.72103500366211, "step": null, "ts": 1721936504.1651335}]}, "version": 339, "at": 1721936504.1651335}
{"obj": {"type": "LogFloats", "path": ["Loss (Train)"], "values": [{"value": 14.834280967712402, "step": null, "ts": 1721936504.2611346}]}, "version": 340, "at": 1721936504.2611346}
{"obj": {"type": "LogFloats", "path": ["Loss (Train)"], "values": [{"value": 16.282461166381836, "step": null, "ts": 1721936504.3571355}]}, "version": 341, "at": 1721936504.3571355}
{"obj": {"type": "LogFloats", "path": ["Loss (Train)"], "values": [{"value": 14.132590293884277, "step": null, "ts": 1721936504.4531345}]}, "version": 342, "at": 1721936504.4531345}
{"obj": {"type": "LogFloats", "path": ["Loss (Train)"], "values": [{"value": 14.074511528015137, "step": null, "ts": 1721936504.5491345}]}, "version": 343, "at": 1721936504.5491345}
{"obj": {"type": "LogFloats", "path": ["Loss (Train)"], "values": [{"value": 13.009185791015625, "step": null, "ts": 1721936504.6461334}]}, "version": 344, "at": 1721936504.6461334}
{"obj": {"type": "LogFloats", "path": ["Loss (Train)"], "values": [{"value": 13.5720796585083, "step": null, "ts": 1721936504.741135}]}, "version": 345, "at": 1721936504.741135}
{"obj": {"type": "LogFloats", "path": ["Loss (Train)"], "values": [{"value": 13.704521179199219, "step": null, "ts": 1721936504.835135}]}, "version": 346, "at": 1721936504.835135}
{"obj": {"type": "LogFloats", "path": ["Loss (Train)"], "values": [{"value": 13.33084487915039, "step": null, "ts": 1721936504.9381335}]}, "version": 347, "at": 1721936504.9381335}
{"obj": {"type": "LogFloats", "path": ["Loss (Train)"], "values": [{"value": 15.51971435546875, "step": null, "ts": 1721936505.032134}]}, "version": 348, "at": 1721936505.032134}
{"obj": {"type": "LogFloats", "path": ["Loss (Train)"], "values": [{"value": 13.538214683532715, "step": null, "ts": 1721936505.122134}]}, "version": 349, "at": 1721936505.122134}
{"obj": {"type": "LogFloats", "path": ["Loss (Train)"], "values": [{"value": 16.429710388183594, "step": null, "ts": 1721936505.2111342}]}, "version": 350, "at": 1721936505.2111342}
{"obj": {"type": "LogFloats", "path": ["Loss (Train)"], "values": [{"value": 17.313018798828125, "step": null, "ts": 1721936505.3011343}]}, "version": 351, "at": 1721936505.3011343}
{"obj": {"type": "LogFloats", "path": ["Loss (Train)"], "values": [{"value": 17.646610260009766, "step": null, "ts": 1721936505.3891342}]}, "version": 352, "at": 1721936505.3891342}
{"obj": {"type": "LogFloats", "path": ["Loss (Train)"], "values": [{"value": 16.831628799438477, "step": null, "ts": 1721936505.4791343}]}, "version": 353, "at": 1721936505.4791343}
{"obj": {"type": "LogFloats", "path": ["Loss (Train)"], "values": [{"value": 15.909330368041992, "step": null, "ts": 1721936505.5711353}]}, "version": 354, "at": 1721936505.5711353}
{"obj": {"type": "LogFloats", "path": ["Loss (Train)"], "values": [{"value": 15.071979522705078, "step": null, "ts": 1721936505.662135}]}, "version": 355, "at": 1721936505.662135}
{"obj": {"type": "LogFloats", "path": ["Loss (Train)"], "values": [{"value": 17.04244041442871, "step": null, "ts": 1721936505.7521348}]}, "version": 356, "at": 1721936505.7521348}
{"obj": {"type": "LogFloats", "path": ["Loss (Train)"], "values": [{"value": 15.030567169189453, "step": null, "ts": 1721936505.850146}]}, "version": 357, "at": 1721936505.850146}
{"obj": {"type": "LogFloats", "path": ["Loss (Train)"], "values": [{"value": 14.043402671813965, "step": null, "ts": 1721936505.9401455}]}, "version": 358, "at": 1721936505.9401455}
{"obj": {"type": "LogFloats", "path": ["Loss (Train)"], "values": [{"value": 13.5223388671875, "step": null, "ts": 1721936506.0301452}]}, "version": 359, "at": 1721936506.0301452}
{"obj": {"type": "LogFloats", "path": ["Loss (Train)"], "values": [{"value": 12.471672058105469, "step": null, "ts": 1721936506.1191454}]}, "version": 360, "at": 1721936506.1191454}
{"obj": {"type": "LogFloats", "path": ["Loss (Train)"], "values": [{"value": 11.361523628234863, "step": null, "ts": 1721936506.210146}]}, "version": 361, "at": 1721936506.210146}
{"obj": {"type": "LogFloats", "path": ["Loss (Train)"], "values": [{"value": 11.391448974609375, "step": null, "ts": 1721936506.3021455}]}, "version": 362, "at": 1721936506.3021455}
{"obj": {"type": "LogFloats", "path": ["Loss (Train)"], "values": [{"value": 11.321223258972168, "step": null, "ts": 1721936506.3941453}]}, "version": 363, "at": 1721936506.3941453}
{"obj": {"type": "LogFloats", "path": ["Loss (Train)"], "values": [{"value": 9.527440071105957, "step": null, "ts": 1721936506.4841447}]}, "version": 364, "at": 1721936506.4841447}
{"obj": {"type": "LogFloats", "path": ["Loss (Train)"], "values": [{"value": 9.419561386108398, "step": null, "ts": 1721936506.5731454}]}, "version": 365, "at": 1721936506.5731454}
{"obj": {"type": "LogFloats", "path": ["Loss (Train)"], "values": [{"value": 11.815058708190918, "step": null, "ts": 1721936506.6631455}]}, "version": 366, "at": 1721936506.6631455}
{"obj": {"type": "LogFloats", "path": ["Loss (Train)"], "values": [{"value": 13.49374008178711, "step": null, "ts": 1721936506.751084}]}, "version": 367, "at": 1721936506.751084}
