{"obj": {"type": "AssignString", "path": ["sys", "name"], "value": "Untitled"}, "version": 1, "at": 1721984825.5742025}
{"obj": {"type": "AssignString", "path": ["sys", "description"], "value": ""}, "version": 2, "at": 1721984825.5742025}
{"obj": {"type": "AssignString", "path": ["monitoring", "b6d3b404", "hostname"], "value": "DESKTOP-SO4DDQB"}, "version": 3, "at": 1721984825.5752022}
{"obj": {"type": "AssignString", "path": ["sys", "hostname"], "value": "DESKTOP-SO4DDQB"}, "version": 4, "at": 1721984825.5752022}
{"obj": {"type": "AssignString", "path": ["monitoring", "b6d3b404", "pid"], "value": "23224"}, "version": 5, "at": 1721984825.5752022}
{"obj": {"type": "AssignString", "path": ["monitoring", "b6d3b404", "tid"], "value": "23396"}, "version": 6, "at": 1721984825.5752022}
{"obj": {"type": "AssignBool", "path": ["sys", "failed"], "value": false}, "version": 7, "at": 1721984825.5752022}
{"obj": {"type": "LogFloats", "path": ["Loss (Train)"], "values": [{"value": 5.298285961151123, "step": null, "ts": 1721984826.0002036}]}, "version": 8, "at": 1721984826.0002036}
{"obj": {"type": "LogFloats", "path": ["Gradient norm"], "values": [{"value": 0.024306647229748454, "step": null, "ts": 1721984826.0012033}]}, "version": 9, "at": 1721984826.0012033}
{"obj": {"type": "LogFloats", "path": ["Loss (Train)"], "values": [{"value": 5.298364162445068, "step": null, "ts": 1721984826.0822031}]}, "version": 10, "at": 1721984826.0822031}
{"obj": {"type": "LogFloats", "path": ["Gradient norm"], "values": [{"value": 0.008488963019580546, "step": null, "ts": 1721984826.0822031}]}, "version": 11, "at": 1721984826.0822031}
{"obj": {"type": "LogFloats", "path": ["Loss (Train)"], "values": [{"value": 5.298151969909668, "step": null, "ts": 1721984826.154203}]}, "version": 12, "at": 1721984826.154203}
{"obj": {"type": "LogFloats", "path": ["Gradient norm"], "values": [{"value": 0.01186327887114538, "step": null, "ts": 1721984826.154203}]}, "version": 13, "at": 1721984826.154203}
{"obj": {"type": "LogFloats", "path": ["Loss (Train)"], "values": [{"value": 5.298521995544434, "step": null, "ts": 1721984826.2252018}]}, "version": 14, "at": 1721984826.2252018}
{"obj": {"type": "LogFloats", "path": ["Gradient norm"], "values": [{"value": 0.01557674841833366, "step": null, "ts": 1721984826.2262015}]}, "version": 15, "at": 1721984826.2262015}
{"obj": {"type": "LogFloats", "path": ["Loss (Train)"], "values": [{"value": 5.298094749450684, "step": null, "ts": 1721984826.2972038}]}, "version": 16, "at": 1721984826.2972038}
{"obj": {"type": "LogFloats", "path": ["Gradient norm"], "values": [{"value": 0.012348208430373792, "step": null, "ts": 1721984826.2972038}]}, "version": 17, "at": 1721984826.2972038}
{"obj": {"type": "LogFloats", "path": ["Loss (Train)"], "values": [{"value": 5.302727699279785, "step": null, "ts": 1721984826.3662035}]}, "version": 18, "at": 1721984826.3662035}
{"obj": {"type": "LogFloats", "path": ["Gradient norm"], "values": [{"value": 0.046058256210876315, "step": null, "ts": 1721984826.3662035}]}, "version": 19, "at": 1721984826.3662035}
{"obj": {"type": "LogFloats", "path": ["Loss (Train)"], "values": [{"value": 5.2982282638549805, "step": null, "ts": 1721984826.4362197}]}, "version": 20, "at": 1721984826.4362197}
{"obj": {"type": "LogFloats", "path": ["Gradient norm"], "values": [{"value": 0.01161951564100647, "step": null, "ts": 1721984826.4362197}]}, "version": 21, "at": 1721984826.4362197}
{"obj": {"type": "LogFloats", "path": ["Loss (Train)"], "values": [{"value": 5.297037601470947, "step": null, "ts": 1721984826.5112224}]}, "version": 22, "at": 1721984826.5112224}
{"obj": {"type": "LogFloats", "path": ["Gradient norm"], "values": [{"value": 0.044935180322005074, "step": null, "ts": 1721984826.5112224}]}, "version": 23, "at": 1721984826.5112224}
{"obj": {"type": "LogFloats", "path": ["Loss (Train)"], "values": [{"value": 5.297680854797363, "step": null, "ts": 1721984826.5822196}]}, "version": 24, "at": 1721984826.5822196}
{"obj": {"type": "LogFloats", "path": ["Gradient norm"], "values": [{"value": 0.08645667184265295, "step": null, "ts": 1721984826.5822196}]}, "version": 25, "at": 1721984826.5822196}
{"obj": {"type": "LogFloats", "path": ["Loss (Train)"], "values": [{"value": 5.299053192138672, "step": null, "ts": 1721984826.6532207}]}, "version": 26, "at": 1721984826.6532207}
{"obj": {"type": "LogFloats", "path": ["Gradient norm"], "values": [{"value": 0.0006559144997863528, "step": null, "ts": 1721984826.6532207}]}, "version": 27, "at": 1721984826.6532207}
{"obj": {"type": "LogFloats", "path": ["Loss (Train)"], "values": [{"value": 5.2990593910217285, "step": null, "ts": 1721984826.72322}]}, "version": 28, "at": 1721984826.72322}
{"obj": {"type": "LogFloats", "path": ["Gradient norm"], "values": [{"value": 3.7608482661492035e-05, "step": null, "ts": 1721984826.72322}]}, "version": 29, "at": 1721984826.72322}
{"obj": {"type": "LogFloats", "path": ["Loss (Train)"], "values": [{"value": 5.299059867858887, "step": null, "ts": 1721984826.7942195}]}, "version": 30, "at": 1721984826.7942195}
{"obj": {"type": "LogFloats", "path": ["Gradient norm"], "values": [{"value": 1.2487913731480922e-06, "step": null, "ts": 1721984826.7942195}]}, "version": 31, "at": 1721984826.7942195}
{"obj": {"type": "LogFloats", "path": ["Loss (Train)"], "values": [{"value": 5.306872367858887, "step": null, "ts": 1721984826.8642197}]}, "version": 32, "at": 1721984826.8642197}
{"obj": {"type": "LogFloats", "path": ["Gradient norm"], "values": [{"value": 1.925846546631229e-07, "step": null, "ts": 1721984826.8642197}]}, "version": 33, "at": 1721984826.8642197}
{"obj": {"type": "LogFloats", "path": ["Loss (Train)"], "values": [{"value": 5.299059867858887, "step": null, "ts": 1721984826.9362197}]}, "version": 34, "at": 1721984826.9362197}
{"obj": {"type": "LogFloats", "path": ["Gradient norm"], "values": [{"value": 8.389729256955227e-09, "step": null, "ts": 1721984826.9362197}]}, "version": 35, "at": 1721984826.9362197}
{"obj": {"type": "LogFloats", "path": ["Loss (Train)"], "values": [{"value": 5.306872367858887, "step": null, "ts": 1721984827.006221}]}, "version": 36, "at": 1721984827.006221}
{"obj": {"type": "LogFloats", "path": ["Gradient norm"], "values": [{"value": 8.500044933794126e-10, "step": null, "ts": 1721984827.006221}]}, "version": 37, "at": 1721984827.006221}
{"obj": {"type": "LogFloats", "path": ["Loss (Train)"], "values": [{"value": 5.299059867858887, "step": null, "ts": 1721984827.0742195}]}, "version": 38, "at": 1721984827.0752196}
{"obj": {"type": "LogFloats", "path": ["Gradient norm"], "values": [{"value": 5.808940647904563e-11, "step": null, "ts": 1721984827.0752196}]}, "version": 39, "at": 1721984827.0752196}
{"obj": {"type": "LogFloats", "path": ["Loss (Train)"], "values": [{"value": 5.306872367858887, "step": null, "ts": 1721984827.1452196}]}, "version": 40, "at": 1721984827.1452196}
{"obj": {"type": "LogFloats", "path": ["Gradient norm"], "values": [{"value": 1.7870225453209675e-11, "step": null, "ts": 1721984827.1452196}]}, "version": 41, "at": 1721984827.1452196}
{"obj": {"type": "LogFloats", "path": ["Loss (Train)"], "values": [{"value": 5.299059867858887, "step": null, "ts": 1721984827.216256}]}, "version": 42, "at": 1721984827.216256}
{"obj": {"type": "LogFloats", "path": ["Gradient norm"], "values": [{"value": 1.0990518726906296e-12, "step": null, "ts": 1721984827.216256}]}, "version": 43, "at": 1721984827.216256}
{"obj": {"type": "LogFloats", "path": ["Loss (Train)"], "values": [{"value": 5.299059867858887, "step": null, "ts": 1721984827.2862196}]}, "version": 44, "at": 1721984827.2862196}
{"obj": {"type": "LogFloats", "path": ["Gradient norm"], "values": [{"value": 5.783175821854039e-13, "step": null, "ts": 1721984827.2862196}]}, "version": 45, "at": 1721984827.2862196}
{"obj": {"type": "LogFloats", "path": ["Loss (Train)"], "values": [{"value": 5.306872367858887, "step": null, "ts": 1721984827.3612194}]}, "version": 46, "at": 1721984827.3612194}
{"obj": {"type": "LogFloats", "path": ["Gradient norm"], "values": [{"value": 7.310328654082874e-14, "step": null, "ts": 1721984827.3612194}]}, "version": 47, "at": 1721984827.3612194}
{"obj": {"type": "LogFloats", "path": ["Loss (Train)"], "values": [{"value": 5.306872367858887, "step": null, "ts": 1721984827.4312198}]}, "version": 48, "at": 1721984827.4312198}
{"obj": {"type": "LogFloats", "path": ["Gradient norm"], "values": [{"value": 4.266635320182159e-14, "step": null, "ts": 1721984827.432219}]}, "version": 49, "at": 1721984827.432219}
{"obj": {"type": "LogFloats", "path": ["Loss (Train)"], "values": [{"value": 5.299059867858887, "step": null, "ts": 1721984827.50622}]}, "version": 50, "at": 1721984827.50622}
{"obj": {"type": "LogFloats", "path": ["Gradient norm"], "values": [{"value": 2.8064803677226017e-15, "step": null, "ts": 1721984827.50622}]}, "version": 51, "at": 1721984827.50622}
{"obj": {"type": "LogFloats", "path": ["Loss (Train)"], "values": [{"value": 5.299059867858887, "step": null, "ts": 1721984827.5782194}]}, "version": 52, "at": 1721984827.5782194}
{"obj": {"type": "LogFloats", "path": ["Gradient norm"], "values": [{"value": 1.4667871108535933e-15, "step": null, "ts": 1721984827.5782194}]}, "version": 53, "at": 1721984827.5782194}
{"obj": {"type": "LogFloats", "path": ["Loss (Train)"], "values": [{"value": 5.306872367858887, "step": null, "ts": 1721984827.6472204}]}, "version": 54, "at": 1721984827.6472204}
{"obj": {"type": "LogFloats", "path": ["Gradient norm"], "values": [{"value": 2.28895829413524e-16, "step": null, "ts": 1721984827.6472204}]}, "version": 55, "at": 1721984827.6472204}
{"obj": {"type": "LogFloats", "path": ["Loss (Train)"], "values": [{"value": 5.306872367858887, "step": null, "ts": 1721984827.7182198}]}, "version": 56, "at": 1721984827.7182198}
{"obj": {"type": "LogFloats", "path": ["Gradient norm"], "values": [{"value": 1.2220492842255147e-16, "step": null, "ts": 1721984827.7182198}]}, "version": 57, "at": 1721984827.7182198}
{"obj": {"type": "LogFloats", "path": ["Loss (Train)"], "values": [{"value": 5.299059867858887, "step": null, "ts": 1721984827.79022}]}, "version": 58, "at": 1721984827.79022}
{"obj": {"type": "LogFloats", "path": ["Gradient norm"], "values": [{"value": 7.191199237888105e-17, "step": null, "ts": 1721984827.79022}]}, "version": 59, "at": 1721984827.79022}
{"obj": {"type": "LogFloats", "path": ["Loss (Train)"], "values": [{"value": 5.299059867858887, "step": null, "ts": 1721984827.8592196}]}, "version": 60, "at": 1721984827.8592196}
{"obj": {"type": "LogFloats", "path": ["Gradient norm"], "values": [{"value": 1.1014412145350817e-17, "step": null, "ts": 1721984827.8592196}]}, "version": 61, "at": 1721984827.8592196}
{"obj": {"type": "LogFloats", "path": ["Loss (Train)"], "values": [{"value": 5.299059867858887, "step": null, "ts": 1721984827.9272196}]}, "version": 62, "at": 1721984827.9272196}
{"obj": {"type": "LogFloats", "path": ["Gradient norm"], "values": [{"value": 7.518086143625707e-18, "step": null, "ts": 1721984827.9282193}]}, "version": 63, "at": 1721984827.9282193}
{"obj": {"type": "LogFloats", "path": ["Loss (Train)"], "values": [{"value": 5.306872367858887, "step": null, "ts": 1721984827.9972196}]}, "version": 64, "at": 1721984827.9972196}
{"obj": {"type": "LogFloats", "path": ["Gradient norm"], "values": [{"value": 2.4190779622883377e-18, "step": null, "ts": 1721984827.9972196}]}, "version": 65, "at": 1721984827.9972196}
{"obj": {"type": "LogFloats", "path": ["Loss (Train)"], "values": [{"value": 5.306872367858887, "step": null, "ts": 1721984828.06722}]}, "version": 66, "at": 1721984828.06722}
{"obj": {"type": "LogFloats", "path": ["Gradient norm"], "values": [{"value": 1.3820724654173277e-18, "step": null, "ts": 1721984828.06722}]}, "version": 67, "at": 1721984828.06722}
{"obj": {"type": "LogFloats", "path": ["Loss (Train)"], "values": [{"value": 5.306872844696045, "step": null, "ts": 1721984828.13622}]}, "version": 68, "at": 1721984828.13622}
{"obj": {"type": "LogFloats", "path": ["Gradient norm"], "values": [{"value": 7.050890551674411e-19, "step": null, "ts": 1721984828.13622}]}, "version": 69, "at": 1721984828.13622}
{"obj": {"type": "LogFloats", "path": ["Loss (Train)"], "values": [{"value": 5.299060344696045, "step": null, "ts": 1721984828.2082198}]}, "version": 70, "at": 1721984828.2082198}
{"obj": {"type": "LogFloats", "path": ["Gradient norm"], "values": [{"value": 4.76580517318356e-19, "step": null, "ts": 1721984828.2082198}]}, "version": 71, "at": 1721984828.2082198}
{"obj": {"type": "LogFloats", "path": ["Loss (Train)"], "values": [{"value": 5.306872367858887, "step": null, "ts": 1721984828.2772195}]}, "version": 72, "at": 1721984828.2782192}
{"obj": {"type": "LogFloats", "path": ["Gradient norm"], "values": [{"value": 1.622073765762838e-19, "step": null, "ts": 1721984828.2782192}]}, "version": 73, "at": 1721984828.2782192}
{"obj": {"type": "LogFloats", "path": ["Loss (Train)"], "values": [{"value": 5.291247367858887, "step": null, "ts": 1721984828.3483186}]}, "version": 74, "at": 1721984828.3483186}
{"obj": {"type": "LogFloats", "path": ["Gradient norm"], "values": [{"value": 1.402354202650819e-19, "step": null, "ts": 1721984828.3483186}]}, "version": 75, "at": 1721984828.3483186}
{"obj": {"type": "LogFloats", "path": ["Loss (Train)"], "values": [{"value": 5.291247367858887, "step": null, "ts": 1721984828.420352}]}, "version": 76, "at": 1721984828.420352}
{"obj": {"type": "LogFloats", "path": ["Gradient norm"], "values": [{"value": 4.0456441227329024e-20, "step": null, "ts": 1721984828.420352}]}, "version": 77, "at": 1721984828.420352}
{"obj": {"type": "LogFloats", "path": ["Loss (Train)"], "values": [{"value": 5.306872367858887, "step": null, "ts": 1721984828.4903178}]}, "version": 78, "at": 1721984828.4903178}
{"obj": {"type": "LogFloats", "path": ["Gradient norm"], "values": [{"value": 7.710430274296991e-20, "step": null, "ts": 1721984828.4903178}]}, "version": 79, "at": 1721984828.4903178}
{"obj": {"type": "LogFloats", "path": ["Loss (Train)"], "values": [{"value": 5.306872367858887, "step": null, "ts": 1721984828.5599098}]}, "version": 80, "at": 1721984828.5599098}
{"obj": {"type": "LogFloats", "path": ["Gradient norm"], "values": [{"value": 3.9709097844432374e-20, "step": null, "ts": 1721984828.5599098}]}, "version": 81, "at": 1721984828.5599098}
{"obj": {"type": "LogFloats", "path": ["Loss (Train)"], "values": [{"value": 5.306872367858887, "step": null, "ts": 1721984828.6319091}]}, "version": 82, "at": 1721984828.6319091}
{"obj": {"type": "LogFloats", "path": ["Gradient norm"], "values": [{"value": 4.5308159959037704e-20, "step": null, "ts": 1721984828.6319091}]}, "version": 83, "at": 1721984828.6319091}
{"obj": {"type": "LogFloats", "path": ["Loss (Train)"], "values": [{"value": 5.291247367858887, "step": null, "ts": 1721984828.6999094}]}, "version": 84, "at": 1721984828.6999094}
{"obj": {"type": "LogFloats", "path": ["Gradient norm"], "values": [{"value": 2.2614766836956435e-20, "step": null, "ts": 1721984828.6999094}]}, "version": 85, "at": 1721984828.6999094}
{"obj": {"type": "LogFloats", "path": ["Loss (Train)"], "values": [{"value": 5.306872367858887, "step": null, "ts": 1721984828.7699091}]}, "version": 86, "at": 1721984828.7699091}
{"obj": {"type": "LogFloats", "path": ["Gradient norm"], "values": [{"value": 5.1391932933851656e-20, "step": null, "ts": 1721984828.7699091}]}, "version": 87, "at": 1721984828.7699091}
{"obj": {"type": "LogFloats", "path": ["Loss (Train)"], "values": [{"value": 5.299059867858887, "step": null, "ts": 1721984828.838909}]}, "version": 88, "at": 1721984828.838909}
{"obj": {"type": "LogFloats", "path": ["Gradient norm"], "values": [{"value": 6.559593737452516e-21, "step": null, "ts": 1721984828.838909}]}, "version": 89, "at": 1721984828.838909}
{"obj": {"type": "LogFloats", "path": ["Loss (Train)"], "values": [{"value": 5.306872367858887, "step": null, "ts": 1721984828.908909}]}, "version": 90, "at": 1721984828.908909}
{"obj": {"type": "LogFloats", "path": ["Gradient norm"], "values": [{"value": 5.342514306885809e-20, "step": null, "ts": 1721984828.908909}]}, "version": 91, "at": 1721984828.908909}
{"obj": {"type": "LogFloats", "path": ["Loss (Train)"], "values": [{"value": 5.291247367858887, "step": null, "ts": 1721984828.9759092}]}, "version": 92, "at": 1721984828.9759092}
{"obj": {"type": "LogFloats", "path": ["Gradient norm"], "values": [{"value": 3.599037354092863e-20, "step": null, "ts": 1721984828.9769094}]}, "version": 93, "at": 1721984828.9769094}
{"obj": {"type": "LogFloats", "path": ["Loss (Train)"], "values": [{"value": 5.306872367858887, "step": null, "ts": 1721984829.047909}]}, "version": 94, "at": 1721984829.047909}
{"obj": {"type": "LogFloats", "path": ["Gradient norm"], "values": [{"value": 8.85618898411961e-21, "step": null, "ts": 1721984829.047909}]}, "version": 95, "at": 1721984829.047909}
{"obj": {"type": "LogFloats", "path": ["Loss (Train)"], "values": [{"value": 5.306872367858887, "step": null, "ts": 1721984829.1159093}]}, "version": 96, "at": 1721984829.1159093}
{"obj": {"type": "LogFloats", "path": ["Gradient norm"], "values": [{"value": 4.154828050451557e-21, "step": null, "ts": 1721984829.1159093}]}, "version": 97, "at": 1721984829.1159093}
{"obj": {"type": "LogFloats", "path": ["Loss (Train)"], "values": [{"value": 5.306872367858887, "step": null, "ts": 1721984829.1869094}]}, "version": 98, "at": 1721984829.1869094}
{"obj": {"type": "LogFloats", "path": ["Gradient norm"], "values": [{"value": 9.796679283126869e-21, "step": null, "ts": 1721984829.1879098}]}, "version": 99, "at": 1721984829.1879098}
{"obj": {"type": "LogFloats", "path": ["Loss (Train)"], "values": [{"value": 5.306872367858887, "step": null, "ts": 1721984829.2579088}]}, "version": 100, "at": 1721984829.2579088}
{"obj": {"type": "LogFloats", "path": ["Gradient norm"], "values": [{"value": 3.1193936115267588e-21, "step": null, "ts": 1721984829.2579088}]}, "version": 101, "at": 1721984829.2579088}
{"obj": {"type": "LogFloats", "path": ["Loss (Train)"], "values": [{"value": 5.299059867858887, "step": null, "ts": 1721984829.3279092}]}, "version": 102, "at": 1721984829.3279092}
{"obj": {"type": "LogFloats", "path": ["Gradient norm"], "values": [{"value": 5.9740833685847966e-21, "step": null, "ts": 1721984829.3279092}]}, "version": 103, "at": 1721984829.3279092}
{"obj": {"type": "LogFloats", "path": ["Loss (Train)"], "values": [{"value": 5.291247367858887, "step": null, "ts": 1721984829.3969095}]}, "version": 104, "at": 1721984829.3969095}
{"obj": {"type": "LogFloats", "path": ["Gradient norm"], "values": [{"value": 1.4224890294497129e-21, "step": null, "ts": 1721984829.3969095}]}, "version": 105, "at": 1721984829.3969095}
{"obj": {"type": "LogFloats", "path": ["Loss (Train)"], "values": [{"value": 5.306872367858887, "step": null, "ts": 1721984829.4679089}]}, "version": 106, "at": 1721984829.4679089}
{"obj": {"type": "LogFloats", "path": ["Gradient norm"], "values": [{"value": 3.062271002497376e-20, "step": null, "ts": 1721984829.4679089}]}, "version": 107, "at": 1721984829.4679089}
{"obj": {"type": "LogFloats", "path": ["Loss (Train)"], "values": [{"value": 5.306872367858887, "step": null, "ts": 1721984829.5359104}]}, "version": 108, "at": 1721984829.5359104}
{"obj": {"type": "LogFloats", "path": ["Gradient norm"], "values": [{"value": 2.700696030423227e-21, "step": null, "ts": 1721984829.5359104}]}, "version": 109, "at": 1721984829.5359104}
{"obj": {"type": "LogFloats", "path": ["Loss (Train)"], "values": [{"value": 5.306872367858887, "step": null, "ts": 1721984829.60491}]}, "version": 110, "at": 1721984829.60491}
{"obj": {"type": "LogFloats", "path": ["Gradient norm"], "values": [{"value": 4.1719932598523824e-21, "step": null, "ts": 1721984829.60491}]}, "version": 111, "at": 1721984829.60491}
{"obj": {"type": "LogFloats", "path": ["Loss (Train)"], "values": [{"value": 5.306872367858887, "step": null, "ts": 1721984829.6749105}]}, "version": 112, "at": 1721984829.6749105}
{"obj": {"type": "LogFloats", "path": ["Gradient norm"], "values": [{"value": 4.572764690015025e-21, "step": null, "ts": 1721984829.6749105}]}, "version": 113, "at": 1721984829.6749105}
{"obj": {"type": "LogFloats", "path": ["Loss (Train)"], "values": [{"value": 5.306872367858887, "step": null, "ts": 1721984829.742437}]}, "version": 114, "at": 1721984829.742437}
{"obj": {"type": "LogFloats", "path": ["Gradient norm"], "values": [{"value": 2.7794528739746166e-21, "step": null, "ts": 1721984829.742437}]}, "version": 115, "at": 1721984829.742437}
{"obj": {"type": "LogFloats", "path": ["Loss (Train)"], "values": [{"value": 5.306872367858887, "step": null, "ts": 1721984829.811437}]}, "version": 116, "at": 1721984829.811437}
{"obj": {"type": "LogFloats", "path": ["Gradient norm"], "values": [{"value": 3.2779806543316182e-21, "step": null, "ts": 1721984829.811437}]}, "version": 117, "at": 1721984829.811437}
{"obj": {"type": "LogFloats", "path": ["Loss (Train)"], "values": [{"value": 5.306872367858887, "step": null, "ts": 1721984829.8824356}]}, "version": 118, "at": 1721984829.8824356}
{"obj": {"type": "LogFloats", "path": ["Gradient norm"], "values": [{"value": 1.2002228119689084e-21, "step": null, "ts": 1721984829.8824356}]}, "version": 119, "at": 1721984829.8824356}
{"obj": {"type": "LogFloats", "path": ["Loss (Train)"], "values": [{"value": 5.306872367858887, "step": null, "ts": 1721984829.9504378}]}, "version": 120, "at": 1721984829.9504378}
{"obj": {"type": "LogFloats", "path": ["Gradient norm"], "values": [{"value": 4.149428354353304e-21, "step": null, "ts": 1721984829.9504378}]}, "version": 121, "at": 1721984829.9504378}
{"obj": {"type": "LogFloats", "path": ["Loss (Train)"], "values": [{"value": 5.299059867858887, "step": null, "ts": 1721984830.0194373}]}, "version": 122, "at": 1721984830.0194373}
{"obj": {"type": "LogFloats", "path": ["Gradient norm"], "values": [{"value": 2.2862290661781845e-21, "step": null, "ts": 1721984830.0194373}]}, "version": 123, "at": 1721984830.0194373}
{"obj": {"type": "LogFloats", "path": ["Loss (Train)"], "values": [{"value": 5.306872367858887, "step": null, "ts": 1721984830.0894377}]}, "version": 124, "at": 1721984830.0894377}
{"obj": {"type": "LogFloats", "path": ["Gradient norm"], "values": [{"value": 6.727699634634765e-22, "step": null, "ts": 1721984830.0894377}]}, "version": 125, "at": 1721984830.0894377}
{"obj": {"type": "LogFloats", "path": ["Loss (Train)"], "values": [{"value": 5.299059867858887, "step": null, "ts": 1721984830.1594374}]}, "version": 126, "at": 1721984830.1594374}
{"obj": {"type": "LogFloats", "path": ["Gradient norm"], "values": [{"value": 7.033195044750358e-22, "step": null, "ts": 1721984830.1594374}]}, "version": 127, "at": 1721984830.1594374}
{"obj": {"type": "LogFloats", "path": ["Loss (Train)"], "values": [{"value": 5.299059867858887, "step": null, "ts": 1721984830.227438}]}, "version": 128, "at": 1721984830.227438}
{"obj": {"type": "LogFloats", "path": ["Gradient norm"], "values": [{"value": 1.1464807098567534e-21, "step": null, "ts": 1721984830.227438}]}, "version": 129, "at": 1721984830.227438}
{"obj": {"type": "LogFloats", "path": ["Loss (Train)"], "values": [{"value": 5.306872367858887, "step": null, "ts": 1721984830.2994366}]}, "version": 130, "at": 1721984830.2994366}
{"obj": {"type": "LogFloats", "path": ["Gradient norm"], "values": [{"value": 4.793881215301673e-22, "step": null, "ts": 1721984830.2994366}]}, "version": 131, "at": 1721984830.2994366}
{"obj": {"type": "LogFloats", "path": ["Loss (Train)"], "values": [{"value": 5.299059867858887, "step": null, "ts": 1721984830.3684368}]}, "version": 132, "at": 1721984830.3684368}
{"obj": {"type": "LogFloats", "path": ["Gradient norm"], "values": [{"value": 6.162401152646919e-22, "step": null, "ts": 1721984830.3684368}]}, "version": 133, "at": 1721984830.3684368}
{"obj": {"type": "LogFloats", "path": ["Loss (Train)"], "values": [{"value": 5.306872367858887, "step": null, "ts": 1721984830.4374366}]}, "version": 134, "at": 1721984830.4374366}
{"obj": {"type": "LogFloats", "path": ["Gradient norm"], "values": [{"value": 5.939620471638166e-21, "step": null, "ts": 1721984830.4374366}]}, "version": 135, "at": 1721984830.4374366}
{"obj": {"type": "LogFloats", "path": ["Loss (Train)"], "values": [{"value": 5.291247367858887, "step": null, "ts": 1721984830.509436}]}, "version": 136, "at": 1721984830.5104356}
{"obj": {"type": "LogFloats", "path": ["Gradient norm"], "values": [{"value": 3.685102957517593e-21, "step": null, "ts": 1721984830.5104356}]}, "version": 137, "at": 1721984830.5104356}
{"obj": {"type": "LogFloats", "path": ["Loss (Train)"], "values": [{"value": 5.299059867858887, "step": null, "ts": 1721984830.5804367}]}, "version": 138, "at": 1721984830.5804367}
{"obj": {"type": "LogFloats", "path": ["Gradient norm"], "values": [{"value": 8.905811994225721e-22, "step": null, "ts": 1721984830.5804367}]}, "version": 139, "at": 1721984830.5804367}
{"obj": {"type": "LogFloats", "path": ["Loss (Train)"], "values": [{"value": 5.306872367858887, "step": null, "ts": 1721984830.6474376}]}, "version": 140, "at": 1721984830.6474376}
{"obj": {"type": "LogFloats", "path": ["Gradient norm"], "values": [{"value": 4.7359458567835e-21, "step": null, "ts": 1721984830.6484363}]}, "version": 141, "at": 1721984830.6484363}
{"obj": {"type": "LogFloats", "path": ["Loss (Train)"], "values": [{"value": 5.283434867858887, "step": null, "ts": 1721984830.719437}]}, "version": 142, "at": 1721984830.719437}
{"obj": {"type": "LogFloats", "path": ["Gradient norm"], "values": [{"value": 5.930648712386877e-22, "step": null, "ts": 1721984830.719437}]}, "version": 143, "at": 1721984830.719437}
{"obj": {"type": "LogFloats", "path": ["Loss (Train)"], "values": [{"value": 5.299059867858887, "step": null, "ts": 1721984830.7904377}]}, "version": 144, "at": 1721984830.7904377}
{"obj": {"type": "LogFloats", "path": ["Gradient norm"], "values": [{"value": 2.687103787525169e-20, "step": null, "ts": 1721984830.7904377}]}, "version": 145, "at": 1721984830.7904377}
{"obj": {"type": "LogFloats", "path": ["Loss (Train)"], "values": [{"value": 5.299059867858887, "step": null, "ts": 1721984830.8604357}]}, "version": 146, "at": 1721984830.8604357}
{"obj": {"type": "LogFloats", "path": ["Gradient norm"], "values": [{"value": 8.069593169899528e-21, "step": null, "ts": 1721984830.8604357}]}, "version": 147, "at": 1721984830.8604357}
{"obj": {"type": "LogFloats", "path": ["Loss (Train)"], "values": [{"value": 5.299059867858887, "step": null, "ts": 1721984830.9304368}]}, "version": 148, "at": 1721984830.9304368}
{"obj": {"type": "LogFloats", "path": ["Gradient norm"], "values": [{"value": 6.758870368899306e-22, "step": null, "ts": 1721984830.9304368}]}, "version": 149, "at": 1721984830.9304368}
{"obj": {"type": "LogFloats", "path": ["Loss (Train)"], "values": [{"value": 5.306872367858887, "step": null, "ts": 1721984831.000436}]}, "version": 150, "at": 1721984831.000436}
{"obj": {"type": "LogFloats", "path": ["Gradient norm"], "values": [{"value": 5.906973292681639e-22, "step": null, "ts": 1721984831.000436}]}, "version": 151, "at": 1721984831.000436}
{"obj": {"type": "LogFloats", "path": ["Loss (Train)"], "values": [{"value": 5.306872367858887, "step": null, "ts": 1721984831.0684364}]}, "version": 152, "at": 1721984831.0684364}
{"obj": {"type": "LogFloats", "path": ["Gradient norm"], "values": [{"value": 1.5961079998192887e-21, "step": null, "ts": 1721984831.0684364}]}, "version": 153, "at": 1721984831.0684364}
{"obj": {"type": "LogFloats", "path": ["Loss (Train)"], "values": [{"value": 5.299059867858887, "step": null, "ts": 1721984831.1384366}]}, "version": 154, "at": 1721984831.1384366}
{"obj": {"type": "LogFloats", "path": ["Gradient norm"], "values": [{"value": 6.696383497528174e-22, "step": null, "ts": 1721984831.1384366}]}, "version": 155, "at": 1721984831.1384366}
{"obj": {"type": "LogFloats", "path": ["Loss (Train)"], "values": [{"value": 5.306872367858887, "step": null, "ts": 1721984831.205438}]}, "version": 156, "at": 1721984831.205438}
{"obj": {"type": "LogFloats", "path": ["Gradient norm"], "values": [{"value": 2.0255867977640696e-21, "step": null, "ts": 1721984831.205438}]}, "version": 157, "at": 1721984831.205438}
{"obj": {"type": "LogFloats", "path": ["Loss (Train)"], "values": [{"value": 5.299059867858887, "step": null, "ts": 1721984831.274436}]}, "version": 158, "at": 1721984831.274436}
{"obj": {"type": "LogFloats", "path": ["Gradient norm"], "values": [{"value": 5.43759120909104e-22, "step": null, "ts": 1721984831.2754352}]}, "version": 159, "at": 1721984831.2754352}
{"obj": {"type": "LogFloats", "path": ["Loss (Train)"], "values": [{"value": 5.306872367858887, "step": null, "ts": 1721984831.3434362}]}, "version": 160, "at": 1721984831.3444362}
{"obj": {"type": "LogFloats", "path": ["Gradient norm"], "values": [{"value": 7.780494466081002e-22, "step": null, "ts": 1721984831.3444362}]}, "version": 161, "at": 1721984831.3444362}
{"obj": {"type": "LogFloats", "path": ["Loss (Train)"], "values": [{"value": 5.283434867858887, "step": null, "ts": 1721984831.413437}]}, "version": 162, "at": 1721984831.413437}
{"obj": {"type": "LogFloats", "path": ["Gradient norm"], "values": [{"value": 2.3969406076508367e-22, "step": null, "ts": 1721984831.4144366}]}, "version": 163, "at": 1721984831.4144366}
{"obj": {"type": "LogFloats", "path": ["Loss (Train)"], "values": [{"value": 5.306872367858887, "step": null, "ts": 1721984831.4824383}]}, "version": 164, "at": 1721984831.4824383}
{"obj": {"type": "LogFloats", "path": ["Gradient norm"], "values": [{"value": 6.116753243049762e-22, "step": null, "ts": 1721984831.4824383}]}, "version": 165, "at": 1721984831.4824383}
{"obj": {"type": "LogFloats", "path": ["Loss (Train)"], "values": [{"value": 5.306872367858887, "step": null, "ts": 1721984831.5524378}]}, "version": 166, "at": 1721984831.5524378}
{"obj": {"type": "LogFloats", "path": ["Gradient norm"], "values": [{"value": 1.8057744551912563e-21, "step": null, "ts": 1721984831.5524378}]}, "version": 167, "at": 1721984831.5524378}
{"obj": {"type": "LogFloats", "path": ["Loss (Train)"], "values": [{"value": 5.291247367858887, "step": null, "ts": 1721984831.619436}]}, "version": 168, "at": 1721984831.619436}
{"obj": {"type": "LogFloats", "path": ["Gradient norm"], "values": [{"value": 7.7081161624826125e-22, "step": null, "ts": 1721984831.619436}]}, "version": 169, "at": 1721984831.619436}
{"obj": {"type": "LogFloats", "path": ["Loss (Train)"], "values": [{"value": 5.299059867858887, "step": null, "ts": 1721984831.6904366}]}, "version": 170, "at": 1721984831.6904366}
{"obj": {"type": "LogFloats", "path": ["Gradient norm"], "values": [{"value": 6.675424283691793e-22, "step": null, "ts": 1721984831.6904366}]}, "version": 171, "at": 1721984831.6904366}
{"obj": {"type": "LogFloats", "path": ["Loss (Train)"], "values": [{"value": 5.306872367858887, "step": null, "ts": 1721984831.7614367}]}, "version": 172, "at": 1721984831.7614367}
{"obj": {"type": "LogFloats", "path": ["Gradient norm"], "values": [{"value": 1.295667963794038e-21, "step": null, "ts": 1721984831.7614367}]}, "version": 173, "at": 1721984831.7614367}
{"obj": {"type": "LogFloats", "path": ["Loss (Train)"], "values": [{"value": 5.299059867858887, "step": null, "ts": 1721984831.8314378}]}, "version": 174, "at": 1721984831.8314378}
{"obj": {"type": "LogFloats", "path": ["Gradient norm"], "values": [{"value": 1.0804080428419464e-21, "step": null, "ts": 1721984831.8314378}]}, "version": 175, "at": 1721984831.8314378}
{"obj": {"type": "LogFloats", "path": ["Loss (Train)"], "values": [{"value": 5.299059867858887, "step": null, "ts": 1721984831.899438}]}, "version": 176, "at": 1721984831.899438}
{"obj": {"type": "LogFloats", "path": ["Gradient norm"], "values": [{"value": 2.5734289617444017e-21, "step": null, "ts": 1721984831.899438}]}, "version": 177, "at": 1721984831.899438}
{"obj": {"type": "LogFloats", "path": ["Loss (Train)"], "values": [{"value": 5.306872367858887, "step": null, "ts": 1721984831.9684358}]}, "version": 178, "at": 1721984831.9684358}
{"obj": {"type": "LogFloats", "path": ["Gradient norm"], "values": [{"value": 9.587762430603347e-22, "step": null, "ts": 1721984831.9684358}]}, "version": 179, "at": 1721984831.9684358}
{"obj": {"type": "LogFloats", "path": ["Loss (Train)"], "values": [{"value": 5.306872367858887, "step": null, "ts": 1721984832.0364366}]}, "version": 180, "at": 1721984832.0364366}
{"obj": {"type": "LogFloats", "path": ["Gradient norm"], "values": [{"value": 6.685911968545653e-22, "step": null, "ts": 1721984832.0364366}]}, "version": 181, "at": 1721984832.0364366}
{"obj": {"type": "LogFloats", "path": ["Loss (Train)"], "values": [{"value": 5.291247367858887, "step": null, "ts": 1721984832.1024377}]}, "version": 182, "at": 1721984832.1024377}
{"obj": {"type": "LogFloats", "path": ["Gradient norm"], "values": [{"value": 7.533431308501451e-22, "step": null, "ts": 1721984832.1024377}]}, "version": 183, "at": 1721984832.1024377}
{"obj": {"type": "LogFloats", "path": ["Loss (Train)"], "values": [{"value": 5.299059867858887, "step": null, "ts": 1721984832.173436}]}, "version": 184, "at": 1721984832.173436}
{"obj": {"type": "LogFloats", "path": ["Gradient norm"], "values": [{"value": 5.119011562674834e-22, "step": null, "ts": 1721984832.173436}]}, "version": 185, "at": 1721984832.173436}
{"obj": {"type": "LogFloats", "path": ["Loss (Train)"], "values": [{"value": 5.306872367858887, "step": null, "ts": 1721984832.2434373}]}, "version": 186, "at": 1721984832.2434373}
{"obj": {"type": "LogFloats", "path": ["Gradient norm"], "values": [{"value": 1.4770991057495516e-21, "step": null, "ts": 1721984832.2444382}]}, "version": 187, "at": 1721984832.2444382}
{"obj": {"type": "LogFloats", "path": ["Loss (Train)"], "values": [{"value": 5.306872367858887, "step": null, "ts": 1721984832.3134375}]}, "version": 188, "at": 1721984832.3134375}
{"obj": {"type": "LogFloats", "path": ["Gradient norm"], "values": [{"value": 8.882178983682748e-22, "step": null, "ts": 1721984832.3134375}]}, "version": 189, "at": 1721984832.3134375}
{"obj": {"type": "LogFloats", "path": ["Loss (Train)"], "values": [{"value": 5.306872367858887, "step": null, "ts": 1721984832.3854373}]}, "version": 190, "at": 1721984832.3854373}
{"obj": {"type": "LogFloats", "path": ["Gradient norm"], "values": [{"value": 1.6317067554952418e-21, "step": null, "ts": 1721984832.3854373}]}, "version": 191, "at": 1721984832.3854373}
{"obj": {"type": "LogFloats", "path": ["Loss (Train)"], "values": [{"value": 5.306872367858887, "step": null, "ts": 1721984832.4524372}]}, "version": 192, "at": 1721984832.4524372}
{"obj": {"type": "LogFloats", "path": ["Gradient norm"], "values": [{"value": 6.128197153538495e-22, "step": null, "ts": 1721984832.4534366}]}, "version": 193, "at": 1721984832.4534366}
{"obj": {"type": "LogFloats", "path": ["Loss (Train)"], "values": [{"value": 5.299059867858887, "step": null, "ts": 1721984832.5224373}]}, "version": 194, "at": 1721984832.5224373}
{"obj": {"type": "LogFloats", "path": ["Gradient norm"], "values": [{"value": 1.2404135711503636e-21, "step": null, "ts": 1721984832.5224373}]}, "version": 195, "at": 1721984832.5224373}
{"obj": {"type": "LogFloats", "path": ["Loss (Train)"], "values": [{"value": 5.306872367858887, "step": null, "ts": 1721984832.5944376}]}, "version": 196, "at": 1721984832.5944376}
{"obj": {"type": "LogFloats", "path": ["Gradient norm"], "values": [{"value": 9.230327913617023e-22, "step": null, "ts": 1721984832.5944376}]}, "version": 197, "at": 1721984832.5944376}
{"obj": {"type": "LogFloats", "path": ["Loss (Train)"], "values": [{"value": 5.306872367858887, "step": null, "ts": 1721984832.6614377}]}, "version": 198, "at": 1721984832.6614377}
{"obj": {"type": "LogFloats", "path": ["Gradient norm"], "values": [{"value": 6.789898224676694e-22, "step": null, "ts": 1721984832.6614377}]}, "version": 199, "at": 1721984832.6614377}
{"obj": {"type": "LogFloats", "path": ["Loss (Train)"], "values": [{"value": 5.299059867858887, "step": null, "ts": 1721984832.728471}]}, "version": 200, "at": 1721984832.728471}
{"obj": {"type": "LogFloats", "path": ["Gradient norm"], "values": [{"value": 1.8562847771904508e-21, "step": null, "ts": 1721984832.728471}]}, "version": 201, "at": 1721984832.728471}
{"obj": {"type": "LogFloats", "path": ["Loss (Train)"], "values": [{"value": 5.299059867858887, "step": null, "ts": 1721984832.8004365}]}, "version": 202, "at": 1721984832.8004365}
{"obj": {"type": "LogFloats", "path": ["Gradient norm"], "values": [{"value": 8.666578880664776e-22, "step": null, "ts": 1721984832.8004365}]}, "version": 203, "at": 1721984832.8004365}
{"obj": {"type": "LogFloats", "path": ["Loss (Train)"], "values": [{"value": 5.306872367858887, "step": null, "ts": 1721984832.8684356}]}, "version": 204, "at": 1721984832.8684356}
{"obj": {"type": "LogFloats", "path": ["Gradient norm"], "values": [{"value": 5.232721128997012e-21, "step": null, "ts": 1721984832.8684356}]}, "version": 205, "at": 1721984832.8684356}
{"obj": {"type": "LogFloats", "path": ["Loss (Train)"], "values": [{"value": 5.299059867858887, "step": null, "ts": 1721984832.9364378}]}, "version": 206, "at": 1721984832.9364378}
{"obj": {"type": "LogFloats", "path": ["Gradient norm"], "values": [{"value": 1.2002228119689084e-21, "step": null, "ts": 1721984832.9364378}]}, "version": 207, "at": 1721984832.9364378}
{"obj": {"type": "LogFloats", "path": ["Loss (Train)"], "values": [{"value": 5.306872367858887, "step": null, "ts": 1721984833.005439}]}, "version": 208, "at": 1721984833.005439}
{"obj": {"type": "LogFloats", "path": ["Gradient norm"], "values": [{"value": 7.477419912311352e-22, "step": null, "ts": 1721984833.006437}]}, "version": 209, "at": 1721984833.006437}
{"obj": {"type": "LogFloats", "path": ["Loss (Train)"], "values": [{"value": 5.299059867858887, "step": null, "ts": 1721984833.0744364}]}, "version": 210, "at": 1721984833.0744364}
{"obj": {"type": "LogFloats", "path": ["Gradient norm"], "values": [{"value": 8.428868962848504e-22, "step": null, "ts": 1721984833.075436}]}, "version": 211, "at": 1721984833.075436}
{"obj": {"type": "LogFloats", "path": ["Loss (Train)"], "values": [{"value": 5.306872367858887, "step": null, "ts": 1721984833.143436}]}, "version": 212, "at": 1721984833.143436}
{"obj": {"type": "LogFloats", "path": ["Gradient norm"], "values": [{"value": 4.1155187960000316e-21, "step": null, "ts": 1721984833.143436}]}, "version": 213, "at": 1721984833.143436}
{"obj": {"type": "LogFloats", "path": ["Loss (Train)"], "values": [{"value": 5.299059867858887, "step": null, "ts": 1721984833.2134366}]}, "version": 214, "at": 1721984833.2134366}
{"obj": {"type": "LogFloats", "path": ["Gradient norm"], "values": [{"value": 1.729268932310946e-21, "step": null, "ts": 1721984833.2134366}]}, "version": 215, "at": 1721984833.2134366}
{"obj": {"type": "LogFloats", "path": ["Loss (Train)"], "values": [{"value": 5.306872367858887, "step": null, "ts": 1721984833.2844398}]}, "version": 216, "at": 1721984833.2844398}
{"obj": {"type": "LogFloats", "path": ["Gradient norm"], "values": [{"value": 3.1162474575318946e-21, "step": null, "ts": 1721984833.2844398}]}, "version": 217, "at": 1721984833.2844398}
{"obj": {"type": "LogFloats", "path": ["Loss (Train)"], "values": [{"value": 5.306872367858887, "step": null, "ts": 1721984833.3564372}]}, "version": 218, "at": 1721984833.3564372}
{"obj": {"type": "LogFloats", "path": ["Gradient norm"], "values": [{"value": 1.96626102456879e-21, "step": null, "ts": 1721984833.3564372}]}, "version": 219, "at": 1721984833.3564372}
{"obj": {"type": "LogFloats", "path": ["Loss (Train)"], "values": [{"value": 5.291247367858887, "step": null, "ts": 1721984833.4264364}]}, "version": 220, "at": 1721984833.4264364}
{"obj": {"type": "LogFloats", "path": ["Gradient norm"], "values": [{"value": 1.0797593846076886e-21, "step": null, "ts": 1721984833.4264364}]}, "version": 221, "at": 1721984833.4264364}
{"obj": {"type": "LogFloats", "path": ["Loss (Train)"], "values": [{"value": 5.299059867858887, "step": null, "ts": 1721984833.4954362}]}, "version": 222, "at": 1721984833.4954362}
{"obj": {"type": "LogFloats", "path": ["Gradient norm"], "values": [{"value": 8.642291557332576e-22, "step": null, "ts": 1721984833.4954362}]}, "version": 223, "at": 1721984833.4954362}
{"obj": {"type": "LogFloats", "path": ["Loss (Train)"], "values": [{"value": 5.306872367858887, "step": null, "ts": 1721984833.5634365}]}, "version": 224, "at": 1721984833.5634365}
{"obj": {"type": "LogFloats", "path": ["Gradient norm"], "values": [{"value": 1.15379093871503e-21, "step": null, "ts": 1721984833.5634365}]}, "version": 225, "at": 1721984833.5634365}
{"obj": {"type": "LogFloats", "path": ["Loss (Train)"], "values": [{"value": 5.299059867858887, "step": null, "ts": 1721984833.6344361}]}, "version": 226, "at": 1721984833.6344361}
{"obj": {"type": "LogFloats", "path": ["Gradient norm"], "values": [{"value": 1.01893184242113e-20, "step": null, "ts": 1721984833.6344361}]}, "version": 227, "at": 1721984833.6344361}
{"obj": {"type": "LogFloats", "path": ["Loss (Train)"], "values": [{"value": 5.306872367858887, "step": null, "ts": 1721984833.7024357}]}, "version": 228, "at": 1721984833.7024357}
{"obj": {"type": "LogFloats", "path": ["Gradient norm"], "values": [{"value": 2.650152386939396e-21, "step": null, "ts": 1721984833.7024357}]}, "version": 229, "at": 1721984833.7024357}
{"obj": {"type": "LogFloats", "path": ["Loss (Train)"], "values": [{"value": 5.306872367858887, "step": null, "ts": 1721984833.7704358}]}, "version": 230, "at": 1721984833.7704358}
{"obj": {"type": "LogFloats", "path": ["Gradient norm"], "values": [{"value": 8.336929938026509e-22, "step": null, "ts": 1721984833.7704358}]}, "version": 231, "at": 1721984833.7704358}
{"obj": {"type": "LogFloats", "path": ["Loss (Train)"], "values": [{"value": 5.291247367858887, "step": null, "ts": 1721984833.8404362}]}, "version": 232, "at": 1721984833.8404362}
{"obj": {"type": "LogFloats", "path": ["Gradient norm"], "values": [{"value": 3.1763735522036263e-22, "step": null, "ts": 1721984833.8404362}]}, "version": 233, "at": 1721984833.8404362}
{"obj": {"type": "LogFloats", "path": ["Loss (Train)"], "values": [{"value": 5.306872367858887, "step": null, "ts": 1721984833.9104364}]}, "version": 234, "at": 1721984833.9104364}
{"obj": {"type": "LogFloats", "path": ["Gradient norm"], "values": [{"value": 5.552347877824371e-22, "step": null, "ts": 1721984833.9104364}]}, "version": 235, "at": 1721984833.9104364}
{"obj": {"type": "LogFloats", "path": ["Loss (Train)"], "values": [{"value": 5.299059867858887, "step": null, "ts": 1721984833.978436}]}, "version": 236, "at": 1721984833.978436}
{"obj": {"type": "LogFloats", "path": ["Gradient norm"], "values": [{"value": 1.5524925998107645e-21, "step": null, "ts": 1721984833.978436}]}, "version": 237, "at": 1721984833.978436}
{"obj": {"type": "LogFloats", "path": ["Loss (Train)"], "values": [{"value": 5.306872367858887, "step": null, "ts": 1721984834.0504375}]}, "version": 238, "at": 1721984834.0504375}
{"obj": {"type": "LogFloats", "path": ["Gradient norm"], "values": [{"value": 8.682733742261744e-22, "step": null, "ts": 1721984834.0514362}]}, "version": 239, "at": 1721984834.0514362}
{"obj": {"type": "LogFloats", "path": ["Loss (Train)"], "values": [{"value": 5.306872367858887, "step": null, "ts": 1721984834.1204367}]}, "version": 240, "at": 1721984834.1204367}
{"obj": {"type": "LogFloats", "path": ["Gradient norm"], "values": [{"value": 4.832456993194411e-21, "step": null, "ts": 1721984834.1204367}]}, "version": 241, "at": 1721984834.1204367}
{"obj": {"type": "LogFloats", "path": ["Loss (Train)"], "values": [{"value": 5.299059867858887, "step": null, "ts": 1721984834.1894372}]}, "version": 242, "at": 1721984834.1894372}
{"obj": {"type": "LogFloats", "path": ["Gradient norm"], "values": [{"value": 1.7154377393963973e-22, "step": null, "ts": 1721984834.1894372}]}, "version": 243, "at": 1721984834.1894372}
{"obj": {"type": "LogFloats", "path": ["Loss (Train)"], "values": [{"value": 5.299059867858887, "step": null, "ts": 1721984834.2604365}]}, "version": 244, "at": 1721984834.2604365}
{"obj": {"type": "LogFloats", "path": ["Gradient norm"], "values": [{"value": 1.4940778158106086e-21, "step": null, "ts": 1721984834.2604365}]}, "version": 245, "at": 1721984834.2604365}
{"obj": {"type": "LogFloats", "path": ["Loss (Train)"], "values": [{"value": 5.306872367858887, "step": null, "ts": 1721984834.3284361}]}, "version": 246, "at": 1721984834.3284361}
{"obj": {"type": "LogFloats", "path": ["Gradient norm"], "values": [{"value": 1.7653577157594478e-21, "step": null, "ts": 1721984834.3294368}]}, "version": 247, "at": 1721984834.3294368}
{"obj": {"type": "LogFloats", "path": ["Loss (Train)"], "values": [{"value": 5.306872367858887, "step": null, "ts": 1721984834.3994398}]}, "version": 248, "at": 1721984834.3994398}
{"obj": {"type": "LogFloats", "path": ["Gradient norm"], "values": [{"value": 8.882178983682748e-22, "step": null, "ts": 1721984834.3994398}]}, "version": 249, "at": 1721984834.3994398}
{"obj": {"type": "LogFloats", "path": ["Loss (Train)"], "values": [{"value": 5.291247367858887, "step": null, "ts": 1721984834.4734359}]}, "version": 250, "at": 1721984834.4734359}
{"obj": {"type": "LogFloats", "path": ["Gradient norm"], "values": [{"value": 1.0712905778260192e-21, "step": null, "ts": 1721984834.4734359}]}, "version": 251, "at": 1721984834.4734359}
{"obj": {"type": "LogFloats", "path": ["Loss (Train)"], "values": [{"value": 5.306872367858887, "step": null, "ts": 1721984834.543436}]}, "version": 252, "at": 1721984834.543436}
{"obj": {"type": "LogFloats", "path": ["Gradient norm"], "values": [{"value": 8.209899855785387e-22, "step": null, "ts": 1721984834.543436}]}, "version": 253, "at": 1721984834.543436}
{"obj": {"type": "LogFloats", "path": ["Loss (Train)"], "values": [{"value": 5.299059867858887, "step": null, "ts": 1721984834.6164365}]}, "version": 254, "at": 1721984834.6164365}
{"obj": {"type": "LogFloats", "path": ["Gradient norm"], "values": [{"value": 7.949752461905223e-22, "step": null, "ts": 1721984834.6164365}]}, "version": 255, "at": 1721984834.6164365}
{"obj": {"type": "LogFloats", "path": ["Loss (Train)"], "values": [{"value": 5.275622367858887, "step": null, "ts": 1721984834.6864362}]}, "version": 256, "at": 1721984834.6864362}
{"obj": {"type": "LogFloats", "path": ["Gradient norm"], "values": [{"value": 7.176777206967482e-21, "step": null, "ts": 1721984834.6864362}]}, "version": 257, "at": 1721984834.6864362}
{"obj": {"type": "LogFloats", "path": ["Loss (Train)"], "values": [{"value": 5.299059867858887, "step": null, "ts": 1721984834.755437}]}, "version": 258, "at": 1721984834.7564368}
{"obj": {"type": "LogFloats", "path": ["Gradient norm"], "values": [{"value": 8.779032832861331e-22, "step": null, "ts": 1721984834.7564368}]}, "version": 259, "at": 1721984834.7564368}
{"obj": {"type": "LogFloats", "path": ["Loss (Train)"], "values": [{"value": 5.299059867858887, "step": null, "ts": 1721984834.8254359}]}, "version": 260, "at": 1721984834.8254359}
{"obj": {"type": "LogFloats", "path": ["Gradient norm"], "values": [{"value": 8.243966025116451e-22, "step": null, "ts": 1721984834.8254359}]}, "version": 261, "at": 1721984834.8254359}
{"obj": {"type": "LogFloats", "path": ["Loss (Train)"], "values": [{"value": 5.299059867858887, "step": null, "ts": 1721984834.898436}]}, "version": 262, "at": 1721984834.898436}
{"obj": {"type": "LogFloats", "path": ["Gradient norm"], "values": [{"value": 2.5388921516863954e-22, "step": null, "ts": 1721984834.898436}]}, "version": 263, "at": 1721984834.898436}
{"obj": {"type": "LogFloats", "path": ["Loss (Train)"], "values": [{"value": 5.291247367858887, "step": null, "ts": 1721984834.9674363}]}, "version": 264, "at": 1721984834.9674363}
{"obj": {"type": "LogFloats", "path": ["Gradient norm"], "values": [{"value": 1.4170605557056378e-21, "step": null, "ts": 1721984834.9674363}]}, "version": 265, "at": 1721984834.9674363}
{"obj": {"type": "LogFloats", "path": ["Loss (Train)"], "values": [{"value": 5.306872367858887, "step": null, "ts": 1721984835.0364711}]}, "version": 266, "at": 1721984835.0364711}
{"obj": {"type": "LogFloats", "path": ["Gradient norm"], "values": [{"value": 2.42512876611782e-21, "step": null, "ts": 1721984835.0364711}]}, "version": 267, "at": 1721984835.0364711}
{"obj": {"type": "LogFloats", "path": ["Loss (Train)"], "values": [{"value": 5.306872367858887, "step": null, "ts": 1721984835.1084359}]}, "version": 268, "at": 1721984835.1084359}
{"obj": {"type": "LogFloats", "path": ["Gradient norm"], "values": [{"value": 1.4009191491029106e-20, "step": null, "ts": 1721984835.1084359}]}, "version": 269, "at": 1721984835.1084359}
{"obj": {"type": "LogFloats", "path": ["Loss (Train)"], "values": [{"value": 5.306872367858887, "step": null, "ts": 1721984835.178436}]}, "version": 270, "at": 1721984835.178436}
{"obj": {"type": "LogFloats", "path": ["Gradient norm"], "values": [{"value": 4.185239559737364e-22, "step": null, "ts": 1721984835.178436}]}, "version": 271, "at": 1721984835.178436}
{"obj": {"type": "LogFloats", "path": ["Loss (Train)"], "values": [{"value": 5.299059867858887, "step": null, "ts": 1721984835.2474363}]}, "version": 272, "at": 1721984835.2474363}
{"obj": {"type": "LogFloats", "path": ["Gradient norm"], "values": [{"value": 1.5628382139710377e-21, "step": null, "ts": 1721984835.2474363}]}, "version": 273, "at": 1721984835.2474363}
{"obj": {"type": "LogFloats", "path": ["Loss (Train)"], "values": [{"value": 5.306872367858887, "step": null, "ts": 1721984835.3184361}]}, "version": 274, "at": 1721984835.3184361}
{"obj": {"type": "LogFloats", "path": ["Gradient norm"], "values": [{"value": 4.779242986126647e-22, "step": null, "ts": 1721984835.3184361}]}, "version": 275, "at": 1721984835.3184361}
{"obj": {"type": "LogFloats", "path": ["Loss (Train)"], "values": [{"value": 5.299059867858887, "step": null, "ts": 1721984835.3864357}]}, "version": 276, "at": 1721984835.3864357}
{"obj": {"type": "LogFloats", "path": ["Gradient norm"], "values": [{"value": 5.488890139559965e-22, "step": null, "ts": 1721984835.3864357}]}, "version": 277, "at": 1721984835.3864357}
{"obj": {"type": "LogFloats", "path": ["Loss (Train)"], "values": [{"value": 5.299059867858887, "step": null, "ts": 1721984835.4574358}]}, "version": 278, "at": 1721984835.4574358}
{"obj": {"type": "LogFloats", "path": ["Gradient norm"], "values": [{"value": 1.4742503207615196e-21, "step": null, "ts": 1721984835.4574358}]}, "version": 279, "at": 1721984835.4574358}
{"obj": {"type": "LogFloats", "path": ["Loss (Train)"], "values": [{"value": 5.291247367858887, "step": null, "ts": 1721984835.5274358}]}, "version": 280, "at": 1721984835.5274358}
{"obj": {"type": "LogFloats", "path": ["Gradient norm"], "values": [{"value": 1.7952678124321221e-22, "step": null, "ts": 1721984835.5274358}]}, "version": 281, "at": 1721984835.5274358}
{"obj": {"type": "LogFloats", "path": ["Loss (Train)"], "values": [{"value": 5.306872367858887, "step": null, "ts": 1721984835.5974364}]}, "version": 282, "at": 1721984835.5974364}
{"obj": {"type": "LogFloats", "path": ["Gradient norm"], "values": [{"value": 1.4126036556742073e-21, "step": null, "ts": 1721984835.5974364}]}, "version": 283, "at": 1721984835.5974364}
{"obj": {"type": "LogFloats", "path": ["Loss (Train)"], "values": [{"value": 5.299059867858887, "step": null, "ts": 1721984835.667436}]}, "version": 284, "at": 1721984835.667436}
{"obj": {"type": "LogFloats", "path": ["Gradient norm"], "values": [{"value": 5.320359662816976e-22, "step": null, "ts": 1721984835.667436}]}, "version": 285, "at": 1721984835.667436}
{"obj": {"type": "LogFloats", "path": ["Loss (Train)"], "values": [{"value": 5.306872367858887, "step": null, "ts": 1721984835.7384367}]}, "version": 286, "at": 1721984835.7384367}
{"obj": {"type": "LogFloats", "path": ["Gradient norm"], "values": [{"value": 1.4973568266036865e-22, "step": null, "ts": 1721984835.7384367}]}, "version": 287, "at": 1721984835.7384367}
{"obj": {"type": "LogFloats", "path": ["Loss (Train)"], "values": [{"value": 5.291247367858887, "step": null, "ts": 1721984835.804436}]}, "version": 288, "at": 1721984835.804436}
{"obj": {"type": "LogFloats", "path": ["Gradient norm"], "values": [{"value": 2.9236825978173557e-22, "step": null, "ts": 1721984835.804436}]}, "version": 289, "at": 1721984835.804436}
{"obj": {"type": "LogFloats", "path": ["Loss (Train)"], "values": [{"value": 5.306872367858887, "step": null, "ts": 1721984835.873436}]}, "version": 290, "at": 1721984835.873436}
{"obj": {"type": "LogFloats", "path": ["Gradient norm"], "values": [{"value": 1.6623358641731453e-21, "step": null, "ts": 1721984835.873436}]}, "version": 291, "at": 1721984835.873436}
{"obj": {"type": "LogFloats", "path": ["Loss (Train)"], "values": [{"value": 5.299060344696045, "step": null, "ts": 1721984835.9474359}]}, "version": 292, "at": 1721984835.9474359}
{"obj": {"type": "LogFloats", "path": ["Gradient norm"], "values": [{"value": 1.7952678124321221e-22, "step": null, "ts": 1721984835.9484367}]}, "version": 293, "at": 1721984835.9484367}
{"obj": {"type": "LogFloats", "path": ["Loss (Train)"], "values": [{"value": 5.306872367858887, "step": null, "ts": 1721984836.019436}]}, "version": 294, "at": 1721984836.019436}
{"obj": {"type": "LogFloats", "path": ["Gradient norm"], "values": [{"value": 5.787143680347884e-22, "step": null, "ts": 1721984836.019436}]}, "version": 295, "at": 1721984836.019436}
{"obj": {"type": "LogFloats", "path": ["Loss (Train)"], "values": [{"value": 5.306872367858887, "step": null, "ts": 1721984836.0884361}]}, "version": 296, "at": 1721984836.0884361}
{"obj": {"type": "LogFloats", "path": ["Gradient norm"], "values": [{"value": 9.092667772905867e-22, "step": null, "ts": 1721984836.089436}]}, "version": 297, "at": 1721984836.089436}
{"obj": {"type": "LogFloats", "path": ["Loss (Train)"], "values": [{"value": 5.299059867858887, "step": null, "ts": 1721984836.1604362}]}, "version": 298, "at": 1721984836.1604362}
{"obj": {"type": "LogFloats", "path": ["Gradient norm"], "values": [{"value": 5.642224807618344e-21, "step": null, "ts": 1721984836.1604362}]}, "version": 299, "at": 1721984836.1604362}
{"obj": {"type": "LogFloats", "path": ["Loss (Train)"], "values": [{"value": 5.299059867858887, "step": null, "ts": 1721984836.2314353}]}, "version": 300, "at": 1721984836.2314353}
{"obj": {"type": "LogFloats", "path": ["Gradient norm"], "values": [{"value": 7.86112337122379e-22, "step": null, "ts": 1721984836.2324352}]}, "version": 301, "at": 1721984836.2324352}
{"obj": {"type": "LogFloats", "path": ["Loss (Train)"], "values": [{"value": 5.291247367858887, "step": null, "ts": 1721984836.3034363}]}, "version": 302, "at": 1721984836.3034363}
{"obj": {"type": "LogFloats", "path": ["Gradient norm"], "values": [{"value": 1.2089475883371038e-21, "step": null, "ts": 1721984836.3034363}]}, "version": 303, "at": 1721984836.3034363}
{"obj": {"type": "LogFloats", "path": ["Loss (Train)"], "values": [{"value": 5.299059867858887, "step": null, "ts": 1721984836.374436}]}, "version": 304, "at": 1721984836.374436}
{"obj": {"type": "LogFloats", "path": ["Gradient norm"], "values": [{"value": 3.118104060871058e-20, "step": null, "ts": 1721984836.374436}]}, "version": 305, "at": 1721984836.374436}
